<?xml version="1.0" encoding="UTF-8"?>
<testsuite xmlns:xsi="http://www.w3.org/2001/XMLSchema-instance" xsi:noNamespaceSchemaLocation="https://maven.apache.org/surefire/maven-surefire-plugin/xsd/surefire-test-report.xsd" version="3.0.2" name="com.duoc.backend.BackendApplicationTests" time="2.738" tests="1" errors="0" skipped="0" failures="0">
  <properties>
    <property name="java.specification.version" value="21"/>
    <property name="sun.jnu.encoding" value="UTF-8"/>
    <property name="java.class.path" value="/Users/christianalvarezlobos/personal/Duoc/2025-1/CDY2203/Semana 2/Backend/backend/target/test-classes:/Users/christianalvarezlobos/personal/Duoc/2025-1/CDY2203/Semana 2/Backend/backend/target/classes:/Users/christianalvarezlobos/.m2/repository/org/springframework/boot/spring-boot-starter-data-jpa/3.4.4/spring-boot-starter-data-jpa-3.4.4.jar:/Users/christianalvarezlobos/.m2/repository/org/springframework/boot/spring-boot-starter/3.4.4/spring-boot-starter-3.4.4.jar:/Users/christianalvarezlobos/.m2/repository/org/springframework/boot/spring-boot/3.4.4/spring-boot-3.4.4.jar:/Users/christianalvarezlobos/.m2/repository/org/springframework/boot/spring-boot-autoconfigure/3.4.4/spring-boot-autoconfigure-3.4.4.jar:/Users/christianalvarezlobos/.m2/repository/org/springframework/boot/spring-boot-starter-logging/3.4.4/spring-boot-starter-logging-3.4.4.jar:/Users/christianalvarezlobos/.m2/repository/ch/qos/logback/logback-classic/1.5.18/logback-classic-1.5.18.jar:/Users/christianalvarezlobos/.m2/repository/ch/qos/logback/logback-core/1.5.18/logback-core-1.5.18.jar:/Users/christianalvarezlobos/.m2/repository/org/apache/logging/log4j/log4j-to-slf4j/2.24.3/log4j-to-slf4j-2.24.3.jar:/Users/christianalvarezlobos/.m2/repository/org/apache/logging/log4j/log4j-api/2.24.3/log4j-api-2.24.3.jar:/Users/christianalvarezlobos/.m2/repository/org/slf4j/jul-to-slf4j/2.0.17/jul-to-slf4j-2.0.17.jar:/Users/christianalvarezlobos/.m2/repository/jakarta/annotation/jakarta.annotation-api/2.1.1/jakarta.annotation-api-2.1.1.jar:/Users/christianalvarezlobos/.m2/repository/org/yaml/snakeyaml/2.3/snakeyaml-2.3.jar:/Users/christianalvarezlobos/.m2/repository/org/springframework/boot/spring-boot-starter-jdbc/3.4.4/spring-boot-starter-jdbc-3.4.4.jar:/Users/christianalvarezlobos/.m2/repository/com/zaxxer/HikariCP/5.1.0/HikariCP-5.1.0.jar:/Users/christianalvarezlobos/.m2/repository/org/springframework/spring-jdbc/6.2.5/spring-jdbc-6.2.5.jar:/Users/christianalvarezlobos/.m2/repository/org/hibernate/orm/hibernate-core/6.6.11.Final/hibernate-core-6.6.11.Final.jar:/Users/christianalvarezlobos/.m2/repository/jakarta/persistence/jakarta.persistence-api/3.1.0/jakarta.persistence-api-3.1.0.jar:/Users/christianalvarezlobos/.m2/repository/jakarta/transaction/jakarta.transaction-api/2.0.1/jakarta.transaction-api-2.0.1.jar:/Users/christianalvarezlobos/.m2/repository/org/jboss/logging/jboss-logging/3.6.1.Final/jboss-logging-3.6.1.Final.jar:/Users/christianalvarezlobos/.m2/repository/org/hibernate/common/hibernate-commons-annotations/7.0.3.Final/hibernate-commons-annotations-7.0.3.Final.jar:/Users/christianalvarezlobos/.m2/repository/io/smallrye/jandex/3.2.0/jandex-3.2.0.jar:/Users/christianalvarezlobos/.m2/repository/com/fasterxml/classmate/1.7.0/classmate-1.7.0.jar:/Users/christianalvarezlobos/.m2/repository/net/bytebuddy/byte-buddy/1.15.11/byte-buddy-1.15.11.jar:/Users/christianalvarezlobos/.m2/repository/org/glassfish/jaxb/jaxb-runtime/4.0.5/jaxb-runtime-4.0.5.jar:/Users/christianalvarezlobos/.m2/repository/org/glassfish/jaxb/jaxb-core/4.0.5/jaxb-core-4.0.5.jar:/Users/christianalvarezlobos/.m2/repository/org/eclipse/angus/angus-activation/2.0.2/angus-activation-2.0.2.jar:/Users/christianalvarezlobos/.m2/repository/org/glassfish/jaxb/txw2/4.0.5/txw2-4.0.5.jar:/Users/christianalvarezlobos/.m2/repository/com/sun/istack/istack-commons-runtime/4.1.2/istack-commons-runtime-4.1.2.jar:/Users/christianalvarezlobos/.m2/repository/jakarta/inject/jakarta.inject-api/2.0.1/jakarta.inject-api-2.0.1.jar:/Users/christianalvarezlobos/.m2/repository/org/antlr/antlr4-runtime/4.13.0/antlr4-runtime-4.13.0.jar:/Users/christianalvarezlobos/.m2/repository/org/springframework/data/spring-data-jpa/3.4.4/spring-data-jpa-3.4.4.jar:/Users/christianalvarezlobos/.m2/repository/org/springframework/data/spring-data-commons/3.4.4/spring-data-commons-3.4.4.jar:/Users/christianalvarezlobos/.m2/repository/org/springframework/spring-orm/6.2.5/spring-orm-6.2.5.jar:/Users/christianalvarezlobos/.m2/repository/org/springframework/spring-context/6.2.5/spring-context-6.2.5.jar:/Users/christianalvarezlobos/.m2/repository/org/springframework/spring-tx/6.2.5/spring-tx-6.2.5.jar:/Users/christianalvarezlobos/.m2/repository/org/springframework/spring-beans/6.2.5/spring-beans-6.2.5.jar:/Users/christianalvarezlobos/.m2/repository/org/slf4j/slf4j-api/2.0.17/slf4j-api-2.0.17.jar:/Users/christianalvarezlobos/.m2/repository/org/springframework/spring-aspects/6.2.5/spring-aspects-6.2.5.jar:/Users/christianalvarezlobos/.m2/repository/org/aspectj/aspectjweaver/1.9.23/aspectjweaver-1.9.23.jar:/Users/christianalvarezlobos/.m2/repository/org/springframework/boot/spring-boot-starter-security/3.4.4/spring-boot-starter-security-3.4.4.jar:/Users/christianalvarezlobos/.m2/repository/org/springframework/spring-aop/6.2.5/spring-aop-6.2.5.jar:/Users/christianalvarezlobos/.m2/repository/org/springframework/security/spring-security-config/6.4.4/spring-security-config-6.4.4.jar:/Users/christianalvarezlobos/.m2/repository/org/springframework/security/spring-security-web/6.4.4/spring-security-web-6.4.4.jar:/Users/christianalvarezlobos/.m2/repository/org/springframework/spring-expression/6.2.5/spring-expression-6.2.5.jar:/Users/christianalvarezlobos/.m2/repository/org/springframework/boot/spring-boot-starter-web/3.4.4/spring-boot-starter-web-3.4.4.jar:/Users/christianalvarezlobos/.m2/repository/org/springframework/boot/spring-boot-starter-json/3.4.4/spring-boot-starter-json-3.4.4.jar:/Users/christianalvarezlobos/.m2/repository/com/fasterxml/jackson/datatype/jackson-datatype-jdk8/2.18.3/jackson-datatype-jdk8-2.18.3.jar:/Users/christianalvarezlobos/.m2/repository/com/fasterxml/jackson/datatype/jackson-datatype-jsr310/2.18.3/jackson-datatype-jsr310-2.18.3.jar:/Users/christianalvarezlobos/.m2/repository/com/fasterxml/jackson/module/jackson-module-parameter-names/2.18.3/jackson-module-parameter-names-2.18.3.jar:/Users/christianalvarezlobos/.m2/repository/org/springframework/boot/spring-boot-starter-tomcat/3.4.4/spring-boot-starter-tomcat-3.4.4.jar:/Users/christianalvarezlobos/.m2/repository/org/apache/tomcat/embed/tomcat-embed-core/10.1.39/tomcat-embed-core-10.1.39.jar:/Users/christianalvarezlobos/.m2/repository/org/apache/tomcat/embed/tomcat-embed-el/10.1.39/tomcat-embed-el-10.1.39.jar:/Users/christianalvarezlobos/.m2/repository/org/apache/tomcat/embed/tomcat-embed-websocket/10.1.39/tomcat-embed-websocket-10.1.39.jar:/Users/christianalvarezlobos/.m2/repository/org/springframework/spring-web/6.2.5/spring-web-6.2.5.jar:/Users/christianalvarezlobos/.m2/repository/io/micrometer/micrometer-observation/1.14.5/micrometer-observation-1.14.5.jar:/Users/christianalvarezlobos/.m2/repository/io/micrometer/micrometer-commons/1.14.5/micrometer-commons-1.14.5.jar:/Users/christianalvarezlobos/.m2/repository/org/springframework/spring-webmvc/6.2.5/spring-webmvc-6.2.5.jar:/Users/christianalvarezlobos/.m2/repository/com/mysql/mysql-connector-j/9.1.0/mysql-connector-j-9.1.0.jar:/Users/christianalvarezlobos/.m2/repository/org/springframework/boot/spring-boot-starter-test/3.4.4/spring-boot-starter-test-3.4.4.jar:/Users/christianalvarezlobos/.m2/repository/org/springframework/boot/spring-boot-test/3.4.4/spring-boot-test-3.4.4.jar:/Users/christianalvarezlobos/.m2/repository/org/springframework/boot/spring-boot-test-autoconfigure/3.4.4/spring-boot-test-autoconfigure-3.4.4.jar:/Users/christianalvarezlobos/.m2/repository/com/jayway/jsonpath/json-path/2.9.0/json-path-2.9.0.jar:/Users/christianalvarezlobos/.m2/repository/jakarta/xml/bind/jakarta.xml.bind-api/4.0.2/jakarta.xml.bind-api-4.0.2.jar:/Users/christianalvarezlobos/.m2/repository/jakarta/activation/jakarta.activation-api/2.1.3/jakarta.activation-api-2.1.3.jar:/Users/christianalvarezlobos/.m2/repository/net/minidev/json-smart/2.5.2/json-smart-2.5.2.jar:/Users/christianalvarezlobos/.m2/repository/net/minidev/accessors-smart/2.5.2/accessors-smart-2.5.2.jar:/Users/christianalvarezlobos/.m2/repository/org/ow2/asm/asm/9.7.1/asm-9.7.1.jar:/Users/christianalvarezlobos/.m2/repository/org/assertj/assertj-core/3.26.3/assertj-core-3.26.3.jar:/Users/christianalvarezlobos/.m2/repository/org/awaitility/awaitility/4.2.2/awaitility-4.2.2.jar:/Users/christianalvarezlobos/.m2/repository/org/hamcrest/hamcrest/2.2/hamcrest-2.2.jar:/Users/christianalvarezlobos/.m2/repository/org/junit/jupiter/junit-jupiter/5.11.4/junit-jupiter-5.11.4.jar:/Users/christianalvarezlobos/.m2/repository/org/junit/jupiter/junit-jupiter-api/5.11.4/junit-jupiter-api-5.11.4.jar:/Users/christianalvarezlobos/.m2/repository/org/opentest4j/opentest4j/1.3.0/opentest4j-1.3.0.jar:/Users/christianalvarezlobos/.m2/repository/org/junit/platform/junit-platform-commons/1.11.4/junit-platform-commons-1.11.4.jar:/Users/christianalvarezlobos/.m2/repository/org/apiguardian/apiguardian-api/1.1.2/apiguardian-api-1.1.2.jar:/Users/christianalvarezlobos/.m2/repository/org/junit/jupiter/junit-jupiter-params/5.11.4/junit-jupiter-params-5.11.4.jar:/Users/christianalvarezlobos/.m2/repository/org/junit/jupiter/junit-jupiter-engine/5.11.4/junit-jupiter-engine-5.11.4.jar:/Users/christianalvarezlobos/.m2/repository/org/junit/platform/junit-platform-engine/1.11.4/junit-platform-engine-1.11.4.jar:/Users/christianalvarezlobos/.m2/repository/org/mockito/mockito-core/5.14.2/mockito-core-5.14.2.jar:/Users/christianalvarezlobos/.m2/repository/net/bytebuddy/byte-buddy-agent/1.15.11/byte-buddy-agent-1.15.11.jar:/Users/christianalvarezlobos/.m2/repository/org/objenesis/objenesis/3.3/objenesis-3.3.jar:/Users/christianalvarezlobos/.m2/repository/org/mockito/mockito-junit-jupiter/5.14.2/mockito-junit-jupiter-5.14.2.jar:/Users/christianalvarezlobos/.m2/repository/org/skyscreamer/jsonassert/1.5.3/jsonassert-1.5.3.jar:/Users/christianalvarezlobos/.m2/repository/com/vaadin/external/google/android-json/0.0.20131108.vaadin1/android-json-0.0.20131108.vaadin1.jar:/Users/christianalvarezlobos/.m2/repository/org/springframework/spring-core/6.2.5/spring-core-6.2.5.jar:/Users/christianalvarezlobos/.m2/repository/org/springframework/spring-jcl/6.2.5/spring-jcl-6.2.5.jar:/Users/christianalvarezlobos/.m2/repository/org/springframework/spring-test/6.2.5/spring-test-6.2.5.jar:/Users/christianalvarezlobos/.m2/repository/org/xmlunit/xmlunit-core/2.10.0/xmlunit-core-2.10.0.jar:/Users/christianalvarezlobos/.m2/repository/org/springframework/security/spring-security-test/6.4.4/spring-security-test-6.4.4.jar:/Users/christianalvarezlobos/.m2/repository/org/springframework/security/spring-security-core/6.4.4/spring-security-core-6.4.4.jar:/Users/christianalvarezlobos/.m2/repository/org/springframework/security/spring-security-crypto/6.4.4/spring-security-crypto-6.4.4.jar:/Users/christianalvarezlobos/.m2/repository/io/jsonwebtoken/jjwt-api/0.12.5/jjwt-api-0.12.5.jar:/Users/christianalvarezlobos/.m2/repository/io/jsonwebtoken/jjwt-impl/0.12.5/jjwt-impl-0.12.5.jar:/Users/christianalvarezlobos/.m2/repository/io/jsonwebtoken/jjwt-jackson/0.12.5/jjwt-jackson-0.12.5.jar:/Users/christianalvarezlobos/.m2/repository/com/fasterxml/jackson/core/jackson-databind/2.18.3/jackson-databind-2.18.3.jar:/Users/christianalvarezlobos/.m2/repository/com/fasterxml/jackson/core/jackson-annotations/2.18.3/jackson-annotations-2.18.3.jar:/Users/christianalvarezlobos/.m2/repository/com/fasterxml/jackson/core/jackson-core/2.18.3/jackson-core-2.18.3.jar:"/>
    <property name="java.vm.vendor" value="Oracle Corporation"/>
    <property name="sun.arch.data.model" value="64"/>
    <property name="java.vendor.url" value="https://java.oracle.com/"/>
    <property name="user.timezone" value="America/Santiago"/>
    <property name="org.jboss.logging.provider" value="slf4j"/>
    <property name="os.name" value="Mac OS X"/>
    <property name="java.vm.specification.version" value="21"/>
    <property name="APPLICATION_NAME" value="backend"/>
    <property name="user.country" value="CL"/>
    <property name="sun.java.launcher" value="SUN_STANDARD"/>
    <property name="sun.boot.library.path" value="/Library/Java/JavaVirtualMachines/jdk-21.jdk/Contents/Home/lib"/>
    <property name="sun.java.command" value="/Users/christianalvarezlobos/personal/Duoc/2025-1/CDY2203/Semana 2/Backend/backend/target/surefire/surefirebooter-20250329192233123_3.jar /Users/christianalvarezlobos/personal/Duoc/2025-1/CDY2203/Semana 2/Backend/backend/target/surefire 2025-03-29T19-22-33_083-jvmRun1 surefire-20250329192233123_1tmp surefire_0-20250329192233123_2tmp"/>
    <property name="http.nonProxyHosts" value="local|*.local|169.254/16|*.169.254/16"/>
    <property name="jdk.debug" value="release"/>
    <property name="surefire.test.class.path" value="/Users/christianalvarezlobos/personal/Duoc/2025-1/CDY2203/Semana 2/Backend/backend/target/test-classes:/Users/christianalvarezlobos/personal/Duoc/2025-1/CDY2203/Semana 2/Backend/backend/target/classes:/Users/christianalvarezlobos/.m2/repository/org/springframework/boot/spring-boot-starter-data-jpa/3.4.4/spring-boot-starter-data-jpa-3.4.4.jar:/Users/christianalvarezlobos/.m2/repository/org/springframework/boot/spring-boot-starter/3.4.4/spring-boot-starter-3.4.4.jar:/Users/christianalvarezlobos/.m2/repository/org/springframework/boot/spring-boot/3.4.4/spring-boot-3.4.4.jar:/Users/christianalvarezlobos/.m2/repository/org/springframework/boot/spring-boot-autoconfigure/3.4.4/spring-boot-autoconfigure-3.4.4.jar:/Users/christianalvarezlobos/.m2/repository/org/springframework/boot/spring-boot-starter-logging/3.4.4/spring-boot-starter-logging-3.4.4.jar:/Users/christianalvarezlobos/.m2/repository/ch/qos/logback/logback-classic/1.5.18/logback-classic-1.5.18.jar:/Users/christianalvarezlobos/.m2/repository/ch/qos/logback/logback-core/1.5.18/logback-core-1.5.18.jar:/Users/christianalvarezlobos/.m2/repository/org/apache/logging/log4j/log4j-to-slf4j/2.24.3/log4j-to-slf4j-2.24.3.jar:/Users/christianalvarezlobos/.m2/repository/org/apache/logging/log4j/log4j-api/2.24.3/log4j-api-2.24.3.jar:/Users/christianalvarezlobos/.m2/repository/org/slf4j/jul-to-slf4j/2.0.17/jul-to-slf4j-2.0.17.jar:/Users/christianalvarezlobos/.m2/repository/jakarta/annotation/jakarta.annotation-api/2.1.1/jakarta.annotation-api-2.1.1.jar:/Users/christianalvarezlobos/.m2/repository/org/yaml/snakeyaml/2.3/snakeyaml-2.3.jar:/Users/christianalvarezlobos/.m2/repository/org/springframework/boot/spring-boot-starter-jdbc/3.4.4/spring-boot-starter-jdbc-3.4.4.jar:/Users/christianalvarezlobos/.m2/repository/com/zaxxer/HikariCP/5.1.0/HikariCP-5.1.0.jar:/Users/christianalvarezlobos/.m2/repository/org/springframework/spring-jdbc/6.2.5/spring-jdbc-6.2.5.jar:/Users/christianalvarezlobos/.m2/repository/org/hibernate/orm/hibernate-core/6.6.11.Final/hibernate-core-6.6.11.Final.jar:/Users/christianalvarezlobos/.m2/repository/jakarta/persistence/jakarta.persistence-api/3.1.0/jakarta.persistence-api-3.1.0.jar:/Users/christianalvarezlobos/.m2/repository/jakarta/transaction/jakarta.transaction-api/2.0.1/jakarta.transaction-api-2.0.1.jar:/Users/christianalvarezlobos/.m2/repository/org/jboss/logging/jboss-logging/3.6.1.Final/jboss-logging-3.6.1.Final.jar:/Users/christianalvarezlobos/.m2/repository/org/hibernate/common/hibernate-commons-annotations/7.0.3.Final/hibernate-commons-annotations-7.0.3.Final.jar:/Users/christianalvarezlobos/.m2/repository/io/smallrye/jandex/3.2.0/jandex-3.2.0.jar:/Users/christianalvarezlobos/.m2/repository/com/fasterxml/classmate/1.7.0/classmate-1.7.0.jar:/Users/christianalvarezlobos/.m2/repository/net/bytebuddy/byte-buddy/1.15.11/byte-buddy-1.15.11.jar:/Users/christianalvarezlobos/.m2/repository/org/glassfish/jaxb/jaxb-runtime/4.0.5/jaxb-runtime-4.0.5.jar:/Users/christianalvarezlobos/.m2/repository/org/glassfish/jaxb/jaxb-core/4.0.5/jaxb-core-4.0.5.jar:/Users/christianalvarezlobos/.m2/repository/org/eclipse/angus/angus-activation/2.0.2/angus-activation-2.0.2.jar:/Users/christianalvarezlobos/.m2/repository/org/glassfish/jaxb/txw2/4.0.5/txw2-4.0.5.jar:/Users/christianalvarezlobos/.m2/repository/com/sun/istack/istack-commons-runtime/4.1.2/istack-commons-runtime-4.1.2.jar:/Users/christianalvarezlobos/.m2/repository/jakarta/inject/jakarta.inject-api/2.0.1/jakarta.inject-api-2.0.1.jar:/Users/christianalvarezlobos/.m2/repository/org/antlr/antlr4-runtime/4.13.0/antlr4-runtime-4.13.0.jar:/Users/christianalvarezlobos/.m2/repository/org/springframework/data/spring-data-jpa/3.4.4/spring-data-jpa-3.4.4.jar:/Users/christianalvarezlobos/.m2/repository/org/springframework/data/spring-data-commons/3.4.4/spring-data-commons-3.4.4.jar:/Users/christianalvarezlobos/.m2/repository/org/springframework/spring-orm/6.2.5/spring-orm-6.2.5.jar:/Users/christianalvarezlobos/.m2/repository/org/springframework/spring-context/6.2.5/spring-context-6.2.5.jar:/Users/christianalvarezlobos/.m2/repository/org/springframework/spring-tx/6.2.5/spring-tx-6.2.5.jar:/Users/christianalvarezlobos/.m2/repository/org/springframework/spring-beans/6.2.5/spring-beans-6.2.5.jar:/Users/christianalvarezlobos/.m2/repository/org/slf4j/slf4j-api/2.0.17/slf4j-api-2.0.17.jar:/Users/christianalvarezlobos/.m2/repository/org/springframework/spring-aspects/6.2.5/spring-aspects-6.2.5.jar:/Users/christianalvarezlobos/.m2/repository/org/aspectj/aspectjweaver/1.9.23/aspectjweaver-1.9.23.jar:/Users/christianalvarezlobos/.m2/repository/org/springframework/boot/spring-boot-starter-security/3.4.4/spring-boot-starter-security-3.4.4.jar:/Users/christianalvarezlobos/.m2/repository/org/springframework/spring-aop/6.2.5/spring-aop-6.2.5.jar:/Users/christianalvarezlobos/.m2/repository/org/springframework/security/spring-security-config/6.4.4/spring-security-config-6.4.4.jar:/Users/christianalvarezlobos/.m2/repository/org/springframework/security/spring-security-web/6.4.4/spring-security-web-6.4.4.jar:/Users/christianalvarezlobos/.m2/repository/org/springframework/spring-expression/6.2.5/spring-expression-6.2.5.jar:/Users/christianalvarezlobos/.m2/repository/org/springframework/boot/spring-boot-starter-web/3.4.4/spring-boot-starter-web-3.4.4.jar:/Users/christianalvarezlobos/.m2/repository/org/springframework/boot/spring-boot-starter-json/3.4.4/spring-boot-starter-json-3.4.4.jar:/Users/christianalvarezlobos/.m2/repository/com/fasterxml/jackson/datatype/jackson-datatype-jdk8/2.18.3/jackson-datatype-jdk8-2.18.3.jar:/Users/christianalvarezlobos/.m2/repository/com/fasterxml/jackson/datatype/jackson-datatype-jsr310/2.18.3/jackson-datatype-jsr310-2.18.3.jar:/Users/christianalvarezlobos/.m2/repository/com/fasterxml/jackson/module/jackson-module-parameter-names/2.18.3/jackson-module-parameter-names-2.18.3.jar:/Users/christianalvarezlobos/.m2/repository/org/springframework/boot/spring-boot-starter-tomcat/3.4.4/spring-boot-starter-tomcat-3.4.4.jar:/Users/christianalvarezlobos/.m2/repository/org/apache/tomcat/embed/tomcat-embed-core/10.1.39/tomcat-embed-core-10.1.39.jar:/Users/christianalvarezlobos/.m2/repository/org/apache/tomcat/embed/tomcat-embed-el/10.1.39/tomcat-embed-el-10.1.39.jar:/Users/christianalvarezlobos/.m2/repository/org/apache/tomcat/embed/tomcat-embed-websocket/10.1.39/tomcat-embed-websocket-10.1.39.jar:/Users/christianalvarezlobos/.m2/repository/org/springframework/spring-web/6.2.5/spring-web-6.2.5.jar:/Users/christianalvarezlobos/.m2/repository/io/micrometer/micrometer-observation/1.14.5/micrometer-observation-1.14.5.jar:/Users/christianalvarezlobos/.m2/repository/io/micrometer/micrometer-commons/1.14.5/micrometer-commons-1.14.5.jar:/Users/christianalvarezlobos/.m2/repository/org/springframework/spring-webmvc/6.2.5/spring-webmvc-6.2.5.jar:/Users/christianalvarezlobos/.m2/repository/com/mysql/mysql-connector-j/9.1.0/mysql-connector-j-9.1.0.jar:/Users/christianalvarezlobos/.m2/repository/org/springframework/boot/spring-boot-starter-test/3.4.4/spring-boot-starter-test-3.4.4.jar:/Users/christianalvarezlobos/.m2/repository/org/springframework/boot/spring-boot-test/3.4.4/spring-boot-test-3.4.4.jar:/Users/christianalvarezlobos/.m2/repository/org/springframework/boot/spring-boot-test-autoconfigure/3.4.4/spring-boot-test-autoconfigure-3.4.4.jar:/Users/christianalvarezlobos/.m2/repository/com/jayway/jsonpath/json-path/2.9.0/json-path-2.9.0.jar:/Users/christianalvarezlobos/.m2/repository/jakarta/xml/bind/jakarta.xml.bind-api/4.0.2/jakarta.xml.bind-api-4.0.2.jar:/Users/christianalvarezlobos/.m2/repository/jakarta/activation/jakarta.activation-api/2.1.3/jakarta.activation-api-2.1.3.jar:/Users/christianalvarezlobos/.m2/repository/net/minidev/json-smart/2.5.2/json-smart-2.5.2.jar:/Users/christianalvarezlobos/.m2/repository/net/minidev/accessors-smart/2.5.2/accessors-smart-2.5.2.jar:/Users/christianalvarezlobos/.m2/repository/org/ow2/asm/asm/9.7.1/asm-9.7.1.jar:/Users/christianalvarezlobos/.m2/repository/org/assertj/assertj-core/3.26.3/assertj-core-3.26.3.jar:/Users/christianalvarezlobos/.m2/repository/org/awaitility/awaitility/4.2.2/awaitility-4.2.2.jar:/Users/christianalvarezlobos/.m2/repository/org/hamcrest/hamcrest/2.2/hamcrest-2.2.jar:/Users/christianalvarezlobos/.m2/repository/org/junit/jupiter/junit-jupiter/5.11.4/junit-jupiter-5.11.4.jar:/Users/christianalvarezlobos/.m2/repository/org/junit/jupiter/junit-jupiter-api/5.11.4/junit-jupiter-api-5.11.4.jar:/Users/christianalvarezlobos/.m2/repository/org/opentest4j/opentest4j/1.3.0/opentest4j-1.3.0.jar:/Users/christianalvarezlobos/.m2/repository/org/junit/platform/junit-platform-commons/1.11.4/junit-platform-commons-1.11.4.jar:/Users/christianalvarezlobos/.m2/repository/org/apiguardian/apiguardian-api/1.1.2/apiguardian-api-1.1.2.jar:/Users/christianalvarezlobos/.m2/repository/org/junit/jupiter/junit-jupiter-params/5.11.4/junit-jupiter-params-5.11.4.jar:/Users/christianalvarezlobos/.m2/repository/org/junit/jupiter/junit-jupiter-engine/5.11.4/junit-jupiter-engine-5.11.4.jar:/Users/christianalvarezlobos/.m2/repository/org/junit/platform/junit-platform-engine/1.11.4/junit-platform-engine-1.11.4.jar:/Users/christianalvarezlobos/.m2/repository/org/mockito/mockito-core/5.14.2/mockito-core-5.14.2.jar:/Users/christianalvarezlobos/.m2/repository/net/bytebuddy/byte-buddy-agent/1.15.11/byte-buddy-agent-1.15.11.jar:/Users/christianalvarezlobos/.m2/repository/org/objenesis/objenesis/3.3/objenesis-3.3.jar:/Users/christianalvarezlobos/.m2/repository/org/mockito/mockito-junit-jupiter/5.14.2/mockito-junit-jupiter-5.14.2.jar:/Users/christianalvarezlobos/.m2/repository/org/skyscreamer/jsonassert/1.5.3/jsonassert-1.5.3.jar:/Users/christianalvarezlobos/.m2/repository/com/vaadin/external/google/android-json/0.0.20131108.vaadin1/android-json-0.0.20131108.vaadin1.jar:/Users/christianalvarezlobos/.m2/repository/org/springframework/spring-core/6.2.5/spring-core-6.2.5.jar:/Users/christianalvarezlobos/.m2/repository/org/springframework/spring-jcl/6.2.5/spring-jcl-6.2.5.jar:/Users/christianalvarezlobos/.m2/repository/org/springframework/spring-test/6.2.5/spring-test-6.2.5.jar:/Users/christianalvarezlobos/.m2/repository/org/xmlunit/xmlunit-core/2.10.0/xmlunit-core-2.10.0.jar:/Users/christianalvarezlobos/.m2/repository/org/springframework/security/spring-security-test/6.4.4/spring-security-test-6.4.4.jar:/Users/christianalvarezlobos/.m2/repository/org/springframework/security/spring-security-core/6.4.4/spring-security-core-6.4.4.jar:/Users/christianalvarezlobos/.m2/repository/org/springframework/security/spring-security-crypto/6.4.4/spring-security-crypto-6.4.4.jar:/Users/christianalvarezlobos/.m2/repository/io/jsonwebtoken/jjwt-api/0.12.5/jjwt-api-0.12.5.jar:/Users/christianalvarezlobos/.m2/repository/io/jsonwebtoken/jjwt-impl/0.12.5/jjwt-impl-0.12.5.jar:/Users/christianalvarezlobos/.m2/repository/io/jsonwebtoken/jjwt-jackson/0.12.5/jjwt-jackson-0.12.5.jar:/Users/christianalvarezlobos/.m2/repository/com/fasterxml/jackson/core/jackson-databind/2.18.3/jackson-databind-2.18.3.jar:/Users/christianalvarezlobos/.m2/repository/com/fasterxml/jackson/core/jackson-annotations/2.18.3/jackson-annotations-2.18.3.jar:/Users/christianalvarezlobos/.m2/repository/com/fasterxml/jackson/core/jackson-core/2.18.3/jackson-core-2.18.3.jar:"/>
    <property name="sun.cpu.endian" value="little"/>
    <property name="user.home" value="/Users/christianalvarezlobos"/>
    <property name="user.language" value="en"/>
    <property name="java.specification.vendor" value="Oracle Corporation"/>
    <property name="java.version.date" value="2024-10-15"/>
    <property name="java.home" value="/Library/Java/JavaVirtualMachines/jdk-21.jdk/Contents/Home"/>
    <property name="file.separator" value="/"/>
    <property name="basedir" value="/Users/christianalvarezlobos/personal/Duoc/2025-1/CDY2203/Semana 2/Backend/backend"/>
    <property name="java.vm.compressedOopsMode" value="Zero based"/>
    <property name="line.separator" value="&#10;"/>
    <property name="java.vm.specification.vendor" value="Oracle Corporation"/>
    <property name="java.specification.name" value="Java Platform API Specification"/>
    <property name="FILE_LOG_CHARSET" value="UTF-8"/>
    <property name="java.awt.headless" value="true"/>
    <property name="apple.awt.application.name" value="ForkedBooter"/>
    <property name="surefire.real.class.path" value="/Users/christianalvarezlobos/personal/Duoc/2025-1/CDY2203/Semana 2/Backend/backend/target/surefire/surefirebooter-20250329192233123_3.jar"/>
    <property name="sun.management.compiler" value="HotSpot 64-Bit Tiered Compilers"/>
    <property name="ftp.nonProxyHosts" value="local|*.local|169.254/16|*.169.254/16"/>
    <property name="java.runtime.version" value="21.0.5+9-LTS-239"/>
    <property name="user.name" value="christianalvarezlobos"/>
    <property name="stdout.encoding" value="UTF-8"/>
    <property name="path.separator" value=":"/>
    <property name="os.version" value="15.3.2"/>
    <property name="java.runtime.name" value="Java(TM) SE Runtime Environment"/>
    <property name="file.encoding" value="UTF-8"/>
    <property name="java.vm.name" value="Java HotSpot(TM) 64-Bit Server VM"/>
    <property name="LOG_FILE" value="backend.log"/>
    <property name="localRepository" value="/Users/christianalvarezlobos/.m2/repository"/>
    <property name="java.vendor.url.bug" value="https://bugreport.java.com/bugreport/"/>
    <property name="java.io.tmpdir" value="/var/folders/9s/208qk8ln5pl6f80d4t799sgw0000gn/T/"/>
    <property name="com.zaxxer.hikari.pool_number" value="1"/>
    <property name="java.version" value="21.0.5"/>
    <property name="user.dir" value="/Users/christianalvarezlobos/personal/Duoc/2025-1/CDY2203/Semana 2/Backend/backend"/>
    <property name="os.arch" value="aarch64"/>
    <property name="java.vm.specification.name" value="Java Virtual Machine Specification"/>
    <property name="PID" value="90214"/>
    <property name="CONSOLE_LOG_CHARSET" value="UTF-8"/>
    <property name="native.encoding" value="UTF-8"/>
    <property name="java.library.path" value="/Users/christianalvarezlobos/Library/Java/Extensions:/Library/Java/Extensions:/Network/Library/Java/Extensions:/System/Library/Java/Extensions:/usr/lib/java:."/>
    <property name="java.vm.info" value="mixed mode, sharing"/>
    <property name="stderr.encoding" value="UTF-8"/>
    <property name="java.vendor" value="Oracle Corporation"/>
    <property name="java.vm.version" value="21.0.5+9-LTS-239"/>
    <property name="sun.io.unicode.encoding" value="UnicodeBig"/>
    <property name="socksNonProxyHosts" value="local|*.local|169.254/16|*.169.254/16"/>
    <property name="java.class.version" value="65.0"/>
    <property name="LOGGED_APPLICATION_NAME" value="[backend] "/>
  </properties>
  <testcase name="contextLoads" classname="com.duoc.backend.BackendApplicationTests" time="0.355">
    <system-out><![CDATA[19:22:33.462 [main] INFO org.springframework.test.context.support.AnnotationConfigContextLoaderUtils -- Could not detect default configuration classes for test class [com.duoc.backend.BackendApplicationTests]: BackendApplicationTests does not declare any static, non-private, non-final, nested classes annotated with @Configuration.
19:22:33.521 [main] INFO org.springframework.boot.test.context.SpringBootTestContextBootstrapper -- Found @SpringBootConfiguration com.duoc.backend.BackendApplication for test class com.duoc.backend.BackendApplicationTests

  .   ____          _            __ _ _
 /\\ / ___'_ __ _ _(_)_ __  __ _ \ \ \ \
( ( )\___ | '_ | '_| | '_ \/ _` | \ \ \ \
 \\/  ___)| |_)| | | | | || (_| |  ) ) ) )
  '  |____| .__|_| |_|_| |_\__, | / / / /
 =========|_|==============|___/=/_/_/_/

 :: Spring Boot ::                (v3.4.4)

2025-03-29T19:22:33.711-03:00  INFO 90214 --- [backend] [           main] c.duoc.backend.BackendApplicationTests   : Starting BackendApplicationTests using Java 21.0.5 with PID 90214 (started by christianalvarezlobos in /Users/christianalvarezlobos/personal/Duoc/2025-1/CDY2203/Semana 2/Backend/backend)
2025-03-29T19:22:33.711-03:00 DEBUG 90214 --- [backend] [           main] c.duoc.backend.BackendApplicationTests   : Running with Spring Boot v3.4.4, Spring v6.2.5
2025-03-29T19:22:33.712-03:00  INFO 90214 --- [backend] [           main] c.duoc.backend.BackendApplicationTests   : No active profile set, falling back to 1 default profile: "default"
2025-03-29T19:22:33.731-03:00 TRACE 90214 --- [backend] [           main] o.s.w.c.s.GenericWebApplicationContext   : Refreshing org.springframework.web.context.support.GenericWebApplicationContext@63a5e46c, started on Sat Mar 29 19:22:33 CLST 2025
2025-03-29T19:22:33.977-03:00  INFO 90214 --- [backend] [           main] .s.d.r.c.RepositoryConfigurationDelegate : Bootstrapping Spring Data JPA repositories in DEFAULT mode.
2025-03-29T19:22:34.003-03:00  INFO 90214 --- [backend] [           main] .s.d.r.c.RepositoryConfigurationDelegate : Finished Spring Data repository scanning in 21 ms. Found 6 JPA repository interfaces.
2025-03-29T19:22:34.146-03:00 TRACE 90214 --- [backend] [           main] o.s.w.c.s.GenericWebApplicationContext   : No 'messageSource' bean, using [Empty MessageSource]
2025-03-29T19:22:34.146-03:00 TRACE 90214 --- [backend] [           main] o.s.w.c.s.GenericWebApplicationContext   : No 'applicationEventMulticaster' bean, using [SimpleApplicationEventMulticaster]
2025-03-29T19:22:34.157-03:00 DEBUG 90214 --- [backend] [           main] com.zaxxer.hikari.HikariConfig           : Driver class com.mysql.cj.jdbc.Driver found in Thread context class loader jdk.internal.loader.ClassLoaders$AppClassLoader@1cf4f579
2025-03-29T19:22:34.206-03:00 DEBUG 90214 --- [backend] [           main] o.hibernate.jpa.internal.util.LogHelper  : PersistenceUnitInfo [
	name: default
	persistence provider classname: null
	classloader: jdk.internal.loader.ClassLoaders$AppClassLoader@1cf4f579
	excludeUnlistedClasses: true
	JTA datasource: null
	Non JTA datasource: HikariDataSource (null)
	Transaction type: RESOURCE_LOCAL
	PU root URL: file:/Users/christianalvarezlobos/personal/Duoc/2025-1/CDY2203/Semana%202/Backend/backend/target/test-classes/
	Shared Cache Mode: UNSPECIFIED
	Validation Mode: AUTO
	Jar files URLs []
	Managed classes names [
		com.duoc.backend.Appointment.Appointment
		com.duoc.backend.Care.Care
		com.duoc.backend.Invoice.Invoice
		com.duoc.backend.Medication.Medication
		com.duoc.backend.Patient.Patient
		com.duoc.backend.User]
	Mapping files names []
	Properties []
2025-03-29T19:22:34.209-03:00 DEBUG 90214 --- [backend] [           main] o.h.i.internal.IntegratorServiceImpl     : Adding Integrator [org.hibernate.boot.beanvalidation.BeanValidationIntegrator].
2025-03-29T19:22:34.210-03:00 DEBUG 90214 --- [backend] [           main] o.h.i.internal.IntegratorServiceImpl     : Adding Integrator [org.hibernate.cache.internal.CollectionCacheInvalidator].
2025-03-29T19:22:34.214-03:00 TRACE 90214 --- [backend] [           main] o.h.b.r.s.internal.StrategySelectorImpl  : Registering named strategy selector [org.hibernate.resource.transaction.spi.TransactionCoordinatorBuilder] : [jdbc] -> [org.hibernate.resource.transaction.backend.jdbc.internal.JdbcResourceLocalTransactionCoordinatorBuilderImpl]
2025-03-29T19:22:34.214-03:00 TRACE 90214 --- [backend] [           main] o.h.b.r.s.internal.StrategySelectorImpl  : Registering named strategy selector [org.hibernate.resource.transaction.spi.TransactionCoordinatorBuilder] : [jta] -> [org.hibernate.resource.transaction.backend.jta.internal.JtaTransactionCoordinatorBuilderImpl]
2025-03-29T19:22:34.214-03:00 TRACE 90214 --- [backend] [           main] o.h.b.r.s.internal.StrategySelectorImpl  : Registering named strategy selector [org.hibernate.resource.transaction.spi.TransactionCoordinatorBuilder] : [org.hibernate.transaction.JDBCTransactionFactory] -> [org.hibernate.resource.transaction.backend.jdbc.internal.JdbcResourceLocalTransactionCoordinatorBuilderImpl]
2025-03-29T19:22:34.214-03:00 TRACE 90214 --- [backend] [           main] o.h.b.r.s.internal.StrategySelectorImpl  : Registering named strategy selector [org.hibernate.resource.transaction.spi.TransactionCoordinatorBuilder] : [org.hibernate.transaction.JTATransactionFactory] -> [org.hibernate.resource.transaction.backend.jta.internal.JtaTransactionCoordinatorBuilderImpl]
2025-03-29T19:22:34.214-03:00 TRACE 90214 --- [backend] [           main] o.h.b.r.s.internal.StrategySelectorImpl  : Registering named strategy selector [org.hibernate.resource.transaction.spi.TransactionCoordinatorBuilder] : [org.hibernate.transaction.CMTTransactionFactory] -> [org.hibernate.resource.transaction.backend.jta.internal.JtaTransactionCoordinatorBuilderImpl]
2025-03-29T19:22:34.215-03:00 TRACE 90214 --- [backend] [           main] o.h.b.r.s.internal.StrategySelectorImpl  : Registering named strategy selector [org.hibernate.query.sqm.mutation.spi.SqmMultiTableInsertStrategy] : [cte] -> [org.hibernate.query.sqm.mutation.internal.cte.CteInsertStrategy]
2025-03-29T19:22:34.216-03:00 TRACE 90214 --- [backend] [           main] o.h.b.r.s.internal.StrategySelectorImpl  : Registering named strategy selector [org.hibernate.query.sqm.mutation.spi.SqmMultiTableInsertStrategy] : [global_temporary] -> [org.hibernate.query.sqm.mutation.internal.temptable.GlobalTemporaryTableInsertStrategy]
2025-03-29T19:22:34.216-03:00 TRACE 90214 --- [backend] [           main] o.h.b.r.s.internal.StrategySelectorImpl  : Registering named strategy selector [org.hibernate.query.sqm.mutation.spi.SqmMultiTableInsertStrategy] : [local_temporary] -> [org.hibernate.query.sqm.mutation.internal.temptable.LocalTemporaryTableInsertStrategy]
2025-03-29T19:22:34.216-03:00 TRACE 90214 --- [backend] [           main] o.h.b.r.s.internal.StrategySelectorImpl  : Registering named strategy selector [org.hibernate.query.sqm.mutation.spi.SqmMultiTableInsertStrategy] : [persistent] -> [org.hibernate.query.sqm.mutation.internal.temptable.PersistentTableInsertStrategy]
2025-03-29T19:22:34.216-03:00 TRACE 90214 --- [backend] [           main] o.h.b.r.s.internal.StrategySelectorImpl  : Registering named strategy selector [org.hibernate.query.sqm.mutation.spi.SqmMultiTableMutationStrategy] : [cte] -> [org.hibernate.query.sqm.mutation.internal.cte.CteMutationStrategy]
2025-03-29T19:22:34.216-03:00 TRACE 90214 --- [backend] [           main] o.h.b.r.s.internal.StrategySelectorImpl  : Registering named strategy selector [org.hibernate.query.sqm.mutation.spi.SqmMultiTableMutationStrategy] : [global_temporary] -> [org.hibernate.query.sqm.mutation.internal.temptable.GlobalTemporaryTableMutationStrategy]
2025-03-29T19:22:34.217-03:00 TRACE 90214 --- [backend] [           main] o.h.b.r.s.internal.StrategySelectorImpl  : Registering named strategy selector [org.hibernate.query.sqm.mutation.spi.SqmMultiTableMutationStrategy] : [local_temporary] -> [org.hibernate.query.sqm.mutation.internal.temptable.LocalTemporaryTableMutationStrategy]
2025-03-29T19:22:34.217-03:00 TRACE 90214 --- [backend] [           main] o.h.b.r.s.internal.StrategySelectorImpl  : Registering named strategy selector [org.hibernate.query.sqm.mutation.spi.SqmMultiTableMutationStrategy] : [persistent] -> [org.hibernate.query.sqm.mutation.internal.temptable.PersistentTableMutationStrategy]
2025-03-29T19:22:34.217-03:00 TRACE 90214 --- [backend] [           main] o.h.b.r.s.internal.StrategySelectorImpl  : Registering named strategy selector [org.hibernate.boot.model.naming.ImplicitNamingStrategy] : [default] -> [org.hibernate.boot.model.naming.ImplicitNamingStrategyJpaCompliantImpl]
2025-03-29T19:22:34.217-03:00 TRACE 90214 --- [backend] [           main] o.h.b.r.s.internal.StrategySelectorImpl  : Registering named strategy selector [org.hibernate.boot.model.naming.ImplicitNamingStrategy] : [jpa] -> [org.hibernate.boot.model.naming.ImplicitNamingStrategyJpaCompliantImpl]
2025-03-29T19:22:34.217-03:00 TRACE 90214 --- [backend] [           main] o.h.b.r.s.internal.StrategySelectorImpl  : Registering named strategy selector [org.hibernate.boot.model.naming.ImplicitNamingStrategy] : [legacy-jpa] -> [org.hibernate.boot.model.naming.ImplicitNamingStrategyLegacyJpaImpl]
2025-03-29T19:22:34.217-03:00 TRACE 90214 --- [backend] [           main] o.h.b.r.s.internal.StrategySelectorImpl  : Registering named strategy selector [org.hibernate.boot.model.naming.ImplicitNamingStrategy] : [legacy-hbm] -> [org.hibernate.boot.model.naming.ImplicitNamingStrategyLegacyHbmImpl]
2025-03-29T19:22:34.217-03:00 TRACE 90214 --- [backend] [           main] o.h.b.r.s.internal.StrategySelectorImpl  : Registering named strategy selector [org.hibernate.boot.model.naming.ImplicitNamingStrategy] : [component-path] -> [org.hibernate.boot.model.naming.ImplicitNamingStrategyComponentPathImpl]
2025-03-29T19:22:34.218-03:00 TRACE 90214 --- [backend] [           main] o.h.b.r.s.internal.StrategySelectorImpl  : Registering named strategy selector [org.hibernate.id.enhanced.ImplicitDatabaseObjectNamingStrategy] : [standard] -> [org.hibernate.id.enhanced.StandardNamingStrategy]
2025-03-29T19:22:34.219-03:00 TRACE 90214 --- [backend] [           main] o.h.b.r.s.internal.StrategySelectorImpl  : Registering named strategy selector [org.hibernate.id.enhanced.ImplicitDatabaseObjectNamingStrategy] : [single] -> [org.hibernate.id.enhanced.SingleNamingStrategy]
2025-03-29T19:22:34.219-03:00 TRACE 90214 --- [backend] [           main] o.h.b.r.s.internal.StrategySelectorImpl  : Registering named strategy selector [org.hibernate.id.enhanced.ImplicitDatabaseObjectNamingStrategy] : [legacy] -> [org.hibernate.id.enhanced.LegacyNamingStrategy]
2025-03-29T19:22:34.219-03:00 TRACE 90214 --- [backend] [           main] o.h.b.r.s.internal.StrategySelectorImpl  : Registering named strategy selector [org.hibernate.boot.model.relational.ColumnOrderingStrategy] : [default] -> [org.hibernate.boot.model.relational.ColumnOrderingStrategyStandard]
2025-03-29T19:22:34.219-03:00 TRACE 90214 --- [backend] [           main] o.h.b.r.s.internal.StrategySelectorImpl  : Registering named strategy selector [org.hibernate.boot.model.relational.ColumnOrderingStrategy] : [legacy] -> [org.hibernate.boot.model.relational.ColumnOrderingStrategyLegacy]
2025-03-29T19:22:34.220-03:00 TRACE 90214 --- [backend] [           main] o.h.b.r.s.internal.StrategySelectorImpl  : Registering named strategy selector [org.hibernate.cache.spi.CacheKeysFactory] : [default] -> [org.hibernate.cache.internal.DefaultCacheKeysFactory]
2025-03-29T19:22:34.220-03:00 TRACE 90214 --- [backend] [           main] o.h.b.r.s.internal.StrategySelectorImpl  : Registering named strategy selector [org.hibernate.cache.spi.CacheKeysFactory] : [simple] -> [org.hibernate.cache.internal.SimpleCacheKeysFactory]
2025-03-29T19:22:34.221-03:00 TRACE 90214 --- [backend] [           main] o.h.b.r.s.internal.StrategySelectorImpl  : Registering named strategy selector [org.hibernate.type.format.FormatMapper] : [jackson] -> [org.hibernate.type.format.jackson.JacksonJsonFormatMapper]
2025-03-29T19:22:34.221-03:00 TRACE 90214 --- [backend] [           main] o.h.b.r.s.internal.StrategySelectorImpl  : Registering named strategy selector [org.hibernate.type.format.FormatMapper] : [jsonb] -> [org.hibernate.type.format.jakartajson.JsonBJsonFormatMapper]
2025-03-29T19:22:34.221-03:00 TRACE 90214 --- [backend] [           main] o.h.b.r.s.internal.StrategySelectorImpl  : Registering named strategy selector [org.hibernate.type.format.FormatMapper] : [jackson-xml] -> [org.hibernate.type.format.jackson.JacksonXmlFormatMapper]
2025-03-29T19:22:34.222-03:00 TRACE 90214 --- [backend] [           main] o.h.b.r.s.internal.StrategySelectorImpl  : Registering named strategy selector [org.hibernate.type.format.FormatMapper] : [jaxb] -> [org.hibernate.type.format.jaxb.JaxbXmlFormatMapper]
2025-03-29T19:22:34.237-03:00  INFO 90214 --- [backend] [           main] org.hibernate.Version                    : HHH000412: Hibernate ORM core version 6.6.11.Final
2025-03-29T19:22:34.238-03:00 DEBUG 90214 --- [backend] [           main] org.hibernate.cfg.Environment            : HHH000206: 'hibernate.properties' not found
2025-03-29T19:22:34.245-03:00 TRACE 90214 --- [backend] [           main] o.h.s.i.AbstractServiceRegistryImpl      : Initializing service [role=org.hibernate.id.factory.IdentifierGeneratorFactory]
2025-03-29T19:22:34.246-03:00 TRACE 90214 --- [backend] [           main] o.h.s.i.AbstractServiceRegistryImpl      : Initializing service [role=org.hibernate.engine.config.spi.ConfigurationService]
2025-03-29T19:22:34.248-03:00 TRACE 90214 --- [backend] [           main] o.h.s.i.AbstractServiceRegistryImpl      : Initializing service [role=org.hibernate.resource.beans.spi.ManagedBeanRegistry]
2025-03-29T19:22:34.250-03:00 DEBUG 90214 --- [backend] [           main] org.hibernate.orm.idgen.factory          : Registering IdentifierGenerator strategy [uuid2] -> [org.hibernate.id.UUIDGenerator]
2025-03-29T19:22:34.250-03:00 DEBUG 90214 --- [backend] [           main] org.hibernate.orm.idgen.factory          : Registering IdentifierGenerator strategy [guid] -> [org.hibernate.id.GUIDGenerator]
2025-03-29T19:22:34.250-03:00 DEBUG 90214 --- [backend] [           main] org.hibernate.orm.idgen.factory          : Registering IdentifierGenerator strategy [uuid] -> [org.hibernate.id.UUIDHexGenerator]
2025-03-29T19:22:34.250-03:00 DEBUG 90214 --- [backend] [           main] org.hibernate.orm.idgen.factory          : Registering IdentifierGenerator strategy [uuid.hex] -> [org.hibernate.id.UUIDHexGenerator]
2025-03-29T19:22:34.250-03:00 DEBUG 90214 --- [backend] [           main] org.hibernate.orm.idgen.factory          : Registering IdentifierGenerator strategy [assigned] -> [org.hibernate.id.Assigned]
2025-03-29T19:22:34.251-03:00 DEBUG 90214 --- [backend] [           main] org.hibernate.orm.idgen.factory          : Registering IdentifierGenerator strategy [identity] -> [org.hibernate.id.IdentityGenerator]
2025-03-29T19:22:34.251-03:00 DEBUG 90214 --- [backend] [           main] org.hibernate.orm.idgen.factory          : Registering IdentifierGenerator strategy [select] -> [org.hibernate.id.SelectGenerator]
2025-03-29T19:22:34.252-03:00 DEBUG 90214 --- [backend] [           main] org.hibernate.orm.idgen.factory          : Registering IdentifierGenerator strategy [sequence] -> [org.hibernate.id.enhanced.SequenceStyleGenerator]
2025-03-29T19:22:34.252-03:00 DEBUG 90214 --- [backend] [           main] org.hibernate.orm.idgen.factory          : Registering IdentifierGenerator strategy [increment] -> [org.hibernate.id.IncrementGenerator]
2025-03-29T19:22:34.252-03:00 DEBUG 90214 --- [backend] [           main] org.hibernate.orm.idgen.factory          : Registering IdentifierGenerator strategy [foreign] -> [org.hibernate.id.ForeignGenerator]
2025-03-29T19:22:34.253-03:00 DEBUG 90214 --- [backend] [           main] org.hibernate.orm.idgen.factory          : Registering IdentifierGenerator strategy [enhanced-sequence] -> [org.hibernate.id.enhanced.SequenceStyleGenerator]
2025-03-29T19:22:34.254-03:00 DEBUG 90214 --- [backend] [           main] org.hibernate.orm.idgen.factory          : Registering IdentifierGenerator strategy [enhanced-table] -> [org.hibernate.id.enhanced.TableGenerator]
2025-03-29T19:22:34.258-03:00 TRACE 90214 --- [backend] [           main] o.h.s.i.AbstractServiceRegistryImpl      : Initializing service [role=org.hibernate.engine.jdbc.connections.spi.MultiTenantConnectionProvider]
2025-03-29T19:22:34.258-03:00 TRACE 90214 --- [backend] [           main] o.h.s.i.AbstractServiceRegistryImpl      : Initializing service [role=org.hibernate.cache.spi.RegionFactory]
2025-03-29T19:22:34.259-03:00 DEBUG 90214 --- [backend] [           main] o.h.c.internal.RegionFactoryInitiator    : Cannot default RegionFactory based on registered strategies as `[]` RegionFactory strategies were registered
2025-03-29T19:22:34.259-03:00  INFO 90214 --- [backend] [           main] o.h.c.internal.RegionFactoryInitiator    : HHH000026: Second-level cache disabled
2025-03-29T19:22:34.298-03:00 DEBUG 90214 --- [backend] [           main] org.hibernate.type.BasicTypeRegistry     : Adding type registration boolean -> org.hibernate.type.BasicTypeReference@53a50b0a
2025-03-29T19:22:34.298-03:00 DEBUG 90214 --- [backend] [           main] org.hibernate.type.BasicTypeRegistry     : Adding type registration boolean -> org.hibernate.type.BasicTypeReference@53a50b0a
2025-03-29T19:22:34.298-03:00 DEBUG 90214 --- [backend] [           main] org.hibernate.type.BasicTypeRegistry     : Adding type registration java.lang.Boolean -> org.hibernate.type.BasicTypeReference@53a50b0a
2025-03-29T19:22:34.298-03:00 DEBUG 90214 --- [backend] [           main] org.hibernate.type.BasicTypeRegistry     : Adding type registration numeric_boolean -> org.hibernate.type.BasicTypeReference@74ba6ff5
2025-03-29T19:22:34.298-03:00 DEBUG 90214 --- [backend] [           main] org.hibernate.type.BasicTypeRegistry     : Adding type registration org.hibernate.type.NumericBooleanConverter -> org.hibernate.type.BasicTypeReference@74ba6ff5
2025-03-29T19:22:34.298-03:00 DEBUG 90214 --- [backend] [           main] org.hibernate.type.BasicTypeRegistry     : Adding type registration true_false -> org.hibernate.type.BasicTypeReference@395f52ed
2025-03-29T19:22:34.298-03:00 DEBUG 90214 --- [backend] [           main] org.hibernate.type.BasicTypeRegistry     : Adding type registration org.hibernate.type.TrueFalseConverter -> org.hibernate.type.BasicTypeReference@395f52ed
2025-03-29T19:22:34.298-03:00 DEBUG 90214 --- [backend] [           main] org.hibernate.type.BasicTypeRegistry     : Adding type registration yes_no -> org.hibernate.type.BasicTypeReference@7a84788f
2025-03-29T19:22:34.299-03:00 DEBUG 90214 --- [backend] [           main] org.hibernate.type.BasicTypeRegistry     : Adding type registration org.hibernate.type.YesNoConverter -> org.hibernate.type.BasicTypeReference@7a84788f
2025-03-29T19:22:34.299-03:00 DEBUG 90214 --- [backend] [           main] org.hibernate.type.BasicTypeRegistry     : Adding type registration byte -> org.hibernate.type.BasicTypeReference@102c18e
2025-03-29T19:22:34.299-03:00 DEBUG 90214 --- [backend] [           main] org.hibernate.type.BasicTypeRegistry     : Adding type registration byte -> org.hibernate.type.BasicTypeReference@102c18e
2025-03-29T19:22:34.299-03:00 DEBUG 90214 --- [backend] [           main] org.hibernate.type.BasicTypeRegistry     : Adding type registration java.lang.Byte -> org.hibernate.type.BasicTypeReference@102c18e
2025-03-29T19:22:34.299-03:00 DEBUG 90214 --- [backend] [           main] org.hibernate.type.BasicTypeRegistry     : Adding type registration binary -> org.hibernate.type.BasicTypeReference@26e0d39c
2025-03-29T19:22:34.299-03:00 DEBUG 90214 --- [backend] [           main] org.hibernate.type.BasicTypeRegistry     : Adding type registration byte[] -> org.hibernate.type.BasicTypeReference@26e0d39c
2025-03-29T19:22:34.299-03:00 DEBUG 90214 --- [backend] [           main] org.hibernate.type.BasicTypeRegistry     : Adding type registration [B -> org.hibernate.type.BasicTypeReference@26e0d39c
2025-03-29T19:22:34.299-03:00 DEBUG 90214 --- [backend] [           main] org.hibernate.type.BasicTypeRegistry     : Adding type registration binary_wrapper -> org.hibernate.type.BasicTypeReference@65eb3597
2025-03-29T19:22:34.299-03:00 DEBUG 90214 --- [backend] [           main] org.hibernate.type.BasicTypeRegistry     : Adding type registration wrapper-binary -> org.hibernate.type.BasicTypeReference@65eb3597
2025-03-29T19:22:34.299-03:00 DEBUG 90214 --- [backend] [           main] org.hibernate.type.BasicTypeRegistry     : Adding type registration image -> org.hibernate.type.BasicTypeReference@3c7279a5
2025-03-29T19:22:34.299-03:00 DEBUG 90214 --- [backend] [           main] org.hibernate.type.BasicTypeRegistry     : Adding type registration blob -> org.hibernate.type.BasicTypeReference@2bebd114
2025-03-29T19:22:34.299-03:00 DEBUG 90214 --- [backend] [           main] org.hibernate.type.BasicTypeRegistry     : Adding type registration java.sql.Blob -> org.hibernate.type.BasicTypeReference@2bebd114
2025-03-29T19:22:34.299-03:00 DEBUG 90214 --- [backend] [           main] org.hibernate.type.BasicTypeRegistry     : Adding type registration materialized_blob -> org.hibernate.type.BasicTypeReference@b379bc6
2025-03-29T19:22:34.299-03:00 DEBUG 90214 --- [backend] [           main] org.hibernate.type.BasicTypeRegistry     : Adding type registration materialized_blob_wrapper -> org.hibernate.type.BasicTypeReference@374c40ba
2025-03-29T19:22:34.300-03:00 DEBUG 90214 --- [backend] [           main] org.hibernate.type.BasicTypeRegistry     : Adding type registration short -> org.hibernate.type.BasicTypeReference@18dcb8a7
2025-03-29T19:22:34.300-03:00 DEBUG 90214 --- [backend] [           main] org.hibernate.type.BasicTypeRegistry     : Adding type registration short -> org.hibernate.type.BasicTypeReference@18dcb8a7
2025-03-29T19:22:34.300-03:00 DEBUG 90214 --- [backend] [           main] org.hibernate.type.BasicTypeRegistry     : Adding type registration java.lang.Short -> org.hibernate.type.BasicTypeReference@18dcb8a7
2025-03-29T19:22:34.300-03:00 DEBUG 90214 --- [backend] [           main] org.hibernate.type.BasicTypeRegistry     : Adding type registration integer -> org.hibernate.type.BasicTypeReference@6dcab9d9
2025-03-29T19:22:34.300-03:00 DEBUG 90214 --- [backend] [           main] org.hibernate.type.BasicTypeRegistry     : Adding type registration int -> org.hibernate.type.BasicTypeReference@6dcab9d9
2025-03-29T19:22:34.300-03:00 DEBUG 90214 --- [backend] [           main] org.hibernate.type.BasicTypeRegistry     : Adding type registration java.lang.Integer -> org.hibernate.type.BasicTypeReference@6dcab9d9
2025-03-29T19:22:34.300-03:00 DEBUG 90214 --- [backend] [           main] org.hibernate.type.BasicTypeRegistry     : Adding type registration long -> org.hibernate.type.BasicTypeReference@5a14e60d
2025-03-29T19:22:34.300-03:00 DEBUG 90214 --- [backend] [           main] org.hibernate.type.BasicTypeRegistry     : Adding type registration long -> org.hibernate.type.BasicTypeReference@5a14e60d
2025-03-29T19:22:34.300-03:00 DEBUG 90214 --- [backend] [           main] org.hibernate.type.BasicTypeRegistry     : Adding type registration java.lang.Long -> org.hibernate.type.BasicTypeReference@5a14e60d
2025-03-29T19:22:34.301-03:00 DEBUG 90214 --- [backend] [           main] org.hibernate.type.BasicTypeRegistry     : Adding type registration float -> org.hibernate.type.BasicTypeReference@f882465
2025-03-29T19:22:34.301-03:00 DEBUG 90214 --- [backend] [           main] org.hibernate.type.BasicTypeRegistry     : Adding type registration float -> org.hibernate.type.BasicTypeReference@f882465
2025-03-29T19:22:34.301-03:00 DEBUG 90214 --- [backend] [           main] org.hibernate.type.BasicTypeRegistry     : Adding type registration java.lang.Float -> org.hibernate.type.BasicTypeReference@f882465
2025-03-29T19:22:34.301-03:00 DEBUG 90214 --- [backend] [           main] org.hibernate.type.BasicTypeRegistry     : Adding type registration double -> org.hibernate.type.BasicTypeReference@72ecbcb3
2025-03-29T19:22:34.301-03:00 DEBUG 90214 --- [backend] [           main] org.hibernate.type.BasicTypeRegistry     : Adding type registration double -> org.hibernate.type.BasicTypeReference@72ecbcb3
2025-03-29T19:22:34.301-03:00 DEBUG 90214 --- [backend] [           main] org.hibernate.type.BasicTypeRegistry     : Adding type registration java.lang.Double -> org.hibernate.type.BasicTypeReference@72ecbcb3
2025-03-29T19:22:34.301-03:00 DEBUG 90214 --- [backend] [           main] org.hibernate.type.BasicTypeRegistry     : Adding type registration big_integer -> org.hibernate.type.BasicTypeReference@4a50c746
2025-03-29T19:22:34.301-03:00 DEBUG 90214 --- [backend] [           main] org.hibernate.type.BasicTypeRegistry     : Adding type registration java.math.BigInteger -> org.hibernate.type.BasicTypeReference@4a50c746
2025-03-29T19:22:34.302-03:00 DEBUG 90214 --- [backend] [           main] org.hibernate.type.BasicTypeRegistry     : Adding type registration big_decimal -> org.hibernate.type.BasicTypeReference@3709748f
2025-03-29T19:22:34.302-03:00 DEBUG 90214 --- [backend] [           main] org.hibernate.type.BasicTypeRegistry     : Adding type registration java.math.BigDecimal -> org.hibernate.type.BasicTypeReference@3709748f
2025-03-29T19:22:34.302-03:00 DEBUG 90214 --- [backend] [           main] org.hibernate.type.BasicTypeRegistry     : Adding type registration character -> org.hibernate.type.BasicTypeReference@79ecc507
2025-03-29T19:22:34.302-03:00 DEBUG 90214 --- [backend] [           main] org.hibernate.type.BasicTypeRegistry     : Adding type registration char -> org.hibernate.type.BasicTypeReference@79ecc507
2025-03-29T19:22:34.302-03:00 DEBUG 90214 --- [backend] [           main] org.hibernate.type.BasicTypeRegistry     : Adding type registration java.lang.Character -> org.hibernate.type.BasicTypeReference@79ecc507
2025-03-29T19:22:34.302-03:00 DEBUG 90214 --- [backend] [           main] org.hibernate.type.BasicTypeRegistry     : Adding type registration character_nchar -> org.hibernate.type.BasicTypeReference@6ef2f7ad
2025-03-29T19:22:34.302-03:00 DEBUG 90214 --- [backend] [           main] org.hibernate.type.BasicTypeRegistry     : Adding type registration string -> org.hibernate.type.BasicTypeReference@22d477c2
2025-03-29T19:22:34.302-03:00 DEBUG 90214 --- [backend] [           main] org.hibernate.type.BasicTypeRegistry     : Adding type registration java.lang.String -> org.hibernate.type.BasicTypeReference@22d477c2
2025-03-29T19:22:34.302-03:00 DEBUG 90214 --- [backend] [           main] org.hibernate.type.BasicTypeRegistry     : Adding type registration nstring -> org.hibernate.type.BasicTypeReference@5e85c21b
2025-03-29T19:22:34.303-03:00 DEBUG 90214 --- [backend] [           main] org.hibernate.type.BasicTypeRegistry     : Adding type registration characters -> org.hibernate.type.BasicTypeReference@41def031
2025-03-29T19:22:34.303-03:00 DEBUG 90214 --- [backend] [           main] org.hibernate.type.BasicTypeRegistry     : Adding type registration char[] -> org.hibernate.type.BasicTypeReference@41def031
2025-03-29T19:22:34.303-03:00 DEBUG 90214 --- [backend] [           main] org.hibernate.type.BasicTypeRegistry     : Adding type registration [C -> org.hibernate.type.BasicTypeReference@41def031
2025-03-29T19:22:34.303-03:00 DEBUG 90214 --- [backend] [           main] org.hibernate.type.BasicTypeRegistry     : Adding type registration wrapper-characters -> org.hibernate.type.BasicTypeReference@38e83838
2025-03-29T19:22:34.303-03:00 DEBUG 90214 --- [backend] [           main] org.hibernate.type.BasicTypeRegistry     : Adding type registration text -> org.hibernate.type.BasicTypeReference@39832280
2025-03-29T19:22:34.303-03:00 DEBUG 90214 --- [backend] [           main] org.hibernate.type.BasicTypeRegistry     : Adding type registration ntext -> org.hibernate.type.BasicTypeReference@4966bab1
2025-03-29T19:22:34.303-03:00 DEBUG 90214 --- [backend] [           main] org.hibernate.type.BasicTypeRegistry     : Adding type registration clob -> org.hibernate.type.BasicTypeReference@7f0f84d4
2025-03-29T19:22:34.303-03:00 DEBUG 90214 --- [backend] [           main] org.hibernate.type.BasicTypeRegistry     : Adding type registration java.sql.Clob -> org.hibernate.type.BasicTypeReference@7f0f84d4
2025-03-29T19:22:34.303-03:00 DEBUG 90214 --- [backend] [           main] org.hibernate.type.BasicTypeRegistry     : Adding type registration nclob -> org.hibernate.type.BasicTypeReference@6df4af5
2025-03-29T19:22:34.303-03:00 DEBUG 90214 --- [backend] [           main] org.hibernate.type.BasicTypeRegistry     : Adding type registration java.sql.NClob -> org.hibernate.type.BasicTypeReference@6df4af5
2025-03-29T19:22:34.303-03:00 DEBUG 90214 --- [backend] [           main] org.hibernate.type.BasicTypeRegistry     : Adding type registration materialized_clob -> org.hibernate.type.BasicTypeReference@26e8ff8c
2025-03-29T19:22:34.303-03:00 DEBUG 90214 --- [backend] [           main] org.hibernate.type.BasicTypeRegistry     : Adding type registration materialized_clob_char_array -> org.hibernate.type.BasicTypeReference@5aa76ad2
2025-03-29T19:22:34.303-03:00 DEBUG 90214 --- [backend] [           main] org.hibernate.type.BasicTypeRegistry     : Adding type registration materialized_clob_character_array -> org.hibernate.type.BasicTypeReference@590d6c76
2025-03-29T19:22:34.303-03:00 DEBUG 90214 --- [backend] [           main] org.hibernate.type.BasicTypeRegistry     : Adding type registration materialized_nclob -> org.hibernate.type.BasicTypeReference@25791d40
2025-03-29T19:22:34.303-03:00 DEBUG 90214 --- [backend] [           main] org.hibernate.type.BasicTypeRegistry     : Adding type registration materialized_nclob_character_array -> org.hibernate.type.BasicTypeReference@448c92fc
2025-03-29T19:22:34.303-03:00 DEBUG 90214 --- [backend] [           main] org.hibernate.type.BasicTypeRegistry     : Adding type registration materialized_nclob_char_array -> org.hibernate.type.BasicTypeReference@251c8145
2025-03-29T19:22:34.303-03:00 DEBUG 90214 --- [backend] [           main] org.hibernate.type.BasicTypeRegistry     : Adding type registration Duration -> org.hibernate.type.BasicTypeReference@17c0274c
2025-03-29T19:22:34.303-03:00 DEBUG 90214 --- [backend] [           main] org.hibernate.type.BasicTypeRegistry     : Adding type registration java.time.Duration -> org.hibernate.type.BasicTypeReference@17c0274c
2025-03-29T19:22:34.304-03:00 DEBUG 90214 --- [backend] [           main] org.hibernate.type.BasicTypeRegistry     : Adding type registration LocalDateTime -> org.hibernate.type.BasicTypeReference@7abeabe9
2025-03-29T19:22:34.304-03:00 DEBUG 90214 --- [backend] [           main] org.hibernate.type.BasicTypeRegistry     : Adding type registration java.time.LocalDateTime -> org.hibernate.type.BasicTypeReference@7abeabe9
2025-03-29T19:22:34.304-03:00 DEBUG 90214 --- [backend] [           main] org.hibernate.type.BasicTypeRegistry     : Adding type registration LocalDate -> org.hibernate.type.BasicTypeReference@5a05dd30
2025-03-29T19:22:34.304-03:00 DEBUG 90214 --- [backend] [           main] org.hibernate.type.BasicTypeRegistry     : Adding type registration java.time.LocalDate -> org.hibernate.type.BasicTypeReference@5a05dd30
2025-03-29T19:22:34.304-03:00 DEBUG 90214 --- [backend] [           main] org.hibernate.type.BasicTypeRegistry     : Adding type registration LocalTime -> org.hibernate.type.BasicTypeReference@1b52699c
2025-03-29T19:22:34.304-03:00 DEBUG 90214 --- [backend] [           main] org.hibernate.type.BasicTypeRegistry     : Adding type registration java.time.LocalTime -> org.hibernate.type.BasicTypeReference@1b52699c
2025-03-29T19:22:34.304-03:00 DEBUG 90214 --- [backend] [           main] org.hibernate.type.BasicTypeRegistry     : Adding type registration OffsetDateTime -> org.hibernate.type.BasicTypeReference@dbed7fd
2025-03-29T19:22:34.304-03:00 DEBUG 90214 --- [backend] [           main] org.hibernate.type.BasicTypeRegistry     : Adding type registration java.time.OffsetDateTime -> org.hibernate.type.BasicTypeReference@dbed7fd
2025-03-29T19:22:34.304-03:00 DEBUG 90214 --- [backend] [           main] org.hibernate.type.BasicTypeRegistry     : Adding type registration OffsetDateTimeWithTimezone -> org.hibernate.type.BasicTypeReference@250d440
2025-03-29T19:22:34.304-03:00 DEBUG 90214 --- [backend] [           main] org.hibernate.type.BasicTypeRegistry     : Adding type registration OffsetDateTimeWithoutTimezone -> org.hibernate.type.BasicTypeReference@7e5efcab
2025-03-29T19:22:34.304-03:00 DEBUG 90214 --- [backend] [           main] org.hibernate.type.BasicTypeRegistry     : Adding type registration OffsetTime -> org.hibernate.type.BasicTypeReference@5a4dda2
2025-03-29T19:22:34.304-03:00 DEBUG 90214 --- [backend] [           main] org.hibernate.type.BasicTypeRegistry     : Adding type registration java.time.OffsetTime -> org.hibernate.type.BasicTypeReference@5a4dda2
2025-03-29T19:22:34.304-03:00 DEBUG 90214 --- [backend] [           main] org.hibernate.type.BasicTypeRegistry     : Adding type registration OffsetTimeUtc -> org.hibernate.type.BasicTypeReference@1d2fb82
2025-03-29T19:22:34.304-03:00 DEBUG 90214 --- [backend] [           main] org.hibernate.type.BasicTypeRegistry     : Adding type registration OffsetTimeWithTimezone -> org.hibernate.type.BasicTypeReference@34045582
2025-03-29T19:22:34.304-03:00 DEBUG 90214 --- [backend] [           main] org.hibernate.type.BasicTypeRegistry     : Adding type registration OffsetTimeWithoutTimezone -> org.hibernate.type.BasicTypeReference@3db65c0d
2025-03-29T19:22:34.304-03:00 DEBUG 90214 --- [backend] [           main] org.hibernate.type.BasicTypeRegistry     : Adding type registration ZonedDateTime -> org.hibernate.type.BasicTypeReference@1edccfd4
2025-03-29T19:22:34.305-03:00 DEBUG 90214 --- [backend] [           main] org.hibernate.type.BasicTypeRegistry     : Adding type registration java.time.ZonedDateTime -> org.hibernate.type.BasicTypeReference@1edccfd4
2025-03-29T19:22:34.305-03:00 DEBUG 90214 --- [backend] [           main] org.hibernate.type.BasicTypeRegistry     : Adding type registration ZonedDateTimeWithTimezone -> org.hibernate.type.BasicTypeReference@8c43966
2025-03-29T19:22:34.305-03:00 DEBUG 90214 --- [backend] [           main] org.hibernate.type.BasicTypeRegistry     : Adding type registration ZonedDateTimeWithoutTimezone -> org.hibernate.type.BasicTypeReference@1efac5b9
2025-03-29T19:22:34.305-03:00 DEBUG 90214 --- [backend] [           main] org.hibernate.type.BasicTypeRegistry     : Adding type registration date -> org.hibernate.type.BasicTypeReference@11a3a45f
2025-03-29T19:22:34.305-03:00 DEBUG 90214 --- [backend] [           main] org.hibernate.type.BasicTypeRegistry     : Adding type registration java.sql.Date -> org.hibernate.type.BasicTypeReference@11a3a45f
2025-03-29T19:22:34.305-03:00 DEBUG 90214 --- [backend] [           main] org.hibernate.type.BasicTypeRegistry     : Adding type registration time -> org.hibernate.type.BasicTypeReference@69796bd0
2025-03-29T19:22:34.305-03:00 DEBUG 90214 --- [backend] [           main] org.hibernate.type.BasicTypeRegistry     : Adding type registration java.sql.Time -> org.hibernate.type.BasicTypeReference@69796bd0
2025-03-29T19:22:34.305-03:00 DEBUG 90214 --- [backend] [           main] org.hibernate.type.BasicTypeRegistry     : Adding type registration timestamp -> org.hibernate.type.BasicTypeReference@40df6090
2025-03-29T19:22:34.305-03:00 DEBUG 90214 --- [backend] [           main] org.hibernate.type.BasicTypeRegistry     : Adding type registration java.sql.Timestamp -> org.hibernate.type.BasicTypeReference@40df6090
2025-03-29T19:22:34.305-03:00 DEBUG 90214 --- [backend] [           main] org.hibernate.type.BasicTypeRegistry     : Adding type registration java.util.Date -> org.hibernate.type.BasicTypeReference@40df6090
2025-03-29T19:22:34.305-03:00 DEBUG 90214 --- [backend] [           main] org.hibernate.type.BasicTypeRegistry     : Adding type registration calendar -> org.hibernate.type.BasicTypeReference@8c0a23f
2025-03-29T19:22:34.305-03:00 DEBUG 90214 --- [backend] [           main] org.hibernate.type.BasicTypeRegistry     : Adding type registration java.util.Calendar -> org.hibernate.type.BasicTypeReference@8c0a23f
2025-03-29T19:22:34.305-03:00 DEBUG 90214 --- [backend] [           main] org.hibernate.type.BasicTypeRegistry     : Adding type registration java.util.GregorianCalendar -> org.hibernate.type.BasicTypeReference@8c0a23f
2025-03-29T19:22:34.305-03:00 DEBUG 90214 --- [backend] [           main] org.hibernate.type.BasicTypeRegistry     : Adding type registration calendar_date -> org.hibernate.type.BasicTypeReference@44d7e24
2025-03-29T19:22:34.305-03:00 DEBUG 90214 --- [backend] [           main] org.hibernate.type.BasicTypeRegistry     : Adding type registration calendar_time -> org.hibernate.type.BasicTypeReference@26c8b296
2025-03-29T19:22:34.305-03:00 DEBUG 90214 --- [backend] [           main] org.hibernate.type.BasicTypeRegistry     : Adding type registration instant -> org.hibernate.type.BasicTypeReference@1d289d3f
2025-03-29T19:22:34.305-03:00 DEBUG 90214 --- [backend] [           main] org.hibernate.type.BasicTypeRegistry     : Adding type registration java.time.Instant -> org.hibernate.type.BasicTypeReference@1d289d3f
2025-03-29T19:22:34.305-03:00 DEBUG 90214 --- [backend] [           main] org.hibernate.type.BasicTypeRegistry     : Adding type registration uuid -> org.hibernate.type.BasicTypeReference@10f405ff
2025-03-29T19:22:34.305-03:00 DEBUG 90214 --- [backend] [           main] org.hibernate.type.BasicTypeRegistry     : Adding type registration java.util.UUID -> org.hibernate.type.BasicTypeReference@10f405ff
2025-03-29T19:22:34.305-03:00 DEBUG 90214 --- [backend] [           main] org.hibernate.type.BasicTypeRegistry     : Adding type registration pg-uuid -> org.hibernate.type.BasicTypeReference@10f405ff
2025-03-29T19:22:34.305-03:00 DEBUG 90214 --- [backend] [           main] org.hibernate.type.BasicTypeRegistry     : Adding type registration uuid-binary -> org.hibernate.type.BasicTypeReference@7f27f59b
2025-03-29T19:22:34.305-03:00 DEBUG 90214 --- [backend] [           main] org.hibernate.type.BasicTypeRegistry     : Adding type registration uuid-char -> org.hibernate.type.BasicTypeReference@1c98b4eb
2025-03-29T19:22:34.305-03:00 DEBUG 90214 --- [backend] [           main] org.hibernate.type.BasicTypeRegistry     : Adding type registration class -> org.hibernate.type.BasicTypeReference@45801322
2025-03-29T19:22:34.305-03:00 DEBUG 90214 --- [backend] [           main] org.hibernate.type.BasicTypeRegistry     : Adding type registration java.lang.Class -> org.hibernate.type.BasicTypeReference@45801322
2025-03-29T19:22:34.305-03:00 DEBUG 90214 --- [backend] [           main] org.hibernate.type.BasicTypeRegistry     : Adding type registration currency -> org.hibernate.type.BasicTypeReference@756b2d90
2025-03-29T19:22:34.306-03:00 DEBUG 90214 --- [backend] [           main] org.hibernate.type.BasicTypeRegistry     : Adding type registration Currency -> org.hibernate.type.BasicTypeReference@756b2d90
2025-03-29T19:22:34.306-03:00 DEBUG 90214 --- [backend] [           main] org.hibernate.type.BasicTypeRegistry     : Adding type registration java.util.Currency -> org.hibernate.type.BasicTypeReference@756b2d90
2025-03-29T19:22:34.306-03:00 DEBUG 90214 --- [backend] [           main] org.hibernate.type.BasicTypeRegistry     : Adding type registration locale -> org.hibernate.type.BasicTypeReference@3520958b
2025-03-29T19:22:34.306-03:00 DEBUG 90214 --- [backend] [           main] org.hibernate.type.BasicTypeRegistry     : Adding type registration java.util.Locale -> org.hibernate.type.BasicTypeReference@3520958b
2025-03-29T19:22:34.306-03:00 DEBUG 90214 --- [backend] [           main] org.hibernate.type.BasicTypeRegistry     : Adding type registration serializable -> org.hibernate.type.BasicTypeReference@6cc64028
2025-03-29T19:22:34.306-03:00 DEBUG 90214 --- [backend] [           main] org.hibernate.type.BasicTypeRegistry     : Adding type registration java.io.Serializable -> org.hibernate.type.BasicTypeReference@6cc64028
2025-03-29T19:22:34.306-03:00 DEBUG 90214 --- [backend] [           main] org.hibernate.type.BasicTypeRegistry     : Adding type registration timezone -> org.hibernate.type.BasicTypeReference@291a4791
2025-03-29T19:22:34.306-03:00 DEBUG 90214 --- [backend] [           main] org.hibernate.type.BasicTypeRegistry     : Adding type registration java.util.TimeZone -> org.hibernate.type.BasicTypeReference@291a4791
2025-03-29T19:22:34.306-03:00 DEBUG 90214 --- [backend] [           main] org.hibernate.type.BasicTypeRegistry     : Adding type registration ZoneOffset -> org.hibernate.type.BasicTypeReference@5b1e88f
2025-03-29T19:22:34.306-03:00 DEBUG 90214 --- [backend] [           main] org.hibernate.type.BasicTypeRegistry     : Adding type registration java.time.ZoneOffset -> org.hibernate.type.BasicTypeReference@5b1e88f
2025-03-29T19:22:34.306-03:00 DEBUG 90214 --- [backend] [           main] org.hibernate.type.BasicTypeRegistry     : Adding type registration url -> org.hibernate.type.BasicTypeReference@340cb97f
2025-03-29T19:22:34.306-03:00 DEBUG 90214 --- [backend] [           main] org.hibernate.type.BasicTypeRegistry     : Adding type registration java.net.URL -> org.hibernate.type.BasicTypeReference@340cb97f
2025-03-29T19:22:34.306-03:00 DEBUG 90214 --- [backend] [           main] org.hibernate.type.BasicTypeRegistry     : Adding type registration vector -> org.hibernate.type.BasicTypeReference@6a1568d6
2025-03-29T19:22:34.306-03:00 DEBUG 90214 --- [backend] [           main] org.hibernate.type.BasicTypeRegistry     : Adding type registration float_vector -> org.hibernate.type.BasicTypeReference@11c88cca
2025-03-29T19:22:34.306-03:00 DEBUG 90214 --- [backend] [           main] org.hibernate.type.BasicTypeRegistry     : Adding type registration double_vector -> org.hibernate.type.BasicTypeReference@1b37fbec
2025-03-29T19:22:34.306-03:00 DEBUG 90214 --- [backend] [           main] org.hibernate.type.BasicTypeRegistry     : Adding type registration byte_vector -> org.hibernate.type.BasicTypeReference@4a216eb4
2025-03-29T19:22:34.306-03:00 DEBUG 90214 --- [backend] [           main] org.hibernate.type.BasicTypeRegistry     : Adding type registration row_version -> org.hibernate.type.BasicTypeReference@bb3ecfe
2025-03-29T19:22:34.308-03:00 DEBUG 90214 --- [backend] [           main] org.hibernate.type.BasicTypeRegistry     : Adding type registration object -> org.hibernate.type.JavaObjectType@6e9a0bea
2025-03-29T19:22:34.308-03:00 DEBUG 90214 --- [backend] [           main] org.hibernate.type.BasicTypeRegistry     : Adding type registration java.lang.Object -> org.hibernate.type.JavaObjectType@6e9a0bea
2025-03-29T19:22:34.308-03:00 DEBUG 90214 --- [backend] [           main] org.hibernate.type.BasicTypeRegistry     : Adding type registration null -> org.hibernate.type.NullType@19fec3d6
2025-03-29T19:22:34.308-03:00 DEBUG 90214 --- [backend] [           main] org.hibernate.type.BasicTypeRegistry     : Adding type registration imm_date -> org.hibernate.type.BasicTypeReference@5287ba5f
2025-03-29T19:22:34.308-03:00 DEBUG 90214 --- [backend] [           main] org.hibernate.type.BasicTypeRegistry     : Adding type registration imm_time -> org.hibernate.type.BasicTypeReference@b768a65
2025-03-29T19:22:34.309-03:00 DEBUG 90214 --- [backend] [           main] org.hibernate.type.BasicTypeRegistry     : Adding type registration imm_timestamp -> org.hibernate.type.BasicTypeReference@6897a4a
2025-03-29T19:22:34.309-03:00 DEBUG 90214 --- [backend] [           main] org.hibernate.type.BasicTypeRegistry     : Adding type registration imm_calendar -> org.hibernate.type.BasicTypeReference@6986f93e
2025-03-29T19:22:34.309-03:00 DEBUG 90214 --- [backend] [           main] org.hibernate.type.BasicTypeRegistry     : Adding type registration imm_calendar_date -> org.hibernate.type.BasicTypeReference@6bce313
2025-03-29T19:22:34.309-03:00 DEBUG 90214 --- [backend] [           main] org.hibernate.type.BasicTypeRegistry     : Adding type registration imm_calendar_time -> org.hibernate.type.BasicTypeReference@39266403
2025-03-29T19:22:34.309-03:00 DEBUG 90214 --- [backend] [           main] org.hibernate.type.BasicTypeRegistry     : Adding type registration imm_binary -> org.hibernate.type.BasicTypeReference@74b00247
2025-03-29T19:22:34.309-03:00 DEBUG 90214 --- [backend] [           main] org.hibernate.type.BasicTypeRegistry     : Adding type registration imm_serializable -> org.hibernate.type.BasicTypeReference@2aa14ae6
2025-03-29T19:22:34.310-03:00 TRACE 90214 --- [backend] [           main] o.h.q.sqm.function.SqmFunctionRegistry   : SqmFunctionRegistry created
2025-03-29T19:22:34.310-03:00 TRACE 90214 --- [backend] [           main] o.h.s.i.AbstractServiceRegistryImpl      : Initializing service [role=org.hibernate.boot.cfgxml.spi.CfgXmlAccessService]
2025-03-29T19:22:34.311-03:00 DEBUG 90214 --- [backend] [           main] o.h.boot.internal.BootstrapContextImpl   : Injecting JPA temp ClassLoader [org.springframework.instrument.classloading.SimpleThrowawayClassLoader@2c9d90fc] into BootstrapContext; was [null]
2025-03-29T19:22:34.311-03:00 DEBUG 90214 --- [backend] [           main] o.h.boot.internal.ClassLoaderAccessImpl  : ClassLoaderAccessImpl#injectTempClassLoader(org.springframework.instrument.classloading.SimpleThrowawayClassLoader@2c9d90fc) [was null]
2025-03-29T19:22:34.311-03:00 DEBUG 90214 --- [backend] [           main] o.h.boot.internal.BootstrapContextImpl   : Injecting ScanEnvironment [org.hibernate.jpa.boot.internal.StandardJpaScanEnvironmentImpl@666618d6] into BootstrapContext; was [null]
2025-03-29T19:22:34.311-03:00 DEBUG 90214 --- [backend] [           main] o.h.boot.internal.BootstrapContextImpl   : Injecting ScanOptions [org.hibernate.boot.archive.scan.internal.StandardScanOptions@5b1c32e4] into BootstrapContext; was [org.hibernate.boot.archive.scan.internal.StandardScanOptions@2bab618]
2025-03-29T19:22:34.324-03:00 DEBUG 90214 --- [backend] [           main] o.h.j.b.i.PersistenceUnitInfoDescriptor  : Pushing class transformers for PU named 'default' on loading classloader jdk.internal.loader.ClassLoaders$AppClassLoader@1cf4f579
2025-03-29T19:22:34.401-03:00  INFO 90214 --- [backend] [           main] o.s.o.j.p.SpringPersistenceUnitInfo      : No LoadTimeWeaver setup: ignoring JPA class transformer
2025-03-29T19:22:34.401-03:00 DEBUG 90214 --- [backend] [           main] o.h.boot.internal.BootstrapContextImpl   : Injecting JPA temp ClassLoader [null] into BootstrapContext; was [org.springframework.instrument.classloading.SimpleThrowawayClassLoader@2c9d90fc]
2025-03-29T19:22:34.401-03:00 DEBUG 90214 --- [backend] [           main] o.h.boot.internal.ClassLoaderAccessImpl  : ClassLoaderAccessImpl#injectTempClassLoader(null) [was org.springframework.instrument.classloading.SimpleThrowawayClassLoader@2c9d90fc]
2025-03-29T19:22:34.405-03:00 TRACE 90214 --- [backend] [           main] o.h.s.i.AbstractServiceRegistryImpl      : Initializing service [role=org.hibernate.engine.jdbc.env.spi.JdbcEnvironment]
2025-03-29T19:22:34.405-03:00 TRACE 90214 --- [backend] [           main] o.h.s.i.AbstractServiceRegistryImpl      : Initializing service [role=org.hibernate.engine.jdbc.dialect.spi.DialectFactory]
2025-03-29T19:22:34.406-03:00 TRACE 90214 --- [backend] [           main] o.h.s.i.AbstractServiceRegistryImpl      : Initializing service [role=org.hibernate.engine.jdbc.dialect.spi.DialectResolver]
2025-03-29T19:22:34.408-03:00 TRACE 90214 --- [backend] [           main] o.h.s.i.AbstractServiceRegistryImpl      : Initializing service [role=org.hibernate.engine.jdbc.connections.spi.MultiTenantConnectionProvider]
2025-03-29T19:22:34.408-03:00 TRACE 90214 --- [backend] [           main] o.h.s.i.AbstractServiceRegistryImpl      : Initializing service [role=org.hibernate.engine.jdbc.connections.spi.ConnectionProvider]
2025-03-29T19:22:34.408-03:00 TRACE 90214 --- [backend] [           main] o.h.s.i.AbstractServiceRegistryImpl      : Initializing service [role=org.hibernate.engine.jdbc.connections.spi.MultiTenantConnectionProvider]
2025-03-29T19:22:34.408-03:00 TRACE 90214 --- [backend] [           main] o.h.s.i.AbstractServiceRegistryImpl      : Initializing service [role=org.hibernate.engine.jndi.spi.JndiService]
2025-03-29T19:22:34.411-03:00 TRACE 90214 --- [backend] [           main] o.h.s.i.AbstractServiceRegistryImpl      : Initializing service [role=org.hibernate.resource.transaction.spi.TransactionCoordinatorBuilder]
2025-03-29T19:22:34.414-03:00 DEBUG 90214 --- [backend] [           main] com.zaxxer.hikari.HikariConfig           : HikariPool-1 - configuration:
2025-03-29T19:22:34.417-03:00 DEBUG 90214 --- [backend] [           main] com.zaxxer.hikari.HikariConfig           : allowPoolSuspension.............false
2025-03-29T19:22:34.417-03:00 DEBUG 90214 --- [backend] [           main] com.zaxxer.hikari.HikariConfig           : autoCommit......................true
2025-03-29T19:22:34.417-03:00 DEBUG 90214 --- [backend] [           main] com.zaxxer.hikari.HikariConfig           : catalog.........................none
2025-03-29T19:22:34.417-03:00 DEBUG 90214 --- [backend] [           main] com.zaxxer.hikari.HikariConfig           : connectionInitSql...............none
2025-03-29T19:22:34.417-03:00 DEBUG 90214 --- [backend] [           main] com.zaxxer.hikari.HikariConfig           : connectionTestQuery.............none
2025-03-29T19:22:34.417-03:00 DEBUG 90214 --- [backend] [           main] com.zaxxer.hikari.HikariConfig           : connectionTimeout...............30000
2025-03-29T19:22:34.417-03:00 DEBUG 90214 --- [backend] [           main] com.zaxxer.hikari.HikariConfig           : dataSource......................none
2025-03-29T19:22:34.417-03:00 DEBUG 90214 --- [backend] [           main] com.zaxxer.hikari.HikariConfig           : dataSourceClassName.............none
2025-03-29T19:22:34.417-03:00 DEBUG 90214 --- [backend] [           main] com.zaxxer.hikari.HikariConfig           : dataSourceJNDI..................none
2025-03-29T19:22:34.418-03:00 DEBUG 90214 --- [backend] [           main] com.zaxxer.hikari.HikariConfig           : dataSourceProperties............{password=<masked>}
2025-03-29T19:22:34.418-03:00 DEBUG 90214 --- [backend] [           main] com.zaxxer.hikari.HikariConfig           : driverClassName................."com.mysql.cj.jdbc.Driver"
2025-03-29T19:22:34.418-03:00 DEBUG 90214 --- [backend] [           main] com.zaxxer.hikari.HikariConfig           : exceptionOverrideClassName......none
2025-03-29T19:22:34.418-03:00 DEBUG 90214 --- [backend] [           main] com.zaxxer.hikari.HikariConfig           : healthCheckProperties...........{}
2025-03-29T19:22:34.418-03:00 DEBUG 90214 --- [backend] [           main] com.zaxxer.hikari.HikariConfig           : healthCheckRegistry.............none
2025-03-29T19:22:34.418-03:00 DEBUG 90214 --- [backend] [           main] com.zaxxer.hikari.HikariConfig           : idleTimeout.....................600000
2025-03-29T19:22:34.418-03:00 DEBUG 90214 --- [backend] [           main] com.zaxxer.hikari.HikariConfig           : initializationFailTimeout.......1
2025-03-29T19:22:34.418-03:00 DEBUG 90214 --- [backend] [           main] com.zaxxer.hikari.HikariConfig           : isolateInternalQueries..........false
2025-03-29T19:22:34.418-03:00 DEBUG 90214 --- [backend] [           main] com.zaxxer.hikari.HikariConfig           : jdbcUrl.........................jdbc:mysql://localhost:3306/mydatabase
2025-03-29T19:22:34.418-03:00 DEBUG 90214 --- [backend] [           main] com.zaxxer.hikari.HikariConfig           : keepaliveTime...................0
2025-03-29T19:22:34.418-03:00 DEBUG 90214 --- [backend] [           main] com.zaxxer.hikari.HikariConfig           : leakDetectionThreshold..........0
2025-03-29T19:22:34.418-03:00 DEBUG 90214 --- [backend] [           main] com.zaxxer.hikari.HikariConfig           : maxLifetime.....................1800000
2025-03-29T19:22:34.418-03:00 DEBUG 90214 --- [backend] [           main] com.zaxxer.hikari.HikariConfig           : maximumPoolSize.................10
2025-03-29T19:22:34.418-03:00 DEBUG 90214 --- [backend] [           main] com.zaxxer.hikari.HikariConfig           : metricRegistry..................none
2025-03-29T19:22:34.418-03:00 DEBUG 90214 --- [backend] [           main] com.zaxxer.hikari.HikariConfig           : metricsTrackerFactory...........none
2025-03-29T19:22:34.419-03:00 DEBUG 90214 --- [backend] [           main] com.zaxxer.hikari.HikariConfig           : minimumIdle.....................10
2025-03-29T19:22:34.419-03:00 DEBUG 90214 --- [backend] [           main] com.zaxxer.hikari.HikariConfig           : password........................<masked>
2025-03-29T19:22:34.419-03:00 DEBUG 90214 --- [backend] [           main] com.zaxxer.hikari.HikariConfig           : poolName........................"HikariPool-1"
2025-03-29T19:22:34.419-03:00 DEBUG 90214 --- [backend] [           main] com.zaxxer.hikari.HikariConfig           : readOnly........................false
2025-03-29T19:22:34.419-03:00 DEBUG 90214 --- [backend] [           main] com.zaxxer.hikari.HikariConfig           : registerMbeans..................false
2025-03-29T19:22:34.419-03:00 DEBUG 90214 --- [backend] [           main] com.zaxxer.hikari.HikariConfig           : scheduledExecutor...............none
2025-03-29T19:22:34.419-03:00 DEBUG 90214 --- [backend] [           main] com.zaxxer.hikari.HikariConfig           : schema..........................none
2025-03-29T19:22:34.419-03:00 DEBUG 90214 --- [backend] [           main] com.zaxxer.hikari.HikariConfig           : threadFactory...................internal
2025-03-29T19:22:34.419-03:00 DEBUG 90214 --- [backend] [           main] com.zaxxer.hikari.HikariConfig           : transactionIsolation............default
2025-03-29T19:22:34.419-03:00 DEBUG 90214 --- [backend] [           main] com.zaxxer.hikari.HikariConfig           : username........................"myuser"
2025-03-29T19:22:34.419-03:00 DEBUG 90214 --- [backend] [           main] com.zaxxer.hikari.HikariConfig           : validationTimeout...............5000
2025-03-29T19:22:34.419-03:00  INFO 90214 --- [backend] [           main] com.zaxxer.hikari.HikariDataSource       : HikariPool-1 - Starting...
2025-03-29T19:22:34.633-03:00  INFO 90214 --- [backend] [           main] com.zaxxer.hikari.pool.HikariPool        : HikariPool-1 - Added connection com.mysql.cj.jdbc.ConnectionImpl@2fa212df
2025-03-29T19:22:34.634-03:00  INFO 90214 --- [backend] [           main] com.zaxxer.hikari.HikariDataSource       : HikariPool-1 - Start completed.
2025-03-29T19:22:34.636-03:00 DEBUG 90214 --- [backend] [           main] o.h.e.j.e.i.JdbcEnvironmentInitiator     : Database ->
	   name : MySQL
	version : 8.0.32
	  major : 8
	  minor : 0
2025-03-29T19:22:34.636-03:00 DEBUG 90214 --- [backend] [           main] o.h.e.j.e.i.JdbcEnvironmentInitiator     : Driver ->
	   name : MySQL Connector/J
	version : mysql-connector-j-9.1.0 (Revision: cf2917ea44ae2e43a4514a33771035aa99de73bf)
	  major : 9
	  minor : 1
2025-03-29T19:22:34.636-03:00 DEBUG 90214 --- [backend] [           main] o.h.e.j.e.i.JdbcEnvironmentInitiator     : JDBC version : 4.2
2025-03-29T19:22:34.664-03:00  WARN 90214 --- [backend] [           main] org.hibernate.orm.deprecation            : HHH90000025: MySQL8Dialect does not need to be specified explicitly using 'hibernate.dialect' (remove the property setting and it will be selected by default)
2025-03-29T19:22:34.665-03:00 DEBUG 90214 --- [backend] [           main] org.hibernate.orm.dialect                : HHH035001: Using dialect: org.hibernate.dialect.MySQL8Dialect, version: 8.0
2025-03-29T19:22:34.665-03:00  WARN 90214 --- [backend] [           main] org.hibernate.orm.deprecation            : HHH90000026: MySQL8Dialect has been deprecated; use org.hibernate.dialect.MySQLDialect instead
2025-03-29T19:22:34.666-03:00 DEBUG 90214 --- [backend] [           main] o.h.e.j.env.spi.IdentifierHelperBuilder  : JDBC driver metadata reported database stores quoted identifiers in more than one case
2025-03-29T19:22:34.666-03:00 DEBUG 90214 --- [backend] [           main] o.h.e.j.env.spi.IdentifierHelperBuilder  : IdentifierCaseStrategy for both quoted and unquoted identifiers was set to the same strategy [MIXED]; that will likely lead to problems in schema update and validation if using quoted identifiers
2025-03-29T19:22:34.667-03:00 TRACE 90214 --- [backend] [           main] .e.j.e.i.NormalizingIdentifierHelperImpl : Normalizing identifier quoting [mydatabase]
2025-03-29T19:22:34.667-03:00 TRACE 90214 --- [backend] [           main] .e.j.e.i.NormalizingIdentifierHelperImpl : Normalizing identifier quoting [null]
2025-03-29T19:22:34.670-03:00 TRACE 90214 --- [backend] [           main] o.h.s.i.AbstractServiceRegistryImpl      : Initializing service [role=org.hibernate.engine.jdbc.connections.spi.MultiTenantConnectionProvider]
2025-03-29T19:22:34.672-03:00  INFO 90214 --- [backend] [           main] org.hibernate.orm.connections.pooling    : HHH10001005: Database info:
	Database JDBC URL [Connecting through datasource 'HikariDataSource (HikariPool-1)']
	Database driver: undefined/unknown
	Database version: 8.0
	Autocommit mode: undefined/unknown
	Isolation level: undefined/unknown
	Minimum pool size: undefined/unknown
	Maximum pool size: undefined/unknown
2025-03-29T19:22:34.672-03:00 TRACE 90214 --- [backend] [           main] o.h.s.i.AbstractServiceRegistryImpl      : Initializing service [role=org.hibernate.engine.jdbc.spi.JdbcServices]
2025-03-29T19:22:34.672-03:00 TRACE 90214 --- [backend] [           main] o.h.s.i.AbstractServiceRegistryImpl      : Initializing service [role=org.hibernate.engine.jdbc.spi.SqlStatementLogger]
2025-03-29T19:22:34.672-03:00 TRACE 90214 --- [backend] [           main] o.h.s.i.AbstractServiceRegistryImpl      : Initializing service [role=org.hibernate.sql.ast.spi.ParameterMarkerStrategy]
2025-03-29T19:22:34.674-03:00 DEBUG 90214 --- [backend] [           main] o.h.t.d.sql.spi.DdlTypeRegistry          : addDescriptor(12, org.hibernate.type.descriptor.sql.internal.CapacityDependentDdlType@431babe6) replaced previous registration(org.hibernate.type.descriptor.sql.internal.CapacityDependentDdlType@17befef0)
2025-03-29T19:22:34.674-03:00 DEBUG 90214 --- [backend] [           main] o.h.t.d.sql.spi.DdlTypeRegistry          : addDescriptor(-9, org.hibernate.type.descriptor.sql.internal.CapacityDependentDdlType@5072e638) replaced previous registration(org.hibernate.type.descriptor.sql.internal.CapacityDependentDdlType@3129299f)
2025-03-29T19:22:34.674-03:00 DEBUG 90214 --- [backend] [           main] o.h.t.d.sql.spi.DdlTypeRegistry          : addDescriptor(-3, org.hibernate.type.descriptor.sql.internal.CapacityDependentDdlType@2f73f0c7) replaced previous registration(org.hibernate.type.descriptor.sql.internal.CapacityDependentDdlType@4fdac2a7)
2025-03-29T19:22:34.675-03:00 DEBUG 90214 --- [backend] [           main] o.h.t.d.sql.spi.DdlTypeRegistry          : addDescriptor(4003, org.hibernate.type.descriptor.sql.internal.DdlTypeImpl@8debe42) replaced previous registration(org.hibernate.type.descriptor.sql.internal.DdlTypeImpl@70c31b17)
2025-03-29T19:22:34.675-03:00 DEBUG 90214 --- [backend] [           main] o.h.t.d.sql.spi.DdlTypeRegistry          : addDescriptor(4001, org.hibernate.type.descriptor.sql.internal.DdlTypeImpl@40863800) replaced previous registration(org.hibernate.type.descriptor.sql.internal.DdlTypeImpl@5950054d)
2025-03-29T19:22:34.675-03:00 DEBUG 90214 --- [backend] [           main] o.h.t.d.sql.spi.DdlTypeRegistry          : addDescriptor(4002, org.hibernate.type.descriptor.sql.internal.DdlTypeImpl@24018c8b) replaced previous registration(org.hibernate.type.descriptor.sql.internal.DdlTypeImpl@4cf230bf)
2025-03-29T19:22:34.675-03:00 DEBUG 90214 --- [backend] [           main] o.h.t.d.sql.spi.DdlTypeRegistry          : addDescriptor(2004, org.hibernate.type.descriptor.sql.internal.CapacityDependentDdlType@3dc55719) replaced previous registration(org.hibernate.type.descriptor.sql.internal.DdlTypeImpl@64665781)
2025-03-29T19:22:34.675-03:00 DEBUG 90214 --- [backend] [           main] o.h.t.d.sql.spi.DdlTypeRegistry          : addDescriptor(2005, org.hibernate.type.descriptor.sql.internal.CapacityDependentDdlType@4c2bea52) replaced previous registration(org.hibernate.type.descriptor.sql.internal.DdlTypeImpl@11015ca0)
2025-03-29T19:22:34.675-03:00 DEBUG 90214 --- [backend] [           main] o.h.t.d.sql.spi.DdlTypeRegistry          : addDescriptor(2011, org.hibernate.type.descriptor.sql.internal.CapacityDependentDdlType@6ebbc06) replaced previous registration(org.hibernate.type.descriptor.sql.internal.DdlTypeImpl@50672905)
2025-03-29T19:22:34.675-03:00 DEBUG 90214 --- [backend] [           main] o.h.t.d.jdbc.spi.JdbcTypeRegistry        : addDescriptor(NCharTypeDescriptor) replaced previous registration(CharTypeDescriptor)
2025-03-29T19:22:34.676-03:00 DEBUG 90214 --- [backend] [           main] o.h.t.d.jdbc.spi.JdbcTypeRegistry        : addDescriptor(NVarcharTypeDescriptor) replaced previous registration(VarcharTypeDescriptor)
2025-03-29T19:22:34.676-03:00 DEBUG 90214 --- [backend] [           main] o.h.t.d.jdbc.spi.JdbcTypeRegistry        : addDescriptor(LongNVarcharTypeDescriptor) replaced previous registration(LongVarcharTypeDescriptor)
2025-03-29T19:22:34.676-03:00 DEBUG 90214 --- [backend] [           main] o.h.t.d.jdbc.spi.JdbcTypeRegistry        : addDescriptor(NClobTypeDescriptor(DEFAULT)) replaced previous registration(ClobTypeDescriptor(DEFAULT))
2025-03-29T19:22:34.677-03:00 DEBUG 90214 --- [backend] [           main] org.hibernate.type.BasicTypeRegistry     : Adding type registration null -> org.hibernate.type.NullType@35ceec81
2025-03-29T19:22:34.677-03:00 DEBUG 90214 --- [backend] [           main] org.hibernate.type.BasicTypeRegistry     : Type registration key [null] overrode previous entry : `org.hibernate.type.NullType@19fec3d6`
2025-03-29T19:22:34.678-03:00 DEBUG 90214 --- [backend] [           main] org.hibernate.type.BasicTypeRegistry     : Adding type registration org.hibernate.type.DurationType -> basicType@1(java.time.Duration,3015)
2025-03-29T19:22:34.679-03:00 DEBUG 90214 --- [backend] [           main] org.hibernate.type.BasicTypeRegistry     : Adding type registration Duration -> basicType@1(java.time.Duration,3015)
2025-03-29T19:22:34.679-03:00 DEBUG 90214 --- [backend] [           main] org.hibernate.type.BasicTypeRegistry     : Adding type registration java.time.Duration -> basicType@1(java.time.Duration,3015)
2025-03-29T19:22:34.679-03:00 DEBUG 90214 --- [backend] [           main] org.hibernate.type.BasicTypeRegistry     : Adding type registration org.hibernate.type.OffsetDateTimeType -> basicType@2(java.time.OffsetDateTime,3003)
2025-03-29T19:22:34.680-03:00 DEBUG 90214 --- [backend] [           main] org.hibernate.type.BasicTypeRegistry     : Adding type registration OffsetDateTime -> basicType@2(java.time.OffsetDateTime,3003)
2025-03-29T19:22:34.680-03:00 DEBUG 90214 --- [backend] [           main] org.hibernate.type.BasicTypeRegistry     : Adding type registration java.time.OffsetDateTime -> basicType@2(java.time.OffsetDateTime,3003)
2025-03-29T19:22:34.680-03:00 DEBUG 90214 --- [backend] [           main] org.hibernate.type.BasicTypeRegistry     : Adding type registration org.hibernate.type.ZonedDateTimeType -> basicType@3(java.time.ZonedDateTime,3003)
2025-03-29T19:22:34.680-03:00 DEBUG 90214 --- [backend] [           main] org.hibernate.type.BasicTypeRegistry     : Adding type registration ZonedDateTime -> basicType@3(java.time.ZonedDateTime,3003)
2025-03-29T19:22:34.680-03:00 DEBUG 90214 --- [backend] [           main] org.hibernate.type.BasicTypeRegistry     : Adding type registration java.time.ZonedDateTime -> basicType@3(java.time.ZonedDateTime,3003)
2025-03-29T19:22:34.680-03:00 DEBUG 90214 --- [backend] [           main] org.hibernate.type.BasicTypeRegistry     : Adding type registration org.hibernate.type.OffsetTimeType -> basicType@4(java.time.OffsetTime,3007)
2025-03-29T19:22:34.680-03:00 DEBUG 90214 --- [backend] [           main] org.hibernate.type.BasicTypeRegistry     : Adding type registration OffsetTime -> basicType@4(java.time.OffsetTime,3007)
2025-03-29T19:22:34.680-03:00 DEBUG 90214 --- [backend] [           main] org.hibernate.type.BasicTypeRegistry     : Adding type registration java.time.OffsetTime -> basicType@4(java.time.OffsetTime,3007)
2025-03-29T19:22:34.680-03:00 DEBUG 90214 --- [backend] [           main] o.h.type.spi.TypeConfiguration$Scope     : Scoping TypeConfiguration [org.hibernate.type.spi.TypeConfiguration@1bc6c20d] to MetadataBuildingContext [org.hibernate.boot.internal.MetadataBuildingContextRootImpl@aedc426]
2025-03-29T19:22:34.693-03:00 DEBUG 90214 --- [backend] [           main] o.h.boot.model.relational.Namespace      : Created database namespace [logicalName=Name{catalog=null, schema=null}, physicalName=Name{catalog=null, schema=null}]
2025-03-29T19:22:34.702-03:00 DEBUG 90214 --- [backend] [           main] o.h.boot.model.internal.EntityBinder     : Binding entity from annotated class: com.duoc.backend.Appointment.Appointment
2025-03-29T19:22:34.704-03:00 DEBUG 90214 --- [backend] [           main] o.h.boot.model.internal.EntityBinder     : Import with entity name Appointment
2025-03-29T19:22:34.705-03:00 TRACE 90214 --- [backend] [           main] o.h.b.i.InFlightMetadataCollectorImpl    : Import: Appointment -> com.duoc.backend.Appointment.Appointment
2025-03-29T19:22:34.705-03:00 TRACE 90214 --- [backend] [           main] o.h.b.i.InFlightMetadataCollectorImpl    : Import: com.duoc.backend.Appointment.Appointment -> com.duoc.backend.Appointment.Appointment
2025-03-29T19:22:34.705-03:00 TRACE 90214 --- [backend] [           main] .e.j.e.i.NormalizingIdentifierHelperImpl : Normalizing identifier quoting [Appointment]
2025-03-29T19:22:34.706-03:00 TRACE 90214 --- [backend] [           main] .e.j.e.i.NormalizingIdentifierHelperImpl : Normalizing identifier quoting [Appointment]
2025-03-29T19:22:34.707-03:00 DEBUG 90214 --- [backend] [           main] o.h.boot.model.internal.EntityBinder     : Bind entity com.duoc.backend.Appointment.Appointment on table appointment
2025-03-29T19:22:34.711-03:00 TRACE 90214 --- [backend] [           main] .e.j.e.i.NormalizingIdentifierHelperImpl : Normalizing identifier quoting [DTYPE]
2025-03-29T19:22:34.711-03:00 DEBUG 90214 --- [backend] [           main] o.h.boot.model.internal.AnnotatedColumn  : Binding column: AnnotatedDiscriminatorColumn(column='DTYPE')
2025-03-29T19:22:34.714-03:00 TRACE 90214 --- [backend] [           main] o.h.boot.model.internal.PropertyBinder   : Processing annotations of com.duoc.backend.Appointment.Appointment.id
2025-03-29T19:22:34.715-03:00 TRACE 90214 --- [backend] [           main] .e.j.e.i.NormalizingIdentifierHelperImpl : Normalizing identifier quoting [id]
2025-03-29T19:22:34.715-03:00 TRACE 90214 --- [backend] [           main] .e.j.e.i.NormalizingIdentifierHelperImpl : Normalizing identifier quoting [id]
2025-03-29T19:22:34.716-03:00 DEBUG 90214 --- [backend] [           main] o.h.boot.model.internal.AnnotatedColumn  : Binding column: AnnotatedColumn()
2025-03-29T19:22:34.716-03:00 DEBUG 90214 --- [backend] [           main] o.h.boot.internal.ClassLoaderAccessImpl  : Not known whether passed class name [com.duoc.backend.Appointment.Appointment] is safe
2025-03-29T19:22:34.716-03:00 DEBUG 90214 --- [backend] [           main] o.h.boot.internal.ClassLoaderAccessImpl  : No temp ClassLoader provided; using live ClassLoader for loading potentially unsafe class : com.duoc.backend.Appointment.Appointment
2025-03-29T19:22:34.717-03:00 DEBUG 90214 --- [backend] [           main] o.h.boot.model.internal.PropertyBinder   : MetadataSourceProcessor property id with lazy=false
2025-03-29T19:22:34.718-03:00 DEBUG 90214 --- [backend] [           main] o.h.b.m.internal.AbstractPropertyHolder  : Attempting to locate auto-apply AttributeConverter for property [com.duoc.backend.Appointment.Appointment:id]
2025-03-29T19:22:34.719-03:00 DEBUG 90214 --- [backend] [           main] o.h.b.model.internal.BasicValueBinder    : building BasicValue for id
2025-03-29T19:22:34.720-03:00 DEBUG 90214 --- [backend] [           main] org.hibernate.mapping.BasicValue         : Skipping column re-registration: appointment.id
2025-03-29T19:22:34.721-03:00 TRACE 90214 --- [backend] [           main] .e.j.e.i.NormalizingIdentifierHelperImpl : Normalizing identifier quoting [id]
2025-03-29T19:22:34.721-03:00 TRACE 90214 --- [backend] [           main] .e.j.e.i.NormalizingIdentifierHelperImpl : Normalizing identifier quoting [id]
2025-03-29T19:22:34.721-03:00 TRACE 90214 --- [backend] [           main] .e.j.e.i.NormalizingIdentifierHelperImpl : Normalizing identifier quoting [id]
2025-03-29T19:22:34.721-03:00 DEBUG 90214 --- [backend] [           main] o.h.boot.model.internal.PropertyBinder   : Building property id
2025-03-29T19:22:34.721-03:00 TRACE 90214 --- [backend] [           main] o.h.boot.model.internal.PropertyBinder   : Cascading id with null
2025-03-29T19:22:34.722-03:00 DEBUG 90214 --- [backend] [           main] o.h.boot.model.internal.BinderHelper     : #makeIdGenerator(BasicValue([Column(id)]), id, org.hibernate.id.enhanced.SequenceStyleGenerator, , ...)
2025-03-29T19:22:34.722-03:00 TRACE 90214 --- [backend] [           main] o.h.boot.model.internal.PropertyBinder   : Bind @Id on id
2025-03-29T19:22:34.722-03:00 TRACE 90214 --- [backend] [           main] o.h.boot.model.internal.PropertyBinder   : Processing annotations of com.duoc.backend.Appointment.Appointment.date
2025-03-29T19:22:34.723-03:00 TRACE 90214 --- [backend] [           main] .e.j.e.i.NormalizingIdentifierHelperImpl : Normalizing identifier quoting [date]
2025-03-29T19:22:34.723-03:00 TRACE 90214 --- [backend] [           main] .e.j.e.i.NormalizingIdentifierHelperImpl : Normalizing identifier quoting [date]
2025-03-29T19:22:34.723-03:00 DEBUG 90214 --- [backend] [           main] o.h.boot.model.internal.AnnotatedColumn  : Binding column: AnnotatedColumn()
2025-03-29T19:22:34.723-03:00 DEBUG 90214 --- [backend] [           main] o.h.boot.model.internal.PropertyBinder   : MetadataSourceProcessor property date with lazy=false
2025-03-29T19:22:34.723-03:00 DEBUG 90214 --- [backend] [           main] o.h.b.m.internal.AbstractPropertyHolder  : Attempting to locate auto-apply AttributeConverter for property [com.duoc.backend.Appointment.Appointment:date]
2025-03-29T19:22:34.723-03:00 DEBUG 90214 --- [backend] [           main] o.h.b.model.internal.BasicValueBinder    : building BasicValue for date
2025-03-29T19:22:34.723-03:00 DEBUG 90214 --- [backend] [           main] org.hibernate.mapping.BasicValue         : Skipping column re-registration: appointment.date
2025-03-29T19:22:34.723-03:00 TRACE 90214 --- [backend] [           main] .e.j.e.i.NormalizingIdentifierHelperImpl : Normalizing identifier quoting [date]
2025-03-29T19:22:34.723-03:00 TRACE 90214 --- [backend] [           main] .e.j.e.i.NormalizingIdentifierHelperImpl : Normalizing identifier quoting [date]
2025-03-29T19:22:34.723-03:00 TRACE 90214 --- [backend] [           main] .e.j.e.i.NormalizingIdentifierHelperImpl : Normalizing identifier quoting [date]
2025-03-29T19:22:34.723-03:00 DEBUG 90214 --- [backend] [           main] o.h.boot.model.internal.PropertyBinder   : Building property date
2025-03-29T19:22:34.723-03:00 TRACE 90214 --- [backend] [           main] o.h.boot.model.internal.PropertyBinder   : Cascading date with null
2025-03-29T19:22:34.723-03:00 TRACE 90214 --- [backend] [           main] o.h.boot.model.internal.PropertyBinder   : Processing annotations of com.duoc.backend.Appointment.Appointment.reason
2025-03-29T19:22:34.723-03:00 TRACE 90214 --- [backend] [           main] .e.j.e.i.NormalizingIdentifierHelperImpl : Normalizing identifier quoting [reason]
2025-03-29T19:22:34.723-03:00 TRACE 90214 --- [backend] [           main] .e.j.e.i.NormalizingIdentifierHelperImpl : Normalizing identifier quoting [reason]
2025-03-29T19:22:34.723-03:00 DEBUG 90214 --- [backend] [           main] o.h.boot.model.internal.AnnotatedColumn  : Binding column: AnnotatedColumn()
2025-03-29T19:22:34.723-03:00 DEBUG 90214 --- [backend] [           main] o.h.boot.model.internal.PropertyBinder   : MetadataSourceProcessor property reason with lazy=false
2025-03-29T19:22:34.723-03:00 DEBUG 90214 --- [backend] [           main] o.h.b.m.internal.AbstractPropertyHolder  : Attempting to locate auto-apply AttributeConverter for property [com.duoc.backend.Appointment.Appointment:reason]
2025-03-29T19:22:34.723-03:00 DEBUG 90214 --- [backend] [           main] o.h.b.model.internal.BasicValueBinder    : building BasicValue for reason
2025-03-29T19:22:34.723-03:00 DEBUG 90214 --- [backend] [           main] org.hibernate.mapping.BasicValue         : Skipping column re-registration: appointment.reason
2025-03-29T19:22:34.723-03:00 TRACE 90214 --- [backend] [           main] .e.j.e.i.NormalizingIdentifierHelperImpl : Normalizing identifier quoting [reason]
2025-03-29T19:22:34.723-03:00 TRACE 90214 --- [backend] [           main] .e.j.e.i.NormalizingIdentifierHelperImpl : Normalizing identifier quoting [reason]
2025-03-29T19:22:34.723-03:00 TRACE 90214 --- [backend] [           main] .e.j.e.i.NormalizingIdentifierHelperImpl : Normalizing identifier quoting [reason]
2025-03-29T19:22:34.723-03:00 DEBUG 90214 --- [backend] [           main] o.h.boot.model.internal.PropertyBinder   : Building property reason
2025-03-29T19:22:34.723-03:00 TRACE 90214 --- [backend] [           main] o.h.boot.model.internal.PropertyBinder   : Cascading reason with null
2025-03-29T19:22:34.723-03:00 TRACE 90214 --- [backend] [           main] o.h.boot.model.internal.PropertyBinder   : Processing annotations of com.duoc.backend.Appointment.Appointment.time
2025-03-29T19:22:34.724-03:00 TRACE 90214 --- [backend] [           main] .e.j.e.i.NormalizingIdentifierHelperImpl : Normalizing identifier quoting [time]
2025-03-29T19:22:34.724-03:00 TRACE 90214 --- [backend] [           main] .e.j.e.i.NormalizingIdentifierHelperImpl : Normalizing identifier quoting [time]
2025-03-29T19:22:34.724-03:00 DEBUG 90214 --- [backend] [           main] o.h.boot.model.internal.AnnotatedColumn  : Binding column: AnnotatedColumn()
2025-03-29T19:22:34.724-03:00 DEBUG 90214 --- [backend] [           main] o.h.boot.model.internal.PropertyBinder   : MetadataSourceProcessor property time with lazy=false
2025-03-29T19:22:34.724-03:00 DEBUG 90214 --- [backend] [           main] o.h.b.m.internal.AbstractPropertyHolder  : Attempting to locate auto-apply AttributeConverter for property [com.duoc.backend.Appointment.Appointment:time]
2025-03-29T19:22:34.724-03:00 DEBUG 90214 --- [backend] [           main] o.h.b.model.internal.BasicValueBinder    : building BasicValue for time
2025-03-29T19:22:34.724-03:00 DEBUG 90214 --- [backend] [           main] org.hibernate.mapping.BasicValue         : Skipping column re-registration: appointment.time
2025-03-29T19:22:34.724-03:00 TRACE 90214 --- [backend] [           main] .e.j.e.i.NormalizingIdentifierHelperImpl : Normalizing identifier quoting [time]
2025-03-29T19:22:34.724-03:00 TRACE 90214 --- [backend] [           main] .e.j.e.i.NormalizingIdentifierHelperImpl : Normalizing identifier quoting [time]
2025-03-29T19:22:34.724-03:00 TRACE 90214 --- [backend] [           main] .e.j.e.i.NormalizingIdentifierHelperImpl : Normalizing identifier quoting [time]
2025-03-29T19:22:34.724-03:00 DEBUG 90214 --- [backend] [           main] o.h.boot.model.internal.PropertyBinder   : Building property time
2025-03-29T19:22:34.724-03:00 TRACE 90214 --- [backend] [           main] o.h.boot.model.internal.PropertyBinder   : Cascading time with null
2025-03-29T19:22:34.724-03:00 TRACE 90214 --- [backend] [           main] o.h.boot.model.internal.PropertyBinder   : Processing annotations of com.duoc.backend.Appointment.Appointment.veterinarian
2025-03-29T19:22:34.724-03:00 TRACE 90214 --- [backend] [           main] .e.j.e.i.NormalizingIdentifierHelperImpl : Normalizing identifier quoting [veterinarian]
2025-03-29T19:22:34.724-03:00 TRACE 90214 --- [backend] [           main] .e.j.e.i.NormalizingIdentifierHelperImpl : Normalizing identifier quoting [veterinarian]
2025-03-29T19:22:34.724-03:00 DEBUG 90214 --- [backend] [           main] o.h.boot.model.internal.AnnotatedColumn  : Binding column: AnnotatedColumn()
2025-03-29T19:22:34.724-03:00 DEBUG 90214 --- [backend] [           main] o.h.boot.model.internal.PropertyBinder   : MetadataSourceProcessor property veterinarian with lazy=false
2025-03-29T19:22:34.724-03:00 DEBUG 90214 --- [backend] [           main] o.h.b.m.internal.AbstractPropertyHolder  : Attempting to locate auto-apply AttributeConverter for property [com.duoc.backend.Appointment.Appointment:veterinarian]
2025-03-29T19:22:34.724-03:00 DEBUG 90214 --- [backend] [           main] o.h.b.model.internal.BasicValueBinder    : building BasicValue for veterinarian
2025-03-29T19:22:34.724-03:00 DEBUG 90214 --- [backend] [           main] org.hibernate.mapping.BasicValue         : Skipping column re-registration: appointment.veterinarian
2025-03-29T19:22:34.724-03:00 TRACE 90214 --- [backend] [           main] .e.j.e.i.NormalizingIdentifierHelperImpl : Normalizing identifier quoting [veterinarian]
2025-03-29T19:22:34.724-03:00 TRACE 90214 --- [backend] [           main] .e.j.e.i.NormalizingIdentifierHelperImpl : Normalizing identifier quoting [veterinarian]
2025-03-29T19:22:34.724-03:00 TRACE 90214 --- [backend] [           main] .e.j.e.i.NormalizingIdentifierHelperImpl : Normalizing identifier quoting [veterinarian]
2025-03-29T19:22:34.724-03:00 DEBUG 90214 --- [backend] [           main] o.h.boot.model.internal.PropertyBinder   : Building property veterinarian
2025-03-29T19:22:34.724-03:00 TRACE 90214 --- [backend] [           main] o.h.boot.model.internal.PropertyBinder   : Cascading veterinarian with null
2025-03-29T19:22:34.725-03:00 DEBUG 90214 --- [backend] [           main] o.h.b.r.c.i.ClassLoaderServiceImpl       : HHH000194: Package not found or no package-info.java: com.duoc.backend.Appointment
2025-03-29T19:22:34.726-03:00 DEBUG 90214 --- [backend] [           main] o.h.boot.model.internal.EntityBinder     : Binding entity from annotated class: com.duoc.backend.Care.Care
2025-03-29T19:22:34.726-03:00 DEBUG 90214 --- [backend] [           main] o.h.boot.model.internal.EntityBinder     : Import with entity name Care
2025-03-29T19:22:34.726-03:00 TRACE 90214 --- [backend] [           main] o.h.b.i.InFlightMetadataCollectorImpl    : Import: Care -> com.duoc.backend.Care.Care
2025-03-29T19:22:34.726-03:00 TRACE 90214 --- [backend] [           main] o.h.b.i.InFlightMetadataCollectorImpl    : Import: com.duoc.backend.Care.Care -> com.duoc.backend.Care.Care
2025-03-29T19:22:34.726-03:00 TRACE 90214 --- [backend] [           main] .e.j.e.i.NormalizingIdentifierHelperImpl : Normalizing identifier quoting [Care]
2025-03-29T19:22:34.726-03:00 TRACE 90214 --- [backend] [           main] .e.j.e.i.NormalizingIdentifierHelperImpl : Normalizing identifier quoting [Care]
2025-03-29T19:22:34.726-03:00 DEBUG 90214 --- [backend] [           main] o.h.boot.model.internal.EntityBinder     : Bind entity com.duoc.backend.Care.Care on table care
2025-03-29T19:22:34.727-03:00 TRACE 90214 --- [backend] [           main] .e.j.e.i.NormalizingIdentifierHelperImpl : Normalizing identifier quoting [DTYPE]
2025-03-29T19:22:34.727-03:00 DEBUG 90214 --- [backend] [           main] o.h.boot.model.internal.AnnotatedColumn  : Binding column: AnnotatedDiscriminatorColumn(column='DTYPE')
2025-03-29T19:22:34.727-03:00 TRACE 90214 --- [backend] [           main] o.h.boot.model.internal.PropertyBinder   : Processing annotations of com.duoc.backend.Care.Care.id
2025-03-29T19:22:34.727-03:00 TRACE 90214 --- [backend] [           main] .e.j.e.i.NormalizingIdentifierHelperImpl : Normalizing identifier quoting [id]
2025-03-29T19:22:34.727-03:00 TRACE 90214 --- [backend] [           main] .e.j.e.i.NormalizingIdentifierHelperImpl : Normalizing identifier quoting [id]
2025-03-29T19:22:34.727-03:00 DEBUG 90214 --- [backend] [           main] o.h.boot.model.internal.AnnotatedColumn  : Binding column: AnnotatedColumn()
2025-03-29T19:22:34.727-03:00 DEBUG 90214 --- [backend] [           main] o.h.boot.internal.ClassLoaderAccessImpl  : Not known whether passed class name [com.duoc.backend.Care.Care] is safe
2025-03-29T19:22:34.727-03:00 DEBUG 90214 --- [backend] [           main] o.h.boot.internal.ClassLoaderAccessImpl  : No temp ClassLoader provided; using live ClassLoader for loading potentially unsafe class : com.duoc.backend.Care.Care
2025-03-29T19:22:34.727-03:00 DEBUG 90214 --- [backend] [           main] o.h.boot.model.internal.PropertyBinder   : MetadataSourceProcessor property id with lazy=false
2025-03-29T19:22:34.727-03:00 DEBUG 90214 --- [backend] [           main] o.h.b.m.internal.AbstractPropertyHolder  : Attempting to locate auto-apply AttributeConverter for property [com.duoc.backend.Care.Care:id]
2025-03-29T19:22:34.727-03:00 DEBUG 90214 --- [backend] [           main] o.h.b.model.internal.BasicValueBinder    : building BasicValue for id
2025-03-29T19:22:34.727-03:00 DEBUG 90214 --- [backend] [           main] org.hibernate.mapping.BasicValue         : Skipping column re-registration: care.id
2025-03-29T19:22:34.727-03:00 TRACE 90214 --- [backend] [           main] .e.j.e.i.NormalizingIdentifierHelperImpl : Normalizing identifier quoting [id]
2025-03-29T19:22:34.727-03:00 TRACE 90214 --- [backend] [           main] .e.j.e.i.NormalizingIdentifierHelperImpl : Normalizing identifier quoting [id]
2025-03-29T19:22:34.727-03:00 TRACE 90214 --- [backend] [           main] .e.j.e.i.NormalizingIdentifierHelperImpl : Normalizing identifier quoting [id]
2025-03-29T19:22:34.727-03:00 DEBUG 90214 --- [backend] [           main] o.h.boot.model.internal.PropertyBinder   : Building property id
2025-03-29T19:22:34.727-03:00 TRACE 90214 --- [backend] [           main] o.h.boot.model.internal.PropertyBinder   : Cascading id with null
2025-03-29T19:22:34.727-03:00 DEBUG 90214 --- [backend] [           main] o.h.boot.model.internal.BinderHelper     : #makeIdGenerator(BasicValue([Column(id)]), id, org.hibernate.id.enhanced.SequenceStyleGenerator, , ...)
2025-03-29T19:22:34.727-03:00 TRACE 90214 --- [backend] [           main] o.h.boot.model.internal.PropertyBinder   : Bind @Id on id
2025-03-29T19:22:34.727-03:00 TRACE 90214 --- [backend] [           main] o.h.boot.model.internal.PropertyBinder   : Processing annotations of com.duoc.backend.Care.Care.cost
2025-03-29T19:22:34.727-03:00 TRACE 90214 --- [backend] [           main] .e.j.e.i.NormalizingIdentifierHelperImpl : Normalizing identifier quoting [cost]
2025-03-29T19:22:34.727-03:00 TRACE 90214 --- [backend] [           main] .e.j.e.i.NormalizingIdentifierHelperImpl : Normalizing identifier quoting [cost]
2025-03-29T19:22:34.727-03:00 DEBUG 90214 --- [backend] [           main] o.h.boot.model.internal.AnnotatedColumn  : Binding column: AnnotatedColumn()
2025-03-29T19:22:34.727-03:00 DEBUG 90214 --- [backend] [           main] o.h.boot.model.internal.PropertyBinder   : MetadataSourceProcessor property cost with lazy=false
2025-03-29T19:22:34.727-03:00 DEBUG 90214 --- [backend] [           main] o.h.b.m.internal.AbstractPropertyHolder  : Attempting to locate auto-apply AttributeConverter for property [com.duoc.backend.Care.Care:cost]
2025-03-29T19:22:34.727-03:00 DEBUG 90214 --- [backend] [           main] o.h.b.model.internal.BasicValueBinder    : building BasicValue for cost
2025-03-29T19:22:34.728-03:00 DEBUG 90214 --- [backend] [           main] org.hibernate.mapping.BasicValue         : Skipping column re-registration: care.cost
2025-03-29T19:22:34.728-03:00 TRACE 90214 --- [backend] [           main] .e.j.e.i.NormalizingIdentifierHelperImpl : Normalizing identifier quoting [cost]
2025-03-29T19:22:34.728-03:00 TRACE 90214 --- [backend] [           main] .e.j.e.i.NormalizingIdentifierHelperImpl : Normalizing identifier quoting [cost]
2025-03-29T19:22:34.728-03:00 TRACE 90214 --- [backend] [           main] .e.j.e.i.NormalizingIdentifierHelperImpl : Normalizing identifier quoting [cost]
2025-03-29T19:22:34.728-03:00 DEBUG 90214 --- [backend] [           main] o.h.boot.model.internal.PropertyBinder   : Building property cost
2025-03-29T19:22:34.728-03:00 TRACE 90214 --- [backend] [           main] o.h.boot.model.internal.PropertyBinder   : Cascading cost with null
2025-03-29T19:22:34.728-03:00 TRACE 90214 --- [backend] [           main] o.h.boot.model.internal.PropertyBinder   : Processing annotations of com.duoc.backend.Care.Care.name
2025-03-29T19:22:34.728-03:00 TRACE 90214 --- [backend] [           main] .e.j.e.i.NormalizingIdentifierHelperImpl : Normalizing identifier quoting [name]
2025-03-29T19:22:34.728-03:00 TRACE 90214 --- [backend] [           main] .e.j.e.i.NormalizingIdentifierHelperImpl : Normalizing identifier quoting [name]
2025-03-29T19:22:34.728-03:00 DEBUG 90214 --- [backend] [           main] o.h.boot.model.internal.AnnotatedColumn  : Binding column: AnnotatedColumn()
2025-03-29T19:22:34.728-03:00 DEBUG 90214 --- [backend] [           main] o.h.boot.model.internal.PropertyBinder   : MetadataSourceProcessor property name with lazy=false
2025-03-29T19:22:34.728-03:00 DEBUG 90214 --- [backend] [           main] o.h.b.m.internal.AbstractPropertyHolder  : Attempting to locate auto-apply AttributeConverter for property [com.duoc.backend.Care.Care:name]
2025-03-29T19:22:34.728-03:00 DEBUG 90214 --- [backend] [           main] o.h.b.model.internal.BasicValueBinder    : building BasicValue for name
2025-03-29T19:22:34.728-03:00 DEBUG 90214 --- [backend] [           main] org.hibernate.mapping.BasicValue         : Skipping column re-registration: care.name
2025-03-29T19:22:34.728-03:00 TRACE 90214 --- [backend] [           main] .e.j.e.i.NormalizingIdentifierHelperImpl : Normalizing identifier quoting [name]
2025-03-29T19:22:34.728-03:00 TRACE 90214 --- [backend] [           main] .e.j.e.i.NormalizingIdentifierHelperImpl : Normalizing identifier quoting [name]
2025-03-29T19:22:34.728-03:00 TRACE 90214 --- [backend] [           main] .e.j.e.i.NormalizingIdentifierHelperImpl : Normalizing identifier quoting [name]
2025-03-29T19:22:34.728-03:00 DEBUG 90214 --- [backend] [           main] o.h.boot.model.internal.PropertyBinder   : Building property name
2025-03-29T19:22:34.728-03:00 TRACE 90214 --- [backend] [           main] o.h.boot.model.internal.PropertyBinder   : Cascading name with null
2025-03-29T19:22:34.728-03:00 DEBUG 90214 --- [backend] [           main] o.h.b.r.c.i.ClassLoaderServiceImpl       : HHH000194: Package not found or no package-info.java: com.duoc.backend.Care
2025-03-29T19:22:34.728-03:00 DEBUG 90214 --- [backend] [           main] o.h.boot.model.internal.EntityBinder     : Binding entity from annotated class: com.duoc.backend.Invoice.Invoice
2025-03-29T19:22:34.729-03:00 DEBUG 90214 --- [backend] [           main] o.h.boot.model.internal.EntityBinder     : Import with entity name Invoice
2025-03-29T19:22:34.729-03:00 TRACE 90214 --- [backend] [           main] o.h.b.i.InFlightMetadataCollectorImpl    : Import: Invoice -> com.duoc.backend.Invoice.Invoice
2025-03-29T19:22:34.729-03:00 TRACE 90214 --- [backend] [           main] o.h.b.i.InFlightMetadataCollectorImpl    : Import: com.duoc.backend.Invoice.Invoice -> com.duoc.backend.Invoice.Invoice
2025-03-29T19:22:34.729-03:00 TRACE 90214 --- [backend] [           main] .e.j.e.i.NormalizingIdentifierHelperImpl : Normalizing identifier quoting [Invoice]
2025-03-29T19:22:34.729-03:00 TRACE 90214 --- [backend] [           main] .e.j.e.i.NormalizingIdentifierHelperImpl : Normalizing identifier quoting [Invoice]
2025-03-29T19:22:34.729-03:00 DEBUG 90214 --- [backend] [           main] o.h.boot.model.internal.EntityBinder     : Bind entity com.duoc.backend.Invoice.Invoice on table invoice
2025-03-29T19:22:34.729-03:00 TRACE 90214 --- [backend] [           main] .e.j.e.i.NormalizingIdentifierHelperImpl : Normalizing identifier quoting [DTYPE]
2025-03-29T19:22:34.729-03:00 DEBUG 90214 --- [backend] [           main] o.h.boot.model.internal.AnnotatedColumn  : Binding column: AnnotatedDiscriminatorColumn(column='DTYPE')
2025-03-29T19:22:34.731-03:00 TRACE 90214 --- [backend] [           main] o.h.boot.model.internal.PropertyBinder   : Processing annotations of com.duoc.backend.Invoice.Invoice.id
2025-03-29T19:22:34.731-03:00 TRACE 90214 --- [backend] [           main] .e.j.e.i.NormalizingIdentifierHelperImpl : Normalizing identifier quoting [id]
2025-03-29T19:22:34.731-03:00 TRACE 90214 --- [backend] [           main] .e.j.e.i.NormalizingIdentifierHelperImpl : Normalizing identifier quoting [id]
2025-03-29T19:22:34.731-03:00 DEBUG 90214 --- [backend] [           main] o.h.boot.model.internal.AnnotatedColumn  : Binding column: AnnotatedColumn()
2025-03-29T19:22:34.731-03:00 DEBUG 90214 --- [backend] [           main] o.h.boot.internal.ClassLoaderAccessImpl  : Not known whether passed class name [com.duoc.backend.Invoice.Invoice] is safe
2025-03-29T19:22:34.731-03:00 DEBUG 90214 --- [backend] [           main] o.h.boot.internal.ClassLoaderAccessImpl  : No temp ClassLoader provided; using live ClassLoader for loading potentially unsafe class : com.duoc.backend.Invoice.Invoice
2025-03-29T19:22:34.731-03:00 DEBUG 90214 --- [backend] [           main] o.h.boot.model.internal.PropertyBinder   : MetadataSourceProcessor property id with lazy=false
2025-03-29T19:22:34.731-03:00 DEBUG 90214 --- [backend] [           main] o.h.b.m.internal.AbstractPropertyHolder  : Attempting to locate auto-apply AttributeConverter for property [com.duoc.backend.Invoice.Invoice:id]
2025-03-29T19:22:34.731-03:00 DEBUG 90214 --- [backend] [           main] o.h.b.model.internal.BasicValueBinder    : building BasicValue for id
2025-03-29T19:22:34.731-03:00 DEBUG 90214 --- [backend] [           main] org.hibernate.mapping.BasicValue         : Skipping column re-registration: invoice.id
2025-03-29T19:22:34.731-03:00 TRACE 90214 --- [backend] [           main] .e.j.e.i.NormalizingIdentifierHelperImpl : Normalizing identifier quoting [id]
2025-03-29T19:22:34.731-03:00 TRACE 90214 --- [backend] [           main] .e.j.e.i.NormalizingIdentifierHelperImpl : Normalizing identifier quoting [id]
2025-03-29T19:22:34.731-03:00 TRACE 90214 --- [backend] [           main] .e.j.e.i.NormalizingIdentifierHelperImpl : Normalizing identifier quoting [id]
2025-03-29T19:22:34.731-03:00 DEBUG 90214 --- [backend] [           main] o.h.boot.model.internal.PropertyBinder   : Building property id
2025-03-29T19:22:34.731-03:00 TRACE 90214 --- [backend] [           main] o.h.boot.model.internal.PropertyBinder   : Cascading id with null
2025-03-29T19:22:34.731-03:00 DEBUG 90214 --- [backend] [           main] o.h.boot.model.internal.BinderHelper     : #makeIdGenerator(BasicValue([Column(id)]), id, org.hibernate.id.enhanced.SequenceStyleGenerator, , ...)
2025-03-29T19:22:34.731-03:00 TRACE 90214 --- [backend] [           main] o.h.boot.model.internal.PropertyBinder   : Bind @Id on id
2025-03-29T19:22:34.731-03:00 TRACE 90214 --- [backend] [           main] o.h.boot.model.internal.PropertyBinder   : Processing annotations of com.duoc.backend.Invoice.Invoice.cares
2025-03-29T19:22:34.735-03:00 TRACE 90214 --- [backend] [           main] .e.j.e.i.NormalizingIdentifierHelperImpl : Normalizing identifier quoting [cares_ORDER]
2025-03-29T19:22:34.735-03:00 DEBUG 90214 --- [backend] [           main] o.h.boot.model.internal.AnnotatedColumn  : Binding column: IndexColumn(column='cares_ORDER')
2025-03-29T19:22:34.735-03:00 TRACE 90214 --- [backend] [           main] .e.j.e.i.NormalizingIdentifierHelperImpl : Normalizing identifier quoting [element]
2025-03-29T19:22:34.736-03:00 TRACE 90214 --- [backend] [           main] .e.j.e.i.NormalizingIdentifierHelperImpl : Normalizing identifier quoting [element]
2025-03-29T19:22:34.736-03:00 DEBUG 90214 --- [backend] [           main] o.h.boot.model.internal.AnnotatedColumn  : Binding column: AnnotatedColumn()
2025-03-29T19:22:34.736-03:00 TRACE 90214 --- [backend] [           main] .e.j.e.i.NormalizingIdentifierHelperImpl : Normalizing identifier quoting [cares_KEY]
2025-03-29T19:22:34.736-03:00 DEBUG 90214 --- [backend] [           main] o.h.boot.model.internal.AnnotatedColumn  : Binding column: AnnotatedColumn(column='cares_KEY')
2025-03-29T19:22:34.736-03:00 TRACE 90214 --- [backend] [           main] .e.j.e.i.NormalizingIdentifierHelperImpl : Normalizing identifier quoting [cares_KEY]
2025-03-29T19:22:34.736-03:00 DEBUG 90214 --- [backend] [           main] o.h.boot.model.internal.AnnotatedColumn  : Binding column: AnnotatedJoinColumn(column='cares_KEY')
2025-03-29T19:22:34.737-03:00 TRACE 90214 --- [backend] [           main] .e.j.e.i.NormalizingIdentifierHelperImpl : Normalizing identifier quoting [invoice_id]
2025-03-29T19:22:34.737-03:00 DEBUG 90214 --- [backend] [           main] o.h.boot.model.internal.AnnotatedColumn  : Binding column: AnnotatedJoinColumn(column='invoice_id')
2025-03-29T19:22:34.737-03:00 TRACE 90214 --- [backend] [           main] .e.j.e.i.NormalizingIdentifierHelperImpl : Normalizing identifier quoting [care_id]
2025-03-29T19:22:34.737-03:00 DEBUG 90214 --- [backend] [           main] o.h.boot.model.internal.AnnotatedColumn  : Binding column: AnnotatedJoinColumn(column='care_id')
2025-03-29T19:22:34.738-03:00 DEBUG 90214 --- [backend] [           main] o.h.b.model.internal.CollectionBinder    : Collection role: com.duoc.backend.Invoice.Invoice.cares
2025-03-29T19:22:34.739-03:00 DEBUG 90214 --- [backend] [           main] o.h.boot.model.internal.PropertyBinder   : Building property cares
2025-03-29T19:22:34.739-03:00 TRACE 90214 --- [backend] [           main] o.h.boot.model.internal.PropertyBinder   : Cascading cares with none
2025-03-29T19:22:34.739-03:00 TRACE 90214 --- [backend] [           main] o.h.boot.model.internal.PropertyBinder   : Processing annotations of com.duoc.backend.Invoice.Invoice.date
2025-03-29T19:22:34.739-03:00 TRACE 90214 --- [backend] [           main] .e.j.e.i.NormalizingIdentifierHelperImpl : Normalizing identifier quoting [date]
2025-03-29T19:22:34.739-03:00 TRACE 90214 --- [backend] [           main] .e.j.e.i.NormalizingIdentifierHelperImpl : Normalizing identifier quoting [date]
2025-03-29T19:22:34.739-03:00 DEBUG 90214 --- [backend] [           main] o.h.boot.model.internal.AnnotatedColumn  : Binding column: AnnotatedColumn()
2025-03-29T19:22:34.739-03:00 DEBUG 90214 --- [backend] [           main] o.h.boot.model.internal.PropertyBinder   : MetadataSourceProcessor property date with lazy=false
2025-03-29T19:22:34.739-03:00 DEBUG 90214 --- [backend] [           main] o.h.b.m.internal.AbstractPropertyHolder  : Attempting to locate auto-apply AttributeConverter for property [com.duoc.backend.Invoice.Invoice:date]
2025-03-29T19:22:34.739-03:00 DEBUG 90214 --- [backend] [           main] o.h.b.model.internal.BasicValueBinder    : building BasicValue for date
2025-03-29T19:22:34.739-03:00 DEBUG 90214 --- [backend] [           main] org.hibernate.mapping.BasicValue         : Skipping column re-registration: invoice.date
2025-03-29T19:22:34.739-03:00 TRACE 90214 --- [backend] [           main] .e.j.e.i.NormalizingIdentifierHelperImpl : Normalizing identifier quoting [date]
2025-03-29T19:22:34.739-03:00 DEBUG 90214 --- [backend] [l-1 housekeeper] com.zaxxer.hikari.pool.HikariPool        : HikariPool-1 - Pool stats (total=1, active=0, idle=1, waiting=0)
2025-03-29T19:22:34.739-03:00 TRACE 90214 --- [backend] [           main] .e.j.e.i.NormalizingIdentifierHelperImpl : Normalizing identifier quoting [date]
2025-03-29T19:22:34.739-03:00 TRACE 90214 --- [backend] [           main] .e.j.e.i.NormalizingIdentifierHelperImpl : Normalizing identifier quoting [date]
2025-03-29T19:22:34.739-03:00 DEBUG 90214 --- [backend] [           main] o.h.boot.model.internal.PropertyBinder   : Building property date
2025-03-29T19:22:34.739-03:00 TRACE 90214 --- [backend] [           main] o.h.boot.model.internal.PropertyBinder   : Cascading date with null
2025-03-29T19:22:34.739-03:00 TRACE 90214 --- [backend] [           main] o.h.boot.model.internal.PropertyBinder   : Processing annotations of com.duoc.backend.Invoice.Invoice.medications
2025-03-29T19:22:34.739-03:00 TRACE 90214 --- [backend] [           main] .e.j.e.i.NormalizingIdentifierHelperImpl : Normalizing identifier quoting [medications_ORDER]
2025-03-29T19:22:34.739-03:00 DEBUG 90214 --- [backend] [           main] o.h.boot.model.internal.AnnotatedColumn  : Binding column: IndexColumn(column='medications_ORDER')
2025-03-29T19:22:34.739-03:00 TRACE 90214 --- [backend] [           main] .e.j.e.i.NormalizingIdentifierHelperImpl : Normalizing identifier quoting [element]
2025-03-29T19:22:34.739-03:00 TRACE 90214 --- [backend] [           main] .e.j.e.i.NormalizingIdentifierHelperImpl : Normalizing identifier quoting [element]
2025-03-29T19:22:34.739-03:00 DEBUG 90214 --- [backend] [           main] o.h.boot.model.internal.AnnotatedColumn  : Binding column: AnnotatedColumn()
2025-03-29T19:22:34.739-03:00 TRACE 90214 --- [backend] [           main] .e.j.e.i.NormalizingIdentifierHelperImpl : Normalizing identifier quoting [medications_KEY]
2025-03-29T19:22:34.739-03:00 DEBUG 90214 --- [backend] [           main] o.h.boot.model.internal.AnnotatedColumn  : Binding column: AnnotatedColumn(column='medications_KEY')
2025-03-29T19:22:34.739-03:00 TRACE 90214 --- [backend] [           main] .e.j.e.i.NormalizingIdentifierHelperImpl : Normalizing identifier quoting [medications_KEY]
2025-03-29T19:22:34.739-03:00 DEBUG 90214 --- [backend] [           main] o.h.boot.model.internal.AnnotatedColumn  : Binding column: AnnotatedJoinColumn(column='medications_KEY')
2025-03-29T19:22:34.739-03:00 TRACE 90214 --- [backend] [           main] .e.j.e.i.NormalizingIdentifierHelperImpl : Normalizing identifier quoting [invoice_id]
2025-03-29T19:22:34.739-03:00 DEBUG 90214 --- [backend] [           main] o.h.boot.model.internal.AnnotatedColumn  : Binding column: AnnotatedJoinColumn(column='invoice_id')
2025-03-29T19:22:34.739-03:00 TRACE 90214 --- [backend] [           main] .e.j.e.i.NormalizingIdentifierHelperImpl : Normalizing identifier quoting [medication_id]
2025-03-29T19:22:34.739-03:00 DEBUG 90214 --- [backend] [           main] o.h.boot.model.internal.AnnotatedColumn  : Binding column: AnnotatedJoinColumn(column='medication_id')
2025-03-29T19:22:34.739-03:00 DEBUG 90214 --- [backend] [           main] o.h.b.model.internal.CollectionBinder    : Collection role: com.duoc.backend.Invoice.Invoice.medications
2025-03-29T19:22:34.740-03:00 DEBUG 90214 --- [backend] [           main] o.h.boot.model.internal.PropertyBinder   : Building property medications
2025-03-29T19:22:34.740-03:00 TRACE 90214 --- [backend] [           main] o.h.boot.model.internal.PropertyBinder   : Cascading medications with none
2025-03-29T19:22:34.740-03:00 TRACE 90214 --- [backend] [           main] o.h.boot.model.internal.PropertyBinder   : Processing annotations of com.duoc.backend.Invoice.Invoice.patientName
2025-03-29T19:22:34.740-03:00 TRACE 90214 --- [backend] [           main] .e.j.e.i.NormalizingIdentifierHelperImpl : Normalizing identifier quoting [patientName]
2025-03-29T19:22:34.740-03:00 TRACE 90214 --- [backend] [           main] .e.j.e.i.NormalizingIdentifierHelperImpl : Normalizing identifier quoting [patientName]
2025-03-29T19:22:34.740-03:00 DEBUG 90214 --- [backend] [           main] o.h.boot.model.internal.AnnotatedColumn  : Binding column: AnnotatedColumn()
2025-03-29T19:22:34.740-03:00 DEBUG 90214 --- [backend] [           main] o.h.boot.model.internal.PropertyBinder   : MetadataSourceProcessor property patientName with lazy=false
2025-03-29T19:22:34.740-03:00 DEBUG 90214 --- [backend] [           main] o.h.b.m.internal.AbstractPropertyHolder  : Attempting to locate auto-apply AttributeConverter for property [com.duoc.backend.Invoice.Invoice:patientName]
2025-03-29T19:22:34.740-03:00 DEBUG 90214 --- [backend] [           main] o.h.b.model.internal.BasicValueBinder    : building BasicValue for patientName
2025-03-29T19:22:34.740-03:00 DEBUG 90214 --- [backend] [           main] org.hibernate.mapping.BasicValue         : Skipping column re-registration: invoice.patient_name
2025-03-29T19:22:34.740-03:00 TRACE 90214 --- [backend] [           main] .e.j.e.i.NormalizingIdentifierHelperImpl : Normalizing identifier quoting [patientName]
2025-03-29T19:22:34.740-03:00 TRACE 90214 --- [backend] [           main] .e.j.e.i.NormalizingIdentifierHelperImpl : Normalizing identifier quoting [patientName]
2025-03-29T19:22:34.740-03:00 TRACE 90214 --- [backend] [           main] .e.j.e.i.NormalizingIdentifierHelperImpl : Normalizing identifier quoting [patientName]
2025-03-29T19:22:34.740-03:00 DEBUG 90214 --- [backend] [           main] o.h.boot.model.internal.PropertyBinder   : Building property patientName
2025-03-29T19:22:34.740-03:00 TRACE 90214 --- [backend] [           main] o.h.boot.model.internal.PropertyBinder   : Cascading patientName with null
2025-03-29T19:22:34.740-03:00 TRACE 90214 --- [backend] [           main] o.h.boot.model.internal.PropertyBinder   : Processing annotations of com.duoc.backend.Invoice.Invoice.time
2025-03-29T19:22:34.740-03:00 TRACE 90214 --- [backend] [           main] .e.j.e.i.NormalizingIdentifierHelperImpl : Normalizing identifier quoting [time]
2025-03-29T19:22:34.740-03:00 TRACE 90214 --- [backend] [           main] .e.j.e.i.NormalizingIdentifierHelperImpl : Normalizing identifier quoting [time]
2025-03-29T19:22:34.740-03:00 DEBUG 90214 --- [backend] [           main] o.h.boot.model.internal.AnnotatedColumn  : Binding column: AnnotatedColumn()
2025-03-29T19:22:34.740-03:00 DEBUG 90214 --- [backend] [           main] o.h.boot.model.internal.PropertyBinder   : MetadataSourceProcessor property time with lazy=false
2025-03-29T19:22:34.740-03:00 DEBUG 90214 --- [backend] [           main] o.h.b.m.internal.AbstractPropertyHolder  : Attempting to locate auto-apply AttributeConverter for property [com.duoc.backend.Invoice.Invoice:time]
2025-03-29T19:22:34.740-03:00 DEBUG 90214 --- [backend] [           main] o.h.b.model.internal.BasicValueBinder    : building BasicValue for time
2025-03-29T19:22:34.740-03:00 DEBUG 90214 --- [backend] [           main] org.hibernate.mapping.BasicValue         : Skipping column re-registration: invoice.time
2025-03-29T19:22:34.740-03:00 TRACE 90214 --- [backend] [           main] .e.j.e.i.NormalizingIdentifierHelperImpl : Normalizing identifier quoting [time]
2025-03-29T19:22:34.740-03:00 TRACE 90214 --- [backend] [           main] .e.j.e.i.NormalizingIdentifierHelperImpl : Normalizing identifier quoting [time]
2025-03-29T19:22:34.740-03:00 TRACE 90214 --- [backend] [           main] .e.j.e.i.NormalizingIdentifierHelperImpl : Normalizing identifier quoting [time]
2025-03-29T19:22:34.740-03:00 DEBUG 90214 --- [backend] [           main] o.h.boot.model.internal.PropertyBinder   : Building property time
2025-03-29T19:22:34.740-03:00 TRACE 90214 --- [backend] [           main] o.h.boot.model.internal.PropertyBinder   : Cascading time with null
2025-03-29T19:22:34.740-03:00 TRACE 90214 --- [backend] [           main] o.h.boot.model.internal.PropertyBinder   : Processing annotations of com.duoc.backend.Invoice.Invoice.totalCost
2025-03-29T19:22:34.740-03:00 TRACE 90214 --- [backend] [           main] .e.j.e.i.NormalizingIdentifierHelperImpl : Normalizing identifier quoting [totalCost]
2025-03-29T19:22:34.740-03:00 TRACE 90214 --- [backend] [           main] .e.j.e.i.NormalizingIdentifierHelperImpl : Normalizing identifier quoting [totalCost]
2025-03-29T19:22:34.740-03:00 DEBUG 90214 --- [backend] [           main] o.h.boot.model.internal.AnnotatedColumn  : Binding column: AnnotatedColumn()
2025-03-29T19:22:34.740-03:00 DEBUG 90214 --- [backend] [           main] o.h.boot.model.internal.PropertyBinder   : MetadataSourceProcessor property totalCost with lazy=false
2025-03-29T19:22:34.740-03:00 DEBUG 90214 --- [backend] [           main] o.h.b.m.internal.AbstractPropertyHolder  : Attempting to locate auto-apply AttributeConverter for property [com.duoc.backend.Invoice.Invoice:totalCost]
2025-03-29T19:22:34.740-03:00 DEBUG 90214 --- [backend] [           main] o.h.b.model.internal.BasicValueBinder    : building BasicValue for totalCost
2025-03-29T19:22:34.741-03:00 DEBUG 90214 --- [backend] [           main] org.hibernate.mapping.BasicValue         : Skipping column re-registration: invoice.total_cost
2025-03-29T19:22:34.741-03:00 TRACE 90214 --- [backend] [           main] .e.j.e.i.NormalizingIdentifierHelperImpl : Normalizing identifier quoting [totalCost]
2025-03-29T19:22:34.741-03:00 TRACE 90214 --- [backend] [           main] .e.j.e.i.NormalizingIdentifierHelperImpl : Normalizing identifier quoting [totalCost]
2025-03-29T19:22:34.741-03:00 TRACE 90214 --- [backend] [           main] .e.j.e.i.NormalizingIdentifierHelperImpl : Normalizing identifier quoting [totalCost]
2025-03-29T19:22:34.741-03:00 DEBUG 90214 --- [backend] [           main] o.h.boot.model.internal.PropertyBinder   : Building property totalCost
2025-03-29T19:22:34.741-03:00 TRACE 90214 --- [backend] [           main] o.h.boot.model.internal.PropertyBinder   : Cascading totalCost with null
2025-03-29T19:22:34.741-03:00 DEBUG 90214 --- [backend] [           main] o.h.b.r.c.i.ClassLoaderServiceImpl       : HHH000194: Package not found or no package-info.java: com.duoc.backend.Invoice
2025-03-29T19:22:34.741-03:00 DEBUG 90214 --- [backend] [           main] o.h.boot.model.internal.EntityBinder     : Binding entity from annotated class: com.duoc.backend.Medication.Medication
2025-03-29T19:22:34.741-03:00 DEBUG 90214 --- [backend] [           main] o.h.boot.model.internal.EntityBinder     : Import with entity name Medication
2025-03-29T19:22:34.741-03:00 TRACE 90214 --- [backend] [           main] o.h.b.i.InFlightMetadataCollectorImpl    : Import: Medication -> com.duoc.backend.Medication.Medication
2025-03-29T19:22:34.741-03:00 TRACE 90214 --- [backend] [           main] o.h.b.i.InFlightMetadataCollectorImpl    : Import: com.duoc.backend.Medication.Medication -> com.duoc.backend.Medication.Medication
2025-03-29T19:22:34.741-03:00 TRACE 90214 --- [backend] [           main] .e.j.e.i.NormalizingIdentifierHelperImpl : Normalizing identifier quoting [Medication]
2025-03-29T19:22:34.741-03:00 TRACE 90214 --- [backend] [           main] .e.j.e.i.NormalizingIdentifierHelperImpl : Normalizing identifier quoting [Medication]
2025-03-29T19:22:34.741-03:00 DEBUG 90214 --- [backend] [           main] o.h.boot.model.internal.EntityBinder     : Bind entity com.duoc.backend.Medication.Medication on table medication
2025-03-29T19:22:34.742-03:00 TRACE 90214 --- [backend] [           main] .e.j.e.i.NormalizingIdentifierHelperImpl : Normalizing identifier quoting [DTYPE]
2025-03-29T19:22:34.742-03:00 DEBUG 90214 --- [backend] [           main] o.h.boot.model.internal.AnnotatedColumn  : Binding column: AnnotatedDiscriminatorColumn(column='DTYPE')
2025-03-29T19:22:34.742-03:00 TRACE 90214 --- [backend] [           main] o.h.boot.model.internal.PropertyBinder   : Processing annotations of com.duoc.backend.Medication.Medication.id
2025-03-29T19:22:34.742-03:00 TRACE 90214 --- [backend] [           main] .e.j.e.i.NormalizingIdentifierHelperImpl : Normalizing identifier quoting [id]
2025-03-29T19:22:34.742-03:00 TRACE 90214 --- [backend] [           main] .e.j.e.i.NormalizingIdentifierHelperImpl : Normalizing identifier quoting [id]
2025-03-29T19:22:34.742-03:00 DEBUG 90214 --- [backend] [           main] o.h.boot.model.internal.AnnotatedColumn  : Binding column: AnnotatedColumn()
2025-03-29T19:22:34.742-03:00 DEBUG 90214 --- [backend] [           main] o.h.boot.internal.ClassLoaderAccessImpl  : Not known whether passed class name [com.duoc.backend.Medication.Medication] is safe
2025-03-29T19:22:34.742-03:00 DEBUG 90214 --- [backend] [           main] o.h.boot.internal.ClassLoaderAccessImpl  : No temp ClassLoader provided; using live ClassLoader for loading potentially unsafe class : com.duoc.backend.Medication.Medication
2025-03-29T19:22:34.742-03:00 DEBUG 90214 --- [backend] [           main] o.h.boot.model.internal.PropertyBinder   : MetadataSourceProcessor property id with lazy=false
2025-03-29T19:22:34.742-03:00 DEBUG 90214 --- [backend] [           main] o.h.b.m.internal.AbstractPropertyHolder  : Attempting to locate auto-apply AttributeConverter for property [com.duoc.backend.Medication.Medication:id]
2025-03-29T19:22:34.742-03:00 DEBUG 90214 --- [backend] [           main] o.h.b.model.internal.BasicValueBinder    : building BasicValue for id
2025-03-29T19:22:34.742-03:00 DEBUG 90214 --- [backend] [           main] org.hibernate.mapping.BasicValue         : Skipping column re-registration: medication.id
2025-03-29T19:22:34.742-03:00 TRACE 90214 --- [backend] [           main] .e.j.e.i.NormalizingIdentifierHelperImpl : Normalizing identifier quoting [id]
2025-03-29T19:22:34.742-03:00 TRACE 90214 --- [backend] [           main] .e.j.e.i.NormalizingIdentifierHelperImpl : Normalizing identifier quoting [id]
2025-03-29T19:22:34.742-03:00 TRACE 90214 --- [backend] [           main] .e.j.e.i.NormalizingIdentifierHelperImpl : Normalizing identifier quoting [id]
2025-03-29T19:22:34.742-03:00 DEBUG 90214 --- [backend] [           main] o.h.boot.model.internal.PropertyBinder   : Building property id
2025-03-29T19:22:34.742-03:00 TRACE 90214 --- [backend] [           main] o.h.boot.model.internal.PropertyBinder   : Cascading id with null
2025-03-29T19:22:34.742-03:00 DEBUG 90214 --- [backend] [           main] o.h.boot.model.internal.BinderHelper     : #makeIdGenerator(BasicValue([Column(id)]), id, org.hibernate.id.enhanced.SequenceStyleGenerator, , ...)
2025-03-29T19:22:34.742-03:00 TRACE 90214 --- [backend] [           main] o.h.boot.model.internal.PropertyBinder   : Bind @Id on id
2025-03-29T19:22:34.742-03:00 TRACE 90214 --- [backend] [           main] o.h.boot.model.internal.PropertyBinder   : Processing annotations of com.duoc.backend.Medication.Medication.cost
2025-03-29T19:22:34.742-03:00 TRACE 90214 --- [backend] [           main] .e.j.e.i.NormalizingIdentifierHelperImpl : Normalizing identifier quoting [cost]
2025-03-29T19:22:34.742-03:00 TRACE 90214 --- [backend] [           main] .e.j.e.i.NormalizingIdentifierHelperImpl : Normalizing identifier quoting [cost]
2025-03-29T19:22:34.742-03:00 DEBUG 90214 --- [backend] [           main] o.h.boot.model.internal.AnnotatedColumn  : Binding column: AnnotatedColumn()
2025-03-29T19:22:34.742-03:00 DEBUG 90214 --- [backend] [           main] o.h.boot.model.internal.PropertyBinder   : MetadataSourceProcessor property cost with lazy=false
2025-03-29T19:22:34.742-03:00 DEBUG 90214 --- [backend] [           main] o.h.b.m.internal.AbstractPropertyHolder  : Attempting to locate auto-apply AttributeConverter for property [com.duoc.backend.Medication.Medication:cost]
2025-03-29T19:22:34.742-03:00 DEBUG 90214 --- [backend] [           main] o.h.b.model.internal.BasicValueBinder    : building BasicValue for cost
2025-03-29T19:22:34.742-03:00 DEBUG 90214 --- [backend] [           main] org.hibernate.mapping.BasicValue         : Skipping column re-registration: medication.cost
2025-03-29T19:22:34.742-03:00 TRACE 90214 --- [backend] [           main] .e.j.e.i.NormalizingIdentifierHelperImpl : Normalizing identifier quoting [cost]
2025-03-29T19:22:34.742-03:00 TRACE 90214 --- [backend] [           main] .e.j.e.i.NormalizingIdentifierHelperImpl : Normalizing identifier quoting [cost]
2025-03-29T19:22:34.742-03:00 TRACE 90214 --- [backend] [           main] .e.j.e.i.NormalizingIdentifierHelperImpl : Normalizing identifier quoting [cost]
2025-03-29T19:22:34.742-03:00 DEBUG 90214 --- [backend] [           main] o.h.boot.model.internal.PropertyBinder   : Building property cost
2025-03-29T19:22:34.742-03:00 TRACE 90214 --- [backend] [           main] o.h.boot.model.internal.PropertyBinder   : Cascading cost with null
2025-03-29T19:22:34.743-03:00 TRACE 90214 --- [backend] [           main] o.h.boot.model.internal.PropertyBinder   : Processing annotations of com.duoc.backend.Medication.Medication.name
2025-03-29T19:22:34.743-03:00 TRACE 90214 --- [backend] [           main] .e.j.e.i.NormalizingIdentifierHelperImpl : Normalizing identifier quoting [name]
2025-03-29T19:22:34.743-03:00 TRACE 90214 --- [backend] [           main] .e.j.e.i.NormalizingIdentifierHelperImpl : Normalizing identifier quoting [name]
2025-03-29T19:22:34.743-03:00 DEBUG 90214 --- [backend] [           main] o.h.boot.model.internal.AnnotatedColumn  : Binding column: AnnotatedColumn()
2025-03-29T19:22:34.743-03:00 DEBUG 90214 --- [backend] [           main] o.h.boot.model.internal.PropertyBinder   : MetadataSourceProcessor property name with lazy=false
2025-03-29T19:22:34.743-03:00 DEBUG 90214 --- [backend] [           main] o.h.b.m.internal.AbstractPropertyHolder  : Attempting to locate auto-apply AttributeConverter for property [com.duoc.backend.Medication.Medication:name]
2025-03-29T19:22:34.743-03:00 DEBUG 90214 --- [backend] [           main] o.h.b.model.internal.BasicValueBinder    : building BasicValue for name
2025-03-29T19:22:34.743-03:00 DEBUG 90214 --- [backend] [           main] org.hibernate.mapping.BasicValue         : Skipping column re-registration: medication.name
2025-03-29T19:22:34.743-03:00 TRACE 90214 --- [backend] [           main] .e.j.e.i.NormalizingIdentifierHelperImpl : Normalizing identifier quoting [name]
2025-03-29T19:22:34.743-03:00 TRACE 90214 --- [backend] [           main] .e.j.e.i.NormalizingIdentifierHelperImpl : Normalizing identifier quoting [name]
2025-03-29T19:22:34.743-03:00 TRACE 90214 --- [backend] [           main] .e.j.e.i.NormalizingIdentifierHelperImpl : Normalizing identifier quoting [name]
2025-03-29T19:22:34.743-03:00 DEBUG 90214 --- [backend] [           main] o.h.boot.model.internal.PropertyBinder   : Building property name
2025-03-29T19:22:34.743-03:00 TRACE 90214 --- [backend] [           main] o.h.boot.model.internal.PropertyBinder   : Cascading name with null
2025-03-29T19:22:34.743-03:00 DEBUG 90214 --- [backend] [           main] o.h.b.r.c.i.ClassLoaderServiceImpl       : HHH000194: Package not found or no package-info.java: com.duoc.backend.Medication
2025-03-29T19:22:34.743-03:00 DEBUG 90214 --- [backend] [           main] o.h.boot.model.internal.EntityBinder     : Binding entity from annotated class: com.duoc.backend.Patient.Patient
2025-03-29T19:22:34.743-03:00 DEBUG 90214 --- [backend] [           main] o.h.boot.model.internal.EntityBinder     : Import with entity name Patient
2025-03-29T19:22:34.743-03:00 TRACE 90214 --- [backend] [           main] o.h.b.i.InFlightMetadataCollectorImpl    : Import: Patient -> com.duoc.backend.Patient.Patient
2025-03-29T19:22:34.743-03:00 TRACE 90214 --- [backend] [           main] o.h.b.i.InFlightMetadataCollectorImpl    : Import: com.duoc.backend.Patient.Patient -> com.duoc.backend.Patient.Patient
2025-03-29T19:22:34.743-03:00 TRACE 90214 --- [backend] [           main] .e.j.e.i.NormalizingIdentifierHelperImpl : Normalizing identifier quoting [Patient]
2025-03-29T19:22:34.743-03:00 TRACE 90214 --- [backend] [           main] .e.j.e.i.NormalizingIdentifierHelperImpl : Normalizing identifier quoting [Patient]
2025-03-29T19:22:34.743-03:00 DEBUG 90214 --- [backend] [           main] o.h.boot.model.internal.EntityBinder     : Bind entity com.duoc.backend.Patient.Patient on table patient
2025-03-29T19:22:34.743-03:00 TRACE 90214 --- [backend] [           main] .e.j.e.i.NormalizingIdentifierHelperImpl : Normalizing identifier quoting [DTYPE]
2025-03-29T19:22:34.743-03:00 DEBUG 90214 --- [backend] [           main] o.h.boot.model.internal.AnnotatedColumn  : Binding column: AnnotatedDiscriminatorColumn(column='DTYPE')
2025-03-29T19:22:34.744-03:00 TRACE 90214 --- [backend] [           main] o.h.boot.model.internal.PropertyBinder   : Processing annotations of com.duoc.backend.Patient.Patient.id
2025-03-29T19:22:34.744-03:00 TRACE 90214 --- [backend] [           main] .e.j.e.i.NormalizingIdentifierHelperImpl : Normalizing identifier quoting [id]
2025-03-29T19:22:34.744-03:00 TRACE 90214 --- [backend] [           main] .e.j.e.i.NormalizingIdentifierHelperImpl : Normalizing identifier quoting [id]
2025-03-29T19:22:34.744-03:00 DEBUG 90214 --- [backend] [           main] o.h.boot.model.internal.AnnotatedColumn  : Binding column: AnnotatedColumn()
2025-03-29T19:22:34.744-03:00 DEBUG 90214 --- [backend] [           main] o.h.boot.internal.ClassLoaderAccessImpl  : Not known whether passed class name [com.duoc.backend.Patient.Patient] is safe
2025-03-29T19:22:34.744-03:00 DEBUG 90214 --- [backend] [           main] o.h.boot.internal.ClassLoaderAccessImpl  : No temp ClassLoader provided; using live ClassLoader for loading potentially unsafe class : com.duoc.backend.Patient.Patient
2025-03-29T19:22:34.744-03:00 DEBUG 90214 --- [backend] [           main] o.h.boot.model.internal.PropertyBinder   : MetadataSourceProcessor property id with lazy=false
2025-03-29T19:22:34.744-03:00 DEBUG 90214 --- [backend] [           main] o.h.b.m.internal.AbstractPropertyHolder  : Attempting to locate auto-apply AttributeConverter for property [com.duoc.backend.Patient.Patient:id]
2025-03-29T19:22:34.744-03:00 DEBUG 90214 --- [backend] [           main] o.h.b.model.internal.BasicValueBinder    : building BasicValue for id
2025-03-29T19:22:34.744-03:00 DEBUG 90214 --- [backend] [           main] org.hibernate.mapping.BasicValue         : Skipping column re-registration: patient.id
2025-03-29T19:22:34.744-03:00 TRACE 90214 --- [backend] [           main] .e.j.e.i.NormalizingIdentifierHelperImpl : Normalizing identifier quoting [id]
2025-03-29T19:22:34.744-03:00 TRACE 90214 --- [backend] [           main] .e.j.e.i.NormalizingIdentifierHelperImpl : Normalizing identifier quoting [id]
2025-03-29T19:22:34.744-03:00 TRACE 90214 --- [backend] [           main] .e.j.e.i.NormalizingIdentifierHelperImpl : Normalizing identifier quoting [id]
2025-03-29T19:22:34.744-03:00 DEBUG 90214 --- [backend] [           main] o.h.boot.model.internal.PropertyBinder   : Building property id
2025-03-29T19:22:34.744-03:00 TRACE 90214 --- [backend] [           main] o.h.boot.model.internal.PropertyBinder   : Cascading id with null
2025-03-29T19:22:34.744-03:00 DEBUG 90214 --- [backend] [           main] o.h.boot.model.internal.BinderHelper     : #makeIdGenerator(BasicValue([Column(id)]), id, org.hibernate.id.enhanced.SequenceStyleGenerator, , ...)
2025-03-29T19:22:34.744-03:00 TRACE 90214 --- [backend] [           main] o.h.boot.model.internal.PropertyBinder   : Bind @Id on id
2025-03-29T19:22:34.744-03:00 TRACE 90214 --- [backend] [           main] o.h.boot.model.internal.PropertyBinder   : Processing annotations of com.duoc.backend.Patient.Patient.age
2025-03-29T19:22:34.744-03:00 TRACE 90214 --- [backend] [           main] .e.j.e.i.NormalizingIdentifierHelperImpl : Normalizing identifier quoting [age]
2025-03-29T19:22:34.744-03:00 TRACE 90214 --- [backend] [           main] .e.j.e.i.NormalizingIdentifierHelperImpl : Normalizing identifier quoting [age]
2025-03-29T19:22:34.744-03:00 DEBUG 90214 --- [backend] [           main] o.h.boot.model.internal.AnnotatedColumn  : Binding column: AnnotatedColumn()
2025-03-29T19:22:34.744-03:00 DEBUG 90214 --- [backend] [           main] o.h.boot.model.internal.PropertyBinder   : MetadataSourceProcessor property age with lazy=false
2025-03-29T19:22:34.744-03:00 DEBUG 90214 --- [backend] [           main] o.h.b.m.internal.AbstractPropertyHolder  : Attempting to locate auto-apply AttributeConverter for property [com.duoc.backend.Patient.Patient:age]
2025-03-29T19:22:34.744-03:00 DEBUG 90214 --- [backend] [           main] o.h.b.model.internal.BasicValueBinder    : building BasicValue for age
2025-03-29T19:22:34.744-03:00 DEBUG 90214 --- [backend] [           main] org.hibernate.mapping.BasicValue         : Skipping column re-registration: patient.age
2025-03-29T19:22:34.744-03:00 TRACE 90214 --- [backend] [           main] .e.j.e.i.NormalizingIdentifierHelperImpl : Normalizing identifier quoting [age]
2025-03-29T19:22:34.744-03:00 TRACE 90214 --- [backend] [           main] .e.j.e.i.NormalizingIdentifierHelperImpl : Normalizing identifier quoting [age]
2025-03-29T19:22:34.744-03:00 TRACE 90214 --- [backend] [           main] .e.j.e.i.NormalizingIdentifierHelperImpl : Normalizing identifier quoting [age]
2025-03-29T19:22:34.744-03:00 DEBUG 90214 --- [backend] [           main] o.h.boot.model.internal.PropertyBinder   : Building property age
2025-03-29T19:22:34.744-03:00 TRACE 90214 --- [backend] [           main] o.h.boot.model.internal.PropertyBinder   : Cascading age with null
2025-03-29T19:22:34.744-03:00 TRACE 90214 --- [backend] [           main] o.h.boot.model.internal.PropertyBinder   : Processing annotations of com.duoc.backend.Patient.Patient.breed
2025-03-29T19:22:34.744-03:00 TRACE 90214 --- [backend] [           main] .e.j.e.i.NormalizingIdentifierHelperImpl : Normalizing identifier quoting [breed]
2025-03-29T19:22:34.744-03:00 TRACE 90214 --- [backend] [           main] .e.j.e.i.NormalizingIdentifierHelperImpl : Normalizing identifier quoting [breed]
2025-03-29T19:22:34.744-03:00 DEBUG 90214 --- [backend] [           main] o.h.boot.model.internal.AnnotatedColumn  : Binding column: AnnotatedColumn()
2025-03-29T19:22:34.745-03:00 DEBUG 90214 --- [backend] [           main] o.h.boot.model.internal.PropertyBinder   : MetadataSourceProcessor property breed with lazy=false
2025-03-29T19:22:34.745-03:00 DEBUG 90214 --- [backend] [           main] o.h.b.m.internal.AbstractPropertyHolder  : Attempting to locate auto-apply AttributeConverter for property [com.duoc.backend.Patient.Patient:breed]
2025-03-29T19:22:34.745-03:00 DEBUG 90214 --- [backend] [           main] o.h.b.model.internal.BasicValueBinder    : building BasicValue for breed
2025-03-29T19:22:34.745-03:00 DEBUG 90214 --- [backend] [           main] org.hibernate.mapping.BasicValue         : Skipping column re-registration: patient.breed
2025-03-29T19:22:34.745-03:00 TRACE 90214 --- [backend] [           main] .e.j.e.i.NormalizingIdentifierHelperImpl : Normalizing identifier quoting [breed]
2025-03-29T19:22:34.745-03:00 TRACE 90214 --- [backend] [           main] .e.j.e.i.NormalizingIdentifierHelperImpl : Normalizing identifier quoting [breed]
2025-03-29T19:22:34.745-03:00 TRACE 90214 --- [backend] [           main] .e.j.e.i.NormalizingIdentifierHelperImpl : Normalizing identifier quoting [breed]
2025-03-29T19:22:34.745-03:00 DEBUG 90214 --- [backend] [           main] o.h.boot.model.internal.PropertyBinder   : Building property breed
2025-03-29T19:22:34.745-03:00 TRACE 90214 --- [backend] [           main] o.h.boot.model.internal.PropertyBinder   : Cascading breed with null
2025-03-29T19:22:34.745-03:00 TRACE 90214 --- [backend] [           main] o.h.boot.model.internal.PropertyBinder   : Processing annotations of com.duoc.backend.Patient.Patient.name
2025-03-29T19:22:34.745-03:00 TRACE 90214 --- [backend] [           main] .e.j.e.i.NormalizingIdentifierHelperImpl : Normalizing identifier quoting [name]
2025-03-29T19:22:34.745-03:00 TRACE 90214 --- [backend] [           main] .e.j.e.i.NormalizingIdentifierHelperImpl : Normalizing identifier quoting [name]
2025-03-29T19:22:34.745-03:00 DEBUG 90214 --- [backend] [           main] o.h.boot.model.internal.AnnotatedColumn  : Binding column: AnnotatedColumn()
2025-03-29T19:22:34.745-03:00 DEBUG 90214 --- [backend] [           main] o.h.boot.model.internal.PropertyBinder   : MetadataSourceProcessor property name with lazy=false
2025-03-29T19:22:34.745-03:00 DEBUG 90214 --- [backend] [           main] o.h.b.m.internal.AbstractPropertyHolder  : Attempting to locate auto-apply AttributeConverter for property [com.duoc.backend.Patient.Patient:name]
2025-03-29T19:22:34.745-03:00 DEBUG 90214 --- [backend] [           main] o.h.b.model.internal.BasicValueBinder    : building BasicValue for name
2025-03-29T19:22:34.745-03:00 DEBUG 90214 --- [backend] [           main] org.hibernate.mapping.BasicValue         : Skipping column re-registration: patient.name
2025-03-29T19:22:34.745-03:00 TRACE 90214 --- [backend] [           main] .e.j.e.i.NormalizingIdentifierHelperImpl : Normalizing identifier quoting [name]
2025-03-29T19:22:34.745-03:00 TRACE 90214 --- [backend] [           main] .e.j.e.i.NormalizingIdentifierHelperImpl : Normalizing identifier quoting [name]
2025-03-29T19:22:34.745-03:00 TRACE 90214 --- [backend] [           main] .e.j.e.i.NormalizingIdentifierHelperImpl : Normalizing identifier quoting [name]
2025-03-29T19:22:34.745-03:00 DEBUG 90214 --- [backend] [           main] o.h.boot.model.internal.PropertyBinder   : Building property name
2025-03-29T19:22:34.745-03:00 TRACE 90214 --- [backend] [           main] o.h.boot.model.internal.PropertyBinder   : Cascading name with null
2025-03-29T19:22:34.745-03:00 TRACE 90214 --- [backend] [           main] o.h.boot.model.internal.PropertyBinder   : Processing annotations of com.duoc.backend.Patient.Patient.owner
2025-03-29T19:22:34.746-03:00 TRACE 90214 --- [backend] [           main] .e.j.e.i.NormalizingIdentifierHelperImpl : Normalizing identifier quoting [owner]
2025-03-29T19:22:34.746-03:00 TRACE 90214 --- [backend] [           main] .e.j.e.i.NormalizingIdentifierHelperImpl : Normalizing identifier quoting [owner]
2025-03-29T19:22:34.746-03:00 DEBUG 90214 --- [backend] [           main] o.h.boot.model.internal.AnnotatedColumn  : Binding column: AnnotatedColumn()
2025-03-29T19:22:34.746-03:00 DEBUG 90214 --- [backend] [           main] o.h.boot.model.internal.PropertyBinder   : MetadataSourceProcessor property owner with lazy=false
2025-03-29T19:22:34.746-03:00 DEBUG 90214 --- [backend] [           main] o.h.b.m.internal.AbstractPropertyHolder  : Attempting to locate auto-apply AttributeConverter for property [com.duoc.backend.Patient.Patient:owner]
2025-03-29T19:22:34.746-03:00 DEBUG 90214 --- [backend] [           main] o.h.b.model.internal.BasicValueBinder    : building BasicValue for owner
2025-03-29T19:22:34.746-03:00 DEBUG 90214 --- [backend] [           main] org.hibernate.mapping.BasicValue         : Skipping column re-registration: patient.owner
2025-03-29T19:22:34.746-03:00 TRACE 90214 --- [backend] [           main] .e.j.e.i.NormalizingIdentifierHelperImpl : Normalizing identifier quoting [owner]
2025-03-29T19:22:34.746-03:00 TRACE 90214 --- [backend] [           main] .e.j.e.i.NormalizingIdentifierHelperImpl : Normalizing identifier quoting [owner]
2025-03-29T19:22:34.746-03:00 TRACE 90214 --- [backend] [           main] .e.j.e.i.NormalizingIdentifierHelperImpl : Normalizing identifier quoting [owner]
2025-03-29T19:22:34.746-03:00 DEBUG 90214 --- [backend] [           main] o.h.boot.model.internal.PropertyBinder   : Building property owner
2025-03-29T19:22:34.746-03:00 TRACE 90214 --- [backend] [           main] o.h.boot.model.internal.PropertyBinder   : Cascading owner with null
2025-03-29T19:22:34.746-03:00 TRACE 90214 --- [backend] [           main] o.h.boot.model.internal.PropertyBinder   : Processing annotations of com.duoc.backend.Patient.Patient.species
2025-03-29T19:22:34.746-03:00 TRACE 90214 --- [backend] [           main] .e.j.e.i.NormalizingIdentifierHelperImpl : Normalizing identifier quoting [species]
2025-03-29T19:22:34.746-03:00 TRACE 90214 --- [backend] [           main] .e.j.e.i.NormalizingIdentifierHelperImpl : Normalizing identifier quoting [species]
2025-03-29T19:22:34.746-03:00 DEBUG 90214 --- [backend] [           main] o.h.boot.model.internal.AnnotatedColumn  : Binding column: AnnotatedColumn()
2025-03-29T19:22:34.746-03:00 DEBUG 90214 --- [backend] [           main] o.h.boot.model.internal.PropertyBinder   : MetadataSourceProcessor property species with lazy=false
2025-03-29T19:22:34.746-03:00 DEBUG 90214 --- [backend] [           main] o.h.b.m.internal.AbstractPropertyHolder  : Attempting to locate auto-apply AttributeConverter for property [com.duoc.backend.Patient.Patient:species]
2025-03-29T19:22:34.746-03:00 DEBUG 90214 --- [backend] [           main] o.h.b.model.internal.BasicValueBinder    : building BasicValue for species
2025-03-29T19:22:34.746-03:00 DEBUG 90214 --- [backend] [           main] org.hibernate.mapping.BasicValue         : Skipping column re-registration: patient.species
2025-03-29T19:22:34.746-03:00 TRACE 90214 --- [backend] [           main] .e.j.e.i.NormalizingIdentifierHelperImpl : Normalizing identifier quoting [species]
2025-03-29T19:22:34.747-03:00 TRACE 90214 --- [backend] [           main] .e.j.e.i.NormalizingIdentifierHelperImpl : Normalizing identifier quoting [species]
2025-03-29T19:22:34.747-03:00 TRACE 90214 --- [backend] [           main] .e.j.e.i.NormalizingIdentifierHelperImpl : Normalizing identifier quoting [species]
2025-03-29T19:22:34.747-03:00 DEBUG 90214 --- [backend] [           main] o.h.boot.model.internal.PropertyBinder   : Building property species
2025-03-29T19:22:34.747-03:00 TRACE 90214 --- [backend] [           main] o.h.boot.model.internal.PropertyBinder   : Cascading species with null
2025-03-29T19:22:34.747-03:00 DEBUG 90214 --- [backend] [           main] o.h.b.r.c.i.ClassLoaderServiceImpl       : HHH000194: Package not found or no package-info.java: com.duoc.backend.Patient
2025-03-29T19:22:34.747-03:00 DEBUG 90214 --- [backend] [           main] o.h.boot.model.internal.EntityBinder     : Binding entity from annotated class: com.duoc.backend.User
2025-03-29T19:22:34.747-03:00 DEBUG 90214 --- [backend] [           main] o.h.boot.model.internal.EntityBinder     : Import with entity name User
2025-03-29T19:22:34.747-03:00 TRACE 90214 --- [backend] [           main] o.h.b.i.InFlightMetadataCollectorImpl    : Import: User -> com.duoc.backend.User
2025-03-29T19:22:34.747-03:00 TRACE 90214 --- [backend] [           main] o.h.b.i.InFlightMetadataCollectorImpl    : Import: com.duoc.backend.User -> com.duoc.backend.User
2025-03-29T19:22:34.747-03:00 TRACE 90214 --- [backend] [           main] .e.j.e.i.NormalizingIdentifierHelperImpl : Normalizing identifier quoting [User]
2025-03-29T19:22:34.747-03:00 TRACE 90214 --- [backend] [           main] .e.j.e.i.NormalizingIdentifierHelperImpl : Normalizing identifier quoting [User]
2025-03-29T19:22:34.747-03:00 DEBUG 90214 --- [backend] [           main] o.h.boot.model.internal.EntityBinder     : Bind entity com.duoc.backend.User on table user
2025-03-29T19:22:34.747-03:00 TRACE 90214 --- [backend] [           main] .e.j.e.i.NormalizingIdentifierHelperImpl : Normalizing identifier quoting [DTYPE]
2025-03-29T19:22:34.747-03:00 DEBUG 90214 --- [backend] [           main] o.h.boot.model.internal.AnnotatedColumn  : Binding column: AnnotatedDiscriminatorColumn(column='DTYPE')
2025-03-29T19:22:34.747-03:00 TRACE 90214 --- [backend] [           main] o.h.boot.model.internal.PropertyBinder   : Processing annotations of com.duoc.backend.User.id
2025-03-29T19:22:34.747-03:00 TRACE 90214 --- [backend] [           main] .e.j.e.i.NormalizingIdentifierHelperImpl : Normalizing identifier quoting [id]
2025-03-29T19:22:34.747-03:00 TRACE 90214 --- [backend] [           main] .e.j.e.i.NormalizingIdentifierHelperImpl : Normalizing identifier quoting [id]
2025-03-29T19:22:34.748-03:00 DEBUG 90214 --- [backend] [           main] o.h.boot.model.internal.AnnotatedColumn  : Binding column: AnnotatedColumn()
2025-03-29T19:22:34.748-03:00 DEBUG 90214 --- [backend] [           main] o.h.boot.internal.ClassLoaderAccessImpl  : Not known whether passed class name [com.duoc.backend.User] is safe
2025-03-29T19:22:34.748-03:00 DEBUG 90214 --- [backend] [           main] o.h.boot.internal.ClassLoaderAccessImpl  : No temp ClassLoader provided; using live ClassLoader for loading potentially unsafe class : com.duoc.backend.User
2025-03-29T19:22:34.748-03:00 DEBUG 90214 --- [backend] [           main] o.h.boot.model.internal.PropertyBinder   : MetadataSourceProcessor property id with lazy=false
2025-03-29T19:22:34.748-03:00 DEBUG 90214 --- [backend] [           main] o.h.b.m.internal.AbstractPropertyHolder  : Attempting to locate auto-apply AttributeConverter for property [com.duoc.backend.User:id]
2025-03-29T19:22:34.748-03:00 DEBUG 90214 --- [backend] [           main] o.h.b.model.internal.BasicValueBinder    : building BasicValue for id
2025-03-29T19:22:34.748-03:00 DEBUG 90214 --- [backend] [           main] org.hibernate.mapping.BasicValue         : Skipping column re-registration: user.id
2025-03-29T19:22:34.748-03:00 TRACE 90214 --- [backend] [           main] .e.j.e.i.NormalizingIdentifierHelperImpl : Normalizing identifier quoting [id]
2025-03-29T19:22:34.748-03:00 TRACE 90214 --- [backend] [           main] .e.j.e.i.NormalizingIdentifierHelperImpl : Normalizing identifier quoting [id]
2025-03-29T19:22:34.748-03:00 TRACE 90214 --- [backend] [           main] .e.j.e.i.NormalizingIdentifierHelperImpl : Normalizing identifier quoting [id]
2025-03-29T19:22:34.748-03:00 DEBUG 90214 --- [backend] [           main] o.h.boot.model.internal.PropertyBinder   : Building property id
2025-03-29T19:22:34.748-03:00 TRACE 90214 --- [backend] [           main] o.h.boot.model.internal.PropertyBinder   : Cascading id with null
2025-03-29T19:22:34.748-03:00 DEBUG 90214 --- [backend] [           main] o.h.boot.model.internal.BinderHelper     : #makeIdGenerator(BasicValue([Column(id)]), id, org.hibernate.id.enhanced.SequenceStyleGenerator, , ...)
2025-03-29T19:22:34.748-03:00 TRACE 90214 --- [backend] [           main] o.h.boot.model.internal.PropertyBinder   : Bind @Id on id
2025-03-29T19:22:34.748-03:00 TRACE 90214 --- [backend] [           main] o.h.boot.model.internal.PropertyBinder   : Processing annotations of com.duoc.backend.User.email
2025-03-29T19:22:34.748-03:00 TRACE 90214 --- [backend] [           main] .e.j.e.i.NormalizingIdentifierHelperImpl : Normalizing identifier quoting [email]
2025-03-29T19:22:34.748-03:00 TRACE 90214 --- [backend] [           main] .e.j.e.i.NormalizingIdentifierHelperImpl : Normalizing identifier quoting [email]
2025-03-29T19:22:34.748-03:00 DEBUG 90214 --- [backend] [           main] o.h.boot.model.internal.AnnotatedColumn  : Binding column: AnnotatedColumn()
2025-03-29T19:22:34.748-03:00 DEBUG 90214 --- [backend] [           main] o.h.boot.model.internal.PropertyBinder   : MetadataSourceProcessor property email with lazy=false
2025-03-29T19:22:34.748-03:00 DEBUG 90214 --- [backend] [           main] o.h.b.m.internal.AbstractPropertyHolder  : Attempting to locate auto-apply AttributeConverter for property [com.duoc.backend.User:email]
2025-03-29T19:22:34.748-03:00 DEBUG 90214 --- [backend] [           main] o.h.b.model.internal.BasicValueBinder    : building BasicValue for email
2025-03-29T19:22:34.748-03:00 DEBUG 90214 --- [backend] [           main] org.hibernate.mapping.BasicValue         : Skipping column re-registration: user.email
2025-03-29T19:22:34.748-03:00 TRACE 90214 --- [backend] [           main] .e.j.e.i.NormalizingIdentifierHelperImpl : Normalizing identifier quoting [email]
2025-03-29T19:22:34.748-03:00 TRACE 90214 --- [backend] [           main] .e.j.e.i.NormalizingIdentifierHelperImpl : Normalizing identifier quoting [email]
2025-03-29T19:22:34.748-03:00 TRACE 90214 --- [backend] [           main] .e.j.e.i.NormalizingIdentifierHelperImpl : Normalizing identifier quoting [email]
2025-03-29T19:22:34.748-03:00 DEBUG 90214 --- [backend] [           main] o.h.boot.model.internal.PropertyBinder   : Building property email
2025-03-29T19:22:34.748-03:00 TRACE 90214 --- [backend] [           main] o.h.boot.model.internal.PropertyBinder   : Cascading email with null
2025-03-29T19:22:34.748-03:00 TRACE 90214 --- [backend] [           main] o.h.boot.model.internal.PropertyBinder   : Processing annotations of com.duoc.backend.User.password
2025-03-29T19:22:34.748-03:00 TRACE 90214 --- [backend] [           main] .e.j.e.i.NormalizingIdentifierHelperImpl : Normalizing identifier quoting [password]
2025-03-29T19:22:34.748-03:00 TRACE 90214 --- [backend] [           main] .e.j.e.i.NormalizingIdentifierHelperImpl : Normalizing identifier quoting [password]
2025-03-29T19:22:34.748-03:00 DEBUG 90214 --- [backend] [           main] o.h.boot.model.internal.AnnotatedColumn  : Binding column: AnnotatedColumn()
2025-03-29T19:22:34.748-03:00 DEBUG 90214 --- [backend] [           main] o.h.boot.model.internal.PropertyBinder   : MetadataSourceProcessor property password with lazy=false
2025-03-29T19:22:34.748-03:00 DEBUG 90214 --- [backend] [           main] o.h.b.m.internal.AbstractPropertyHolder  : Attempting to locate auto-apply AttributeConverter for property [com.duoc.backend.User:password]
2025-03-29T19:22:34.748-03:00 DEBUG 90214 --- [backend] [           main] o.h.b.model.internal.BasicValueBinder    : building BasicValue for password
2025-03-29T19:22:34.748-03:00 DEBUG 90214 --- [backend] [           main] org.hibernate.mapping.BasicValue         : Skipping column re-registration: user.password
2025-03-29T19:22:34.749-03:00 TRACE 90214 --- [backend] [           main] .e.j.e.i.NormalizingIdentifierHelperImpl : Normalizing identifier quoting [password]
2025-03-29T19:22:34.749-03:00 TRACE 90214 --- [backend] [           main] .e.j.e.i.NormalizingIdentifierHelperImpl : Normalizing identifier quoting [password]
2025-03-29T19:22:34.749-03:00 TRACE 90214 --- [backend] [           main] .e.j.e.i.NormalizingIdentifierHelperImpl : Normalizing identifier quoting [password]
2025-03-29T19:22:34.749-03:00 DEBUG 90214 --- [backend] [           main] o.h.boot.model.internal.PropertyBinder   : Building property password
2025-03-29T19:22:34.749-03:00 TRACE 90214 --- [backend] [           main] o.h.boot.model.internal.PropertyBinder   : Cascading password with null
2025-03-29T19:22:34.749-03:00 TRACE 90214 --- [backend] [           main] o.h.boot.model.internal.PropertyBinder   : Processing annotations of com.duoc.backend.User.username
2025-03-29T19:22:34.749-03:00 TRACE 90214 --- [backend] [           main] .e.j.e.i.NormalizingIdentifierHelperImpl : Normalizing identifier quoting [username]
2025-03-29T19:22:34.749-03:00 TRACE 90214 --- [backend] [           main] .e.j.e.i.NormalizingIdentifierHelperImpl : Normalizing identifier quoting [username]
2025-03-29T19:22:34.749-03:00 DEBUG 90214 --- [backend] [           main] o.h.boot.model.internal.AnnotatedColumn  : Binding column: AnnotatedColumn()
2025-03-29T19:22:34.749-03:00 DEBUG 90214 --- [backend] [           main] o.h.boot.model.internal.PropertyBinder   : MetadataSourceProcessor property username with lazy=false
2025-03-29T19:22:34.749-03:00 DEBUG 90214 --- [backend] [           main] o.h.b.m.internal.AbstractPropertyHolder  : Attempting to locate auto-apply AttributeConverter for property [com.duoc.backend.User:username]
2025-03-29T19:22:34.749-03:00 DEBUG 90214 --- [backend] [           main] o.h.b.model.internal.BasicValueBinder    : building BasicValue for username
2025-03-29T19:22:34.749-03:00 DEBUG 90214 --- [backend] [           main] org.hibernate.mapping.BasicValue         : Skipping column re-registration: user.username
2025-03-29T19:22:34.749-03:00 TRACE 90214 --- [backend] [           main] .e.j.e.i.NormalizingIdentifierHelperImpl : Normalizing identifier quoting [username]
2025-03-29T19:22:34.749-03:00 TRACE 90214 --- [backend] [           main] .e.j.e.i.NormalizingIdentifierHelperImpl : Normalizing identifier quoting [username]
2025-03-29T19:22:34.749-03:00 TRACE 90214 --- [backend] [           main] .e.j.e.i.NormalizingIdentifierHelperImpl : Normalizing identifier quoting [username]
2025-03-29T19:22:34.749-03:00 DEBUG 90214 --- [backend] [           main] o.h.boot.model.internal.PropertyBinder   : Building property username
2025-03-29T19:22:34.749-03:00 TRACE 90214 --- [backend] [           main] o.h.boot.model.internal.PropertyBinder   : Cascading username with null
2025-03-29T19:22:34.749-03:00 DEBUG 90214 --- [backend] [           main] o.h.b.r.c.i.ClassLoaderServiceImpl       : HHH000194: Package not found or no package-info.java: com.duoc.backend
2025-03-29T19:22:34.749-03:00 DEBUG 90214 --- [backend] [           main] o.h.b.model.internal.BasicValueBinder    : Starting `BasicValueBinder#fillSimpleValue` for id
2025-03-29T19:22:34.750-03:00 DEBUG 90214 --- [backend] [           main] o.h.b.model.internal.BasicValueBinder    : Starting `BasicValueBinder#fillSimpleValue` for date
2025-03-29T19:22:34.750-03:00 DEBUG 90214 --- [backend] [           main] o.h.b.model.internal.BasicValueBinder    : Starting `BasicValueBinder#fillSimpleValue` for reason
2025-03-29T19:22:34.750-03:00 DEBUG 90214 --- [backend] [           main] o.h.b.model.internal.BasicValueBinder    : Starting `BasicValueBinder#fillSimpleValue` for time
2025-03-29T19:22:34.750-03:00 DEBUG 90214 --- [backend] [           main] o.h.b.model.internal.BasicValueBinder    : Starting `BasicValueBinder#fillSimpleValue` for veterinarian
2025-03-29T19:22:34.750-03:00 DEBUG 90214 --- [backend] [           main] o.h.b.model.internal.BasicValueBinder    : Starting `BasicValueBinder#fillSimpleValue` for id
2025-03-29T19:22:34.750-03:00 DEBUG 90214 --- [backend] [           main] o.h.b.model.internal.BasicValueBinder    : Starting `BasicValueBinder#fillSimpleValue` for cost
2025-03-29T19:22:34.750-03:00 DEBUG 90214 --- [backend] [           main] o.h.b.model.internal.BasicValueBinder    : Starting `BasicValueBinder#fillSimpleValue` for name
2025-03-29T19:22:34.750-03:00 DEBUG 90214 --- [backend] [           main] o.h.b.model.internal.BasicValueBinder    : Starting `BasicValueBinder#fillSimpleValue` for id
2025-03-29T19:22:34.750-03:00 DEBUG 90214 --- [backend] [           main] o.h.b.model.internal.BasicValueBinder    : Starting `BasicValueBinder#fillSimpleValue` for date
2025-03-29T19:22:34.750-03:00 DEBUG 90214 --- [backend] [           main] o.h.b.model.internal.BasicValueBinder    : Starting `BasicValueBinder#fillSimpleValue` for patientName
2025-03-29T19:22:34.750-03:00 DEBUG 90214 --- [backend] [           main] o.h.b.model.internal.BasicValueBinder    : Starting `BasicValueBinder#fillSimpleValue` for time
2025-03-29T19:22:34.750-03:00 DEBUG 90214 --- [backend] [           main] o.h.b.model.internal.BasicValueBinder    : Starting `BasicValueBinder#fillSimpleValue` for totalCost
2025-03-29T19:22:34.750-03:00 DEBUG 90214 --- [backend] [           main] o.h.b.model.internal.BasicValueBinder    : Starting `BasicValueBinder#fillSimpleValue` for id
2025-03-29T19:22:34.750-03:00 DEBUG 90214 --- [backend] [           main] o.h.b.model.internal.BasicValueBinder    : Starting `BasicValueBinder#fillSimpleValue` for cost
2025-03-29T19:22:34.750-03:00 DEBUG 90214 --- [backend] [           main] o.h.b.model.internal.BasicValueBinder    : Starting `BasicValueBinder#fillSimpleValue` for name
2025-03-29T19:22:34.750-03:00 DEBUG 90214 --- [backend] [           main] o.h.b.model.internal.BasicValueBinder    : Starting `BasicValueBinder#fillSimpleValue` for id
2025-03-29T19:22:34.750-03:00 DEBUG 90214 --- [backend] [           main] o.h.b.model.internal.BasicValueBinder    : Starting `BasicValueBinder#fillSimpleValue` for age
2025-03-29T19:22:34.750-03:00 DEBUG 90214 --- [backend] [           main] o.h.b.model.internal.BasicValueBinder    : Starting `BasicValueBinder#fillSimpleValue` for breed
2025-03-29T19:22:34.750-03:00 DEBUG 90214 --- [backend] [           main] o.h.b.model.internal.BasicValueBinder    : Starting `BasicValueBinder#fillSimpleValue` for name
2025-03-29T19:22:34.750-03:00 DEBUG 90214 --- [backend] [           main] o.h.b.model.internal.BasicValueBinder    : Starting `BasicValueBinder#fillSimpleValue` for owner
2025-03-29T19:22:34.750-03:00 DEBUG 90214 --- [backend] [           main] o.h.b.model.internal.BasicValueBinder    : Starting `BasicValueBinder#fillSimpleValue` for species
2025-03-29T19:22:34.750-03:00 DEBUG 90214 --- [backend] [           main] o.h.b.model.internal.BasicValueBinder    : Starting `BasicValueBinder#fillSimpleValue` for id
2025-03-29T19:22:34.751-03:00 DEBUG 90214 --- [backend] [           main] o.h.b.model.internal.BasicValueBinder    : Starting `BasicValueBinder#fillSimpleValue` for email
2025-03-29T19:22:34.751-03:00 DEBUG 90214 --- [backend] [           main] o.h.b.model.internal.BasicValueBinder    : Starting `BasicValueBinder#fillSimpleValue` for password
2025-03-29T19:22:34.751-03:00 DEBUG 90214 --- [backend] [           main] o.h.b.model.internal.BasicValueBinder    : Starting `BasicValueBinder#fillSimpleValue` for username
2025-03-29T19:22:34.753-03:00 DEBUG 90214 --- [backend] [           main] org.hibernate.mapping.PrimaryKey         : Forcing column [id] to be non-null as it is part of the primary key for table [appointment]
2025-03-29T19:22:34.753-03:00 DEBUG 90214 --- [backend] [           main] org.hibernate.mapping.PrimaryKey         : Forcing column [id] to be non-null as it is part of the primary key for table [care]
2025-03-29T19:22:34.753-03:00 DEBUG 90214 --- [backend] [           main] org.hibernate.mapping.PrimaryKey         : Forcing column [id] to be non-null as it is part of the primary key for table [invoice]
2025-03-29T19:22:34.753-03:00 DEBUG 90214 --- [backend] [           main] org.hibernate.mapping.PrimaryKey         : Forcing column [id] to be non-null as it is part of the primary key for table [medication]
2025-03-29T19:22:34.753-03:00 DEBUG 90214 --- [backend] [           main] org.hibernate.mapping.PrimaryKey         : Forcing column [id] to be non-null as it is part of the primary key for table [patient]
2025-03-29T19:22:34.753-03:00 DEBUG 90214 --- [backend] [           main] org.hibernate.mapping.PrimaryKey         : Forcing column [id] to be non-null as it is part of the primary key for table [user]
2025-03-29T19:22:34.753-03:00 DEBUG 90214 --- [backend] [           main] o.h.b.m.internal.CollectionSecondPass    : Second pass for collection: com.duoc.backend.Invoice.Invoice.medications
2025-03-29T19:22:34.754-03:00 DEBUG 90214 --- [backend] [           main] o.h.b.model.internal.CollectionBinder    : Binding a ManyToMany: com.duoc.backend.Invoice.Invoice.medications
2025-03-29T19:22:34.754-03:00 TRACE 90214 --- [backend] [           main] .e.j.e.i.NormalizingIdentifierHelperImpl : Normalizing identifier quoting [null]
2025-03-29T19:22:34.754-03:00 TRACE 90214 --- [backend] [           main] .e.j.e.i.NormalizingIdentifierHelperImpl : Normalizing identifier quoting [invoice_medications]
2025-03-29T19:22:34.754-03:00 TRACE 90214 --- [backend] [           main] .e.j.e.i.NormalizingIdentifierHelperImpl : Normalizing identifier quoting [invoice_medications]
2025-03-29T19:22:34.754-03:00 DEBUG 90214 --- [backend] [           main] o.h.b.r.c.i.ClassLoaderServiceImpl       : HHH000194: Package not found or no package-info.java: com.duoc.backend.Invoice
2025-03-29T19:22:34.755-03:00 TRACE 90214 --- [backend] [           main] .e.j.e.i.NormalizingIdentifierHelperImpl : Normalizing identifier quoting [invoice_id]
2025-03-29T19:22:34.755-03:00 TRACE 90214 --- [backend] [           main] .e.j.e.i.NormalizingIdentifierHelperImpl : Normalizing identifier quoting [invoice_id]
2025-03-29T19:22:34.755-03:00 TRACE 90214 --- [backend] [           main] .e.j.e.i.NormalizingIdentifierHelperImpl : Normalizing identifier quoting [invoice_id]
2025-03-29T19:22:34.755-03:00 TRACE 90214 --- [backend] [           main] .e.j.e.i.NormalizingIdentifierHelperImpl : Normalizing identifier quoting [medication_id]
2025-03-29T19:22:34.755-03:00 TRACE 90214 --- [backend] [           main] .e.j.e.i.NormalizingIdentifierHelperImpl : Normalizing identifier quoting [medication_id]
2025-03-29T19:22:34.755-03:00 TRACE 90214 --- [backend] [           main] .e.j.e.i.NormalizingIdentifierHelperImpl : Normalizing identifier quoting [medication_id]
2025-03-29T19:22:34.757-03:00 DEBUG 90214 --- [backend] [           main] o.h.b.m.internal.CollectionSecondPass    : Mapped collection key: invoice_id, element: medication_id
2025-03-29T19:22:34.757-03:00 DEBUG 90214 --- [backend] [           main] o.h.b.m.internal.CollectionSecondPass    : Second pass for collection: com.duoc.backend.Invoice.Invoice.cares
2025-03-29T19:22:34.757-03:00 DEBUG 90214 --- [backend] [           main] o.h.b.model.internal.CollectionBinder    : Binding a ManyToMany: com.duoc.backend.Invoice.Invoice.cares
2025-03-29T19:22:34.757-03:00 TRACE 90214 --- [backend] [           main] .e.j.e.i.NormalizingIdentifierHelperImpl : Normalizing identifier quoting [null]
2025-03-29T19:22:34.757-03:00 TRACE 90214 --- [backend] [           main] .e.j.e.i.NormalizingIdentifierHelperImpl : Normalizing identifier quoting [invoice_cares]
2025-03-29T19:22:34.757-03:00 TRACE 90214 --- [backend] [           main] .e.j.e.i.NormalizingIdentifierHelperImpl : Normalizing identifier quoting [invoice_cares]
2025-03-29T19:22:34.757-03:00 DEBUG 90214 --- [backend] [           main] o.h.b.r.c.i.ClassLoaderServiceImpl       : HHH000194: Package not found or no package-info.java: com.duoc.backend.Invoice
2025-03-29T19:22:34.757-03:00 TRACE 90214 --- [backend] [           main] .e.j.e.i.NormalizingIdentifierHelperImpl : Normalizing identifier quoting [invoice_id]
2025-03-29T19:22:34.758-03:00 TRACE 90214 --- [backend] [           main] .e.j.e.i.NormalizingIdentifierHelperImpl : Normalizing identifier quoting [invoice_id]
2025-03-29T19:22:34.758-03:00 TRACE 90214 --- [backend] [           main] .e.j.e.i.NormalizingIdentifierHelperImpl : Normalizing identifier quoting [invoice_id]
2025-03-29T19:22:34.758-03:00 TRACE 90214 --- [backend] [           main] .e.j.e.i.NormalizingIdentifierHelperImpl : Normalizing identifier quoting [care_id]
2025-03-29T19:22:34.758-03:00 TRACE 90214 --- [backend] [           main] .e.j.e.i.NormalizingIdentifierHelperImpl : Normalizing identifier quoting [care_id]
2025-03-29T19:22:34.758-03:00 TRACE 90214 --- [backend] [           main] .e.j.e.i.NormalizingIdentifierHelperImpl : Normalizing identifier quoting [care_id]
2025-03-29T19:22:34.758-03:00 DEBUG 90214 --- [backend] [           main] o.h.b.m.internal.CollectionSecondPass    : Mapped collection key: invoice_id, element: care_id
2025-03-29T19:22:34.759-03:00 TRACE 90214 --- [backend] [           main] .e.j.e.i.NormalizingIdentifierHelperImpl : Normalizing identifier quoting [care_id]
2025-03-29T19:22:34.759-03:00 TRACE 90214 --- [backend] [           main] .e.j.e.i.NormalizingIdentifierHelperImpl : Normalizing identifier quoting [FKau8qu4t7d1osbj4ppqc5i8rt3]
2025-03-29T19:22:34.759-03:00 DEBUG 90214 --- [backend] [onnection adder] com.zaxxer.hikari.pool.HikariPool        : HikariPool-1 - Added connection com.mysql.cj.jdbc.ConnectionImpl@25519672
2025-03-29T19:22:34.759-03:00 TRACE 90214 --- [backend] [           main] .e.j.e.i.NormalizingIdentifierHelperImpl : Normalizing identifier quoting [invoice_id]
2025-03-29T19:22:34.759-03:00 TRACE 90214 --- [backend] [           main] .e.j.e.i.NormalizingIdentifierHelperImpl : Normalizing identifier quoting [FK462enuejhe9cpr95ort9dw2ge]
2025-03-29T19:22:34.759-03:00 TRACE 90214 --- [backend] [           main] .e.j.e.i.NormalizingIdentifierHelperImpl : Normalizing identifier quoting [medication_id]
2025-03-29T19:22:34.759-03:00 TRACE 90214 --- [backend] [           main] .e.j.e.i.NormalizingIdentifierHelperImpl : Normalizing identifier quoting [FK70p3bm50fy9tra0n95uviilxo]
2025-03-29T19:22:34.759-03:00 TRACE 90214 --- [backend] [           main] .e.j.e.i.NormalizingIdentifierHelperImpl : Normalizing identifier quoting [invoice_id]
2025-03-29T19:22:34.759-03:00 TRACE 90214 --- [backend] [           main] .e.j.e.i.NormalizingIdentifierHelperImpl : Normalizing identifier quoting [FKa6gx5dg1pt76eye9jwrcy2agv]
2025-03-29T19:22:34.763-03:00 TRACE 90214 --- [backend] [           main] .e.j.e.i.NormalizingIdentifierHelperImpl : Normalizing identifier quoting [care_id]
2025-03-29T19:22:34.764-03:00 TRACE 90214 --- [backend] [           main] .e.j.e.i.NormalizingIdentifierHelperImpl : Normalizing identifier quoting [invoice_id]
2025-03-29T19:22:34.764-03:00 TRACE 90214 --- [backend] [           main] .e.j.e.i.NormalizingIdentifierHelperImpl : Normalizing identifier quoting [medication_id]
2025-03-29T19:22:34.764-03:00 TRACE 90214 --- [backend] [           main] .e.j.e.i.NormalizingIdentifierHelperImpl : Normalizing identifier quoting [invoice_id]
2025-03-29T19:22:34.764-03:00 TRACE 90214 --- [backend] [           main] .e.j.e.i.NormalizingIdentifierHelperImpl : Normalizing identifier quoting [null]
2025-03-29T19:22:34.764-03:00 TRACE 90214 --- [backend] [           main] .e.j.e.i.NormalizingIdentifierHelperImpl : Normalizing identifier quoting [null]
2025-03-29T19:22:34.765-03:00 TRACE 90214 --- [backend] [           main] .e.j.e.i.NormalizingIdentifierHelperImpl : Normalizing identifier quoting [user_SEQ]
2025-03-29T19:22:34.765-03:00 TRACE 90214 --- [backend] [           main] .e.j.e.i.NormalizingIdentifierHelperImpl : Normalizing identifier quoting [next_val]
2025-03-29T19:22:34.767-03:00 TRACE 90214 --- [backend] [           main] o.hibernate.id.enhanced.PooledOptimizer  : Creating pooled optimizer with [incrementSize=50; returnClass=java.lang.Integer]
2025-03-29T19:22:34.767-03:00 TRACE 90214 --- [backend] [           main] .e.j.e.i.NormalizingIdentifierHelperImpl : Normalizing identifier quoting [null]
2025-03-29T19:22:34.767-03:00 TRACE 90214 --- [backend] [           main] .e.j.e.i.NormalizingIdentifierHelperImpl : Normalizing identifier quoting [null]
2025-03-29T19:22:34.767-03:00 TRACE 90214 --- [backend] [           main] .e.j.e.i.NormalizingIdentifierHelperImpl : Normalizing identifier quoting [appointment_SEQ]
2025-03-29T19:22:34.767-03:00 TRACE 90214 --- [backend] [           main] .e.j.e.i.NormalizingIdentifierHelperImpl : Normalizing identifier quoting [next_val]
2025-03-29T19:22:34.767-03:00 TRACE 90214 --- [backend] [           main] o.hibernate.id.enhanced.PooledOptimizer  : Creating pooled optimizer with [incrementSize=50; returnClass=java.lang.Long]
2025-03-29T19:22:34.767-03:00 TRACE 90214 --- [backend] [           main] .e.j.e.i.NormalizingIdentifierHelperImpl : Normalizing identifier quoting [null]
2025-03-29T19:22:34.767-03:00 TRACE 90214 --- [backend] [           main] .e.j.e.i.NormalizingIdentifierHelperImpl : Normalizing identifier quoting [null]
2025-03-29T19:22:34.767-03:00 TRACE 90214 --- [backend] [           main] .e.j.e.i.NormalizingIdentifierHelperImpl : Normalizing identifier quoting [patient_SEQ]
2025-03-29T19:22:34.767-03:00 TRACE 90214 --- [backend] [           main] .e.j.e.i.NormalizingIdentifierHelperImpl : Normalizing identifier quoting [next_val]
2025-03-29T19:22:34.767-03:00 TRACE 90214 --- [backend] [           main] o.hibernate.id.enhanced.PooledOptimizer  : Creating pooled optimizer with [incrementSize=50; returnClass=java.lang.Long]
2025-03-29T19:22:34.768-03:00 TRACE 90214 --- [backend] [           main] .e.j.e.i.NormalizingIdentifierHelperImpl : Normalizing identifier quoting [null]
2025-03-29T19:22:34.768-03:00 TRACE 90214 --- [backend] [           main] .e.j.e.i.NormalizingIdentifierHelperImpl : Normalizing identifier quoting [null]
2025-03-29T19:22:34.768-03:00 TRACE 90214 --- [backend] [           main] .e.j.e.i.NormalizingIdentifierHelperImpl : Normalizing identifier quoting [invoice_SEQ]
2025-03-29T19:22:34.768-03:00 TRACE 90214 --- [backend] [           main] .e.j.e.i.NormalizingIdentifierHelperImpl : Normalizing identifier quoting [next_val]
2025-03-29T19:22:34.768-03:00 TRACE 90214 --- [backend] [           main] o.hibernate.id.enhanced.PooledOptimizer  : Creating pooled optimizer with [incrementSize=50; returnClass=java.lang.Long]
2025-03-29T19:22:34.768-03:00 TRACE 90214 --- [backend] [           main] .e.j.e.i.NormalizingIdentifierHelperImpl : Normalizing identifier quoting [null]
2025-03-29T19:22:34.768-03:00 TRACE 90214 --- [backend] [           main] .e.j.e.i.NormalizingIdentifierHelperImpl : Normalizing identifier quoting [null]
2025-03-29T19:22:34.768-03:00 TRACE 90214 --- [backend] [           main] .e.j.e.i.NormalizingIdentifierHelperImpl : Normalizing identifier quoting [medication_SEQ]
2025-03-29T19:22:34.768-03:00 TRACE 90214 --- [backend] [           main] .e.j.e.i.NormalizingIdentifierHelperImpl : Normalizing identifier quoting [next_val]
2025-03-29T19:22:34.768-03:00 TRACE 90214 --- [backend] [           main] o.hibernate.id.enhanced.PooledOptimizer  : Creating pooled optimizer with [incrementSize=50; returnClass=java.lang.Long]
2025-03-29T19:22:34.768-03:00 TRACE 90214 --- [backend] [           main] .e.j.e.i.NormalizingIdentifierHelperImpl : Normalizing identifier quoting [null]
2025-03-29T19:22:34.768-03:00 TRACE 90214 --- [backend] [           main] .e.j.e.i.NormalizingIdentifierHelperImpl : Normalizing identifier quoting [null]
2025-03-29T19:22:34.768-03:00 TRACE 90214 --- [backend] [           main] .e.j.e.i.NormalizingIdentifierHelperImpl : Normalizing identifier quoting [care_SEQ]
2025-03-29T19:22:34.768-03:00 TRACE 90214 --- [backend] [           main] .e.j.e.i.NormalizingIdentifierHelperImpl : Normalizing identifier quoting [next_val]
2025-03-29T19:22:34.768-03:00 TRACE 90214 --- [backend] [           main] o.hibernate.id.enhanced.PooledOptimizer  : Creating pooled optimizer with [incrementSize=50; returnClass=java.lang.Long]
2025-03-29T19:22:34.769-03:00 TRACE 90214 --- [backend] [           main] o.h.s.i.AbstractServiceRegistryImpl      : Initializing service [role=org.hibernate.boot.spi.SessionFactoryBuilderService]
2025-03-29T19:22:34.779-03:00 TRACE 90214 --- [backend] [           main] o.h.s.i.AbstractServiceRegistryImpl      : Initializing service [role=org.hibernate.engine.jdbc.connections.spi.MultiTenantConnectionProvider]
2025-03-29T19:22:34.779-03:00 TRACE 90214 --- [backend] [           main] org.hibernate.loader.BatchFetchStyle     : Interpreting BatchFetchStyle from setting : null
2025-03-29T19:22:34.780-03:00 TRACE 90214 --- [backend] [           main] o.h.s.i.AbstractServiceRegistryImpl      : Initializing service [role=org.hibernate.bytecode.spi.BytecodeProvider]
2025-03-29T19:22:34.791-03:00 DEBUG 90214 --- [backend] [           main] o.hibernate.internal.SessionFactoryImpl  : Building session factory
2025-03-29T19:22:34.792-03:00 TRACE 90214 --- [backend] [           main] o.h.s.i.AbstractServiceRegistryImpl      : Initializing service [role=org.hibernate.service.spi.SessionFactoryServiceRegistryFactory]
2025-03-29T19:22:34.794-03:00 DEBUG 90214 --- [backend] [onnection adder] com.zaxxer.hikari.pool.HikariPool        : HikariPool-1 - After adding stats (total=2, active=0, idle=2, waiting=0)
2025-03-29T19:22:34.809-03:00 DEBUG 90214 --- [backend] [           main] .h.s.i.SessionFactoryServiceRegistryImpl : EventListenerRegistry access via ServiceRegistry is deprecated.  Use `sessionFactory.getEventEngine().getListenerRegistry()` instead
2025-03-29T19:22:34.809-03:00 DEBUG 90214 --- [backend] [           main] o.hibernate.internal.SessionFactoryImpl  : Instantiating SessionFactory with settings: {java.specification.version=21, hibernate.resource.beans.container=org.springframework.orm.hibernate5.SpringBeanContainer@34652065, hibernate.connection.handling_mode=DELAYED_ACQUISITION_AND_HOLD, sun.jnu.encoding=UTF-8, hibernate.dialect=org.hibernate.dialect.MySQL8Dialect, hibernate.implicit_naming_strategy=org.springframework.boot.orm.jpa.hibernate.SpringImplicitNamingStrategy, java.class.path=/Users/christianalvarezlobos/personal/Duoc/2025-1/CDY2203/Semana 2/Backend/backend/target/test-classes:/Users/christianalvarezlobos/personal/Duoc/2025-1/CDY2203/Semana 2/Backend/backend/target/classes:/Users/christianalvarezlobos/.m2/repository/org/springframework/boot/spring-boot-starter-data-jpa/3.4.4/spring-boot-starter-data-jpa-3.4.4.jar:/Users/christianalvarezlobos/.m2/repository/org/springframework/boot/spring-boot-starter/3.4.4/spring-boot-starter-3.4.4.jar:/Users/christianalvarezlobos/.m2/repository/org/springframework/boot/spring-boot/3.4.4/spring-boot-3.4.4.jar:/Users/christianalvarezlobos/.m2/repository/org/springframework/boot/spring-boot-autoconfigure/3.4.4/spring-boot-autoconfigure-3.4.4.jar:/Users/christianalvarezlobos/.m2/repository/org/springframework/boot/spring-boot-starter-logging/3.4.4/spring-boot-starter-logging-3.4.4.jar:/Users/christianalvarezlobos/.m2/repository/ch/qos/logback/logback-classic/1.5.18/logback-classic-1.5.18.jar:/Users/christianalvarezlobos/.m2/repository/ch/qos/logback/logback-core/1.5.18/logback-core-1.5.18.jar:/Users/christianalvarezlobos/.m2/repository/org/apache/logging/log4j/log4j-to-slf4j/2.24.3/log4j-to-slf4j-2.24.3.jar:/Users/christianalvarezlobos/.m2/repository/org/apache/logging/log4j/log4j-api/2.24.3/log4j-api-2.24.3.jar:/Users/christianalvarezlobos/.m2/repository/org/slf4j/jul-to-slf4j/2.0.17/jul-to-slf4j-2.0.17.jar:/Users/christianalvarezlobos/.m2/repository/jakarta/annotation/jakarta.annotation-api/2.1.1/jakarta.annotation-api-2.1.1.jar:/Users/christianalvarezlobos/.m2/repository/org/yaml/snakeyaml/2.3/snakeyaml-2.3.jar:/Users/christianalvarezlobos/.m2/repository/org/springframework/boot/spring-boot-starter-jdbc/3.4.4/spring-boot-starter-jdbc-3.4.4.jar:/Users/christianalvarezlobos/.m2/repository/com/zaxxer/HikariCP/5.1.0/HikariCP-5.1.0.jar:/Users/christianalvarezlobos/.m2/repository/org/springframework/spring-jdbc/6.2.5/spring-jdbc-6.2.5.jar:/Users/christianalvarezlobos/.m2/repository/org/hibernate/orm/hibernate-core/6.6.11.Final/hibernate-core-6.6.11.Final.jar:/Users/christianalvarezlobos/.m2/repository/jakarta/persistence/jakarta.persistence-api/3.1.0/jakarta.persistence-api-3.1.0.jar:/Users/christianalvarezlobos/.m2/repository/jakarta/transaction/jakarta.transaction-api/2.0.1/jakarta.transaction-api-2.0.1.jar:/Users/christianalvarezlobos/.m2/repository/org/jboss/logging/jboss-logging/3.6.1.Final/jboss-logging-3.6.1.Final.jar:/Users/christianalvarezlobos/.m2/repository/org/hibernate/common/hibernate-commons-annotations/7.0.3.Final/hibernate-commons-annotations-7.0.3.Final.jar:/Users/christianalvarezlobos/.m2/repository/io/smallrye/jandex/3.2.0/jandex-3.2.0.jar:/Users/christianalvarezlobos/.m2/repository/com/fasterxml/classmate/1.7.0/classmate-1.7.0.jar:/Users/christianalvarezlobos/.m2/repository/net/bytebuddy/byte-buddy/1.15.11/byte-buddy-1.15.11.jar:/Users/christianalvarezlobos/.m2/repository/org/glassfish/jaxb/jaxb-runtime/4.0.5/jaxb-runtime-4.0.5.jar:/Users/christianalvarezlobos/.m2/repository/org/glassfish/jaxb/jaxb-core/4.0.5/jaxb-core-4.0.5.jar:/Users/christianalvarezlobos/.m2/repository/org/eclipse/angus/angus-activation/2.0.2/angus-activation-2.0.2.jar:/Users/christianalvarezlobos/.m2/repository/org/glassfish/jaxb/txw2/4.0.5/txw2-4.0.5.jar:/Users/christianalvarezlobos/.m2/repository/com/sun/istack/istack-commons-runtime/4.1.2/istack-commons-runtime-4.1.2.jar:/Users/christianalvarezlobos/.m2/repository/jakarta/inject/jakarta.inject-api/2.0.1/jakarta.inject-api-2.0.1.jar:/Users/christianalvarezlobos/.m2/repository/org/antlr/antlr4-runtime/4.13.0/antlr4-runtime-4.13.0.jar:/Users/christianalvarezlobos/.m2/repository/org/springframework/data/spring-data-jpa/3.4.4/spring-data-jpa-3.4.4.jar:/Users/christianalvarezlobos/.m2/repository/org/springframework/data/spring-data-commons/3.4.4/spring-data-commons-3.4.4.jar:/Users/christianalvarezlobos/.m2/repository/org/springframework/spring-orm/6.2.5/spring-orm-6.2.5.jar:/Users/christianalvarezlobos/.m2/repository/org/springframework/spring-context/6.2.5/spring-context-6.2.5.jar:/Users/christianalvarezlobos/.m2/repository/org/springframework/spring-tx/6.2.5/spring-tx-6.2.5.jar:/Users/christianalvarezlobos/.m2/repository/org/springframework/spring-beans/6.2.5/spring-beans-6.2.5.jar:/Users/christianalvarezlobos/.m2/repository/org/slf4j/slf4j-api/2.0.17/slf4j-api-2.0.17.jar:/Users/christianalvarezlobos/.m2/repository/org/springframework/spring-aspects/6.2.5/spring-aspects-6.2.5.jar:/Users/christianalvarezlobos/.m2/repository/org/aspectj/aspectjweaver/1.9.23/aspectjweaver-1.9.23.jar:/Users/christianalvarezlobos/.m2/repository/org/springframework/boot/spring-boot-starter-security/3.4.4/spring-boot-starter-security-3.4.4.jar:/Users/christianalvarezlobos/.m2/repository/org/springframework/spring-aop/6.2.5/spring-aop-6.2.5.jar:/Users/christianalvarezlobos/.m2/repository/org/springframework/security/spring-security-config/6.4.4/spring-security-config-6.4.4.jar:/Users/christianalvarezlobos/.m2/repository/org/springframework/security/spring-security-web/6.4.4/spring-security-web-6.4.4.jar:/Users/christianalvarezlobos/.m2/repository/org/springframework/spring-expression/6.2.5/spring-expression-6.2.5.jar:/Users/christianalvarezlobos/.m2/repository/org/springframework/boot/spring-boot-starter-web/3.4.4/spring-boot-starter-web-3.4.4.jar:/Users/christianalvarezlobos/.m2/repository/org/springframework/boot/spring-boot-starter-json/3.4.4/spring-boot-starter-json-3.4.4.jar:/Users/christianalvarezlobos/.m2/repository/com/fasterxml/jackson/datatype/jackson-datatype-jdk8/2.18.3/jackson-datatype-jdk8-2.18.3.jar:/Users/christianalvarezlobos/.m2/repository/com/fasterxml/jackson/datatype/jackson-datatype-jsr310/2.18.3/jackson-datatype-jsr310-2.18.3.jar:/Users/christianalvarezlobos/.m2/repository/com/fasterxml/jackson/module/jackson-module-parameter-names/2.18.3/jackson-module-parameter-names-2.18.3.jar:/Users/christianalvarezlobos/.m2/repository/org/springframework/boot/spring-boot-starter-tomcat/3.4.4/spring-boot-starter-tomcat-3.4.4.jar:/Users/christianalvarezlobos/.m2/repository/org/apache/tomcat/embed/tomcat-embed-core/10.1.39/tomcat-embed-core-10.1.39.jar:/Users/christianalvarezlobos/.m2/repository/org/apache/tomcat/embed/tomcat-embed-el/10.1.39/tomcat-embed-el-10.1.39.jar:/Users/christianalvarezlobos/.m2/repository/org/apache/tomcat/embed/tomcat-embed-websocket/10.1.39/tomcat-embed-websocket-10.1.39.jar:/Users/christianalvarezlobos/.m2/repository/org/springframework/spring-web/6.2.5/spring-web-6.2.5.jar:/Users/christianalvarezlobos/.m2/repository/io/micrometer/micrometer-observation/1.14.5/micrometer-observation-1.14.5.jar:/Users/christianalvarezlobos/.m2/repository/io/micrometer/micrometer-commons/1.14.5/micrometer-commons-1.14.5.jar:/Users/christianalvarezlobos/.m2/repository/org/springframework/spring-webmvc/6.2.5/spring-webmvc-6.2.5.jar:/Users/christianalvarezlobos/.m2/repository/com/mysql/mysql-connector-j/9.1.0/mysql-connector-j-9.1.0.jar:/Users/christianalvarezlobos/.m2/repository/org/springframework/boot/spring-boot-starter-test/3.4.4/spring-boot-starter-test-3.4.4.jar:/Users/christianalvarezlobos/.m2/repository/org/springframework/boot/spring-boot-test/3.4.4/spring-boot-test-3.4.4.jar:/Users/christianalvarezlobos/.m2/repository/org/springframework/boot/spring-boot-test-autoconfigure/3.4.4/spring-boot-test-autoconfigure-3.4.4.jar:/Users/christianalvarezlobos/.m2/repository/com/jayway/jsonpath/json-path/2.9.0/json-path-2.9.0.jar:/Users/christianalvarezlobos/.m2/repository/jakarta/xml/bind/jakarta.xml.bind-api/4.0.2/jakarta.xml.bind-api-4.0.2.jar:/Users/christianalvarezlobos/.m2/repository/jakarta/activation/jakarta.activation-api/2.1.3/jakarta.activation-api-2.1.3.jar:/Users/christianalvarezlobos/.m2/repository/net/minidev/json-smart/2.5.2/json-smart-2.5.2.jar:/Users/christianalvarezlobos/.m2/repository/net/minidev/accessors-smart/2.5.2/accessors-smart-2.5.2.jar:/Users/christianalvarezlobos/.m2/repository/org/ow2/asm/asm/9.7.1/asm-9.7.1.jar:/Users/christianalvarezlobos/.m2/repository/org/assertj/assertj-core/3.26.3/assertj-core-3.26.3.jar:/Users/christianalvarezlobos/.m2/repository/org/awaitility/awaitility/4.2.2/awaitility-4.2.2.jar:/Users/christianalvarezlobos/.m2/repository/org/hamcrest/hamcrest/2.2/hamcrest-2.2.jar:/Users/christianalvarezlobos/.m2/repository/org/junit/jupiter/junit-jupiter/5.11.4/junit-jupiter-5.11.4.jar:/Users/christianalvarezlobos/.m2/repository/org/junit/jupiter/junit-jupiter-api/5.11.4/junit-jupiter-api-5.11.4.jar:/Users/christianalvarezlobos/.m2/repository/org/opentest4j/opentest4j/1.3.0/opentest4j-1.3.0.jar:/Users/christianalvarezlobos/.m2/repository/org/junit/platform/junit-platform-commons/1.11.4/junit-platform-commons-1.11.4.jar:/Users/christianalvarezlobos/.m2/repository/org/apiguardian/apiguardian-api/1.1.2/apiguardian-api-1.1.2.jar:/Users/christianalvarezlobos/.m2/repository/org/junit/jupiter/junit-jupiter-params/5.11.4/junit-jupiter-params-5.11.4.jar:/Users/christianalvarezlobos/.m2/repository/org/junit/jupiter/junit-jupiter-engine/5.11.4/junit-jupiter-engine-5.11.4.jar:/Users/christianalvarezlobos/.m2/repository/org/junit/platform/junit-platform-engine/1.11.4/junit-platform-engine-1.11.4.jar:/Users/christianalvarezlobos/.m2/repository/org/mockito/mockito-core/5.14.2/mockito-core-5.14.2.jar:/Users/christianalvarezlobos/.m2/repository/net/bytebuddy/byte-buddy-agent/1.15.11/byte-buddy-agent-1.15.11.jar:/Users/christianalvarezlobos/.m2/repository/org/objenesis/objenesis/3.3/objenesis-3.3.jar:/Users/christianalvarezlobos/.m2/repository/org/mockito/mockito-junit-jupiter/5.14.2/mockito-junit-jupiter-5.14.2.jar:/Users/christianalvarezlobos/.m2/repository/org/skyscreamer/jsonassert/1.5.3/jsonassert-1.5.3.jar:/Users/christianalvarezlobos/.m2/repository/com/vaadin/external/google/android-json/0.0.20131108.vaadin1/android-json-0.0.20131108.vaadin1.jar:/Users/christianalvarezlobos/.m2/repository/org/springframework/spring-core/6.2.5/spring-core-6.2.5.jar:/Users/christianalvarezlobos/.m2/repository/org/springframework/spring-jcl/6.2.5/spring-jcl-6.2.5.jar:/Users/christianalvarezlobos/.m2/repository/org/springframework/spring-test/6.2.5/spring-test-6.2.5.jar:/Users/christianalvarezlobos/.m2/repository/org/xmlunit/xmlunit-core/2.10.0/xmlunit-core-2.10.0.jar:/Users/christianalvarezlobos/.m2/repository/org/springframework/security/spring-security-test/6.4.4/spring-security-test-6.4.4.jar:/Users/christianalvarezlobos/.m2/repository/org/springframework/security/spring-security-core/6.4.4/spring-security-core-6.4.4.jar:/Users/christianalvarezlobos/.m2/repository/org/springframework/security/spring-security-crypto/6.4.4/spring-security-crypto-6.4.4.jar:/Users/christianalvarezlobos/.m2/repository/io/jsonwebtoken/jjwt-api/0.12.5/jjwt-api-0.12.5.jar:/Users/christianalvarezlobos/.m2/repository/io/jsonwebtoken/jjwt-impl/0.12.5/jjwt-impl-0.12.5.jar:/Users/christianalvarezlobos/.m2/repository/io/jsonwebtoken/jjwt-jackson/0.12.5/jjwt-jackson-0.12.5.jar:/Users/christianalvarezlobos/.m2/repository/com/fasterxml/jackson/core/jackson-databind/2.18.3/jackson-databind-2.18.3.jar:/Users/christianalvarezlobos/.m2/repository/com/fasterxml/jackson/core/jackson-annotations/2.18.3/jackson-annotations-2.18.3.jar:/Users/christianalvarezlobos/.m2/repository/com/fasterxml/jackson/core/jackson-core/2.18.3/jackson-core-2.18.3.jar:, java.vm.vendor=Oracle Corporation, sun.arch.data.model=64, java.vendor.url=https://java.oracle.com/, user.timezone=America/Santiago, jakarta.persistence.sharedCache.mode=UNSPECIFIED, org.jboss.logging.provider=slf4j, java.vm.specification.version=21, os.name=Mac OS X, APPLICATION_NAME=backend, jakarta.persistence.nonJtaDataSource=HikariDataSource (HikariPool-1), sun.java.launcher=SUN_STANDARD, user.country=CL, sun.boot.library.path=/Library/Java/JavaVirtualMachines/jdk-21.jdk/Contents/Home/lib, sun.java.command=/Users/christianalvarezlobos/personal/Duoc/2025-1/CDY2203/Semana 2/Backend/backend/target/surefire/surefirebooter-20250329192233123_3.jar /Users/christianalvarezlobos/personal/Duoc/2025-1/CDY2203/Semana 2/Backend/backend/target/surefire 2025-03-29T19-22-33_083-jvmRun1 surefire-20250329192233123_1tmp surefire_0-20250329192233123_2tmp, javax.persistence.nonJtaDataSource=HikariDataSource (HikariPool-1), hibernate.transaction.jta.platform=org.hibernate.engine.transaction.jta.platform.internal.NoJtaPlatform@3dbbed3e, http.nonProxyHosts=local|*.local|169.254/16|*.169.254/16, jdk.debug=release, surefire.test.class.path=/Users/christianalvarezlobos/personal/Duoc/2025-1/CDY2203/Semana 2/Backend/backend/target/test-classes:/Users/christianalvarezlobos/personal/Duoc/2025-1/CDY2203/Semana 2/Backend/backend/target/classes:/Users/christianalvarezlobos/.m2/repository/org/springframework/boot/spring-boot-starter-data-jpa/3.4.4/spring-boot-starter-data-jpa-3.4.4.jar:/Users/christianalvarezlobos/.m2/repository/org/springframework/boot/spring-boot-starter/3.4.4/spring-boot-starter-3.4.4.jar:/Users/christianalvarezlobos/.m2/repository/org/springframework/boot/spring-boot/3.4.4/spring-boot-3.4.4.jar:/Users/christianalvarezlobos/.m2/repository/org/springframework/boot/spring-boot-autoconfigure/3.4.4/spring-boot-autoconfigure-3.4.4.jar:/Users/christianalvarezlobos/.m2/repository/org/springframework/boot/spring-boot-starter-logging/3.4.4/spring-boot-starter-logging-3.4.4.jar:/Users/christianalvarezlobos/.m2/repository/ch/qos/logback/logback-classic/1.5.18/logback-classic-1.5.18.jar:/Users/christianalvarezlobos/.m2/repository/ch/qos/logback/logback-core/1.5.18/logback-core-1.5.18.jar:/Users/christianalvarezlobos/.m2/repository/org/apache/logging/log4j/log4j-to-slf4j/2.24.3/log4j-to-slf4j-2.24.3.jar:/Users/christianalvarezlobos/.m2/repository/org/apache/logging/log4j/log4j-api/2.24.3/log4j-api-2.24.3.jar:/Users/christianalvarezlobos/.m2/repository/org/slf4j/jul-to-slf4j/2.0.17/jul-to-slf4j-2.0.17.jar:/Users/christianalvarezlobos/.m2/repository/jakarta/annotation/jakarta.annotation-api/2.1.1/jakarta.annotation-api-2.1.1.jar:/Users/christianalvarezlobos/.m2/repository/org/yaml/snakeyaml/2.3/snakeyaml-2.3.jar:/Users/christianalvarezlobos/.m2/repository/org/springframework/boot/spring-boot-starter-jdbc/3.4.4/spring-boot-starter-jdbc-3.4.4.jar:/Users/christianalvarezlobos/.m2/repository/com/zaxxer/HikariCP/5.1.0/HikariCP-5.1.0.jar:/Users/christianalvarezlobos/.m2/repository/org/springframework/spring-jdbc/6.2.5/spring-jdbc-6.2.5.jar:/Users/christianalvarezlobos/.m2/repository/org/hibernate/orm/hibernate-core/6.6.11.Final/hibernate-core-6.6.11.Final.jar:/Users/christianalvarezlobos/.m2/repository/jakarta/persistence/jakarta.persistence-api/3.1.0/jakarta.persistence-api-3.1.0.jar:/Users/christianalvarezlobos/.m2/repository/jakarta/transaction/jakarta.transaction-api/2.0.1/jakarta.transaction-api-2.0.1.jar:/Users/christianalvarezlobos/.m2/repository/org/jboss/logging/jboss-logging/3.6.1.Final/jboss-logging-3.6.1.Final.jar:/Users/christianalvarezlobos/.m2/repository/org/hibernate/common/hibernate-commons-annotations/7.0.3.Final/hibernate-commons-annotations-7.0.3.Final.jar:/Users/christianalvarezlobos/.m2/repository/io/smallrye/jandex/3.2.0/jandex-3.2.0.jar:/Users/christianalvarezlobos/.m2/repository/com/fasterxml/classmate/1.7.0/classmate-1.7.0.jar:/Users/christianalvarezlobos/.m2/repository/net/bytebuddy/byte-buddy/1.15.11/byte-buddy-1.15.11.jar:/Users/christianalvarezlobos/.m2/repository/org/glassfish/jaxb/jaxb-runtime/4.0.5/jaxb-runtime-4.0.5.jar:/Users/christianalvarezlobos/.m2/repository/org/glassfish/jaxb/jaxb-core/4.0.5/jaxb-core-4.0.5.jar:/Users/christianalvarezlobos/.m2/repository/org/eclipse/angus/angus-activation/2.0.2/angus-activation-2.0.2.jar:/Users/christianalvarezlobos/.m2/repository/org/glassfish/jaxb/txw2/4.0.5/txw2-4.0.5.jar:/Users/christianalvarezlobos/.m2/repository/com/sun/istack/istack-commons-runtime/4.1.2/istack-commons-runtime-4.1.2.jar:/Users/christianalvarezlobos/.m2/repository/jakarta/inject/jakarta.inject-api/2.0.1/jakarta.inject-api-2.0.1.jar:/Users/christianalvarezlobos/.m2/repository/org/antlr/antlr4-runtime/4.13.0/antlr4-runtime-4.13.0.jar:/Users/christianalvarezlobos/.m2/repository/org/springframework/data/spring-data-jpa/3.4.4/spring-data-jpa-3.4.4.jar:/Users/christianalvarezlobos/.m2/repository/org/springframework/data/spring-data-commons/3.4.4/spring-data-commons-3.4.4.jar:/Users/christianalvarezlobos/.m2/repository/org/springframework/spring-orm/6.2.5/spring-orm-6.2.5.jar:/Users/christianalvarezlobos/.m2/repository/org/springframework/spring-context/6.2.5/spring-context-6.2.5.jar:/Users/christianalvarezlobos/.m2/repository/org/springframework/spring-tx/6.2.5/spring-tx-6.2.5.jar:/Users/christianalvarezlobos/.m2/repository/org/springframework/spring-beans/6.2.5/spring-beans-6.2.5.jar:/Users/christianalvarezlobos/.m2/repository/org/slf4j/slf4j-api/2.0.17/slf4j-api-2.0.17.jar:/Users/christianalvarezlobos/.m2/repository/org/springframework/spring-aspects/6.2.5/spring-aspects-6.2.5.jar:/Users/christianalvarezlobos/.m2/repository/org/aspectj/aspectjweaver/1.9.23/aspectjweaver-1.9.23.jar:/Users/christianalvarezlobos/.m2/repository/org/springframework/boot/spring-boot-starter-security/3.4.4/spring-boot-starter-security-3.4.4.jar:/Users/christianalvarezlobos/.m2/repository/org/springframework/spring-aop/6.2.5/spring-aop-6.2.5.jar:/Users/christianalvarezlobos/.m2/repository/org/springframework/security/spring-security-config/6.4.4/spring-security-config-6.4.4.jar:/Users/christianalvarezlobos/.m2/repository/org/springframework/security/spring-security-web/6.4.4/spring-security-web-6.4.4.jar:/Users/christianalvarezlobos/.m2/repository/org/springframework/spring-expression/6.2.5/spring-expression-6.2.5.jar:/Users/christianalvarezlobos/.m2/repository/org/springframework/boot/spring-boot-starter-web/3.4.4/spring-boot-starter-web-3.4.4.jar:/Users/christianalvarezlobos/.m2/repository/org/springframework/boot/spring-boot-starter-json/3.4.4/spring-boot-starter-json-3.4.4.jar:/Users/christianalvarezlobos/.m2/repository/com/fasterxml/jackson/datatype/jackson-datatype-jdk8/2.18.3/jackson-datatype-jdk8-2.18.3.jar:/Users/christianalvarezlobos/.m2/repository/com/fasterxml/jackson/datatype/jackson-datatype-jsr310/2.18.3/jackson-datatype-jsr310-2.18.3.jar:/Users/christianalvarezlobos/.m2/repository/com/fasterxml/jackson/module/jackson-module-parameter-names/2.18.3/jackson-module-parameter-names-2.18.3.jar:/Users/christianalvarezlobos/.m2/repository/org/springframework/boot/spring-boot-starter-tomcat/3.4.4/spring-boot-starter-tomcat-3.4.4.jar:/Users/christianalvarezlobos/.m2/repository/org/apache/tomcat/embed/tomcat-embed-core/10.1.39/tomcat-embed-core-10.1.39.jar:/Users/christianalvarezlobos/.m2/repository/org/apache/tomcat/embed/tomcat-embed-el/10.1.39/tomcat-embed-el-10.1.39.jar:/Users/christianalvarezlobos/.m2/repository/org/apache/tomcat/embed/tomcat-embed-websocket/10.1.39/tomcat-embed-websocket-10.1.39.jar:/Users/christianalvarezlobos/.m2/repository/org/springframework/spring-web/6.2.5/spring-web-6.2.5.jar:/Users/christianalvarezlobos/.m2/repository/io/micrometer/micrometer-observation/1.14.5/micrometer-observation-1.14.5.jar:/Users/christianalvarezlobos/.m2/repository/io/micrometer/micrometer-commons/1.14.5/micrometer-commons-1.14.5.jar:/Users/christianalvarezlobos/.m2/repository/org/springframework/spring-webmvc/6.2.5/spring-webmvc-6.2.5.jar:/Users/christianalvarezlobos/.m2/repository/com/mysql/mysql-connector-j/9.1.0/mysql-connector-j-9.1.0.jar:/Users/christianalvarezlobos/.m2/repository/org/springframework/boot/spring-boot-starter-test/3.4.4/spring-boot-starter-test-3.4.4.jar:/Users/christianalvarezlobos/.m2/repository/org/springframework/boot/spring-boot-test/3.4.4/spring-boot-test-3.4.4.jar:/Users/christianalvarezlobos/.m2/repository/org/springframework/boot/spring-boot-test-autoconfigure/3.4.4/spring-boot-test-autoconfigure-3.4.4.jar:/Users/christianalvarezlobos/.m2/repository/com/jayway/jsonpath/json-path/2.9.0/json-path-2.9.0.jar:/Users/christianalvarezlobos/.m2/repository/jakarta/xml/bind/jakarta.xml.bind-api/4.0.2/jakarta.xml.bind-api-4.0.2.jar:/Users/christianalvarezlobos/.m2/repository/jakarta/activation/jakarta.activation-api/2.1.3/jakarta.activation-api-2.1.3.jar:/Users/christianalvarezlobos/.m2/repository/net/minidev/json-smart/2.5.2/json-smart-2.5.2.jar:/Users/christianalvarezlobos/.m2/repository/net/minidev/accessors-smart/2.5.2/accessors-smart-2.5.2.jar:/Users/christianalvarezlobos/.m2/repository/org/ow2/asm/asm/9.7.1/asm-9.7.1.jar:/Users/christianalvarezlobos/.m2/repository/org/assertj/assertj-core/3.26.3/assertj-core-3.26.3.jar:/Users/christianalvarezlobos/.m2/repository/org/awaitility/awaitility/4.2.2/awaitility-4.2.2.jar:/Users/christianalvarezlobos/.m2/repository/org/hamcrest/hamcrest/2.2/hamcrest-2.2.jar:/Users/christianalvarezlobos/.m2/repository/org/junit/jupiter/junit-jupiter/5.11.4/junit-jupiter-5.11.4.jar:/Users/christianalvarezlobos/.m2/repository/org/junit/jupiter/junit-jupiter-api/5.11.4/junit-jupiter-api-5.11.4.jar:/Users/christianalvarezlobos/.m2/repository/org/opentest4j/opentest4j/1.3.0/opentest4j-1.3.0.jar:/Users/christianalvarezlobos/.m2/repository/org/junit/platform/junit-platform-commons/1.11.4/junit-platform-commons-1.11.4.jar:/Users/christianalvarezlobos/.m2/repository/org/apiguardian/apiguardian-api/1.1.2/apiguardian-api-1.1.2.jar:/Users/christianalvarezlobos/.m2/repository/org/junit/jupiter/junit-jupiter-params/5.11.4/junit-jupiter-params-5.11.4.jar:/Users/christianalvarezlobos/.m2/repository/org/junit/jupiter/junit-jupiter-engine/5.11.4/junit-jupiter-engine-5.11.4.jar:/Users/christianalvarezlobos/.m2/repository/org/junit/platform/junit-platform-engine/1.11.4/junit-platform-engine-1.11.4.jar:/Users/christianalvarezlobos/.m2/repository/org/mockito/mockito-core/5.14.2/mockito-core-5.14.2.jar:/Users/christianalvarezlobos/.m2/repository/net/bytebuddy/byte-buddy-agent/1.15.11/byte-buddy-agent-1.15.11.jar:/Users/christianalvarezlobos/.m2/repository/org/objenesis/objenesis/3.3/objenesis-3.3.jar:/Users/christianalvarezlobos/.m2/repository/org/mockito/mockito-junit-jupiter/5.14.2/mockito-junit-jupiter-5.14.2.jar:/Users/christianalvarezlobos/.m2/repository/org/skyscreamer/jsonassert/1.5.3/jsonassert-1.5.3.jar:/Users/christianalvarezlobos/.m2/repository/com/vaadin/external/google/android-json/0.0.20131108.vaadin1/android-json-0.0.20131108.vaadin1.jar:/Users/christianalvarezlobos/.m2/repository/org/springframework/spring-core/6.2.5/spring-core-6.2.5.jar:/Users/christianalvarezlobos/.m2/repository/org/springframework/spring-jcl/6.2.5/spring-jcl-6.2.5.jar:/Users/christianalvarezlobos/.m2/repository/org/springframework/spring-test/6.2.5/spring-test-6.2.5.jar:/Users/christianalvarezlobos/.m2/repository/org/xmlunit/xmlunit-core/2.10.0/xmlunit-core-2.10.0.jar:/Users/christianalvarezlobos/.m2/repository/org/springframework/security/spring-security-test/6.4.4/spring-security-test-6.4.4.jar:/Users/christianalvarezlobos/.m2/repository/org/springframework/security/spring-security-core/6.4.4/spring-security-core-6.4.4.jar:/Users/christianalvarezlobos/.m2/repository/org/springframework/security/spring-security-crypto/6.4.4/spring-security-crypto-6.4.4.jar:/Users/christianalvarezlobos/.m2/repository/io/jsonwebtoken/jjwt-api/0.12.5/jjwt-api-0.12.5.jar:/Users/christianalvarezlobos/.m2/repository/io/jsonwebtoken/jjwt-impl/0.12.5/jjwt-impl-0.12.5.jar:/Users/christianalvarezlobos/.m2/repository/io/jsonwebtoken/jjwt-jackson/0.12.5/jjwt-jackson-0.12.5.jar:/Users/christianalvarezlobos/.m2/repository/com/fasterxml/jackson/core/jackson-databind/2.18.3/jackson-databind-2.18.3.jar:/Users/christianalvarezlobos/.m2/repository/com/fasterxml/jackson/core/jackson-annotations/2.18.3/jackson-annotations-2.18.3.jar:/Users/christianalvarezlobos/.m2/repository/com/fasterxml/jackson/core/jackson-core/2.18.3/jackson-core-2.18.3.jar:, sun.cpu.endian=little, hibernate.cdi.extensions=true, user.home=/Users/christianalvarezlobos, user.language=en, java.specification.vendor=Oracle Corporation, java.version.date=2024-10-15, java.home=/Library/Java/JavaVirtualMachines/jdk-21.jdk/Contents/Home, file.separator=/, basedir=/Users/christianalvarezlobos/personal/Duoc/2025-1/CDY2203/Semana 2/Backend/backend, java.vm.compressedOopsMode=Zero based, line.separator=
, hibernate.persistenceUnitName=default, java.vm.specification.vendor=Oracle Corporation, java.specification.name=Java Platform API Specification, FILE_LOG_CHARSET=UTF-8, hibernate.transaction.coordinator_class=class org.hibernate.resource.transaction.backend.jdbc.internal.JdbcResourceLocalTransactionCoordinatorBuilderImpl, java.awt.headless=true, apple.awt.application.name=ForkedBooter, surefire.real.class.path=/Users/christianalvarezlobos/personal/Duoc/2025-1/CDY2203/Semana 2/Backend/backend/target/surefire/surefirebooter-20250329192233123_3.jar, jakarta.persistence.validation.mode=AUTO, hibernate.hbm2ddl.auto=update, sun.management.compiler=HotSpot 64-Bit Tiered Compilers, ftp.nonProxyHosts=local|*.local|169.254/16|*.169.254/16, java.runtime.version=21.0.5+9-LTS-239, user.name=christianalvarezlobos, stdout.encoding=UTF-8, path.separator=:, os.version=15.3.2, java.runtime.name=Java(TM) SE Runtime Environment, file.encoding=UTF-8, java.vm.name=Java HotSpot(TM) 64-Bit Server VM, LOG_FILE=backend.log, localRepository=/Users/christianalvarezlobos/.m2/repository, java.vendor.url.bug=https://bugreport.java.com/bugreport/, java.io.tmpdir=/var/folders/9s/208qk8ln5pl6f80d4t799sgw0000gn/T/, java.version=21.0.5, hibernate.physical_naming_strategy=org.hibernate.boot.model.naming.CamelCaseToUnderscoresNamingStrategy, user.dir=/Users/christianalvarezlobos/personal/Duoc/2025-1/CDY2203/Semana 2/Backend/backend, os.arch=aarch64, java.vm.specification.name=Java Virtual Machine Specification, PID=90214, CONSOLE_LOG_CHARSET=UTF-8, hibernate.boot.CfgXmlAccessService.key=org.hibernate.boot.registry.StandardServiceRegistryBuilder$1@56d5460f, native.encoding=UTF-8, java.library.path=/Users/christianalvarezlobos/Library/Java/Extensions:/Library/Java/Extensions:/Network/Library/Java/Extensions:/System/Library/Java/Extensions:/usr/lib/java:., stderr.encoding=UTF-8, java.vendor=Oracle Corporation, java.vm.info=mixed mode, sharing, java.vm.version=21.0.5+9-LTS-239, sun.io.unicode.encoding=UnicodeBig, hibernate.archive.scanner=org.hibernate.boot.archive.scan.internal.DisabledScanner, hibernate.connection.datasource=HikariDataSource (HikariPool-1), socksNonProxyHosts=local|*.local|169.254/16|*.169.254/16, java.class.version=65.0, LOGGED_APPLICATION_NAME=[backend] }
2025-03-29T19:22:34.810-03:00 TRACE 90214 --- [backend] [           main] .e.j.e.i.NormalizingIdentifierHelperImpl : Normalizing identifier quoting [null]
2025-03-29T19:22:34.810-03:00 TRACE 90214 --- [backend] [           main] o.h.s.i.AbstractServiceRegistryImpl      : Initializing service [role=org.hibernate.cache.spi.CacheImplementor]
2025-03-29T19:22:34.810-03:00 DEBUG 90214 --- [backend] [onnection adder] com.zaxxer.hikari.pool.HikariPool        : HikariPool-1 - Added connection com.mysql.cj.jdbc.ConnectionImpl@7c099059
2025-03-29T19:22:34.810-03:00 DEBUG 90214 --- [backend] [           main] o.hibernate.internal.SessionFactoryImpl  : Session factory constructed with filter configurations : {}
2025-03-29T19:22:34.827-03:00 DEBUG 90214 --- [backend] [           main] o.h.q.sqm.function.SqmFunctionRegistry   : Registered SqmFunctionTemplate [NamedSqmFunctionTemplate(max)] under max; prior registration was null
2025-03-29T19:22:34.828-03:00 DEBUG 90214 --- [backend] [           main] o.h.q.sqm.function.SqmFunctionRegistry   : Registered SqmFunctionTemplate [NamedSqmFunctionTemplate(min)] under min; prior registration was null
2025-03-29T19:22:34.828-03:00 DEBUG 90214 --- [backend] [           main] o.h.q.sqm.function.SqmFunctionRegistry   : Registered SqmFunctionTemplate [NamedSqmFunctionTemplate(sum)] under sum; prior registration was null
2025-03-29T19:22:34.828-03:00 DEBUG 90214 --- [backend] [           main] o.h.q.sqm.function.SqmFunctionRegistry   : Registered SqmFunctionTemplate [NamedSqmFunctionTemplate(avg)] under avg; prior registration was null
2025-03-29T19:22:34.829-03:00 DEBUG 90214 --- [backend] [           main] o.h.q.sqm.function.SqmFunctionRegistry   : Registered SqmFunctionTemplate [org.hibernate.dialect.function.CountFunction@338270ea] under count; prior registration was null
2025-03-29T19:22:34.829-03:00 DEBUG 90214 --- [backend] [           main] o.h.q.sqm.function.SqmFunctionRegistry   : Registered SqmFunctionTemplate [org.hibernate.dialect.function.EveryAnyEmulation@3a0e7f89] under every; prior registration was null
2025-03-29T19:22:34.829-03:00 DEBUG 90214 --- [backend] [           main] o.h.q.sqm.function.SqmFunctionRegistry   : Registered SqmFunctionTemplate [org.hibernate.dialect.function.EveryAnyEmulation@665ed71a] under any; prior registration was null
2025-03-29T19:22:34.829-03:00 DEBUG 90214 --- [backend] [           main] o.h.q.sqm.function.SqmFunctionRegistry   : Registered SqmFunctionTemplate [NamedSqmFunctionTemplate(floor)] under floor; prior registration was null
2025-03-29T19:22:34.829-03:00 DEBUG 90214 --- [backend] [           main] o.h.q.sqm.function.SqmFunctionRegistry   : Registered SqmFunctionTemplate [NamedSqmFunctionTemplate(ceiling)] under ceiling; prior registration was null
2025-03-29T19:22:34.829-03:00 DEBUG 90214 --- [backend] [           main] o.h.q.sqm.function.SqmFunctionRegistry   : Registered SqmFunctionTemplate [NamedSqmFunctionTemplate(mod)] under mod; prior registration was null
2025-03-29T19:22:34.829-03:00 DEBUG 90214 --- [backend] [           main] o.h.q.sqm.function.SqmFunctionRegistry   : Registered SqmFunctionTemplate [NamedSqmFunctionTemplate(abs)] under abs; prior registration was null
2025-03-29T19:22:34.829-03:00 DEBUG 90214 --- [backend] [           main] o.h.q.sqm.function.SqmFunctionRegistry   : Registered SqmFunctionTemplate [NamedSqmFunctionTemplate(sign)] under sign; prior registration was null
2025-03-29T19:22:34.829-03:00 DEBUG 90214 --- [backend] [           main] o.h.q.sqm.function.SqmFunctionRegistry   : Registered SqmFunctionTemplate [NamedSqmFunctionTemplate(sqrt)] under sqrt; prior registration was null
2025-03-29T19:22:34.829-03:00 DEBUG 90214 --- [backend] [           main] o.h.q.sqm.function.SqmFunctionRegistry   : Registered SqmFunctionTemplate [NamedSqmFunctionTemplate(ln)] under ln; prior registration was null
2025-03-29T19:22:34.829-03:00 DEBUG 90214 --- [backend] [           main] o.h.q.sqm.function.SqmFunctionRegistry   : Registered SqmFunctionTemplate [NamedSqmFunctionTemplate(exp)] under exp; prior registration was null
2025-03-29T19:22:34.829-03:00 DEBUG 90214 --- [backend] [           main] o.h.q.sqm.function.SqmFunctionRegistry   : Registered SqmFunctionTemplate [NamedSqmFunctionTemplate(power)] under power; prior registration was null
2025-03-29T19:22:34.829-03:00 DEBUG 90214 --- [backend] [           main] o.h.q.sqm.function.SqmFunctionRegistry   : Registered SqmFunctionTemplate [NamedSqmFunctionTemplate(round)] under round; prior registration was null
2025-03-29T19:22:34.829-03:00 DEBUG 90214 --- [backend] [           main] o.h.q.sqm.function.SqmFunctionRegistry   : Registered SqmFunctionTemplate [NamedSqmFunctionTemplate(sin)] under sin; prior registration was null
2025-03-29T19:22:34.829-03:00 DEBUG 90214 --- [backend] [           main] o.h.q.sqm.function.SqmFunctionRegistry   : Registered SqmFunctionTemplate [NamedSqmFunctionTemplate(cos)] under cos; prior registration was null
2025-03-29T19:22:34.829-03:00 DEBUG 90214 --- [backend] [           main] o.h.q.sqm.function.SqmFunctionRegistry   : Registered SqmFunctionTemplate [NamedSqmFunctionTemplate(tan)] under tan; prior registration was null
2025-03-29T19:22:34.829-03:00 DEBUG 90214 --- [backend] [           main] o.h.q.sqm.function.SqmFunctionRegistry   : Registered SqmFunctionTemplate [NamedSqmFunctionTemplate(asin)] under asin; prior registration was null
2025-03-29T19:22:34.829-03:00 DEBUG 90214 --- [backend] [           main] o.h.q.sqm.function.SqmFunctionRegistry   : Registered SqmFunctionTemplate [NamedSqmFunctionTemplate(acos)] under acos; prior registration was null
2025-03-29T19:22:34.829-03:00 DEBUG 90214 --- [backend] [           main] o.h.q.sqm.function.SqmFunctionRegistry   : Registered SqmFunctionTemplate [NamedSqmFunctionTemplate(atan)] under atan; prior registration was null
2025-03-29T19:22:34.829-03:00 DEBUG 90214 --- [backend] [           main] o.h.q.sqm.function.SqmFunctionRegistry   : Registered SqmFunctionTemplate [NamedSqmFunctionTemplate(atan2)] under atan2; prior registration was null
2025-03-29T19:22:34.830-03:00 DEBUG 90214 --- [backend] [           main] o.h.q.sqm.function.SqmFunctionRegistry   : Registered SqmFunctionTemplate [org.hibernate.query.sqm.function.PatternBasedSqmFunctionDescriptor@4d0b276e] under sinh; prior registration was null
2025-03-29T19:22:34.830-03:00 DEBUG 90214 --- [backend] [           main] o.h.q.sqm.function.SqmFunctionRegistry   : Registered SqmFunctionTemplate [org.hibernate.query.sqm.function.PatternBasedSqmFunctionDescriptor@31531d0d] under cosh; prior registration was null
2025-03-29T19:22:34.830-03:00 DEBUG 90214 --- [backend] [           main] o.h.q.sqm.function.SqmFunctionRegistry   : Registered SqmFunctionTemplate [org.hibernate.query.sqm.function.PatternBasedSqmFunctionDescriptor@19d76106] under tanh; prior registration was null
2025-03-29T19:22:34.830-03:00 DEBUG 90214 --- [backend] [           main] o.h.q.sqm.function.SqmFunctionRegistry   : Registered SqmFunctionTemplate [org.hibernate.query.sqm.function.PatternBasedSqmFunctionDescriptor@3f87780b] under pi; prior registration was null
2025-03-29T19:22:34.830-03:00 DEBUG 90214 --- [backend] [           main] o.h.q.sqm.function.SqmFunctionRegistry   : Registered SqmFunctionTemplate [org.hibernate.query.sqm.function.PatternBasedSqmFunctionDescriptor@2ba318c2] under log; prior registration was null
2025-03-29T19:22:34.830-03:00 DEBUG 90214 --- [backend] [           main] o.h.q.sqm.function.SqmFunctionRegistry   : Registered SqmFunctionTemplate [NamedSqmFunctionTemplate(coalesce)] under coalesce; prior registration was null
2025-03-29T19:22:34.830-03:00 DEBUG 90214 --- [backend] [           main] o.h.q.sqm.function.SqmFunctionRegistry   : Registered SqmFunctionTemplate [NamedSqmFunctionTemplate(nullif)] under nullif; prior registration was null
2025-03-29T19:22:34.830-03:00 DEBUG 90214 --- [backend] [           main] o.h.q.sqm.function.SqmFunctionRegistry   : Registered SqmFunctionTemplate [NamedSqmFunctionTemplate(left)] under left; prior registration was null
2025-03-29T19:22:34.830-03:00 DEBUG 90214 --- [backend] [           main] o.h.q.sqm.function.SqmFunctionRegistry   : Registered SqmFunctionTemplate [NamedSqmFunctionTemplate(right)] under right; prior registration was null
2025-03-29T19:22:34.830-03:00 DEBUG 90214 --- [backend] [           main] o.h.q.sqm.function.SqmFunctionRegistry   : Registered SqmFunctionTemplate [NamedSqmFunctionTemplate(replace)] under replace; prior registration was null
2025-03-29T19:22:34.830-03:00 DEBUG 90214 --- [backend] [           main] o.h.q.sqm.function.SqmFunctionRegistry   : Registered SqmFunctionTemplate [NamedSqmFunctionTemplate(concat)] under concat; prior registration was null
2025-03-29T19:22:34.830-03:00 DEBUG 90214 --- [backend] [           main] o.h.q.sqm.function.SqmFunctionRegistry   : Registered SqmFunctionTemplate [NamedSqmFunctionTemplate(lower)] under lower; prior registration was null
2025-03-29T19:22:34.830-03:00 DEBUG 90214 --- [backend] [           main] o.h.q.sqm.function.SqmFunctionRegistry   : Registered SqmFunctionTemplate [NamedSqmFunctionTemplate(upper)] under upper; prior registration was null
2025-03-29T19:22:34.830-03:00 DEBUG 90214 --- [backend] [           main] o.h.q.sqm.function.SqmFunctionRegistry   : Registered SqmFunctionTemplate [NamedSqmFunctionTemplate(substring)] under substring; prior registration was null
2025-03-29T19:22:34.830-03:00 DEBUG 90214 --- [backend] [           main] o.h.q.sqm.function.SqmFunctionRegistry   : Registered SqmFunctionTemplate [NamedSqmFunctionTemplate(locate)] under locate; prior registration was null
2025-03-29T19:22:34.830-03:00 DEBUG 90214 --- [backend] [           main] o.h.q.sqm.function.SqmFunctionRegistry   : Registered SqmFunctionTemplate [NamedSqmFunctionTemplate(character_length)] under character_length; prior registration was null
2025-03-29T19:22:34.830-03:00 DEBUG 90214 --- [backend] [           main] o.h.q.sqm.function.SqmFunctionRegistry   : Registering alternate key : length -> character_length
2025-03-29T19:22:34.831-03:00 DEBUG 90214 --- [backend] [           main] o.h.q.sqm.function.SqmFunctionRegistry   : Registered SqmFunctionTemplate [org.hibernate.dialect.function.LocatePositionEmulation@1b841e7d] under position; prior registration was null
2025-03-29T19:22:34.831-03:00 DEBUG 90214 --- [backend] [           main] o.h.q.sqm.function.SqmFunctionRegistry   : Registered SqmFunctionTemplate [org.hibernate.dialect.function.InsertSubstringOverlayEmulation@6b5e1fc5] under overlay; prior registration was null
2025-03-29T19:22:34.831-03:00 DEBUG 90214 --- [backend] [           main] o.h.q.sqm.function.SqmFunctionRegistry   : Registered SqmFunctionTemplate [org.hibernate.dialect.function.TrimFunction@1eda309d] under trim; prior registration was null
2025-03-29T19:22:34.832-03:00 DEBUG 90214 --- [backend] [           main] o.h.q.sqm.function.SqmFunctionRegistry   : Registered SqmFunctionTemplate [org.hibernate.dialect.function.CastFunction@602c167e] under cast; prior registration was null
2025-03-29T19:22:34.832-03:00 DEBUG 90214 --- [backend] [           main] o.h.q.sqm.function.SqmFunctionRegistry   : Registered SqmFunctionTemplate [org.hibernate.query.sqm.function.PatternBasedSqmFunctionDescriptor@74c04377] under collate; prior registration was null
2025-03-29T19:22:34.832-03:00 DEBUG 90214 --- [backend] [           main] o.h.q.sqm.function.SqmFunctionRegistry   : Registered SqmFunctionTemplate [org.hibernate.dialect.function.ExtractFunction@78d61f17] under extract; prior registration was null
2025-03-29T19:22:34.832-03:00 DEBUG 90214 --- [backend] [           main] o.h.q.sqm.function.SqmFunctionRegistry   : Registered SqmFunctionTemplate [NamedSqmFunctionTemplate(least)] under least; prior registration was null
2025-03-29T19:22:34.832-03:00 DEBUG 90214 --- [backend] [           main] o.h.q.sqm.function.SqmFunctionRegistry   : Registered SqmFunctionTemplate [NamedSqmFunctionTemplate(greatest)] under greatest; prior registration was null
2025-03-29T19:22:34.832-03:00 DEBUG 90214 --- [backend] [           main] o.h.q.sqm.function.SqmFunctionRegistry   : Registered SqmFunctionTemplate [org.hibernate.dialect.function.CoalesceIfnullEmulation@7f3e9acc] under ifnull; prior registration was null
2025-03-29T19:22:34.832-03:00 DEBUG 90214 --- [backend] [           main] o.h.q.sqm.function.SqmFunctionRegistry   : Registered SqmFunctionTemplate [NamedSqmFunctionTemplate(lpad)] under lpad; prior registration was null
2025-03-29T19:22:34.832-03:00 DEBUG 90214 --- [backend] [           main] o.h.q.sqm.function.SqmFunctionRegistry   : Registered SqmFunctionTemplate [NamedSqmFunctionTemplate(rpad)] under rpad; prior registration was null
2025-03-29T19:22:34.832-03:00 DEBUG 90214 --- [backend] [           main] o.h.q.sqm.function.SqmFunctionRegistry   : Registered SqmFunctionTemplate [org.hibernate.dialect.function.LpadRpadPadEmulation@6b103db7] under pad; prior registration was null
2025-03-29T19:22:34.832-03:00 DEBUG 90214 --- [backend] [           main] o.h.q.sqm.function.SqmFunctionRegistry   : Registered SqmFunctionTemplate [org.hibernate.dialect.function.CastStrEmulation@c1386b4] under str; prior registration was null
2025-03-29T19:22:34.834-03:00 DEBUG 90214 --- [backend] [           main] o.h.q.sqm.function.SqmFunctionRegistry   : Registered SqmFunctionTemplate [org.hibernate.dialect.function.FormatFunction@54d35ed5] under format; prior registration was null
2025-03-29T19:22:34.835-03:00 DEBUG 90214 --- [backend] [           main] o.h.q.sqm.function.SqmFunctionRegistry   : Registered SqmFunctionTemplate [org.hibernate.dialect.function.TimestampaddFunction@5059d398] under timestampadd; prior registration was null
2025-03-29T19:22:34.835-03:00 DEBUG 90214 --- [backend] [           main] o.h.q.sqm.function.SqmFunctionRegistry   : Registered SqmFunctionTemplate [org.hibernate.dialect.function.TimestampdiffFunction@191b44ca] under timestampdiff; prior registration was null
2025-03-29T19:22:34.835-03:00 DEBUG 90214 --- [backend] [           main] o.h.q.sqm.function.SqmFunctionRegistry   : Registering alternate key : dateadd -> timestampadd
2025-03-29T19:22:34.835-03:00 DEBUG 90214 --- [backend] [           main] o.h.q.sqm.function.SqmFunctionRegistry   : Registering alternate key : datediff -> timestampdiff
2025-03-29T19:22:34.835-03:00 DEBUG 90214 --- [backend] [           main] o.h.q.sqm.function.SqmFunctionRegistry   : Registered SqmFunctionTemplate [org.hibernate.dialect.function.CurrentFunction@76d828ff] under current_date; prior registration was null
2025-03-29T19:22:34.835-03:00 DEBUG 90214 --- [backend] [           main] o.h.q.sqm.function.SqmFunctionRegistry   : Registered SqmFunctionTemplate [org.hibernate.dialect.function.CurrentFunction@39685204] under current_time; prior registration was null
2025-03-29T19:22:34.835-03:00 DEBUG 90214 --- [backend] [           main] o.h.q.sqm.function.SqmFunctionRegistry   : Registered SqmFunctionTemplate [org.hibernate.dialect.function.CurrentFunction@72d0196d] under current_timestamp; prior registration was null
2025-03-29T19:22:34.835-03:00 DEBUG 90214 --- [backend] [           main] o.h.q.sqm.function.SqmFunctionRegistry   : Registering alternate key : current date -> current_date
2025-03-29T19:22:34.835-03:00 DEBUG 90214 --- [backend] [           main] o.h.q.sqm.function.SqmFunctionRegistry   : Registering alternate key : current time -> current_time
2025-03-29T19:22:34.835-03:00 DEBUG 90214 --- [backend] [           main] o.h.q.sqm.function.SqmFunctionRegistry   : Registering alternate key : current timestamp -> current_timestamp
2025-03-29T19:22:34.835-03:00 DEBUG 90214 --- [backend] [           main] o.h.q.sqm.function.SqmFunctionRegistry   : Registered SqmFunctionTemplate [org.hibernate.dialect.function.CurrentFunction@77cf329d] under local_date; prior registration was null
2025-03-29T19:22:34.835-03:00 DEBUG 90214 --- [backend] [           main] o.h.q.sqm.function.SqmFunctionRegistry   : Registered SqmFunctionTemplate [org.hibernate.dialect.function.CurrentFunction@4067634b] under local_time; prior registration was null
2025-03-29T19:22:34.835-03:00 DEBUG 90214 --- [backend] [           main] o.h.q.sqm.function.SqmFunctionRegistry   : Registered SqmFunctionTemplate [org.hibernate.dialect.function.CurrentFunction@3b64f131] under local_datetime; prior registration was null
2025-03-29T19:22:34.835-03:00 DEBUG 90214 --- [backend] [           main] o.h.q.sqm.function.SqmFunctionRegistry   : Registered SqmFunctionTemplate [org.hibernate.dialect.function.CurrentFunction@490d9c41] under offset_datetime; prior registration was null
2025-03-29T19:22:34.835-03:00 DEBUG 90214 --- [backend] [           main] o.h.q.sqm.function.SqmFunctionRegistry   : Registering alternate key : local date -> local_date
2025-03-29T19:22:34.835-03:00 DEBUG 90214 --- [backend] [           main] o.h.q.sqm.function.SqmFunctionRegistry   : Registering alternate key : local time -> local_time
2025-03-29T19:22:34.835-03:00 DEBUG 90214 --- [backend] [           main] o.h.q.sqm.function.SqmFunctionRegistry   : Registering alternate key : local datetime -> local_datetime
2025-03-29T19:22:34.835-03:00 DEBUG 90214 --- [backend] [           main] o.h.q.sqm.function.SqmFunctionRegistry   : Registering alternate key : offset datetime -> offset_datetime
2025-03-29T19:22:34.835-03:00 DEBUG 90214 --- [backend] [           main] o.h.q.sqm.function.SqmFunctionRegistry   : Registered SqmFunctionTemplate [org.hibernate.dialect.function.CurrentFunction@47d81427] under instant; prior registration was null
2025-03-29T19:22:34.835-03:00 DEBUG 90214 --- [backend] [           main] o.h.q.sqm.function.SqmFunctionRegistry   : Registering alternate key : current_instant -> instant
2025-03-29T19:22:34.835-03:00 DEBUG 90214 --- [backend] [           main] o.h.q.sqm.function.SqmFunctionRegistry   : Registered SqmFunctionTemplate [org.hibernate.dialect.function.SqlFunction@21bf308] under sql; prior registration was null
2025-03-29T19:22:34.835-03:00 DEBUG 90214 --- [backend] [           main] o.h.q.sqm.function.SqmFunctionRegistry   : Registered SqmFunctionTemplate [NamedSqmFunctionTemplate(soundex)] under soundex; prior registration was null
2025-03-29T19:22:34.835-03:00 DEBUG 90214 --- [backend] [           main] o.h.q.sqm.function.SqmFunctionRegistry   : Registered SqmFunctionTemplate [NamedSqmFunctionTemplate(radians)] under radians; prior registration was null
2025-03-29T19:22:34.835-03:00 DEBUG 90214 --- [backend] [           main] o.h.q.sqm.function.SqmFunctionRegistry   : Registered SqmFunctionTemplate [NamedSqmFunctionTemplate(degrees)] under degrees; prior registration was null
2025-03-29T19:22:34.835-03:00 DEBUG 90214 --- [backend] [           main] o.h.q.sqm.function.SqmFunctionRegistry   : Registered SqmFunctionTemplate [NamedSqmFunctionTemplate(cot)] under cot; prior registration was null
2025-03-29T19:22:34.835-03:00 DEBUG 90214 --- [backend] [           main] o.h.q.sqm.function.SqmFunctionRegistry   : Registered SqmFunctionTemplate [NamedSqmFunctionTemplate(log)] under log; prior registration was org.hibernate.query.sqm.function.PatternBasedSqmFunctionDescriptor@2ba318c2
2025-03-29T19:22:34.835-03:00 DEBUG 90214 --- [backend] [           main] o.h.q.sqm.function.SqmFunctionRegistry   : Registered SqmFunctionTemplate [NamedSqmFunctionTemplate(log2)] under log2; prior registration was null
2025-03-29T19:22:34.835-03:00 DEBUG 90214 --- [backend] [           main] o.h.q.sqm.function.SqmFunctionRegistry   : Registered SqmFunctionTemplate [NamedSqmFunctionTemplate(log10)] under log10; prior registration was null
2025-03-29T19:22:34.835-03:00 DEBUG 90214 --- [backend] [           main] o.h.q.sqm.function.SqmFunctionRegistry   : Registered SqmFunctionTemplate [NamedSqmFunctionTemplate(ltrim)] under ltrim; prior registration was null
2025-03-29T19:22:34.835-03:00 DEBUG 90214 --- [backend] [           main] o.h.q.sqm.function.SqmFunctionRegistry   : Registered SqmFunctionTemplate [NamedSqmFunctionTemplate(rtrim)] under rtrim; prior registration was null
2025-03-29T19:22:34.835-03:00 DEBUG 90214 --- [backend] [           main] o.h.q.sqm.function.SqmFunctionRegistry   : Registered SqmFunctionTemplate [NamedSqmFunctionTemplate(octet_length)] under octet_length; prior registration was null
2025-03-29T19:22:34.835-03:00 DEBUG 90214 --- [backend] [           main] o.h.q.sqm.function.SqmFunctionRegistry   : Registered SqmFunctionTemplate [NamedSqmFunctionTemplate(reverse)] under reverse; prior registration was null
2025-03-29T19:22:34.835-03:00 DEBUG 90214 --- [backend] [           main] o.h.q.sqm.function.SqmFunctionRegistry   : Registered SqmFunctionTemplate [NamedSqmFunctionTemplate(space)] under space; prior registration was null
2025-03-29T19:22:34.835-03:00 DEBUG 90214 --- [backend] [           main] o.h.q.sqm.function.SqmFunctionRegistry   : Registered SqmFunctionTemplate [NamedSqmFunctionTemplate(repeat)] under repeat; prior registration was null
2025-03-29T19:22:34.836-03:00 DEBUG 90214 --- [backend] [           main] o.h.q.sqm.function.SqmFunctionRegistry   : Registered SqmFunctionTemplate [org.hibernate.query.sqm.function.MultipatternSqmFunctionDescriptor@67c2b55d] under lpad; prior registration was NamedSqmFunctionTemplate(lpad)
2025-03-29T19:22:34.836-03:00 DEBUG 90214 --- [backend] [           main] o.h.q.sqm.function.SqmFunctionRegistry   : Registered SqmFunctionTemplate [org.hibernate.query.sqm.function.MultipatternSqmFunctionDescriptor@5db04bd2] under rpad; prior registration was NamedSqmFunctionTemplate(rpad)
2025-03-29T19:22:34.836-03:00 DEBUG 90214 --- [backend] [           main] o.h.q.sqm.function.SqmFunctionRegistry   : Registered SqmFunctionTemplate [NamedSqmFunctionTemplate(md5)] under md5; prior registration was null
2025-03-29T19:22:34.836-03:00 DEBUG 90214 --- [backend] [           main] o.h.q.sqm.function.SqmFunctionRegistry   : Registered SqmFunctionTemplate [NamedSqmFunctionTemplate(day)] under day; prior registration was null
2025-03-29T19:22:34.836-03:00 DEBUG 90214 --- [backend] [           main] o.h.q.sqm.function.SqmFunctionRegistry   : Registered SqmFunctionTemplate [NamedSqmFunctionTemplate(month)] under month; prior registration was null
2025-03-29T19:22:34.836-03:00 DEBUG 90214 --- [backend] [           main] o.h.q.sqm.function.SqmFunctionRegistry   : Registered SqmFunctionTemplate [NamedSqmFunctionTemplate(year)] under year; prior registration was null
2025-03-29T19:22:34.836-03:00 DEBUG 90214 --- [backend] [           main] o.h.q.sqm.function.SqmFunctionRegistry   : Registered SqmFunctionTemplate [NamedSqmFunctionTemplate(hour)] under hour; prior registration was null
2025-03-29T19:22:34.836-03:00 DEBUG 90214 --- [backend] [           main] o.h.q.sqm.function.SqmFunctionRegistry   : Registered SqmFunctionTemplate [NamedSqmFunctionTemplate(minute)] under minute; prior registration was null
2025-03-29T19:22:34.836-03:00 DEBUG 90214 --- [backend] [           main] o.h.q.sqm.function.SqmFunctionRegistry   : Registered SqmFunctionTemplate [NamedSqmFunctionTemplate(second)] under second; prior registration was null
2025-03-29T19:22:34.836-03:00 DEBUG 90214 --- [backend] [           main] o.h.q.sqm.function.SqmFunctionRegistry   : Registered SqmFunctionTemplate [NamedSqmFunctionTemplate(microsecond)] under microsecond; prior registration was null
2025-03-29T19:22:34.836-03:00 DEBUG 90214 --- [backend] [           main] o.h.q.sqm.function.SqmFunctionRegistry   : Registered SqmFunctionTemplate [NamedSqmFunctionTemplate(dayofweek)] under dayofweek; prior registration was null
2025-03-29T19:22:34.836-03:00 DEBUG 90214 --- [backend] [           main] o.h.q.sqm.function.SqmFunctionRegistry   : Registered SqmFunctionTemplate [NamedSqmFunctionTemplate(dayofmonth)] under dayofmonth; prior registration was null
2025-03-29T19:22:34.836-03:00 DEBUG 90214 --- [backend] [           main] o.h.q.sqm.function.SqmFunctionRegistry   : Registering alternate key : day -> dayofmonth
2025-03-29T19:22:34.836-03:00 DEBUG 90214 --- [backend] [           main] o.h.q.sqm.function.SqmFunctionRegistry   : Registered SqmFunctionTemplate [NamedSqmFunctionTemplate(dayofyear)] under dayofyear; prior registration was null
2025-03-29T19:22:34.836-03:00 DEBUG 90214 --- [backend] [           main] o.h.q.sqm.function.SqmFunctionRegistry   : Registered SqmFunctionTemplate [NamedSqmFunctionTemplate(week)] under week; prior registration was null
2025-03-29T19:22:34.836-03:00 DEBUG 90214 --- [backend] [           main] o.h.q.sqm.function.SqmFunctionRegistry   : Registered SqmFunctionTemplate [NamedSqmFunctionTemplate(quarter)] under quarter; prior registration was null
2025-03-29T19:22:34.836-03:00 DEBUG 90214 --- [backend] [           main] o.h.q.sqm.function.SqmFunctionRegistry   : Registered SqmFunctionTemplate [NamedSqmFunctionTemplate(monthname)] under monthname; prior registration was null
2025-03-29T19:22:34.836-03:00 DEBUG 90214 --- [backend] [           main] o.h.q.sqm.function.SqmFunctionRegistry   : Registered SqmFunctionTemplate [NamedSqmFunctionTemplate(dayname)] under dayname; prior registration was null
2025-03-29T19:22:34.836-03:00 DEBUG 90214 --- [backend] [           main] o.h.q.sqm.function.SqmFunctionRegistry   : Registered SqmFunctionTemplate [NamedSqmFunctionTemplate(last_day)] under last_day; prior registration was null
2025-03-29T19:22:34.836-03:00 DEBUG 90214 --- [backend] [           main] o.h.q.sqm.function.SqmFunctionRegistry   : Registered SqmFunctionTemplate [NamedSqmFunctionTemplate(date)] under date; prior registration was null
2025-03-29T19:22:34.836-03:00 DEBUG 90214 --- [backend] [           main] o.h.q.sqm.function.SqmFunctionRegistry   : Registered SqmFunctionTemplate [NamedSqmFunctionTemplate(timestamp)] under timestamp; prior registration was null
2025-03-29T19:22:34.836-03:00 DEBUG 90214 --- [backend] [           main] o.h.q.sqm.function.SqmFunctionRegistry   : Registered SqmFunctionTemplate [NamedSqmFunctionTemplate(time)] under time; prior registration was null
2025-03-29T19:22:34.836-03:00 DEBUG 90214 --- [backend] [           main] o.h.q.sqm.function.SqmFunctionRegistry   : Registered SqmFunctionTemplate [NamedSqmFunctionTemplate(utc_date)] under utc_date; prior registration was null
2025-03-29T19:22:34.836-03:00 DEBUG 90214 --- [backend] [           main] o.h.q.sqm.function.SqmFunctionRegistry   : Registered SqmFunctionTemplate [NamedSqmFunctionTemplate(utc_time)] under utc_time; prior registration was null
2025-03-29T19:22:34.836-03:00 DEBUG 90214 --- [backend] [           main] o.h.q.sqm.function.SqmFunctionRegistry   : Registered SqmFunctionTemplate [NamedSqmFunctionTemplate(utc_timestamp)] under utc_timestamp; prior registration was null
2025-03-29T19:22:34.836-03:00 DEBUG 90214 --- [backend] [           main] o.h.q.sqm.function.SqmFunctionRegistry   : Registered SqmFunctionTemplate [NamedSqmFunctionTemplate(rand)] under rand; prior registration was null
2025-03-29T19:22:34.836-03:00 DEBUG 90214 --- [backend] [           main] o.h.q.sqm.function.SqmFunctionRegistry   : Registered SqmFunctionTemplate [NamedSqmFunctionTemplate(crc32)] under crc32; prior registration was null
2025-03-29T19:22:34.836-03:00 DEBUG 90214 --- [backend] [           main] o.h.q.sqm.function.SqmFunctionRegistry   : Registered SqmFunctionTemplate [NamedSqmFunctionTemplate(sha1)] under sha1; prior registration was null
2025-03-29T19:22:34.836-03:00 DEBUG 90214 --- [backend] [           main] o.h.q.sqm.function.SqmFunctionRegistry   : Registered SqmFunctionTemplate [NamedSqmFunctionTemplate(sha2)] under sha2; prior registration was null
2025-03-29T19:22:34.836-03:00 DEBUG 90214 --- [backend] [           main] o.h.q.sqm.function.SqmFunctionRegistry   : Registered SqmFunctionTemplate [NamedSqmFunctionTemplate(sha)] under sha; prior registration was null
2025-03-29T19:22:34.836-03:00 DEBUG 90214 --- [backend] [           main] o.h.q.sqm.function.SqmFunctionRegistry   : Registered SqmFunctionTemplate [NamedSqmFunctionTemplate(bit_length)] under bit_length; prior registration was null
2025-03-29T19:22:34.836-03:00 DEBUG 90214 --- [backend] [           main] o.h.q.sqm.function.SqmFunctionRegistry   : Registered SqmFunctionTemplate [NamedSqmFunctionTemplate(octet_length)] under octet_length; prior registration was NamedSqmFunctionTemplate(octet_length)
2025-03-29T19:22:34.836-03:00 DEBUG 90214 --- [backend] [           main] o.h.q.sqm.function.SqmFunctionRegistry   : Registered SqmFunctionTemplate [NamedSqmFunctionTemplate(ascii)] under ascii; prior registration was null
2025-03-29T19:22:34.836-03:00 DEBUG 90214 --- [backend] [           main] o.h.q.sqm.function.SqmFunctionRegistry   : Registered SqmFunctionTemplate [NamedSqmFunctionTemplate(instr)] under instr; prior registration was null
2025-03-29T19:22:34.836-03:00 DEBUG 90214 --- [backend] [           main] o.h.q.sqm.function.SqmFunctionRegistry   : Registered SqmFunctionTemplate [NamedSqmFunctionTemplate(substr)] under substr; prior registration was null
2025-03-29T19:22:34.836-03:00 DEBUG 90214 --- [backend] [           main] o.h.q.sqm.function.SqmFunctionRegistry   : Registered SqmFunctionTemplate [org.hibernate.query.sqm.function.PatternBasedSqmFunctionDescriptor@6f921e32] under position; prior registration was org.hibernate.dialect.function.LocatePositionEmulation@1b841e7d
2025-03-29T19:22:34.836-03:00 DEBUG 90214 --- [backend] [           main] o.h.q.sqm.function.SqmFunctionRegistry   : Registered SqmFunctionTemplate [NamedSqmFunctionTemplate(curtime)] under curtime; prior registration was null
2025-03-29T19:22:34.836-03:00 DEBUG 90214 --- [backend] [           main] o.h.q.sqm.function.SqmFunctionRegistry   : Registered SqmFunctionTemplate [NamedSqmFunctionTemplate(curdate)] under curdate; prior registration was null
2025-03-29T19:22:34.836-03:00 DEBUG 90214 --- [backend] [           main] o.h.q.sqm.function.SqmFunctionRegistry   : Registered SqmFunctionTemplate [NamedSqmFunctionTemplate(now)] under now; prior registration was null
2025-03-29T19:22:34.838-03:00 DEBUG 90214 --- [backend] [           main] o.h.q.sqm.function.SqmFunctionRegistry   : Registered SqmFunctionTemplate [org.hibernate.dialect.function.TruncFunction@45b08b17] under trunc; prior registration was null
2025-03-29T19:22:34.838-03:00 DEBUG 90214 --- [backend] [           main] o.h.q.sqm.function.SqmFunctionRegistry   : Registering alternate key : truncate -> trunc
2025-03-29T19:22:34.838-03:00 DEBUG 90214 --- [backend] [           main] o.h.q.sqm.function.SqmFunctionRegistry   : Registered SqmFunctionTemplate [NamedSqmFunctionTemplate(insert)] under insert; prior registration was null
2025-03-29T19:22:34.838-03:00 DEBUG 90214 --- [backend] [           main] o.h.q.sqm.function.SqmFunctionRegistry   : Registered SqmFunctionTemplate [org.hibernate.query.sqm.function.PatternBasedSqmFunctionDescriptor@6723e6b3] under bitand; prior registration was null
2025-03-29T19:22:34.838-03:00 DEBUG 90214 --- [backend] [           main] o.h.q.sqm.function.SqmFunctionRegistry   : Registered SqmFunctionTemplate [org.hibernate.query.sqm.function.PatternBasedSqmFunctionDescriptor@3883b5e9] under bitor; prior registration was null
2025-03-29T19:22:34.838-03:00 DEBUG 90214 --- [backend] [           main] o.h.q.sqm.function.SqmFunctionRegistry   : Registered SqmFunctionTemplate [org.hibernate.query.sqm.function.PatternBasedSqmFunctionDescriptor@61becbcf] under bitxor; prior registration was null
2025-03-29T19:22:34.838-03:00 DEBUG 90214 --- [backend] [           main] o.h.q.sqm.function.SqmFunctionRegistry   : Registered SqmFunctionTemplate [org.hibernate.query.sqm.function.PatternBasedSqmFunctionDescriptor@20171cdc] under bitnot; prior registration was null
2025-03-29T19:22:34.838-03:00 DEBUG 90214 --- [backend] [           main] o.h.q.sqm.function.SqmFunctionRegistry   : Registered SqmFunctionTemplate [NamedSqmFunctionTemplate(bit_and)] under bit_and; prior registration was null
2025-03-29T19:22:34.838-03:00 DEBUG 90214 --- [backend] [           main] o.h.q.sqm.function.SqmFunctionRegistry   : Registered SqmFunctionTemplate [NamedSqmFunctionTemplate(bit_or)] under bit_or; prior registration was null
2025-03-29T19:22:34.838-03:00 DEBUG 90214 --- [backend] [           main] o.h.q.sqm.function.SqmFunctionRegistry   : Registered SqmFunctionTemplate [NamedSqmFunctionTemplate(stddev)] under stddev; prior registration was null
2025-03-29T19:22:34.838-03:00 DEBUG 90214 --- [backend] [           main] o.h.q.sqm.function.SqmFunctionRegistry   : Registered SqmFunctionTemplate [NamedSqmFunctionTemplate(stddev_pop)] under stddev_pop; prior registration was null
2025-03-29T19:22:34.838-03:00 DEBUG 90214 --- [backend] [           main] o.h.q.sqm.function.SqmFunctionRegistry   : Registered SqmFunctionTemplate [NamedSqmFunctionTemplate(stddev_samp)] under stddev_samp; prior registration was null
2025-03-29T19:22:34.838-03:00 DEBUG 90214 --- [backend] [           main] o.h.q.sqm.function.SqmFunctionRegistry   : Registered SqmFunctionTemplate [NamedSqmFunctionTemplate(variance)] under variance; prior registration was null
2025-03-29T19:22:34.838-03:00 DEBUG 90214 --- [backend] [           main] o.h.q.sqm.function.SqmFunctionRegistry   : Registered SqmFunctionTemplate [NamedSqmFunctionTemplate(var_pop)] under var_pop; prior registration was null
2025-03-29T19:22:34.838-03:00 DEBUG 90214 --- [backend] [           main] o.h.q.sqm.function.SqmFunctionRegistry   : Registered SqmFunctionTemplate [NamedSqmFunctionTemplate(var_samp)] under var_samp; prior registration was null
2025-03-29T19:22:34.838-03:00 DEBUG 90214 --- [backend] [           main] o.h.q.sqm.function.SqmFunctionRegistry   : Registered SqmFunctionTemplate [NamedSqmFunctionTemplate(datediff)] under datediff; prior registration was null
2025-03-29T19:22:34.838-03:00 DEBUG 90214 --- [backend] [           main] o.h.q.sqm.function.SqmFunctionRegistry   : Registered SqmFunctionTemplate [NamedSqmFunctionTemplate(adddate)] under adddate; prior registration was null
2025-03-29T19:22:34.838-03:00 DEBUG 90214 --- [backend] [           main] o.h.q.sqm.function.SqmFunctionRegistry   : Registered SqmFunctionTemplate [NamedSqmFunctionTemplate(subdate)] under subdate; prior registration was null
2025-03-29T19:22:34.838-03:00 DEBUG 90214 --- [backend] [           main] o.h.q.sqm.function.SqmFunctionRegistry   : Registered SqmFunctionTemplate [NamedSqmFunctionTemplate(addtime)] under addtime; prior registration was null
2025-03-29T19:22:34.838-03:00 DEBUG 90214 --- [backend] [           main] o.h.q.sqm.function.SqmFunctionRegistry   : Registered SqmFunctionTemplate [NamedSqmFunctionTemplate(subtime)] under subtime; prior registration was null
2025-03-29T19:22:34.838-03:00 DEBUG 90214 --- [backend] [           main] o.h.q.sqm.function.SqmFunctionRegistry   : Registered SqmFunctionTemplate [org.hibernate.dialect.function.FormatFunction@58f97013] under format; prior registration was org.hibernate.dialect.function.FormatFunction@54d35ed5
2025-03-29T19:22:34.838-03:00 DEBUG 90214 --- [backend] [           main] o.h.q.sqm.function.SqmFunctionRegistry   : Registered SqmFunctionTemplate [NamedSqmFunctionTemplate(makedate)] under makedate; prior registration was null
2025-03-29T19:22:34.838-03:00 DEBUG 90214 --- [backend] [           main] o.h.q.sqm.function.SqmFunctionRegistry   : Registered SqmFunctionTemplate [NamedSqmFunctionTemplate(maketime)] under maketime; prior registration was null
2025-03-29T19:22:34.838-03:00 DEBUG 90214 --- [backend] [           main] o.h.q.sqm.function.SqmFunctionRegistry   : Registered SqmFunctionTemplate [NamedSqmFunctionTemplate(localtime)] under localtime; prior registration was null
2025-03-29T19:22:34.838-03:00 DEBUG 90214 --- [backend] [           main] o.h.q.sqm.function.SqmFunctionRegistry   : Registered SqmFunctionTemplate [NamedSqmFunctionTemplate(localtimestamp)] under localtimestamp; prior registration was null
2025-03-29T19:22:34.839-03:00 DEBUG 90214 --- [backend] [           main] o.h.q.sqm.function.SqmFunctionRegistry   : Registered SqmFunctionTemplate [NamedSqmFunctionTemplate(localtime)] under local_time; prior registration was org.hibernate.dialect.function.CurrentFunction@4067634b
2025-03-29T19:22:34.839-03:00 DEBUG 90214 --- [backend] [           main] o.h.q.sqm.function.SqmFunctionRegistry   : Registered SqmFunctionTemplate [NamedSqmFunctionTemplate(localtimestamp)] under local_datetime; prior registration was org.hibernate.dialect.function.CurrentFunction@3b64f131
2025-03-29T19:22:34.839-03:00 DEBUG 90214 --- [backend] [           main] o.h.q.sqm.function.SqmFunctionRegistry   : Registered SqmFunctionTemplate [NamedSqmFunctionTemplate(localtime)] under localtime; prior registration was NamedSqmFunctionTemplate(localtime)
2025-03-29T19:22:34.839-03:00 DEBUG 90214 --- [backend] [           main] o.h.q.sqm.function.SqmFunctionRegistry   : Registered SqmFunctionTemplate [org.hibernate.query.sqm.function.PatternBasedSqmFunctionDescriptor@7d70ba18] under pi; prior registration was org.hibernate.query.sqm.function.PatternBasedSqmFunctionDescriptor@3f87780b
2025-03-29T19:22:34.839-03:00 DEBUG 90214 --- [backend] [           main] o.h.q.sqm.function.SqmFunctionRegistry   : Registered SqmFunctionTemplate [org.hibernate.query.sqm.function.PatternBasedSqmFunctionDescriptor@6a07e6ca] under chr; prior registration was null
2025-03-29T19:22:34.839-03:00 DEBUG 90214 --- [backend] [           main] o.h.q.sqm.function.SqmFunctionRegistry   : Registering alternate key : char -> chr
2025-03-29T19:22:34.839-03:00 DEBUG 90214 --- [backend] [           main] o.h.q.sqm.function.SqmFunctionRegistry   : Registered SqmFunctionTemplate [org.hibernate.query.sqm.function.PatternBasedSqmFunctionDescriptor@726ef6aa] under sysdate; prior registration was null
2025-03-29T19:22:34.839-03:00 DEBUG 90214 --- [backend] [           main] o.h.q.sqm.function.SqmFunctionRegistry   : Registered SqmFunctionTemplate [org.hibernate.dialect.function.ListaggGroupConcatEmulation@49665f92] under listagg; prior registration was null
2025-03-29T19:22:34.840-03:00 DEBUG 90214 --- [backend] [           main] org.hibernate.HQL_FUNCTIONS              : abs(NUMERIC arg)
2025-03-29T19:22:34.841-03:00 DEBUG 90214 --- [backend] [           main] org.hibernate.HQL_FUNCTIONS              : Double acos(NUMERIC arg)
2025-03-29T19:22:34.842-03:00 DEBUG 90214 --- [backend] [           main] org.hibernate.HQL_FUNCTIONS              : adddate(DATE datetime, INTEGER days)
2025-03-29T19:22:34.842-03:00 DEBUG 90214 --- [backend] [           main] org.hibernate.HQL_FUNCTIONS              : addtime(TIME datetime, TIME time)
2025-03-29T19:22:34.842-03:00 DEBUG 90214 --- [backend] [           main] org.hibernate.HQL_FUNCTIONS              : Boolean any(BOOLEAN arg)
2025-03-29T19:22:34.842-03:00 DEBUG 90214 --- [backend] [           main] org.hibernate.HQL_FUNCTIONS              : Integer ascii(STRING arg)
2025-03-29T19:22:34.842-03:00 DEBUG 90214 --- [backend] [           main] org.hibernate.HQL_FUNCTIONS              : Double asin(NUMERIC arg)
2025-03-29T19:22:34.842-03:00 DEBUG 90214 --- [backend] [           main] org.hibernate.HQL_FUNCTIONS              : Double atan(NUMERIC arg)
2025-03-29T19:22:34.842-03:00 DEBUG 90214 --- [backend] [           main] org.hibernate.HQL_FUNCTIONS              : Double atan2(NUMERIC arg0, NUMERIC arg1)
2025-03-29T19:22:34.842-03:00 DEBUG 90214 --- [backend] [           main] org.hibernate.HQL_FUNCTIONS              : avg(arg)
2025-03-29T19:22:34.842-03:00 DEBUG 90214 --- [backend] [           main] org.hibernate.HQL_FUNCTIONS              : bit_and(arg)
2025-03-29T19:22:34.842-03:00 DEBUG 90214 --- [backend] [           main] org.hibernate.HQL_FUNCTIONS              : Integer bit_length(STRING_OR_CLOB arg)
2025-03-29T19:22:34.842-03:00 DEBUG 90214 --- [backend] [           main] org.hibernate.HQL_FUNCTIONS              : bit_or(arg)
2025-03-29T19:22:34.842-03:00 DEBUG 90214 --- [backend] [           main] org.hibernate.HQL_FUNCTIONS              : bitand(arg0, arg1)
2025-03-29T19:22:34.842-03:00 DEBUG 90214 --- [backend] [           main] org.hibernate.HQL_FUNCTIONS              : bitnot(arg)
2025-03-29T19:22:34.842-03:00 DEBUG 90214 --- [backend] [           main] org.hibernate.HQL_FUNCTIONS              : bitor(arg0, arg1)
2025-03-29T19:22:34.842-03:00 DEBUG 90214 --- [backend] [           main] org.hibernate.HQL_FUNCTIONS              : bitxor(arg0, arg1)
2025-03-29T19:22:34.842-03:00 DEBUG 90214 --- [backend] [           main] org.hibernate.HQL_FUNCTIONS              : cast(arg as Type)
2025-03-29T19:22:34.842-03:00 DEBUG 90214 --- [backend] [           main] org.hibernate.HQL_FUNCTIONS              : ceiling(NUMERIC arg)
2025-03-29T19:22:34.842-03:00 DEBUG 90214 --- [backend] [           main] org.hibernate.HQL_FUNCTIONS              : Character char(INTEGER arg)
2025-03-29T19:22:34.842-03:00 DEBUG 90214 --- [backend] [           main] org.hibernate.HQL_FUNCTIONS              : Integer character_length(STRING_OR_CLOB arg)
2025-03-29T19:22:34.842-03:00 DEBUG 90214 --- [backend] [           main] org.hibernate.HQL_FUNCTIONS              : Character chr(INTEGER arg)
2025-03-29T19:22:34.842-03:00 DEBUG 90214 --- [backend] [           main] org.hibernate.HQL_FUNCTIONS              : coalesce(arg0[, arg1[, ...]])
2025-03-29T19:22:34.842-03:00 DEBUG 90214 --- [backend] [           main] org.hibernate.HQL_FUNCTIONS              : String collate(STRING string as COLLATION collation)
2025-03-29T19:22:34.842-03:00 DEBUG 90214 --- [backend] [           main] org.hibernate.HQL_FUNCTIONS              : String concat(STRING string0[, STRING string1[, ...]])
2025-03-29T19:22:34.842-03:00 DEBUG 90214 --- [backend] [           main] org.hibernate.HQL_FUNCTIONS              : Double cos(NUMERIC arg)
2025-03-29T19:22:34.842-03:00 DEBUG 90214 --- [backend] [           main] org.hibernate.HQL_FUNCTIONS              : Double cosh(NUMERIC arg)
2025-03-29T19:22:34.842-03:00 DEBUG 90214 --- [backend] [           main] org.hibernate.HQL_FUNCTIONS              : Double cot(NUMERIC arg)
2025-03-29T19:22:34.843-03:00 DEBUG 90214 --- [backend] [           main] org.hibernate.HQL_FUNCTIONS              : Long count([distinct ]{arg|*})
2025-03-29T19:22:34.843-03:00 DEBUG 90214 --- [backend] [           main] org.hibernate.HQL_FUNCTIONS              : Integer crc32(arg)
2025-03-29T19:22:34.843-03:00 DEBUG 90214 --- [backend] [           main] org.hibernate.HQL_FUNCTIONS              : Date curdate()
2025-03-29T19:22:34.843-03:00 DEBUG 90214 --- [backend] [           main] org.hibernate.HQL_FUNCTIONS              : Date current date
2025-03-29T19:22:34.843-03:00 DEBUG 90214 --- [backend] [           main] org.hibernate.HQL_FUNCTIONS              : Time current time
2025-03-29T19:22:34.843-03:00 DEBUG 90214 --- [backend] [           main] org.hibernate.HQL_FUNCTIONS              : Timestamp current timestamp
2025-03-29T19:22:34.843-03:00 DEBUG 90214 --- [backend] [           main] org.hibernate.HQL_FUNCTIONS              : Date current_date
2025-03-29T19:22:34.843-03:00 DEBUG 90214 --- [backend] [           main] org.hibernate.HQL_FUNCTIONS              : Instant current_instant
2025-03-29T19:22:34.843-03:00 DEBUG 90214 --- [backend] [           main] org.hibernate.HQL_FUNCTIONS              : Time current_time
2025-03-29T19:22:34.843-03:00 DEBUG 90214 --- [backend] [           main] org.hibernate.HQL_FUNCTIONS              : Timestamp current_timestamp
2025-03-29T19:22:34.843-03:00 DEBUG 90214 --- [backend] [           main] org.hibernate.HQL_FUNCTIONS              : Time curtime()
2025-03-29T19:22:34.843-03:00 DEBUG 90214 --- [backend] [           main] org.hibernate.HQL_FUNCTIONS              : Date date(arg)
2025-03-29T19:22:34.843-03:00 DEBUG 90214 --- [backend] [           main] org.hibernate.HQL_FUNCTIONS              : dateadd(TEMPORAL_UNIT field, INTEGER magnitude, TEMPORAL datetime)
2025-03-29T19:22:34.843-03:00 DEBUG 90214 --- [backend] [           main] org.hibernate.HQL_FUNCTIONS              : Integer datediff(DATE end, DATE start)
2025-03-29T19:22:34.843-03:00 DEBUG 90214 --- [backend] [           main] org.hibernate.HQL_FUNCTIONS              : Integer day(DATE arg)
2025-03-29T19:22:34.843-03:00 DEBUG 90214 --- [backend] [           main] org.hibernate.HQL_FUNCTIONS              : String dayname(DATE arg)
2025-03-29T19:22:34.843-03:00 DEBUG 90214 --- [backend] [           main] org.hibernate.HQL_FUNCTIONS              : Integer dayofmonth(DATE arg)
2025-03-29T19:22:34.843-03:00 DEBUG 90214 --- [backend] [           main] org.hibernate.HQL_FUNCTIONS              : Integer dayofweek(DATE arg)
2025-03-29T19:22:34.843-03:00 DEBUG 90214 --- [backend] [           main] org.hibernate.HQL_FUNCTIONS              : Integer dayofyear(DATE arg)
2025-03-29T19:22:34.843-03:00 DEBUG 90214 --- [backend] [           main] org.hibernate.HQL_FUNCTIONS              : Double degrees(NUMERIC arg)
2025-03-29T19:22:34.843-03:00 DEBUG 90214 --- [backend] [           main] org.hibernate.HQL_FUNCTIONS              : Boolean every(BOOLEAN arg)
2025-03-29T19:22:34.843-03:00 DEBUG 90214 --- [backend] [           main] org.hibernate.HQL_FUNCTIONS              : Double exp(NUMERIC arg)
2025-03-29T19:22:34.843-03:00 DEBUG 90214 --- [backend] [           main] org.hibernate.HQL_FUNCTIONS              : extract(TEMPORAL_UNIT field from TEMPORAL arg)
2025-03-29T19:22:34.843-03:00 DEBUG 90214 --- [backend] [           main] org.hibernate.HQL_FUNCTIONS              : floor(NUMERIC arg)
2025-03-29T19:22:34.843-03:00 DEBUG 90214 --- [backend] [           main] org.hibernate.HQL_FUNCTIONS              : String format(TEMPORAL datetime as STRING pattern)
2025-03-29T19:22:34.843-03:00 DEBUG 90214 --- [backend] [           main] org.hibernate.HQL_FUNCTIONS              : greatest(COMPARABLE arg0, COMPARABLE arg1[, arg2[, ...]])
2025-03-29T19:22:34.843-03:00 DEBUG 90214 --- [backend] [           main] org.hibernate.HQL_FUNCTIONS              : Integer hour(TIME arg)
2025-03-29T19:22:34.843-03:00 DEBUG 90214 --- [backend] [           main] org.hibernate.HQL_FUNCTIONS              : ifnull(arg0, arg1)
2025-03-29T19:22:34.843-03:00 DEBUG 90214 --- [backend] [           main] org.hibernate.HQL_FUNCTIONS              : String insert(STRING string, INTEGER start, INTEGER length, STRING replacement)
2025-03-29T19:22:34.843-03:00 DEBUG 90214 --- [backend] [           main] org.hibernate.HQL_FUNCTIONS              : Instant instant
2025-03-29T19:22:34.843-03:00 DEBUG 90214 --- [backend] [           main] org.hibernate.HQL_FUNCTIONS              : Integer instr(STRING string, STRING pattern[, INTEGER start[, INTEGER occurrence]])
2025-03-29T19:22:34.843-03:00 DEBUG 90214 --- [backend] [           main] org.hibernate.HQL_FUNCTIONS              : Date last_day(DATE arg)
2025-03-29T19:22:34.843-03:00 DEBUG 90214 --- [backend] [           main] org.hibernate.HQL_FUNCTIONS              : least(COMPARABLE arg0, COMPARABLE arg1[, arg2[, ...]])
2025-03-29T19:22:34.843-03:00 DEBUG 90214 --- [backend] [           main] org.hibernate.HQL_FUNCTIONS              : String left(STRING string, INTEGER length)
2025-03-29T19:22:34.843-03:00 DEBUG 90214 --- [backend] [           main] org.hibernate.HQL_FUNCTIONS              : Integer length(STRING_OR_CLOB arg)
2025-03-29T19:22:34.843-03:00 DEBUG 90214 --- [backend] [           main] org.hibernate.HQL_FUNCTIONS              : String listagg(STRING arg0, STRING arg1)
2025-03-29T19:22:34.843-03:00 DEBUG 90214 --- [backend] [           main] org.hibernate.HQL_FUNCTIONS              : Double ln(NUMERIC arg)
2025-03-29T19:22:34.843-03:00 DEBUG 90214 --- [backend] [           main] org.hibernate.HQL_FUNCTIONS              : LocalDate local date
2025-03-29T19:22:34.843-03:00 DEBUG 90214 --- [backend] [           main] org.hibernate.HQL_FUNCTIONS              : LocalDateTime local datetime
2025-03-29T19:22:34.843-03:00 DEBUG 90214 --- [backend] [           main] org.hibernate.HQL_FUNCTIONS              : LocalTime local time
2025-03-29T19:22:34.843-03:00 DEBUG 90214 --- [backend] [           main] org.hibernate.HQL_FUNCTIONS              : LocalDate local_date
2025-03-29T19:22:34.843-03:00 DEBUG 90214 --- [backend] [           main] org.hibernate.HQL_FUNCTIONS              : LocalDateTime local_datetime
2025-03-29T19:22:34.843-03:00 DEBUG 90214 --- [backend] [           main] org.hibernate.HQL_FUNCTIONS              : LocalTime local_time
2025-03-29T19:22:34.843-03:00 DEBUG 90214 --- [backend] [           main] org.hibernate.HQL_FUNCTIONS              : Timestamp localtime
2025-03-29T19:22:34.843-03:00 DEBUG 90214 --- [backend] [           main] org.hibernate.HQL_FUNCTIONS              : Timestamp localtimestamp
2025-03-29T19:22:34.843-03:00 DEBUG 90214 --- [backend] [           main] org.hibernate.HQL_FUNCTIONS              : Integer locate(STRING pattern, STRING string[, INTEGER start])
2025-03-29T19:22:34.843-03:00 DEBUG 90214 --- [backend] [           main] org.hibernate.HQL_FUNCTIONS              : Double log(NUMERIC arg0[, NUMERIC arg1])
2025-03-29T19:22:34.843-03:00 DEBUG 90214 --- [backend] [           main] org.hibernate.HQL_FUNCTIONS              : Double log10(NUMERIC arg)
2025-03-29T19:22:34.843-03:00 DEBUG 90214 --- [backend] [           main] org.hibernate.HQL_FUNCTIONS              : Double log2(NUMERIC arg)
2025-03-29T19:22:34.843-03:00 DEBUG 90214 --- [backend] [           main] org.hibernate.HQL_FUNCTIONS              : String lower(STRING string)
2025-03-29T19:22:34.843-03:00 DEBUG 90214 --- [backend] [           main] org.hibernate.HQL_FUNCTIONS              : String lpad(string, length[, padding])
2025-03-29T19:22:34.843-03:00 DEBUG 90214 --- [backend] [           main] org.hibernate.HQL_FUNCTIONS              : String ltrim(STRING string[, STRING characters])
2025-03-29T19:22:34.843-03:00 DEBUG 90214 --- [backend] [           main] org.hibernate.HQL_FUNCTIONS              : Date makedate(INTEGER year, INTEGER dayofyear)
2025-03-29T19:22:34.843-03:00 DEBUG 90214 --- [backend] [           main] org.hibernate.HQL_FUNCTIONS              : Time maketime(INTEGER hour, INTEGER min, INTEGER sec)
2025-03-29T19:22:34.843-03:00 DEBUG 90214 --- [backend] [           main] org.hibernate.HQL_FUNCTIONS              : max(COMPARABLE arg)
2025-03-29T19:22:34.843-03:00 DEBUG 90214 --- [backend] [           main] org.hibernate.HQL_FUNCTIONS              : String md5(arg)
2025-03-29T19:22:34.843-03:00 DEBUG 90214 --- [backend] [           main] org.hibernate.HQL_FUNCTIONS              : Integer microsecond(TIME arg)
2025-03-29T19:22:34.843-03:00 DEBUG 90214 --- [backend] [           main] org.hibernate.HQL_FUNCTIONS              : min(COMPARABLE arg)
2025-03-29T19:22:34.843-03:00 DEBUG 90214 --- [backend] [           main] org.hibernate.HQL_FUNCTIONS              : Integer minute(TIME arg)
2025-03-29T19:22:34.843-03:00 DEBUG 90214 --- [backend] [           main] org.hibernate.HQL_FUNCTIONS              : Integer mod(INTEGER arg0, INTEGER arg1)
2025-03-29T19:22:34.843-03:00 DEBUG 90214 --- [backend] [           main] org.hibernate.HQL_FUNCTIONS              : Integer month(DATE arg)
2025-03-29T19:22:34.843-03:00 DEBUG 90214 --- [backend] [           main] org.hibernate.HQL_FUNCTIONS              : String monthname(DATE arg)
2025-03-29T19:22:34.843-03:00 DEBUG 90214 --- [backend] [           main] org.hibernate.HQL_FUNCTIONS              : Timestamp now()
2025-03-29T19:22:34.843-03:00 DEBUG 90214 --- [backend] [           main] org.hibernate.HQL_FUNCTIONS              : nullif(arg0, arg1)
2025-03-29T19:22:34.843-03:00 DEBUG 90214 --- [backend] [           main] org.hibernate.HQL_FUNCTIONS              : Integer octet_length(STRING_OR_CLOB arg)
2025-03-29T19:22:34.844-03:00 DEBUG 90214 --- [backend] [           main] org.hibernate.HQL_FUNCTIONS              : OffsetDateTime offset datetime
2025-03-29T19:22:34.844-03:00 DEBUG 90214 --- [backend] [           main] org.hibernate.HQL_FUNCTIONS              : OffsetDateTime offset_datetime
2025-03-29T19:22:34.844-03:00 DEBUG 90214 --- [backend] [           main] org.hibernate.HQL_FUNCTIONS              : String overlay(STRING string placing STRING replacement from INTEGER start[ for INTEGER length])
2025-03-29T19:22:34.844-03:00 DEBUG 90214 --- [backend] [           main] org.hibernate.HQL_FUNCTIONS              : String pad(STRING string with INTEGER length {leading|trailing}[ STRING character])
2025-03-29T19:22:34.844-03:00 DEBUG 90214 --- [backend] [           main] org.hibernate.HQL_FUNCTIONS              : Double pi
2025-03-29T19:22:34.844-03:00 DEBUG 90214 --- [backend] [           main] org.hibernate.HQL_FUNCTIONS              : Integer position(STRING pattern in STRING string)
2025-03-29T19:22:34.844-03:00 DEBUG 90214 --- [backend] [           main] org.hibernate.HQL_FUNCTIONS              : Double power(NUMERIC arg0, NUMERIC arg1)
2025-03-29T19:22:34.844-03:00 DEBUG 90214 --- [backend] [           main] org.hibernate.HQL_FUNCTIONS              : Integer quarter(DATE arg)
2025-03-29T19:22:34.844-03:00 DEBUG 90214 --- [backend] [           main] org.hibernate.HQL_FUNCTIONS              : Double radians(NUMERIC arg)
2025-03-29T19:22:34.844-03:00 DEBUG 90214 --- [backend] [           main] org.hibernate.HQL_FUNCTIONS              : Double rand([INTEGER seed])
2025-03-29T19:22:34.844-03:00 DEBUG 90214 --- [backend] [           main] org.hibernate.HQL_FUNCTIONS              : String repeat(STRING string, INTEGER times)
2025-03-29T19:22:34.844-03:00 DEBUG 90214 --- [backend] [           main] org.hibernate.HQL_FUNCTIONS              : String replace(STRING string, STRING pattern, STRING replacement)
2025-03-29T19:22:34.844-03:00 DEBUG 90214 --- [backend] [           main] org.hibernate.HQL_FUNCTIONS              : String reverse(STRING arg)
2025-03-29T19:22:34.844-03:00 DEBUG 90214 --- [backend] [           main] org.hibernate.HQL_FUNCTIONS              : String right(STRING string, INTEGER length)
2025-03-29T19:22:34.844-03:00 DEBUG 90214 --- [backend] [           main] org.hibernate.HQL_FUNCTIONS              : round(NUMERIC number[, INTEGER places])
2025-03-29T19:22:34.844-03:00 DEBUG 90214 --- [backend] [           main] org.hibernate.HQL_FUNCTIONS              : String rpad(string, length[, padding])
2025-03-29T19:22:34.844-03:00 DEBUG 90214 --- [backend] [           main] org.hibernate.HQL_FUNCTIONS              : String rtrim(STRING string[, STRING characters])
2025-03-29T19:22:34.844-03:00 DEBUG 90214 --- [backend] [           main] org.hibernate.HQL_FUNCTIONS              : Integer second(TIME arg)
2025-03-29T19:22:34.844-03:00 DEBUG 90214 --- [backend] [           main] org.hibernate.HQL_FUNCTIONS              : String sha(arg)
2025-03-29T19:22:34.844-03:00 DEBUG 90214 --- [backend] [           main] org.hibernate.HQL_FUNCTIONS              : String sha1(arg)
2025-03-29T19:22:34.844-03:00 DEBUG 90214 --- [backend] [           main] org.hibernate.HQL_FUNCTIONS              : String sha2(arg0, arg1)
2025-03-29T19:22:34.844-03:00 DEBUG 90214 --- [backend] [           main] org.hibernate.HQL_FUNCTIONS              : Integer sign(NUMERIC arg)
2025-03-29T19:22:34.844-03:00 DEBUG 90214 --- [backend] [           main] org.hibernate.HQL_FUNCTIONS              : Double sin(NUMERIC arg)
2025-03-29T19:22:34.844-03:00 DEBUG 90214 --- [backend] [           main] org.hibernate.HQL_FUNCTIONS              : Double sinh(NUMERIC arg)
2025-03-29T19:22:34.844-03:00 DEBUG 90214 --- [backend] [           main] org.hibernate.HQL_FUNCTIONS              : String soundex(arg)
2025-03-29T19:22:34.844-03:00 DEBUG 90214 --- [backend] [           main] org.hibernate.HQL_FUNCTIONS              : String space(INTEGER arg)
2025-03-29T19:22:34.844-03:00 DEBUG 90214 --- [backend] [           main] org.hibernate.HQL_FUNCTIONS              : Object sql
2025-03-29T19:22:34.844-03:00 DEBUG 90214 --- [backend] [           main] org.hibernate.HQL_FUNCTIONS              : Double sqrt(NUMERIC arg)
2025-03-29T19:22:34.844-03:00 DEBUG 90214 --- [backend] [           main] org.hibernate.HQL_FUNCTIONS              : Double stddev(NUMERIC arg)
2025-03-29T19:22:34.844-03:00 DEBUG 90214 --- [backend] [           main] org.hibernate.HQL_FUNCTIONS              : Double stddev_pop(NUMERIC arg)
2025-03-29T19:22:34.844-03:00 DEBUG 90214 --- [backend] [           main] org.hibernate.HQL_FUNCTIONS              : Double stddev_samp(NUMERIC arg)
2025-03-29T19:22:34.844-03:00 DEBUG 90214 --- [backend] [           main] org.hibernate.HQL_FUNCTIONS              : String str(arg)
2025-03-29T19:22:34.844-03:00 DEBUG 90214 --- [backend] [           main] org.hibernate.HQL_FUNCTIONS              : subdate(DATE datetime, INTEGER days)
2025-03-29T19:22:34.844-03:00 DEBUG 90214 --- [backend] [           main] org.hibernate.HQL_FUNCTIONS              : String substr(STRING string, INTEGER start[, INTEGER length])
2025-03-29T19:22:34.844-03:00 DEBUG 90214 --- [backend] [           main] org.hibernate.HQL_FUNCTIONS              : String substring(STRING string{ from|,} INTEGER start[{ for|,} INTEGER length])
2025-03-29T19:22:34.844-03:00 DEBUG 90214 --- [backend] [           main] org.hibernate.HQL_FUNCTIONS              : subtime(TIME datetime, TIME time)
2025-03-29T19:22:34.844-03:00 DEBUG 90214 --- [backend] [           main] org.hibernate.HQL_FUNCTIONS              : sum(arg)
2025-03-29T19:22:34.844-03:00 DEBUG 90214 --- [backend] [           main] org.hibernate.HQL_FUNCTIONS              : Timestamp sysdate()
2025-03-29T19:22:34.844-03:00 DEBUG 90214 --- [backend] [           main] org.hibernate.HQL_FUNCTIONS              : Double tan(NUMERIC arg)
2025-03-29T19:22:34.844-03:00 DEBUG 90214 --- [backend] [           main] org.hibernate.HQL_FUNCTIONS              : Double tanh(NUMERIC arg)
2025-03-29T19:22:34.844-03:00 DEBUG 90214 --- [backend] [           main] org.hibernate.HQL_FUNCTIONS              : String time(arg)
2025-03-29T19:22:34.844-03:00 DEBUG 90214 --- [backend] [           main] org.hibernate.HQL_FUNCTIONS              : Timestamp timestamp(arg0[, arg1])
2025-03-29T19:22:34.844-03:00 DEBUG 90214 --- [backend] [           main] org.hibernate.HQL_FUNCTIONS              : timestampadd(TEMPORAL_UNIT field, INTEGER magnitude, TEMPORAL datetime)
2025-03-29T19:22:34.844-03:00 DEBUG 90214 --- [backend] [           main] org.hibernate.HQL_FUNCTIONS              : Long|Double timestampdiff(TEMPORAL_UNIT field, TEMPORAL start, TEMPORAL end)
2025-03-29T19:22:34.844-03:00 DEBUG 90214 --- [backend] [           main] org.hibernate.HQL_FUNCTIONS              : String trim([[{leading|trailing|both} ][STRING arg0 ]from] STRING arg1)
2025-03-29T19:22:34.844-03:00 DEBUG 90214 --- [backend] [           main] org.hibernate.HQL_FUNCTIONS              : trunc( ... )
2025-03-29T19:22:34.844-03:00 DEBUG 90214 --- [backend] [           main] org.hibernate.HQL_FUNCTIONS              : truncate( ... )
2025-03-29T19:22:34.844-03:00 DEBUG 90214 --- [backend] [           main] org.hibernate.HQL_FUNCTIONS              : String upper(STRING string)
2025-03-29T19:22:34.844-03:00 DEBUG 90214 --- [backend] [           main] org.hibernate.HQL_FUNCTIONS              : Date utc_date
2025-03-29T19:22:34.844-03:00 DEBUG 90214 --- [backend] [           main] org.hibernate.HQL_FUNCTIONS              : Time utc_time
2025-03-29T19:22:34.844-03:00 DEBUG 90214 --- [backend] [           main] org.hibernate.HQL_FUNCTIONS              : Timestamp utc_timestamp
2025-03-29T19:22:34.844-03:00 DEBUG 90214 --- [backend] [           main] org.hibernate.HQL_FUNCTIONS              : Double var_pop(NUMERIC arg)
2025-03-29T19:22:34.844-03:00 DEBUG 90214 --- [backend] [           main] org.hibernate.HQL_FUNCTIONS              : Double var_samp(NUMERIC arg)
2025-03-29T19:22:34.844-03:00 DEBUG 90214 --- [backend] [           main] org.hibernate.HQL_FUNCTIONS              : Double variance(NUMERIC arg)
2025-03-29T19:22:34.844-03:00 DEBUG 90214 --- [backend] [           main] org.hibernate.HQL_FUNCTIONS              : Integer week(DATE arg)
2025-03-29T19:22:34.844-03:00 DEBUG 90214 --- [backend] [           main] org.hibernate.HQL_FUNCTIONS              : Integer year(DATE arg)
2025-03-29T19:22:34.845-03:00 DEBUG 90214 --- [backend] [onnection adder] com.zaxxer.hikari.pool.HikariPool        : HikariPool-1 - After adding stats (total=3, active=0, idle=3, waiting=0)
2025-03-29T19:22:34.846-03:00 DEBUG 90214 --- [backend] [           main] org.hibernate.orm.query.plan.cache       : Starting QueryInterpretationCache(2048)
2025-03-29T19:22:34.848-03:00 TRACE 90214 --- [backend] [           main] o.h.s.i.AbstractServiceRegistryImpl      : Initializing service [role=org.hibernate.engine.query.spi.NativeQueryInterpreter]
2025-03-29T19:22:34.859-03:00 DEBUG 90214 --- [backend] [onnection adder] com.zaxxer.hikari.pool.HikariPool        : HikariPool-1 - Added connection com.mysql.cj.jdbc.ConnectionImpl@44d2912
2025-03-29T19:22:34.880-03:00 DEBUG 90214 --- [backend] [           main] .h.s.i.SessionFactoryServiceRegistryImpl : EventListenerRegistry access via ServiceRegistry is deprecated.  Use `sessionFactory.getEventEngine().getListenerRegistry()` instead
2025-03-29T19:22:34.880-03:00 TRACE 90214 --- [backend] [           main] o.h.s.i.AbstractServiceRegistryImpl      : Initializing service [role=org.hibernate.engine.jdbc.mutation.spi.MutationExecutorService]
2025-03-29T19:22:34.880-03:00 TRACE 90214 --- [backend] [           main] o.h.s.i.AbstractServiceRegistryImpl      : Initializing service [role=org.hibernate.event.spi.EntityCopyObserverFactory]
2025-03-29T19:22:34.880-03:00 DEBUG 90214 --- [backend] [           main] h.e.i.EntityCopyObserverFactoryInitiator : Configured EntityCopyObserver strategy: disallow
2025-03-29T19:22:34.881-03:00 TRACE 90214 --- [backend] [           main] o.h.s.i.AbstractServiceRegistryImpl      : Initializing service [role=org.hibernate.sql.results.jdbc.spi.JdbcValuesMappingProducerProvider]
2025-03-29T19:22:34.882-03:00 TRACE 90214 --- [backend] [           main] o.h.s.i.AbstractServiceRegistryImpl      : Initializing service [role=org.hibernate.engine.jdbc.batch.spi.BatchBuilder]
2025-03-29T19:22:34.883-03:00 TRACE 90214 --- [backend] [           main] org.hibernate.orm.jdbc.batch             : Using standard BatchBuilder (1)
2025-03-29T19:22:34.885-03:00 TRACE 90214 --- [backend] [           main] o.h.s.i.AbstractServiceRegistryImpl      : Initializing service [role=org.hibernate.persister.spi.PersisterFactory]
2025-03-29T19:22:34.885-03:00 TRACE 90214 --- [backend] [           main] o.h.s.i.AbstractServiceRegistryImpl      : Initializing service [role=org.hibernate.persister.spi.PersisterClassResolver]
2025-03-29T19:22:34.894-03:00 DEBUG 90214 --- [backend] [onnection adder] com.zaxxer.hikari.pool.HikariPool        : HikariPool-1 - After adding stats (total=4, active=0, idle=4, waiting=0)
2025-03-29T19:22:34.910-03:00 DEBUG 90214 --- [backend] [onnection adder] com.zaxxer.hikari.pool.HikariPool        : HikariPool-1 - Added connection com.mysql.cj.jdbc.ConnectionImpl@34f8b08f
2025-03-29T19:22:34.912-03:00 DEBUG 90214 --- [backend] [           main] o.h.boot.internal.ClassLoaderAccessImpl  : Not known whether passed class name [com.duoc.backend.User] is safe
2025-03-29T19:22:34.912-03:00 DEBUG 90214 --- [backend] [           main] o.h.boot.internal.ClassLoaderAccessImpl  : No temp ClassLoader provided; using live ClassLoader for loading potentially unsafe class : com.duoc.backend.User
2025-03-29T19:22:34.913-03:00 TRACE 90214 --- [backend] [           main] o.h.s.i.AbstractServiceRegistryImpl      : Initializing service [role=org.hibernate.property.access.spi.PropertyAccessStrategyResolver]
2025-03-29T19:22:34.945-03:00 DEBUG 90214 --- [backend] [onnection adder] com.zaxxer.hikari.pool.HikariPool        : HikariPool-1 - After adding stats (total=5, active=0, idle=5, waiting=0)
2025-03-29T19:22:34.961-03:00 DEBUG 90214 --- [backend] [onnection adder] com.zaxxer.hikari.pool.HikariPool        : HikariPool-1 - Added connection com.mysql.cj.jdbc.ConnectionImpl@7180bfa2
2025-03-29T19:22:34.966-03:00 DEBUG 90214 --- [backend] [           main] o.h.b.i.bytebuddy.BytecodeProviderImpl   : HHH000513: Unable to create the ReflectionOptimizer for [com.duoc.backend.User]: private accessor [email]
2025-03-29T19:22:34.977-03:00 TRACE 90214 --- [backend] [           main] o.h.p.entity.AbstractPropertyMapping     : Skipping duplicate registration of path [email], existing type = [basicType@7(java.lang.String,12)], incoming type = [basicType@7(java.lang.String,12)]
2025-03-29T19:22:34.977-03:00 TRACE 90214 --- [backend] [           main] o.h.p.entity.AbstractPropertyMapping     : Skipping duplicate registration of path [password], existing type = [basicType@7(java.lang.String,12)], incoming type = [basicType@7(java.lang.String,12)]
2025-03-29T19:22:34.977-03:00 TRACE 90214 --- [backend] [           main] o.h.p.entity.AbstractPropertyMapping     : Skipping duplicate registration of path [username], existing type = [basicType@7(java.lang.String,12)], incoming type = [basicType@7(java.lang.String,12)]
2025-03-29T19:22:34.977-03:00 TRACE 90214 --- [backend] [           main] o.h.p.entity.AbstractPropertyMapping     : Skipping duplicate registration of path [id], existing type = [basicType@10(java.lang.Integer,4)], incoming type = [basicType@10(java.lang.Integer,4)]
2025-03-29T19:22:34.977-03:00 DEBUG 90214 --- [backend] [           main] o.h.boot.internal.ClassLoaderAccessImpl  : Not known whether passed class name [com.duoc.backend.Appointment.Appointment] is safe
2025-03-29T19:22:34.977-03:00 DEBUG 90214 --- [backend] [           main] o.h.boot.internal.ClassLoaderAccessImpl  : No temp ClassLoader provided; using live ClassLoader for loading potentially unsafe class : com.duoc.backend.Appointment.Appointment
2025-03-29T19:22:34.983-03:00 DEBUG 90214 --- [backend] [           main] o.h.b.i.bytebuddy.BytecodeProviderImpl   : HHH000513: Unable to create the ReflectionOptimizer for [com.duoc.backend.Appointment.Appointment]: private accessor [date]
2025-03-29T19:22:34.984-03:00 TRACE 90214 --- [backend] [           main] o.h.p.entity.AbstractPropertyMapping     : Skipping duplicate registration of path [date], existing type = [basicType@6(java.time.LocalDate,91)], incoming type = [basicType@6(java.time.LocalDate,91)]
2025-03-29T19:22:34.984-03:00 TRACE 90214 --- [backend] [           main] o.h.p.entity.AbstractPropertyMapping     : Skipping duplicate registration of path [reason], existing type = [basicType@7(java.lang.String,12)], incoming type = [basicType@7(java.lang.String,12)]
2025-03-29T19:22:34.984-03:00 TRACE 90214 --- [backend] [           main] o.h.p.entity.AbstractPropertyMapping     : Skipping duplicate registration of path [time], existing type = [basicType@8(java.time.LocalTime,92)], incoming type = [basicType@8(java.time.LocalTime,92)]
2025-03-29T19:22:34.984-03:00 TRACE 90214 --- [backend] [           main] o.h.p.entity.AbstractPropertyMapping     : Skipping duplicate registration of path [veterinarian], existing type = [basicType@7(java.lang.String,12)], incoming type = [basicType@7(java.lang.String,12)]
2025-03-29T19:22:34.984-03:00 TRACE 90214 --- [backend] [           main] o.h.p.entity.AbstractPropertyMapping     : Skipping duplicate registration of path [id], existing type = [basicType@5(java.lang.Long,-5)], incoming type = [basicType@5(java.lang.Long,-5)]
2025-03-29T19:22:34.984-03:00 DEBUG 90214 --- [backend] [           main] o.h.boot.internal.ClassLoaderAccessImpl  : Not known whether passed class name [com.duoc.backend.Patient.Patient] is safe
2025-03-29T19:22:34.984-03:00 DEBUG 90214 --- [backend] [           main] o.h.boot.internal.ClassLoaderAccessImpl  : No temp ClassLoader provided; using live ClassLoader for loading potentially unsafe class : com.duoc.backend.Patient.Patient
2025-03-29T19:22:34.989-03:00 DEBUG 90214 --- [backend] [           main] o.h.b.i.bytebuddy.BytecodeProviderImpl   : HHH000513: Unable to create the ReflectionOptimizer for [com.duoc.backend.Patient.Patient]: private accessor [age]
2025-03-29T19:22:34.990-03:00 TRACE 90214 --- [backend] [           main] o.h.p.entity.AbstractPropertyMapping     : Skipping duplicate registration of path [age], existing type = [basicType@10(java.lang.Integer,4)], incoming type = [basicType@10(java.lang.Integer,4)]
2025-03-29T19:22:34.990-03:00 TRACE 90214 --- [backend] [           main] o.h.p.entity.AbstractPropertyMapping     : Skipping duplicate registration of path [breed], existing type = [basicType@7(java.lang.String,12)], incoming type = [basicType@7(java.lang.String,12)]
2025-03-29T19:22:34.990-03:00 TRACE 90214 --- [backend] [           main] o.h.p.entity.AbstractPropertyMapping     : Skipping duplicate registration of path [name], existing type = [basicType@7(java.lang.String,12)], incoming type = [basicType@7(java.lang.String,12)]
2025-03-29T19:22:34.990-03:00 TRACE 90214 --- [backend] [           main] o.h.p.entity.AbstractPropertyMapping     : Skipping duplicate registration of path [owner], existing type = [basicType@7(java.lang.String,12)], incoming type = [basicType@7(java.lang.String,12)]
2025-03-29T19:22:34.990-03:00 TRACE 90214 --- [backend] [           main] o.h.p.entity.AbstractPropertyMapping     : Skipping duplicate registration of path [species], existing type = [basicType@7(java.lang.String,12)], incoming type = [basicType@7(java.lang.String,12)]
2025-03-29T19:22:34.990-03:00 TRACE 90214 --- [backend] [           main] o.h.p.entity.AbstractPropertyMapping     : Skipping duplicate registration of path [id], existing type = [basicType@5(java.lang.Long,-5)], incoming type = [basicType@5(java.lang.Long,-5)]
2025-03-29T19:22:34.990-03:00 DEBUG 90214 --- [backend] [           main] o.h.boot.internal.ClassLoaderAccessImpl  : Not known whether passed class name [com.duoc.backend.Invoice.Invoice] is safe
2025-03-29T19:22:34.990-03:00 DEBUG 90214 --- [backend] [           main] o.h.boot.internal.ClassLoaderAccessImpl  : No temp ClassLoader provided; using live ClassLoader for loading potentially unsafe class : com.duoc.backend.Invoice.Invoice
2025-03-29T19:22:34.997-03:00 DEBUG 90214 --- [backend] [onnection adder] com.zaxxer.hikari.pool.HikariPool        : HikariPool-1 - After adding stats (total=6, active=0, idle=6, waiting=0)
2025-03-29T19:22:34.997-03:00 DEBUG 90214 --- [backend] [           main] o.h.b.i.bytebuddy.BytecodeProviderImpl   : HHH000513: Unable to create the ReflectionOptimizer for [com.duoc.backend.Invoice.Invoice]: private accessor [cares]
2025-03-29T19:22:34.997-03:00 TRACE 90214 --- [backend] [           main] o.h.p.entity.AbstractPropertyMapping     : Skipping duplicate registration of path [cares], existing type = [org.hibernate.type.BagType(com.duoc.backend.Invoice.Invoice.cares)], incoming type = [org.hibernate.type.BagType(com.duoc.backend.Invoice.Invoice.cares)]
2025-03-29T19:22:34.997-03:00 TRACE 90214 --- [backend] [           main] o.h.p.entity.AbstractPropertyMapping     : Skipping duplicate registration of path [date], existing type = [basicType@6(java.time.LocalDate,91)], incoming type = [basicType@6(java.time.LocalDate,91)]
2025-03-29T19:22:34.997-03:00 TRACE 90214 --- [backend] [           main] o.h.p.entity.AbstractPropertyMapping     : Skipping duplicate registration of path [medications], existing type = [org.hibernate.type.BagType(com.duoc.backend.Invoice.Invoice.medications)], incoming type = [org.hibernate.type.BagType(com.duoc.backend.Invoice.Invoice.medications)]
2025-03-29T19:22:34.997-03:00 TRACE 90214 --- [backend] [           main] o.h.p.entity.AbstractPropertyMapping     : Skipping duplicate registration of path [patientName], existing type = [basicType@7(java.lang.String,12)], incoming type = [basicType@7(java.lang.String,12)]
2025-03-29T19:22:34.997-03:00 TRACE 90214 --- [backend] [           main] o.h.p.entity.AbstractPropertyMapping     : Skipping duplicate registration of path [time], existing type = [basicType@8(java.time.LocalTime,92)], incoming type = [basicType@8(java.time.LocalTime,92)]
2025-03-29T19:22:34.997-03:00 TRACE 90214 --- [backend] [           main] o.h.p.entity.AbstractPropertyMapping     : Skipping duplicate registration of path [totalCost], existing type = [basicType@9(java.lang.Double,8)], incoming type = [basicType@9(java.lang.Double,8)]
2025-03-29T19:22:34.997-03:00 TRACE 90214 --- [backend] [           main] o.h.p.entity.AbstractPropertyMapping     : Skipping duplicate registration of path [id], existing type = [basicType@5(java.lang.Long,-5)], incoming type = [basicType@5(java.lang.Long,-5)]
2025-03-29T19:22:34.997-03:00 DEBUG 90214 --- [backend] [           main] o.h.boot.internal.ClassLoaderAccessImpl  : Not known whether passed class name [com.duoc.backend.Medication.Medication] is safe
2025-03-29T19:22:34.997-03:00 DEBUG 90214 --- [backend] [           main] o.h.boot.internal.ClassLoaderAccessImpl  : No temp ClassLoader provided; using live ClassLoader for loading potentially unsafe class : com.duoc.backend.Medication.Medication
2025-03-29T19:22:35.001-03:00 DEBUG 90214 --- [backend] [           main] o.h.b.i.bytebuddy.BytecodeProviderImpl   : HHH000513: Unable to create the ReflectionOptimizer for [com.duoc.backend.Medication.Medication]: private accessor [cost]
2025-03-29T19:22:35.001-03:00 TRACE 90214 --- [backend] [           main] o.h.p.entity.AbstractPropertyMapping     : Skipping duplicate registration of path [cost], existing type = [basicType@9(java.lang.Double,8)], incoming type = [basicType@9(java.lang.Double,8)]
2025-03-29T19:22:35.001-03:00 TRACE 90214 --- [backend] [           main] o.h.p.entity.AbstractPropertyMapping     : Skipping duplicate registration of path [name], existing type = [basicType@7(java.lang.String,12)], incoming type = [basicType@7(java.lang.String,12)]
2025-03-29T19:22:35.001-03:00 TRACE 90214 --- [backend] [           main] o.h.p.entity.AbstractPropertyMapping     : Skipping duplicate registration of path [id], existing type = [basicType@5(java.lang.Long,-5)], incoming type = [basicType@5(java.lang.Long,-5)]
2025-03-29T19:22:35.001-03:00 DEBUG 90214 --- [backend] [           main] o.h.boot.internal.ClassLoaderAccessImpl  : Not known whether passed class name [com.duoc.backend.Care.Care] is safe
2025-03-29T19:22:35.001-03:00 DEBUG 90214 --- [backend] [           main] o.h.boot.internal.ClassLoaderAccessImpl  : No temp ClassLoader provided; using live ClassLoader for loading potentially unsafe class : com.duoc.backend.Care.Care
2025-03-29T19:22:35.006-03:00 DEBUG 90214 --- [backend] [           main] o.h.b.i.bytebuddy.BytecodeProviderImpl   : HHH000513: Unable to create the ReflectionOptimizer for [com.duoc.backend.Care.Care]: private accessor [cost]
2025-03-29T19:22:35.006-03:00 TRACE 90214 --- [backend] [           main] o.h.p.entity.AbstractPropertyMapping     : Skipping duplicate registration of path [cost], existing type = [basicType@9(java.lang.Double,8)], incoming type = [basicType@9(java.lang.Double,8)]
2025-03-29T19:22:35.006-03:00 TRACE 90214 --- [backend] [           main] o.h.p.entity.AbstractPropertyMapping     : Skipping duplicate registration of path [name], existing type = [basicType@7(java.lang.String,12)], incoming type = [basicType@7(java.lang.String,12)]
2025-03-29T19:22:35.006-03:00 TRACE 90214 --- [backend] [           main] o.h.p.entity.AbstractPropertyMapping     : Skipping duplicate registration of path [id], existing type = [basicType@5(java.lang.Long,-5)], incoming type = [basicType@5(java.lang.Long,-5)]
2025-03-29T19:22:35.017-03:00 DEBUG 90214 --- [backend] [onnection adder] com.zaxxer.hikari.pool.HikariPool        : HikariPool-1 - Added connection com.mysql.cj.jdbc.ConnectionImpl@595785fe
2025-03-29T19:22:35.020-03:00 DEBUG 90214 --- [backend] [           main] org.hibernate.orm.jdbc.mutation          : Skipping collection row updates - com.duoc.backend.Invoice.Invoice.medications
2025-03-29T19:22:35.020-03:00 DEBUG 90214 --- [backend] [           main] org.hibernate.orm.jdbc.mutation          : Skipping collection row updates - com.duoc.backend.Invoice.Invoice.cares
2025-03-29T19:22:35.031-03:00 DEBUG 90214 --- [backend] [           main] o.hibernate.orm.model.mapping.creation   : Starting post-init callbacks
2025-03-29T19:22:35.031-03:00 DEBUG 90214 --- [backend] [           main] o.hibernate.orm.model.mapping.creation   : Starting PostInitCallbackEntry : Entity(com.duoc.backend.User) `staticFetchableList` generator
2025-03-29T19:22:35.031-03:00 DEBUG 90214 --- [backend] [           main] o.hibernate.orm.model.mapping.creation   : Starting PostInitCallbackEntry : Entity(com.duoc.backend.User) `sqmMultiTableInsertStrategy` interpretation
2025-03-29T19:22:35.031-03:00 TRACE 90214 --- [backend] [           main] o.h.s.i.AbstractServiceRegistryImpl      : Initializing service [role=org.hibernate.query.sqm.mutation.spi.SqmMultiTableMutationStrategyProvider]
2025-03-29T19:22:35.032-03:00 TRACE 90214 --- [backend] [           main] o.h.s.i.AbstractServiceRegistryImpl      : Initializing service [role=org.hibernate.engine.jdbc.connections.spi.MultiTenantConnectionProvider]
2025-03-29T19:22:35.032-03:00 DEBUG 90214 --- [backend] [           main] o.hibernate.orm.model.mapping.creation   : Starting PostInitCallbackEntry : Entity(com.duoc.backend.Appointment.Appointment) `staticFetchableList` generator
2025-03-29T19:22:35.032-03:00 DEBUG 90214 --- [backend] [           main] o.hibernate.orm.model.mapping.creation   : Starting PostInitCallbackEntry : Entity(com.duoc.backend.Appointment.Appointment) `sqmMultiTableInsertStrategy` interpretation
2025-03-29T19:22:35.032-03:00 TRACE 90214 --- [backend] [           main] o.h.s.i.AbstractServiceRegistryImpl      : Initializing service [role=org.hibernate.engine.jdbc.connections.spi.MultiTenantConnectionProvider]
2025-03-29T19:22:35.033-03:00 DEBUG 90214 --- [backend] [           main] o.hibernate.orm.model.mapping.creation   : Starting PostInitCallbackEntry : Entity(com.duoc.backend.Patient.Patient) `staticFetchableList` generator
2025-03-29T19:22:35.033-03:00 DEBUG 90214 --- [backend] [           main] o.hibernate.orm.model.mapping.creation   : Starting PostInitCallbackEntry : Entity(com.duoc.backend.Patient.Patient) `sqmMultiTableInsertStrategy` interpretation
2025-03-29T19:22:35.033-03:00 TRACE 90214 --- [backend] [           main] o.h.s.i.AbstractServiceRegistryImpl      : Initializing service [role=org.hibernate.engine.jdbc.connections.spi.MultiTenantConnectionProvider]
2025-03-29T19:22:35.033-03:00 DEBUG 90214 --- [backend] [           main] o.hibernate.orm.model.mapping.creation   : Starting PostInitCallbackEntry : PluralAttributeMapping( NavigableRole[com.duoc.backend.Invoice.Invoice.cares#{element}]) - element descriptor
2025-03-29T19:22:35.034-03:00 DEBUG 90214 --- [backend] [           main] o.hibernate.orm.model.mapping.creation   : Starting PostInitCallbackEntry : PluralAttributeMapping(com.duoc.backend.Invoice.Invoice.cares)#finishInitialization
2025-03-29T19:22:35.034-03:00 DEBUG 90214 --- [backend] [           main] o.hibernate.orm.model.mapping.creation   : Starting PostInitCallbackEntry : PluralAttributeMapping(com.duoc.backend.Invoice.Invoice.cares) - key descriptor
2025-03-29T19:22:35.034-03:00 DEBUG 90214 --- [backend] [           main] o.hibernate.orm.model.mapping.creation   : Starting PostInitCallbackEntry : PluralAttributeMapping( NavigableRole[com.duoc.backend.Invoice.Invoice.medications#{element}]) - element descriptor
2025-03-29T19:22:35.034-03:00 DEBUG 90214 --- [backend] [           main] o.hibernate.orm.model.mapping.creation   : Starting PostInitCallbackEntry : PluralAttributeMapping(com.duoc.backend.Invoice.Invoice.medications)#finishInitialization
2025-03-29T19:22:35.034-03:00 DEBUG 90214 --- [backend] [           main] o.hibernate.orm.model.mapping.creation   : Starting PostInitCallbackEntry : PluralAttributeMapping(com.duoc.backend.Invoice.Invoice.medications) - key descriptor
2025-03-29T19:22:35.034-03:00 DEBUG 90214 --- [backend] [           main] o.hibernate.orm.model.mapping.creation   : Starting PostInitCallbackEntry : Entity(com.duoc.backend.Invoice.Invoice) `staticFetchableList` generator
2025-03-29T19:22:35.034-03:00 DEBUG 90214 --- [backend] [           main] o.hibernate.orm.model.mapping.creation   : Starting PostInitCallbackEntry : Entity(com.duoc.backend.Invoice.Invoice) `sqmMultiTableInsertStrategy` interpretation
2025-03-29T19:22:35.034-03:00 TRACE 90214 --- [backend] [           main] o.h.s.i.AbstractServiceRegistryImpl      : Initializing service [role=org.hibernate.engine.jdbc.connections.spi.MultiTenantConnectionProvider]
2025-03-29T19:22:35.034-03:00 DEBUG 90214 --- [backend] [           main] o.hibernate.orm.model.mapping.creation   : Starting PostInitCallbackEntry : Entity(com.duoc.backend.Medication.Medication) `staticFetchableList` generator
2025-03-29T19:22:35.034-03:00 DEBUG 90214 --- [backend] [           main] o.hibernate.orm.model.mapping.creation   : Starting PostInitCallbackEntry : Entity(com.duoc.backend.Medication.Medication) `sqmMultiTableInsertStrategy` interpretation
2025-03-29T19:22:35.034-03:00 TRACE 90214 --- [backend] [           main] o.h.s.i.AbstractServiceRegistryImpl      : Initializing service [role=org.hibernate.engine.jdbc.connections.spi.MultiTenantConnectionProvider]
2025-03-29T19:22:35.034-03:00 DEBUG 90214 --- [backend] [           main] o.hibernate.orm.model.mapping.creation   : Starting PostInitCallbackEntry : Entity(com.duoc.backend.Care.Care) `staticFetchableList` generator
2025-03-29T19:22:35.034-03:00 DEBUG 90214 --- [backend] [           main] o.hibernate.orm.model.mapping.creation   : Starting PostInitCallbackEntry : Entity(com.duoc.backend.Care.Care) `sqmMultiTableInsertStrategy` interpretation
2025-03-29T19:22:35.034-03:00 TRACE 90214 --- [backend] [           main] o.h.s.i.AbstractServiceRegistryImpl      : Initializing service [role=org.hibernate.engine.jdbc.connections.spi.MultiTenantConnectionProvider]
2025-03-29T19:22:35.052-03:00 DEBUG 90214 --- [backend] [onnection adder] com.zaxxer.hikari.pool.HikariPool        : HikariPool-1 - After adding stats (total=7, active=0, idle=7, waiting=0)
2025-03-29T19:22:35.061-03:00 DEBUG 90214 --- [backend] [           main] org.hibernate.orm.sql.ast.create         : Created new SQL alias : u1_0
2025-03-29T19:22:35.062-03:00 DEBUG 90214 --- [backend] [           main] org.hibernate.orm.sql.ast.create         : Registration of TableGroup [StandardTableGroup(com.duoc.backend.User)] with identifierForTableGroup [com.duoc.backend.User] for NavigablePath [com.duoc.backend.User] 
2025-03-29T19:22:35.064-03:00 TRACE 90214 --- [backend] [           main] o.h.l.ast.internal.LoaderSelectBuilder   : Starting visitation of FetchParent's Fetchables : com.duoc.backend.User
2025-03-29T19:22:35.067-03:00 DEBUG 90214 --- [backend] [           main] org.hibernate.orm.results.graph.AST      : DomainResult Graph:
 \-EntityResultImpl [com.duoc.backend.User]
 |  +-BasicFetch [com.duoc.backend.User.email]
 |  +-BasicFetch [com.duoc.backend.User.password]
 |  \-BasicFetch [com.duoc.backend.User.username]

2025-03-29T19:22:35.067-03:00 TRACE 90214 --- [backend] [           main] org.hibernate.orm.results.graph.AST      : Stack trace calling DomainResultGraphPrinter

java.lang.Exception: null
	at org.hibernate.sql.results.graph.DomainResultGraphPrinter.visitDomainResults(DomainResultGraphPrinter.java:70) ~[hibernate-core-6.6.11.Final.jar:6.6.11.Final]
	at org.hibernate.sql.results.graph.DomainResultGraphPrinter.logDomainResultGraph(DomainResultGraphPrinter.java:46) ~[hibernate-core-6.6.11.Final.jar:6.6.11.Final]
	at org.hibernate.sql.results.graph.DomainResultGraphPrinter.logDomainResultGraph(DomainResultGraphPrinter.java:37) ~[hibernate-core-6.6.11.Final.jar:6.6.11.Final]
	at org.hibernate.sql.ast.spi.AbstractSqlAstTranslator.translateSelect(AbstractSqlAstTranslator.java:877) ~[hibernate-core-6.6.11.Final.jar:6.6.11.Final]
	at org.hibernate.sql.ast.spi.AbstractSqlAstTranslator.translate(AbstractSqlAstTranslator.java:815) ~[hibernate-core-6.6.11.Final.jar:6.6.11.Final]
	at org.hibernate.loader.ast.internal.SingleIdLoadPlan.<init>(SingleIdLoadPlan.java:66) ~[hibernate-core-6.6.11.Final.jar:6.6.11.Final]
	at org.hibernate.loader.ast.internal.SingleIdEntityLoaderStandardImpl.createLoadPlan(SingleIdEntityLoaderStandardImpl.java:198) ~[hibernate-core-6.6.11.Final.jar:6.6.11.Final]
	at org.hibernate.loader.ast.internal.SingleIdEntityLoaderStandardImpl.lambda$new$0(SingleIdEntityLoaderStandardImpl.java:41) ~[hibernate-core-6.6.11.Final.jar:6.6.11.Final]
	at org.hibernate.loader.ast.internal.SingleIdEntityLoaderStandardImpl.<init>(SingleIdEntityLoaderStandardImpl.java:61) ~[hibernate-core-6.6.11.Final.jar:6.6.11.Final]
	at org.hibernate.loader.ast.internal.SingleIdEntityLoaderStandardImpl.<init>(SingleIdEntityLoaderStandardImpl.java:38) ~[hibernate-core-6.6.11.Final.jar:6.6.11.Final]
	at org.hibernate.persister.entity.AbstractEntityPersister.buildSingleIdEntityLoader(AbstractEntityPersister.java:913) ~[hibernate-core-6.6.11.Final.jar:6.6.11.Final]
	at org.hibernate.persister.entity.AbstractEntityPersister.buildSingleIdEntityLoader(AbstractEntityPersister.java:902) ~[hibernate-core-6.6.11.Final.jar:6.6.11.Final]
	at org.hibernate.persister.entity.AbstractEntityPersister.prepareLoaders(AbstractEntityPersister.java:3531) ~[hibernate-core-6.6.11.Final.jar:6.6.11.Final]
	at org.hibernate.metamodel.model.domain.internal.MappingMetamodelImpl.finishInitialization(MappingMetamodelImpl.java:208) ~[hibernate-core-6.6.11.Final.jar:6.6.11.Final]
	at org.hibernate.internal.SessionFactoryImpl.initializeMappingModel(SessionFactoryImpl.java:373) ~[hibernate-core-6.6.11.Final.jar:6.6.11.Final]
	at org.hibernate.internal.SessionFactoryImpl.<init>(SessionFactoryImpl.java:302) ~[hibernate-core-6.6.11.Final.jar:6.6.11.Final]
	at org.hibernate.boot.internal.SessionFactoryBuilderImpl.build(SessionFactoryBuilderImpl.java:463) ~[hibernate-core-6.6.11.Final.jar:6.6.11.Final]
	at org.hibernate.jpa.boot.internal.EntityManagerFactoryBuilderImpl.build(EntityManagerFactoryBuilderImpl.java:1517) ~[hibernate-core-6.6.11.Final.jar:6.6.11.Final]
	at org.springframework.orm.jpa.vendor.SpringHibernateJpaPersistenceProvider.createContainerEntityManagerFactory(SpringHibernateJpaPersistenceProvider.java:66) ~[spring-orm-6.2.5.jar:6.2.5]
	at org.springframework.orm.jpa.LocalContainerEntityManagerFactoryBean.createNativeEntityManagerFactory(LocalContainerEntityManagerFactoryBean.java:390) ~[spring-orm-6.2.5.jar:6.2.5]
	at org.springframework.orm.jpa.AbstractEntityManagerFactoryBean.buildNativeEntityManagerFactory(AbstractEntityManagerFactoryBean.java:419) ~[spring-orm-6.2.5.jar:6.2.5]
	at org.springframework.orm.jpa.AbstractEntityManagerFactoryBean.afterPropertiesSet(AbstractEntityManagerFactoryBean.java:400) ~[spring-orm-6.2.5.jar:6.2.5]
	at org.springframework.orm.jpa.LocalContainerEntityManagerFactoryBean.afterPropertiesSet(LocalContainerEntityManagerFactoryBean.java:366) ~[spring-orm-6.2.5.jar:6.2.5]
	at org.springframework.beans.factory.support.AbstractAutowireCapableBeanFactory.invokeInitMethods(AbstractAutowireCapableBeanFactory.java:1859) ~[spring-beans-6.2.5.jar:6.2.5]
	at org.springframework.beans.factory.support.AbstractAutowireCapableBeanFactory.initializeBean(AbstractAutowireCapableBeanFactory.java:1808) ~[spring-beans-6.2.5.jar:6.2.5]
	at org.springframework.beans.factory.support.AbstractAutowireCapableBeanFactory.doCreateBean(AbstractAutowireCapableBeanFactory.java:601) ~[spring-beans-6.2.5.jar:6.2.5]
	at org.springframework.beans.factory.support.AbstractAutowireCapableBeanFactory.createBean(AbstractAutowireCapableBeanFactory.java:523) ~[spring-beans-6.2.5.jar:6.2.5]
	at org.springframework.beans.factory.support.AbstractBeanFactory.lambda$doGetBean$0(AbstractBeanFactory.java:339) ~[spring-beans-6.2.5.jar:6.2.5]
	at org.springframework.beans.factory.support.DefaultSingletonBeanRegistry.getSingleton(DefaultSingletonBeanRegistry.java:347) ~[spring-beans-6.2.5.jar:6.2.5]
	at org.springframework.beans.factory.support.AbstractBeanFactory.doGetBean(AbstractBeanFactory.java:337) ~[spring-beans-6.2.5.jar:6.2.5]
	at org.springframework.beans.factory.support.AbstractBeanFactory.getBean(AbstractBeanFactory.java:207) ~[spring-beans-6.2.5.jar:6.2.5]
	at org.springframework.context.support.AbstractApplicationContext.finishBeanFactoryInitialization(AbstractApplicationContext.java:970) ~[spring-context-6.2.5.jar:6.2.5]
	at org.springframework.context.support.AbstractApplicationContext.refresh(AbstractApplicationContext.java:627) ~[spring-context-6.2.5.jar:6.2.5]
	at org.springframework.boot.SpringApplication.refresh(SpringApplication.java:752) ~[spring-boot-3.4.4.jar:3.4.4]
	at org.springframework.boot.SpringApplication.refreshContext(SpringApplication.java:439) ~[spring-boot-3.4.4.jar:3.4.4]
	at org.springframework.boot.SpringApplication.run(SpringApplication.java:318) ~[spring-boot-3.4.4.jar:3.4.4]
	at org.springframework.boot.test.context.SpringBootContextLoader.lambda$loadContext$3(SpringBootContextLoader.java:144) ~[spring-boot-test-3.4.4.jar:3.4.4]
	at org.springframework.util.function.ThrowingSupplier.get(ThrowingSupplier.java:58) ~[spring-core-6.2.5.jar:6.2.5]
	at org.springframework.util.function.ThrowingSupplier.get(ThrowingSupplier.java:46) ~[spring-core-6.2.5.jar:6.2.5]
	at org.springframework.boot.SpringApplication.withHook(SpringApplication.java:1461) ~[spring-boot-3.4.4.jar:3.4.4]
	at org.springframework.boot.test.context.SpringBootContextLoader$ContextLoaderHook.run(SpringBootContextLoader.java:563) ~[spring-boot-test-3.4.4.jar:3.4.4]
	at org.springframework.boot.test.context.SpringBootContextLoader.loadContext(SpringBootContextLoader.java:144) ~[spring-boot-test-3.4.4.jar:3.4.4]
	at org.springframework.boot.test.context.SpringBootContextLoader.loadContext(SpringBootContextLoader.java:110) ~[spring-boot-test-3.4.4.jar:3.4.4]
	at org.springframework.test.context.cache.DefaultCacheAwareContextLoaderDelegate.loadContextInternal(DefaultCacheAwareContextLoaderDelegate.java:225) ~[spring-test-6.2.5.jar:6.2.5]
	at org.springframework.test.context.cache.DefaultCacheAwareContextLoaderDelegate.loadContext(DefaultCacheAwareContextLoaderDelegate.java:152) ~[spring-test-6.2.5.jar:6.2.5]
	at org.springframework.test.context.support.DefaultTestContext.getApplicationContext(DefaultTestContext.java:130) ~[spring-test-6.2.5.jar:6.2.5]
	at org.springframework.test.context.web.ServletTestExecutionListener.setUpRequestContextIfNecessary(ServletTestExecutionListener.java:200) ~[spring-test-6.2.5.jar:6.2.5]
	at org.springframework.test.context.web.ServletTestExecutionListener.prepareTestInstance(ServletTestExecutionListener.java:139) ~[spring-test-6.2.5.jar:6.2.5]
	at org.springframework.test.context.TestContextManager.prepareTestInstance(TestContextManager.java:260) ~[spring-test-6.2.5.jar:6.2.5]
	at org.springframework.test.context.junit.jupiter.SpringExtension.postProcessTestInstance(SpringExtension.java:160) ~[spring-test-6.2.5.jar:6.2.5]
	at org.junit.jupiter.engine.descriptor.ClassBasedTestDescriptor.lambda$invokeTestInstancePostProcessors$11(ClassBasedTestDescriptor.java:378) ~[junit-jupiter-engine-5.11.4.jar:5.11.4]
	at org.junit.jupiter.engine.descriptor.ClassBasedTestDescriptor.executeAndMaskThrowable(ClassBasedTestDescriptor.java:383) ~[junit-jupiter-engine-5.11.4.jar:5.11.4]
	at org.junit.jupiter.engine.descriptor.ClassBasedTestDescriptor.lambda$invokeTestInstancePostProcessors$12(ClassBasedTestDescriptor.java:378) ~[junit-jupiter-engine-5.11.4.jar:5.11.4]
	at java.base/java.util.stream.ForEachOps$ForEachOp$OfRef.accept(ForEachOps.java:184) ~[na:na]
	at java.base/java.util.stream.ReferencePipeline$3$1.accept(ReferencePipeline.java:197) ~[na:na]
	at java.base/java.util.stream.ReferencePipeline$2$1.accept(ReferencePipeline.java:179) ~[na:na]
	at java.base/java.util.stream.ReferencePipeline$3$1.accept(ReferencePipeline.java:197) ~[na:na]
	at java.base/java.util.ArrayList$ArrayListSpliterator.forEachRemaining(ArrayList.java:1708) ~[na:na]
	at java.base/java.util.stream.AbstractPipeline.copyInto(AbstractPipeline.java:509) ~[na:na]
	at java.base/java.util.stream.AbstractPipeline.wrapAndCopyInto(AbstractPipeline.java:499) ~[na:na]
	at java.base/java.util.stream.ForEachOps$ForEachOp.evaluateSequential(ForEachOps.java:151) ~[na:na]
	at java.base/java.util.stream.ForEachOps$ForEachOp$OfRef.evaluateSequential(ForEachOps.java:174) ~[na:na]
	at java.base/java.util.stream.AbstractPipeline.evaluate(AbstractPipeline.java:234) ~[na:na]
	at java.base/java.util.stream.ReferencePipeline.forEach(ReferencePipeline.java:596) ~[na:na]
	at org.junit.jupiter.engine.descriptor.ClassBasedTestDescriptor.invokeTestInstancePostProcessors(ClassBasedTestDescriptor.java:377) ~[junit-jupiter-engine-5.11.4.jar:5.11.4]
	at org.junit.jupiter.engine.descriptor.ClassBasedTestDescriptor.lambda$instantiateAndPostProcessTestInstance$7(ClassBasedTestDescriptor.java:290) ~[junit-jupiter-engine-5.11.4.jar:5.11.4]
	at org.junit.platform.engine.support.hierarchical.ThrowableCollector.execute(ThrowableCollector.java:73) ~[junit-platform-engine-1.11.4.jar:1.11.4]
	at org.junit.jupiter.engine.descriptor.ClassBasedTestDescriptor.instantiateAndPostProcessTestInstance(ClassBasedTestDescriptor.java:289) ~[junit-jupiter-engine-5.11.4.jar:5.11.4]
	at org.junit.jupiter.engine.descriptor.ClassBasedTestDescriptor.lambda$testInstancesProvider$5(ClassBasedTestDescriptor.java:279) ~[junit-jupiter-engine-5.11.4.jar:5.11.4]
	at java.base/java.util.Optional.orElseGet(Optional.java:364) ~[na:na]
	at org.junit.jupiter.engine.descriptor.ClassBasedTestDescriptor.lambda$testInstancesProvider$6(ClassBasedTestDescriptor.java:278) ~[junit-jupiter-engine-5.11.4.jar:5.11.4]
	at org.junit.jupiter.engine.execution.TestInstancesProvider.getTestInstances(TestInstancesProvider.java:31) ~[junit-jupiter-engine-5.11.4.jar:5.11.4]
	at org.junit.jupiter.engine.descriptor.TestMethodTestDescriptor.lambda$prepare$1(TestMethodTestDescriptor.java:105) ~[junit-jupiter-engine-5.11.4.jar:5.11.4]
	at org.junit.platform.engine.support.hierarchical.ThrowableCollector.execute(ThrowableCollector.java:73) ~[junit-platform-engine-1.11.4.jar:1.11.4]
	at org.junit.jupiter.engine.descriptor.TestMethodTestDescriptor.prepare(TestMethodTestDescriptor.java:104) ~[junit-jupiter-engine-5.11.4.jar:5.11.4]
	at org.junit.jupiter.engine.descriptor.TestMethodTestDescriptor.prepare(TestMethodTestDescriptor.java:68) ~[junit-jupiter-engine-5.11.4.jar:5.11.4]
	at org.junit.platform.engine.support.hierarchical.NodeTestTask.lambda$prepare$2(NodeTestTask.java:128) ~[junit-platform-engine-1.11.4.jar:1.11.4]
	at org.junit.platform.engine.support.hierarchical.ThrowableCollector.execute(ThrowableCollector.java:73) ~[junit-platform-engine-1.11.4.jar:1.11.4]
	at org.junit.platform.engine.support.hierarchical.NodeTestTask.prepare(NodeTestTask.java:128) ~[junit-platform-engine-1.11.4.jar:1.11.4]
	at org.junit.platform.engine.support.hierarchical.NodeTestTask.execute(NodeTestTask.java:95) ~[junit-platform-engine-1.11.4.jar:1.11.4]
	at java.base/java.util.ArrayList.forEach(ArrayList.java:1596) ~[na:na]
	at org.junit.platform.engine.support.hierarchical.SameThreadHierarchicalTestExecutorService.invokeAll(SameThreadHierarchicalTestExecutorService.java:41) ~[junit-platform-engine-1.11.4.jar:1.11.4]
	at org.junit.platform.engine.support.hierarchical.NodeTestTask.lambda$executeRecursively$6(NodeTestTask.java:160) ~[junit-platform-engine-1.11.4.jar:1.11.4]
	at org.junit.platform.engine.support.hierarchical.ThrowableCollector.execute(ThrowableCollector.java:73) ~[junit-platform-engine-1.11.4.jar:1.11.4]
	at org.junit.platform.engine.support.hierarchical.NodeTestTask.lambda$executeRecursively$8(NodeTestTask.java:146) ~[junit-platform-engine-1.11.4.jar:1.11.4]
	at org.junit.platform.engine.support.hierarchical.Node.around(Node.java:137) ~[junit-platform-engine-1.11.4.jar:1.11.4]
	at org.junit.platform.engine.support.hierarchical.NodeTestTask.lambda$executeRecursively$9(NodeTestTask.java:144) ~[junit-platform-engine-1.11.4.jar:1.11.4]
	at org.junit.platform.engine.support.hierarchical.ThrowableCollector.execute(ThrowableCollector.java:73) ~[junit-platform-engine-1.11.4.jar:1.11.4]
	at org.junit.platform.engine.support.hierarchical.NodeTestTask.executeRecursively(NodeTestTask.java:143) ~[junit-platform-engine-1.11.4.jar:1.11.4]
	at org.junit.platform.engine.support.hierarchical.NodeTestTask.execute(NodeTestTask.java:100) ~[junit-platform-engine-1.11.4.jar:1.11.4]
	at java.base/java.util.ArrayList.forEach(ArrayList.java:1596) ~[na:na]
	at org.junit.platform.engine.support.hierarchical.SameThreadHierarchicalTestExecutorService.invokeAll(SameThreadHierarchicalTestExecutorService.java:41) ~[junit-platform-engine-1.11.4.jar:1.11.4]
	at org.junit.platform.engine.support.hierarchical.NodeTestTask.lambda$executeRecursively$6(NodeTestTask.java:160) ~[junit-platform-engine-1.11.4.jar:1.11.4]
	at org.junit.platform.engine.support.hierarchical.ThrowableCollector.execute(ThrowableCollector.java:73) ~[junit-platform-engine-1.11.4.jar:1.11.4]
	at org.junit.platform.engine.support.hierarchical.NodeTestTask.lambda$executeRecursively$8(NodeTestTask.java:146) ~[junit-platform-engine-1.11.4.jar:1.11.4]
	at org.junit.platform.engine.support.hierarchical.Node.around(Node.java:137) ~[junit-platform-engine-1.11.4.jar:1.11.4]
	at org.junit.platform.engine.support.hierarchical.NodeTestTask.lambda$executeRecursively$9(NodeTestTask.java:144) ~[junit-platform-engine-1.11.4.jar:1.11.4]
	at org.junit.platform.engine.support.hierarchical.ThrowableCollector.execute(ThrowableCollector.java:73) ~[junit-platform-engine-1.11.4.jar:1.11.4]
	at org.junit.platform.engine.support.hierarchical.NodeTestTask.executeRecursively(NodeTestTask.java:143) ~[junit-platform-engine-1.11.4.jar:1.11.4]
	at org.junit.platform.engine.support.hierarchical.NodeTestTask.execute(NodeTestTask.java:100) ~[junit-platform-engine-1.11.4.jar:1.11.4]
	at org.junit.platform.engine.support.hierarchical.SameThreadHierarchicalTestExecutorService.submit(SameThreadHierarchicalTestExecutorService.java:35) ~[junit-platform-engine-1.11.4.jar:1.11.4]
	at org.junit.platform.engine.support.hierarchical.HierarchicalTestExecutor.execute(HierarchicalTestExecutor.java:57) ~[junit-platform-engine-1.11.4.jar:1.11.4]
	at org.junit.platform.engine.support.hierarchical.HierarchicalTestEngine.execute(HierarchicalTestEngine.java:54) ~[junit-platform-engine-1.11.4.jar:1.11.4]
	at org.junit.platform.launcher.core.EngineExecutionOrchestrator.execute(EngineExecutionOrchestrator.java:198) ~[junit-platform-launcher-1.11.4.jar:1.11.4]
	at org.junit.platform.launcher.core.EngineExecutionOrchestrator.execute(EngineExecutionOrchestrator.java:169) ~[junit-platform-launcher-1.11.4.jar:1.11.4]
	at org.junit.platform.launcher.core.EngineExecutionOrchestrator.execute(EngineExecutionOrchestrator.java:93) ~[junit-platform-launcher-1.11.4.jar:1.11.4]
	at org.junit.platform.launcher.core.EngineExecutionOrchestrator.lambda$execute$0(EngineExecutionOrchestrator.java:58) ~[junit-platform-launcher-1.11.4.jar:1.11.4]
	at org.junit.platform.launcher.core.EngineExecutionOrchestrator.withInterceptedStreams(EngineExecutionOrchestrator.java:141) ~[junit-platform-launcher-1.11.4.jar:1.11.4]
	at org.junit.platform.launcher.core.EngineExecutionOrchestrator.execute(EngineExecutionOrchestrator.java:57) ~[junit-platform-launcher-1.11.4.jar:1.11.4]
	at org.junit.platform.launcher.core.DefaultLauncher.execute(DefaultLauncher.java:103) ~[junit-platform-launcher-1.11.4.jar:1.11.4]
	at org.junit.platform.launcher.core.DefaultLauncher.execute(DefaultLauncher.java:85) ~[junit-platform-launcher-1.11.4.jar:1.11.4]
	at org.junit.platform.launcher.core.DelegatingLauncher.execute(DelegatingLauncher.java:47) ~[junit-platform-launcher-1.11.4.jar:1.11.4]
	at org.apache.maven.surefire.junitplatform.LazyLauncher.execute(LazyLauncher.java:56) ~[surefire-junit-platform-3.5.2.jar:3.5.2]
	at org.apache.maven.surefire.junitplatform.JUnitPlatformProvider.execute(JUnitPlatformProvider.java:184) ~[surefire-junit-platform-3.5.2.jar:3.5.2]
	at org.apache.maven.surefire.junitplatform.JUnitPlatformProvider.invokeAllTests(JUnitPlatformProvider.java:148) ~[surefire-junit-platform-3.5.2.jar:3.5.2]
	at org.apache.maven.surefire.junitplatform.JUnitPlatformProvider.invoke(JUnitPlatformProvider.java:122) ~[surefire-junit-platform-3.5.2.jar:3.5.2]
	at org.apache.maven.surefire.booter.ForkedBooter.runSuitesInProcess(ForkedBooter.java:385) ~[surefire-booter-3.5.2.jar:3.5.2]
	at org.apache.maven.surefire.booter.ForkedBooter.execute(ForkedBooter.java:162) ~[surefire-booter-3.5.2.jar:3.5.2]
	at org.apache.maven.surefire.booter.ForkedBooter.run(ForkedBooter.java:507) ~[surefire-booter-3.5.2.jar:3.5.2]
	at org.apache.maven.surefire.booter.ForkedBooter.main(ForkedBooter.java:495) ~[surefire-booter-3.5.2.jar:3.5.2]

2025-03-29T19:22:35.070-03:00 DEBUG 90214 --- [backend] [onnection adder] com.zaxxer.hikari.pool.HikariPool        : HikariPool-1 - Added connection com.mysql.cj.jdbc.ConnectionImpl@4564a32b
2025-03-29T19:22:35.070-03:00 DEBUG 90214 --- [backend] [           main] org.hibernate.orm.sql.ast.tree           : SQL AST Tree:
    SelectStatement {
      FromClause {
        StandardTableGroup (u1 : com.duoc.backend.User) {
          primaryTableReference : user as u1_0
        }
      }
    }

2025-03-29T19:22:35.074-03:00 DEBUG 90214 --- [backend] [           main] o.h.p.entity.AbstractEntityPersister     : Static SQL for entity: com.duoc.backend.User
2025-03-29T19:22:35.074-03:00 DEBUG 90214 --- [backend] [           main] o.h.p.entity.AbstractEntityPersister     :  Version select: select id from user where id=?
2025-03-29T19:22:35.074-03:00 DEBUG 90214 --- [backend] [           main] o.h.p.entity.AbstractEntityPersister     :  Insert (0): insert into user (email,password,username,id) values (?,?,?,?)
2025-03-29T19:22:35.074-03:00 DEBUG 90214 --- [backend] [           main] o.h.p.entity.AbstractEntityPersister     :  Update (0): update user set email=?,password=?,username=? where id=?
2025-03-29T19:22:35.074-03:00 DEBUG 90214 --- [backend] [           main] o.h.p.entity.AbstractEntityPersister     :  Delete (0): delete from user where id=?
2025-03-29T19:22:35.074-03:00 DEBUG 90214 --- [backend] [           main] org.hibernate.orm.sql.ast.create         : Created new SQL alias : a1_0
2025-03-29T19:22:35.074-03:00 DEBUG 90214 --- [backend] [           main] org.hibernate.orm.sql.ast.create         : Registration of TableGroup [StandardTableGroup(com.duoc.backend.Appointment.Appointment)] with identifierForTableGroup [com.duoc.backend.Appointment.Appointment] for NavigablePath [com.duoc.backend.Appointment.Appointment] 
2025-03-29T19:22:35.074-03:00 TRACE 90214 --- [backend] [           main] o.h.l.ast.internal.LoaderSelectBuilder   : Starting visitation of FetchParent's Fetchables : com.duoc.backend.Appointment.Appointment
2025-03-29T19:22:35.074-03:00 DEBUG 90214 --- [backend] [           main] org.hibernate.orm.results.graph.AST      : DomainResult Graph:
 \-EntityResultImpl [com.duoc.backend.Appointment.Appointment]
 |  +-BasicFetch [com.duoc.backend.Appointment.Appointment.date]
 |  +-BasicFetch [com.duoc.backend.Appointment.Appointment.reason]
 |  +-BasicFetch [com.duoc.backend.Appointment.Appointment.time]
 |  \-BasicFetch [com.duoc.backend.Appointment.Appointment.veterinarian]

2025-03-29T19:22:35.074-03:00 TRACE 90214 --- [backend] [           main] org.hibernate.orm.results.graph.AST      : Stack trace calling DomainResultGraphPrinter

java.lang.Exception: null
	at org.hibernate.sql.results.graph.DomainResultGraphPrinter.visitDomainResults(DomainResultGraphPrinter.java:70) ~[hibernate-core-6.6.11.Final.jar:6.6.11.Final]
	at org.hibernate.sql.results.graph.DomainResultGraphPrinter.logDomainResultGraph(DomainResultGraphPrinter.java:46) ~[hibernate-core-6.6.11.Final.jar:6.6.11.Final]
	at org.hibernate.sql.results.graph.DomainResultGraphPrinter.logDomainResultGraph(DomainResultGraphPrinter.java:37) ~[hibernate-core-6.6.11.Final.jar:6.6.11.Final]
	at org.hibernate.sql.ast.spi.AbstractSqlAstTranslator.translateSelect(AbstractSqlAstTranslator.java:877) ~[hibernate-core-6.6.11.Final.jar:6.6.11.Final]
	at org.hibernate.sql.ast.spi.AbstractSqlAstTranslator.translate(AbstractSqlAstTranslator.java:815) ~[hibernate-core-6.6.11.Final.jar:6.6.11.Final]
	at org.hibernate.loader.ast.internal.SingleIdLoadPlan.<init>(SingleIdLoadPlan.java:66) ~[hibernate-core-6.6.11.Final.jar:6.6.11.Final]
	at org.hibernate.loader.ast.internal.SingleIdEntityLoaderStandardImpl.createLoadPlan(SingleIdEntityLoaderStandardImpl.java:198) ~[hibernate-core-6.6.11.Final.jar:6.6.11.Final]
	at org.hibernate.loader.ast.internal.SingleIdEntityLoaderStandardImpl.lambda$new$0(SingleIdEntityLoaderStandardImpl.java:41) ~[hibernate-core-6.6.11.Final.jar:6.6.11.Final]
	at org.hibernate.loader.ast.internal.SingleIdEntityLoaderStandardImpl.<init>(SingleIdEntityLoaderStandardImpl.java:61) ~[hibernate-core-6.6.11.Final.jar:6.6.11.Final]
	at org.hibernate.loader.ast.internal.SingleIdEntityLoaderStandardImpl.<init>(SingleIdEntityLoaderStandardImpl.java:38) ~[hibernate-core-6.6.11.Final.jar:6.6.11.Final]
	at org.hibernate.persister.entity.AbstractEntityPersister.buildSingleIdEntityLoader(AbstractEntityPersister.java:913) ~[hibernate-core-6.6.11.Final.jar:6.6.11.Final]
	at org.hibernate.persister.entity.AbstractEntityPersister.buildSingleIdEntityLoader(AbstractEntityPersister.java:902) ~[hibernate-core-6.6.11.Final.jar:6.6.11.Final]
	at org.hibernate.persister.entity.AbstractEntityPersister.prepareLoaders(AbstractEntityPersister.java:3531) ~[hibernate-core-6.6.11.Final.jar:6.6.11.Final]
	at org.hibernate.metamodel.model.domain.internal.MappingMetamodelImpl.finishInitialization(MappingMetamodelImpl.java:208) ~[hibernate-core-6.6.11.Final.jar:6.6.11.Final]
	at org.hibernate.internal.SessionFactoryImpl.initializeMappingModel(SessionFactoryImpl.java:373) ~[hibernate-core-6.6.11.Final.jar:6.6.11.Final]
	at org.hibernate.internal.SessionFactoryImpl.<init>(SessionFactoryImpl.java:302) ~[hibernate-core-6.6.11.Final.jar:6.6.11.Final]
	at org.hibernate.boot.internal.SessionFactoryBuilderImpl.build(SessionFactoryBuilderImpl.java:463) ~[hibernate-core-6.6.11.Final.jar:6.6.11.Final]
	at org.hibernate.jpa.boot.internal.EntityManagerFactoryBuilderImpl.build(EntityManagerFactoryBuilderImpl.java:1517) ~[hibernate-core-6.6.11.Final.jar:6.6.11.Final]
	at org.springframework.orm.jpa.vendor.SpringHibernateJpaPersistenceProvider.createContainerEntityManagerFactory(SpringHibernateJpaPersistenceProvider.java:66) ~[spring-orm-6.2.5.jar:6.2.5]
	at org.springframework.orm.jpa.LocalContainerEntityManagerFactoryBean.createNativeEntityManagerFactory(LocalContainerEntityManagerFactoryBean.java:390) ~[spring-orm-6.2.5.jar:6.2.5]
	at org.springframework.orm.jpa.AbstractEntityManagerFactoryBean.buildNativeEntityManagerFactory(AbstractEntityManagerFactoryBean.java:419) ~[spring-orm-6.2.5.jar:6.2.5]
	at org.springframework.orm.jpa.AbstractEntityManagerFactoryBean.afterPropertiesSet(AbstractEntityManagerFactoryBean.java:400) ~[spring-orm-6.2.5.jar:6.2.5]
	at org.springframework.orm.jpa.LocalContainerEntityManagerFactoryBean.afterPropertiesSet(LocalContainerEntityManagerFactoryBean.java:366) ~[spring-orm-6.2.5.jar:6.2.5]
	at org.springframework.beans.factory.support.AbstractAutowireCapableBeanFactory.invokeInitMethods(AbstractAutowireCapableBeanFactory.java:1859) ~[spring-beans-6.2.5.jar:6.2.5]
	at org.springframework.beans.factory.support.AbstractAutowireCapableBeanFactory.initializeBean(AbstractAutowireCapableBeanFactory.java:1808) ~[spring-beans-6.2.5.jar:6.2.5]
	at org.springframework.beans.factory.support.AbstractAutowireCapableBeanFactory.doCreateBean(AbstractAutowireCapableBeanFactory.java:601) ~[spring-beans-6.2.5.jar:6.2.5]
	at org.springframework.beans.factory.support.AbstractAutowireCapableBeanFactory.createBean(AbstractAutowireCapableBeanFactory.java:523) ~[spring-beans-6.2.5.jar:6.2.5]
	at org.springframework.beans.factory.support.AbstractBeanFactory.lambda$doGetBean$0(AbstractBeanFactory.java:339) ~[spring-beans-6.2.5.jar:6.2.5]
	at org.springframework.beans.factory.support.DefaultSingletonBeanRegistry.getSingleton(DefaultSingletonBeanRegistry.java:347) ~[spring-beans-6.2.5.jar:6.2.5]
	at org.springframework.beans.factory.support.AbstractBeanFactory.doGetBean(AbstractBeanFactory.java:337) ~[spring-beans-6.2.5.jar:6.2.5]
	at org.springframework.beans.factory.support.AbstractBeanFactory.getBean(AbstractBeanFactory.java:207) ~[spring-beans-6.2.5.jar:6.2.5]
	at org.springframework.context.support.AbstractApplicationContext.finishBeanFactoryInitialization(AbstractApplicationContext.java:970) ~[spring-context-6.2.5.jar:6.2.5]
	at org.springframework.context.support.AbstractApplicationContext.refresh(AbstractApplicationContext.java:627) ~[spring-context-6.2.5.jar:6.2.5]
	at org.springframework.boot.SpringApplication.refresh(SpringApplication.java:752) ~[spring-boot-3.4.4.jar:3.4.4]
	at org.springframework.boot.SpringApplication.refreshContext(SpringApplication.java:439) ~[spring-boot-3.4.4.jar:3.4.4]
	at org.springframework.boot.SpringApplication.run(SpringApplication.java:318) ~[spring-boot-3.4.4.jar:3.4.4]
	at org.springframework.boot.test.context.SpringBootContextLoader.lambda$loadContext$3(SpringBootContextLoader.java:144) ~[spring-boot-test-3.4.4.jar:3.4.4]
	at org.springframework.util.function.ThrowingSupplier.get(ThrowingSupplier.java:58) ~[spring-core-6.2.5.jar:6.2.5]
	at org.springframework.util.function.ThrowingSupplier.get(ThrowingSupplier.java:46) ~[spring-core-6.2.5.jar:6.2.5]
	at org.springframework.boot.SpringApplication.withHook(SpringApplication.java:1461) ~[spring-boot-3.4.4.jar:3.4.4]
	at org.springframework.boot.test.context.SpringBootContextLoader$ContextLoaderHook.run(SpringBootContextLoader.java:563) ~[spring-boot-test-3.4.4.jar:3.4.4]
	at org.springframework.boot.test.context.SpringBootContextLoader.loadContext(SpringBootContextLoader.java:144) ~[spring-boot-test-3.4.4.jar:3.4.4]
	at org.springframework.boot.test.context.SpringBootContextLoader.loadContext(SpringBootContextLoader.java:110) ~[spring-boot-test-3.4.4.jar:3.4.4]
	at org.springframework.test.context.cache.DefaultCacheAwareContextLoaderDelegate.loadContextInternal(DefaultCacheAwareContextLoaderDelegate.java:225) ~[spring-test-6.2.5.jar:6.2.5]
	at org.springframework.test.context.cache.DefaultCacheAwareContextLoaderDelegate.loadContext(DefaultCacheAwareContextLoaderDelegate.java:152) ~[spring-test-6.2.5.jar:6.2.5]
	at org.springframework.test.context.support.DefaultTestContext.getApplicationContext(DefaultTestContext.java:130) ~[spring-test-6.2.5.jar:6.2.5]
	at org.springframework.test.context.web.ServletTestExecutionListener.setUpRequestContextIfNecessary(ServletTestExecutionListener.java:200) ~[spring-test-6.2.5.jar:6.2.5]
	at org.springframework.test.context.web.ServletTestExecutionListener.prepareTestInstance(ServletTestExecutionListener.java:139) ~[spring-test-6.2.5.jar:6.2.5]
	at org.springframework.test.context.TestContextManager.prepareTestInstance(TestContextManager.java:260) ~[spring-test-6.2.5.jar:6.2.5]
	at org.springframework.test.context.junit.jupiter.SpringExtension.postProcessTestInstance(SpringExtension.java:160) ~[spring-test-6.2.5.jar:6.2.5]
	at org.junit.jupiter.engine.descriptor.ClassBasedTestDescriptor.lambda$invokeTestInstancePostProcessors$11(ClassBasedTestDescriptor.java:378) ~[junit-jupiter-engine-5.11.4.jar:5.11.4]
	at org.junit.jupiter.engine.descriptor.ClassBasedTestDescriptor.executeAndMaskThrowable(ClassBasedTestDescriptor.java:383) ~[junit-jupiter-engine-5.11.4.jar:5.11.4]
	at org.junit.jupiter.engine.descriptor.ClassBasedTestDescriptor.lambda$invokeTestInstancePostProcessors$12(ClassBasedTestDescriptor.java:378) ~[junit-jupiter-engine-5.11.4.jar:5.11.4]
	at java.base/java.util.stream.ForEachOps$ForEachOp$OfRef.accept(ForEachOps.java:184) ~[na:na]
	at java.base/java.util.stream.ReferencePipeline$3$1.accept(ReferencePipeline.java:197) ~[na:na]
	at java.base/java.util.stream.ReferencePipeline$2$1.accept(ReferencePipeline.java:179) ~[na:na]
	at java.base/java.util.stream.ReferencePipeline$3$1.accept(ReferencePipeline.java:197) ~[na:na]
	at java.base/java.util.ArrayList$ArrayListSpliterator.forEachRemaining(ArrayList.java:1708) ~[na:na]
	at java.base/java.util.stream.AbstractPipeline.copyInto(AbstractPipeline.java:509) ~[na:na]
	at java.base/java.util.stream.AbstractPipeline.wrapAndCopyInto(AbstractPipeline.java:499) ~[na:na]
	at java.base/java.util.stream.ForEachOps$ForEachOp.evaluateSequential(ForEachOps.java:151) ~[na:na]
	at java.base/java.util.stream.ForEachOps$ForEachOp$OfRef.evaluateSequential(ForEachOps.java:174) ~[na:na]
	at java.base/java.util.stream.AbstractPipeline.evaluate(AbstractPipeline.java:234) ~[na:na]
	at java.base/java.util.stream.ReferencePipeline.forEach(ReferencePipeline.java:596) ~[na:na]
	at org.junit.jupiter.engine.descriptor.ClassBasedTestDescriptor.invokeTestInstancePostProcessors(ClassBasedTestDescriptor.java:377) ~[junit-jupiter-engine-5.11.4.jar:5.11.4]
	at org.junit.jupiter.engine.descriptor.ClassBasedTestDescriptor.lambda$instantiateAndPostProcessTestInstance$7(ClassBasedTestDescriptor.java:290) ~[junit-jupiter-engine-5.11.4.jar:5.11.4]
	at org.junit.platform.engine.support.hierarchical.ThrowableCollector.execute(ThrowableCollector.java:73) ~[junit-platform-engine-1.11.4.jar:1.11.4]
	at org.junit.jupiter.engine.descriptor.ClassBasedTestDescriptor.instantiateAndPostProcessTestInstance(ClassBasedTestDescriptor.java:289) ~[junit-jupiter-engine-5.11.4.jar:5.11.4]
	at org.junit.jupiter.engine.descriptor.ClassBasedTestDescriptor.lambda$testInstancesProvider$5(ClassBasedTestDescriptor.java:279) ~[junit-jupiter-engine-5.11.4.jar:5.11.4]
	at java.base/java.util.Optional.orElseGet(Optional.java:364) ~[na:na]
	at org.junit.jupiter.engine.descriptor.ClassBasedTestDescriptor.lambda$testInstancesProvider$6(ClassBasedTestDescriptor.java:278) ~[junit-jupiter-engine-5.11.4.jar:5.11.4]
	at org.junit.jupiter.engine.execution.TestInstancesProvider.getTestInstances(TestInstancesProvider.java:31) ~[junit-jupiter-engine-5.11.4.jar:5.11.4]
	at org.junit.jupiter.engine.descriptor.TestMethodTestDescriptor.lambda$prepare$1(TestMethodTestDescriptor.java:105) ~[junit-jupiter-engine-5.11.4.jar:5.11.4]
	at org.junit.platform.engine.support.hierarchical.ThrowableCollector.execute(ThrowableCollector.java:73) ~[junit-platform-engine-1.11.4.jar:1.11.4]
	at org.junit.jupiter.engine.descriptor.TestMethodTestDescriptor.prepare(TestMethodTestDescriptor.java:104) ~[junit-jupiter-engine-5.11.4.jar:5.11.4]
	at org.junit.jupiter.engine.descriptor.TestMethodTestDescriptor.prepare(TestMethodTestDescriptor.java:68) ~[junit-jupiter-engine-5.11.4.jar:5.11.4]
	at org.junit.platform.engine.support.hierarchical.NodeTestTask.lambda$prepare$2(NodeTestTask.java:128) ~[junit-platform-engine-1.11.4.jar:1.11.4]
	at org.junit.platform.engine.support.hierarchical.ThrowableCollector.execute(ThrowableCollector.java:73) ~[junit-platform-engine-1.11.4.jar:1.11.4]
	at org.junit.platform.engine.support.hierarchical.NodeTestTask.prepare(NodeTestTask.java:128) ~[junit-platform-engine-1.11.4.jar:1.11.4]
	at org.junit.platform.engine.support.hierarchical.NodeTestTask.execute(NodeTestTask.java:95) ~[junit-platform-engine-1.11.4.jar:1.11.4]
	at java.base/java.util.ArrayList.forEach(ArrayList.java:1596) ~[na:na]
	at org.junit.platform.engine.support.hierarchical.SameThreadHierarchicalTestExecutorService.invokeAll(SameThreadHierarchicalTestExecutorService.java:41) ~[junit-platform-engine-1.11.4.jar:1.11.4]
	at org.junit.platform.engine.support.hierarchical.NodeTestTask.lambda$executeRecursively$6(NodeTestTask.java:160) ~[junit-platform-engine-1.11.4.jar:1.11.4]
	at org.junit.platform.engine.support.hierarchical.ThrowableCollector.execute(ThrowableCollector.java:73) ~[junit-platform-engine-1.11.4.jar:1.11.4]
	at org.junit.platform.engine.support.hierarchical.NodeTestTask.lambda$executeRecursively$8(NodeTestTask.java:146) ~[junit-platform-engine-1.11.4.jar:1.11.4]
	at org.junit.platform.engine.support.hierarchical.Node.around(Node.java:137) ~[junit-platform-engine-1.11.4.jar:1.11.4]
	at org.junit.platform.engine.support.hierarchical.NodeTestTask.lambda$executeRecursively$9(NodeTestTask.java:144) ~[junit-platform-engine-1.11.4.jar:1.11.4]
	at org.junit.platform.engine.support.hierarchical.ThrowableCollector.execute(ThrowableCollector.java:73) ~[junit-platform-engine-1.11.4.jar:1.11.4]
	at org.junit.platform.engine.support.hierarchical.NodeTestTask.executeRecursively(NodeTestTask.java:143) ~[junit-platform-engine-1.11.4.jar:1.11.4]
	at org.junit.platform.engine.support.hierarchical.NodeTestTask.execute(NodeTestTask.java:100) ~[junit-platform-engine-1.11.4.jar:1.11.4]
	at java.base/java.util.ArrayList.forEach(ArrayList.java:1596) ~[na:na]
	at org.junit.platform.engine.support.hierarchical.SameThreadHierarchicalTestExecutorService.invokeAll(SameThreadHierarchicalTestExecutorService.java:41) ~[junit-platform-engine-1.11.4.jar:1.11.4]
	at org.junit.platform.engine.support.hierarchical.NodeTestTask.lambda$executeRecursively$6(NodeTestTask.java:160) ~[junit-platform-engine-1.11.4.jar:1.11.4]
	at org.junit.platform.engine.support.hierarchical.ThrowableCollector.execute(ThrowableCollector.java:73) ~[junit-platform-engine-1.11.4.jar:1.11.4]
	at org.junit.platform.engine.support.hierarchical.NodeTestTask.lambda$executeRecursively$8(NodeTestTask.java:146) ~[junit-platform-engine-1.11.4.jar:1.11.4]
	at org.junit.platform.engine.support.hierarchical.Node.around(Node.java:137) ~[junit-platform-engine-1.11.4.jar:1.11.4]
	at org.junit.platform.engine.support.hierarchical.NodeTestTask.lambda$executeRecursively$9(NodeTestTask.java:144) ~[junit-platform-engine-1.11.4.jar:1.11.4]
	at org.junit.platform.engine.support.hierarchical.ThrowableCollector.execute(ThrowableCollector.java:73) ~[junit-platform-engine-1.11.4.jar:1.11.4]
	at org.junit.platform.engine.support.hierarchical.NodeTestTask.executeRecursively(NodeTestTask.java:143) ~[junit-platform-engine-1.11.4.jar:1.11.4]
	at org.junit.platform.engine.support.hierarchical.NodeTestTask.execute(NodeTestTask.java:100) ~[junit-platform-engine-1.11.4.jar:1.11.4]
	at org.junit.platform.engine.support.hierarchical.SameThreadHierarchicalTestExecutorService.submit(SameThreadHierarchicalTestExecutorService.java:35) ~[junit-platform-engine-1.11.4.jar:1.11.4]
	at org.junit.platform.engine.support.hierarchical.HierarchicalTestExecutor.execute(HierarchicalTestExecutor.java:57) ~[junit-platform-engine-1.11.4.jar:1.11.4]
	at org.junit.platform.engine.support.hierarchical.HierarchicalTestEngine.execute(HierarchicalTestEngine.java:54) ~[junit-platform-engine-1.11.4.jar:1.11.4]
	at org.junit.platform.launcher.core.EngineExecutionOrchestrator.execute(EngineExecutionOrchestrator.java:198) ~[junit-platform-launcher-1.11.4.jar:1.11.4]
	at org.junit.platform.launcher.core.EngineExecutionOrchestrator.execute(EngineExecutionOrchestrator.java:169) ~[junit-platform-launcher-1.11.4.jar:1.11.4]
	at org.junit.platform.launcher.core.EngineExecutionOrchestrator.execute(EngineExecutionOrchestrator.java:93) ~[junit-platform-launcher-1.11.4.jar:1.11.4]
	at org.junit.platform.launcher.core.EngineExecutionOrchestrator.lambda$execute$0(EngineExecutionOrchestrator.java:58) ~[junit-platform-launcher-1.11.4.jar:1.11.4]
	at org.junit.platform.launcher.core.EngineExecutionOrchestrator.withInterceptedStreams(EngineExecutionOrchestrator.java:141) ~[junit-platform-launcher-1.11.4.jar:1.11.4]
	at org.junit.platform.launcher.core.EngineExecutionOrchestrator.execute(EngineExecutionOrchestrator.java:57) ~[junit-platform-launcher-1.11.4.jar:1.11.4]
	at org.junit.platform.launcher.core.DefaultLauncher.execute(DefaultLauncher.java:103) ~[junit-platform-launcher-1.11.4.jar:1.11.4]
	at org.junit.platform.launcher.core.DefaultLauncher.execute(DefaultLauncher.java:85) ~[junit-platform-launcher-1.11.4.jar:1.11.4]
	at org.junit.platform.launcher.core.DelegatingLauncher.execute(DelegatingLauncher.java:47) ~[junit-platform-launcher-1.11.4.jar:1.11.4]
	at org.apache.maven.surefire.junitplatform.LazyLauncher.execute(LazyLauncher.java:56) ~[surefire-junit-platform-3.5.2.jar:3.5.2]
	at org.apache.maven.surefire.junitplatform.JUnitPlatformProvider.execute(JUnitPlatformProvider.java:184) ~[surefire-junit-platform-3.5.2.jar:3.5.2]
	at org.apache.maven.surefire.junitplatform.JUnitPlatformProvider.invokeAllTests(JUnitPlatformProvider.java:148) ~[surefire-junit-platform-3.5.2.jar:3.5.2]
	at org.apache.maven.surefire.junitplatform.JUnitPlatformProvider.invoke(JUnitPlatformProvider.java:122) ~[surefire-junit-platform-3.5.2.jar:3.5.2]
	at org.apache.maven.surefire.booter.ForkedBooter.runSuitesInProcess(ForkedBooter.java:385) ~[surefire-booter-3.5.2.jar:3.5.2]
	at org.apache.maven.surefire.booter.ForkedBooter.execute(ForkedBooter.java:162) ~[surefire-booter-3.5.2.jar:3.5.2]
	at org.apache.maven.surefire.booter.ForkedBooter.run(ForkedBooter.java:507) ~[surefire-booter-3.5.2.jar:3.5.2]
	at org.apache.maven.surefire.booter.ForkedBooter.main(ForkedBooter.java:495) ~[surefire-booter-3.5.2.jar:3.5.2]

2025-03-29T19:22:35.075-03:00 DEBUG 90214 --- [backend] [           main] org.hibernate.orm.sql.ast.tree           : SQL AST Tree:
    SelectStatement {
      FromClause {
        StandardTableGroup (a1 : com.duoc.backend.Appointment.Appointment) {
          primaryTableReference : appointment as a1_0
        }
      }
    }

2025-03-29T19:22:35.075-03:00 DEBUG 90214 --- [backend] [           main] o.h.p.entity.AbstractEntityPersister     : Static SQL for entity: com.duoc.backend.Appointment.Appointment
2025-03-29T19:22:35.075-03:00 DEBUG 90214 --- [backend] [           main] o.h.p.entity.AbstractEntityPersister     :  Version select: select id from appointment where id=?
2025-03-29T19:22:35.075-03:00 DEBUG 90214 --- [backend] [           main] o.h.p.entity.AbstractEntityPersister     :  Insert (0): insert into appointment (date,reason,time,veterinarian,id) values (?,?,?,?,?)
2025-03-29T19:22:35.075-03:00 DEBUG 90214 --- [backend] [           main] o.h.p.entity.AbstractEntityPersister     :  Update (0): update appointment set date=?,reason=?,time=?,veterinarian=? where id=?
2025-03-29T19:22:35.075-03:00 DEBUG 90214 --- [backend] [           main] o.h.p.entity.AbstractEntityPersister     :  Delete (0): delete from appointment where id=?
2025-03-29T19:22:35.075-03:00 DEBUG 90214 --- [backend] [           main] org.hibernate.orm.sql.ast.create         : Created new SQL alias : p1_0
2025-03-29T19:22:35.075-03:00 DEBUG 90214 --- [backend] [           main] org.hibernate.orm.sql.ast.create         : Registration of TableGroup [StandardTableGroup(com.duoc.backend.Patient.Patient)] with identifierForTableGroup [com.duoc.backend.Patient.Patient] for NavigablePath [com.duoc.backend.Patient.Patient] 
2025-03-29T19:22:35.075-03:00 TRACE 90214 --- [backend] [           main] o.h.l.ast.internal.LoaderSelectBuilder   : Starting visitation of FetchParent's Fetchables : com.duoc.backend.Patient.Patient
2025-03-29T19:22:35.075-03:00 DEBUG 90214 --- [backend] [           main] org.hibernate.orm.results.graph.AST      : DomainResult Graph:
 \-EntityResultImpl [com.duoc.backend.Patient.Patient]
 |  +-BasicFetch [com.duoc.backend.Patient.Patient.age]
 |  +-BasicFetch [com.duoc.backend.Patient.Patient.breed]
 |  +-BasicFetch [com.duoc.backend.Patient.Patient.name]
 |  +-BasicFetch [com.duoc.backend.Patient.Patient.owner]
 |  \-BasicFetch [com.duoc.backend.Patient.Patient.species]

2025-03-29T19:22:35.075-03:00 TRACE 90214 --- [backend] [           main] org.hibernate.orm.results.graph.AST      : Stack trace calling DomainResultGraphPrinter

java.lang.Exception: null
	at org.hibernate.sql.results.graph.DomainResultGraphPrinter.visitDomainResults(DomainResultGraphPrinter.java:70) ~[hibernate-core-6.6.11.Final.jar:6.6.11.Final]
	at org.hibernate.sql.results.graph.DomainResultGraphPrinter.logDomainResultGraph(DomainResultGraphPrinter.java:46) ~[hibernate-core-6.6.11.Final.jar:6.6.11.Final]
	at org.hibernate.sql.results.graph.DomainResultGraphPrinter.logDomainResultGraph(DomainResultGraphPrinter.java:37) ~[hibernate-core-6.6.11.Final.jar:6.6.11.Final]
	at org.hibernate.sql.ast.spi.AbstractSqlAstTranslator.translateSelect(AbstractSqlAstTranslator.java:877) ~[hibernate-core-6.6.11.Final.jar:6.6.11.Final]
	at org.hibernate.sql.ast.spi.AbstractSqlAstTranslator.translate(AbstractSqlAstTranslator.java:815) ~[hibernate-core-6.6.11.Final.jar:6.6.11.Final]
	at org.hibernate.loader.ast.internal.SingleIdLoadPlan.<init>(SingleIdLoadPlan.java:66) ~[hibernate-core-6.6.11.Final.jar:6.6.11.Final]
	at org.hibernate.loader.ast.internal.SingleIdEntityLoaderStandardImpl.createLoadPlan(SingleIdEntityLoaderStandardImpl.java:198) ~[hibernate-core-6.6.11.Final.jar:6.6.11.Final]
	at org.hibernate.loader.ast.internal.SingleIdEntityLoaderStandardImpl.lambda$new$0(SingleIdEntityLoaderStandardImpl.java:41) ~[hibernate-core-6.6.11.Final.jar:6.6.11.Final]
	at org.hibernate.loader.ast.internal.SingleIdEntityLoaderStandardImpl.<init>(SingleIdEntityLoaderStandardImpl.java:61) ~[hibernate-core-6.6.11.Final.jar:6.6.11.Final]
	at org.hibernate.loader.ast.internal.SingleIdEntityLoaderStandardImpl.<init>(SingleIdEntityLoaderStandardImpl.java:38) ~[hibernate-core-6.6.11.Final.jar:6.6.11.Final]
	at org.hibernate.persister.entity.AbstractEntityPersister.buildSingleIdEntityLoader(AbstractEntityPersister.java:913) ~[hibernate-core-6.6.11.Final.jar:6.6.11.Final]
	at org.hibernate.persister.entity.AbstractEntityPersister.buildSingleIdEntityLoader(AbstractEntityPersister.java:902) ~[hibernate-core-6.6.11.Final.jar:6.6.11.Final]
	at org.hibernate.persister.entity.AbstractEntityPersister.prepareLoaders(AbstractEntityPersister.java:3531) ~[hibernate-core-6.6.11.Final.jar:6.6.11.Final]
	at org.hibernate.metamodel.model.domain.internal.MappingMetamodelImpl.finishInitialization(MappingMetamodelImpl.java:208) ~[hibernate-core-6.6.11.Final.jar:6.6.11.Final]
	at org.hibernate.internal.SessionFactoryImpl.initializeMappingModel(SessionFactoryImpl.java:373) ~[hibernate-core-6.6.11.Final.jar:6.6.11.Final]
	at org.hibernate.internal.SessionFactoryImpl.<init>(SessionFactoryImpl.java:302) ~[hibernate-core-6.6.11.Final.jar:6.6.11.Final]
	at org.hibernate.boot.internal.SessionFactoryBuilderImpl.build(SessionFactoryBuilderImpl.java:463) ~[hibernate-core-6.6.11.Final.jar:6.6.11.Final]
	at org.hibernate.jpa.boot.internal.EntityManagerFactoryBuilderImpl.build(EntityManagerFactoryBuilderImpl.java:1517) ~[hibernate-core-6.6.11.Final.jar:6.6.11.Final]
	at org.springframework.orm.jpa.vendor.SpringHibernateJpaPersistenceProvider.createContainerEntityManagerFactory(SpringHibernateJpaPersistenceProvider.java:66) ~[spring-orm-6.2.5.jar:6.2.5]
	at org.springframework.orm.jpa.LocalContainerEntityManagerFactoryBean.createNativeEntityManagerFactory(LocalContainerEntityManagerFactoryBean.java:390) ~[spring-orm-6.2.5.jar:6.2.5]
	at org.springframework.orm.jpa.AbstractEntityManagerFactoryBean.buildNativeEntityManagerFactory(AbstractEntityManagerFactoryBean.java:419) ~[spring-orm-6.2.5.jar:6.2.5]
	at org.springframework.orm.jpa.AbstractEntityManagerFactoryBean.afterPropertiesSet(AbstractEntityManagerFactoryBean.java:400) ~[spring-orm-6.2.5.jar:6.2.5]
	at org.springframework.orm.jpa.LocalContainerEntityManagerFactoryBean.afterPropertiesSet(LocalContainerEntityManagerFactoryBean.java:366) ~[spring-orm-6.2.5.jar:6.2.5]
	at org.springframework.beans.factory.support.AbstractAutowireCapableBeanFactory.invokeInitMethods(AbstractAutowireCapableBeanFactory.java:1859) ~[spring-beans-6.2.5.jar:6.2.5]
	at org.springframework.beans.factory.support.AbstractAutowireCapableBeanFactory.initializeBean(AbstractAutowireCapableBeanFactory.java:1808) ~[spring-beans-6.2.5.jar:6.2.5]
	at org.springframework.beans.factory.support.AbstractAutowireCapableBeanFactory.doCreateBean(AbstractAutowireCapableBeanFactory.java:601) ~[spring-beans-6.2.5.jar:6.2.5]
	at org.springframework.beans.factory.support.AbstractAutowireCapableBeanFactory.createBean(AbstractAutowireCapableBeanFactory.java:523) ~[spring-beans-6.2.5.jar:6.2.5]
	at org.springframework.beans.factory.support.AbstractBeanFactory.lambda$doGetBean$0(AbstractBeanFactory.java:339) ~[spring-beans-6.2.5.jar:6.2.5]
	at org.springframework.beans.factory.support.DefaultSingletonBeanRegistry.getSingleton(DefaultSingletonBeanRegistry.java:347) ~[spring-beans-6.2.5.jar:6.2.5]
	at org.springframework.beans.factory.support.AbstractBeanFactory.doGetBean(AbstractBeanFactory.java:337) ~[spring-beans-6.2.5.jar:6.2.5]
	at org.springframework.beans.factory.support.AbstractBeanFactory.getBean(AbstractBeanFactory.java:207) ~[spring-beans-6.2.5.jar:6.2.5]
	at org.springframework.context.support.AbstractApplicationContext.finishBeanFactoryInitialization(AbstractApplicationContext.java:970) ~[spring-context-6.2.5.jar:6.2.5]
	at org.springframework.context.support.AbstractApplicationContext.refresh(AbstractApplicationContext.java:627) ~[spring-context-6.2.5.jar:6.2.5]
	at org.springframework.boot.SpringApplication.refresh(SpringApplication.java:752) ~[spring-boot-3.4.4.jar:3.4.4]
	at org.springframework.boot.SpringApplication.refreshContext(SpringApplication.java:439) ~[spring-boot-3.4.4.jar:3.4.4]
	at org.springframework.boot.SpringApplication.run(SpringApplication.java:318) ~[spring-boot-3.4.4.jar:3.4.4]
	at org.springframework.boot.test.context.SpringBootContextLoader.lambda$loadContext$3(SpringBootContextLoader.java:144) ~[spring-boot-test-3.4.4.jar:3.4.4]
	at org.springframework.util.function.ThrowingSupplier.get(ThrowingSupplier.java:58) ~[spring-core-6.2.5.jar:6.2.5]
	at org.springframework.util.function.ThrowingSupplier.get(ThrowingSupplier.java:46) ~[spring-core-6.2.5.jar:6.2.5]
	at org.springframework.boot.SpringApplication.withHook(SpringApplication.java:1461) ~[spring-boot-3.4.4.jar:3.4.4]
	at org.springframework.boot.test.context.SpringBootContextLoader$ContextLoaderHook.run(SpringBootContextLoader.java:563) ~[spring-boot-test-3.4.4.jar:3.4.4]
	at org.springframework.boot.test.context.SpringBootContextLoader.loadContext(SpringBootContextLoader.java:144) ~[spring-boot-test-3.4.4.jar:3.4.4]
	at org.springframework.boot.test.context.SpringBootContextLoader.loadContext(SpringBootContextLoader.java:110) ~[spring-boot-test-3.4.4.jar:3.4.4]
	at org.springframework.test.context.cache.DefaultCacheAwareContextLoaderDelegate.loadContextInternal(DefaultCacheAwareContextLoaderDelegate.java:225) ~[spring-test-6.2.5.jar:6.2.5]
	at org.springframework.test.context.cache.DefaultCacheAwareContextLoaderDelegate.loadContext(DefaultCacheAwareContextLoaderDelegate.java:152) ~[spring-test-6.2.5.jar:6.2.5]
	at org.springframework.test.context.support.DefaultTestContext.getApplicationContext(DefaultTestContext.java:130) ~[spring-test-6.2.5.jar:6.2.5]
	at org.springframework.test.context.web.ServletTestExecutionListener.setUpRequestContextIfNecessary(ServletTestExecutionListener.java:200) ~[spring-test-6.2.5.jar:6.2.5]
	at org.springframework.test.context.web.ServletTestExecutionListener.prepareTestInstance(ServletTestExecutionListener.java:139) ~[spring-test-6.2.5.jar:6.2.5]
	at org.springframework.test.context.TestContextManager.prepareTestInstance(TestContextManager.java:260) ~[spring-test-6.2.5.jar:6.2.5]
	at org.springframework.test.context.junit.jupiter.SpringExtension.postProcessTestInstance(SpringExtension.java:160) ~[spring-test-6.2.5.jar:6.2.5]
	at org.junit.jupiter.engine.descriptor.ClassBasedTestDescriptor.lambda$invokeTestInstancePostProcessors$11(ClassBasedTestDescriptor.java:378) ~[junit-jupiter-engine-5.11.4.jar:5.11.4]
	at org.junit.jupiter.engine.descriptor.ClassBasedTestDescriptor.executeAndMaskThrowable(ClassBasedTestDescriptor.java:383) ~[junit-jupiter-engine-5.11.4.jar:5.11.4]
	at org.junit.jupiter.engine.descriptor.ClassBasedTestDescriptor.lambda$invokeTestInstancePostProcessors$12(ClassBasedTestDescriptor.java:378) ~[junit-jupiter-engine-5.11.4.jar:5.11.4]
	at java.base/java.util.stream.ForEachOps$ForEachOp$OfRef.accept(ForEachOps.java:184) ~[na:na]
	at java.base/java.util.stream.ReferencePipeline$3$1.accept(ReferencePipeline.java:197) ~[na:na]
	at java.base/java.util.stream.ReferencePipeline$2$1.accept(ReferencePipeline.java:179) ~[na:na]
	at java.base/java.util.stream.ReferencePipeline$3$1.accept(ReferencePipeline.java:197) ~[na:na]
	at java.base/java.util.ArrayList$ArrayListSpliterator.forEachRemaining(ArrayList.java:1708) ~[na:na]
	at java.base/java.util.stream.AbstractPipeline.copyInto(AbstractPipeline.java:509) ~[na:na]
	at java.base/java.util.stream.AbstractPipeline.wrapAndCopyInto(AbstractPipeline.java:499) ~[na:na]
	at java.base/java.util.stream.ForEachOps$ForEachOp.evaluateSequential(ForEachOps.java:151) ~[na:na]
	at java.base/java.util.stream.ForEachOps$ForEachOp$OfRef.evaluateSequential(ForEachOps.java:174) ~[na:na]
	at java.base/java.util.stream.AbstractPipeline.evaluate(AbstractPipeline.java:234) ~[na:na]
	at java.base/java.util.stream.ReferencePipeline.forEach(ReferencePipeline.java:596) ~[na:na]
	at org.junit.jupiter.engine.descriptor.ClassBasedTestDescriptor.invokeTestInstancePostProcessors(ClassBasedTestDescriptor.java:377) ~[junit-jupiter-engine-5.11.4.jar:5.11.4]
	at org.junit.jupiter.engine.descriptor.ClassBasedTestDescriptor.lambda$instantiateAndPostProcessTestInstance$7(ClassBasedTestDescriptor.java:290) ~[junit-jupiter-engine-5.11.4.jar:5.11.4]
	at org.junit.platform.engine.support.hierarchical.ThrowableCollector.execute(ThrowableCollector.java:73) ~[junit-platform-engine-1.11.4.jar:1.11.4]
	at org.junit.jupiter.engine.descriptor.ClassBasedTestDescriptor.instantiateAndPostProcessTestInstance(ClassBasedTestDescriptor.java:289) ~[junit-jupiter-engine-5.11.4.jar:5.11.4]
	at org.junit.jupiter.engine.descriptor.ClassBasedTestDescriptor.lambda$testInstancesProvider$5(ClassBasedTestDescriptor.java:279) ~[junit-jupiter-engine-5.11.4.jar:5.11.4]
	at java.base/java.util.Optional.orElseGet(Optional.java:364) ~[na:na]
	at org.junit.jupiter.engine.descriptor.ClassBasedTestDescriptor.lambda$testInstancesProvider$6(ClassBasedTestDescriptor.java:278) ~[junit-jupiter-engine-5.11.4.jar:5.11.4]
	at org.junit.jupiter.engine.execution.TestInstancesProvider.getTestInstances(TestInstancesProvider.java:31) ~[junit-jupiter-engine-5.11.4.jar:5.11.4]
	at org.junit.jupiter.engine.descriptor.TestMethodTestDescriptor.lambda$prepare$1(TestMethodTestDescriptor.java:105) ~[junit-jupiter-engine-5.11.4.jar:5.11.4]
	at org.junit.platform.engine.support.hierarchical.ThrowableCollector.execute(ThrowableCollector.java:73) ~[junit-platform-engine-1.11.4.jar:1.11.4]
	at org.junit.jupiter.engine.descriptor.TestMethodTestDescriptor.prepare(TestMethodTestDescriptor.java:104) ~[junit-jupiter-engine-5.11.4.jar:5.11.4]
	at org.junit.jupiter.engine.descriptor.TestMethodTestDescriptor.prepare(TestMethodTestDescriptor.java:68) ~[junit-jupiter-engine-5.11.4.jar:5.11.4]
	at org.junit.platform.engine.support.hierarchical.NodeTestTask.lambda$prepare$2(NodeTestTask.java:128) ~[junit-platform-engine-1.11.4.jar:1.11.4]
	at org.junit.platform.engine.support.hierarchical.ThrowableCollector.execute(ThrowableCollector.java:73) ~[junit-platform-engine-1.11.4.jar:1.11.4]
	at org.junit.platform.engine.support.hierarchical.NodeTestTask.prepare(NodeTestTask.java:128) ~[junit-platform-engine-1.11.4.jar:1.11.4]
	at org.junit.platform.engine.support.hierarchical.NodeTestTask.execute(NodeTestTask.java:95) ~[junit-platform-engine-1.11.4.jar:1.11.4]
	at java.base/java.util.ArrayList.forEach(ArrayList.java:1596) ~[na:na]
	at org.junit.platform.engine.support.hierarchical.SameThreadHierarchicalTestExecutorService.invokeAll(SameThreadHierarchicalTestExecutorService.java:41) ~[junit-platform-engine-1.11.4.jar:1.11.4]
	at org.junit.platform.engine.support.hierarchical.NodeTestTask.lambda$executeRecursively$6(NodeTestTask.java:160) ~[junit-platform-engine-1.11.4.jar:1.11.4]
	at org.junit.platform.engine.support.hierarchical.ThrowableCollector.execute(ThrowableCollector.java:73) ~[junit-platform-engine-1.11.4.jar:1.11.4]
	at org.junit.platform.engine.support.hierarchical.NodeTestTask.lambda$executeRecursively$8(NodeTestTask.java:146) ~[junit-platform-engine-1.11.4.jar:1.11.4]
	at org.junit.platform.engine.support.hierarchical.Node.around(Node.java:137) ~[junit-platform-engine-1.11.4.jar:1.11.4]
	at org.junit.platform.engine.support.hierarchical.NodeTestTask.lambda$executeRecursively$9(NodeTestTask.java:144) ~[junit-platform-engine-1.11.4.jar:1.11.4]
	at org.junit.platform.engine.support.hierarchical.ThrowableCollector.execute(ThrowableCollector.java:73) ~[junit-platform-engine-1.11.4.jar:1.11.4]
	at org.junit.platform.engine.support.hierarchical.NodeTestTask.executeRecursively(NodeTestTask.java:143) ~[junit-platform-engine-1.11.4.jar:1.11.4]
	at org.junit.platform.engine.support.hierarchical.NodeTestTask.execute(NodeTestTask.java:100) ~[junit-platform-engine-1.11.4.jar:1.11.4]
	at java.base/java.util.ArrayList.forEach(ArrayList.java:1596) ~[na:na]
	at org.junit.platform.engine.support.hierarchical.SameThreadHierarchicalTestExecutorService.invokeAll(SameThreadHierarchicalTestExecutorService.java:41) ~[junit-platform-engine-1.11.4.jar:1.11.4]
	at org.junit.platform.engine.support.hierarchical.NodeTestTask.lambda$executeRecursively$6(NodeTestTask.java:160) ~[junit-platform-engine-1.11.4.jar:1.11.4]
	at org.junit.platform.engine.support.hierarchical.ThrowableCollector.execute(ThrowableCollector.java:73) ~[junit-platform-engine-1.11.4.jar:1.11.4]
	at org.junit.platform.engine.support.hierarchical.NodeTestTask.lambda$executeRecursively$8(NodeTestTask.java:146) ~[junit-platform-engine-1.11.4.jar:1.11.4]
	at org.junit.platform.engine.support.hierarchical.Node.around(Node.java:137) ~[junit-platform-engine-1.11.4.jar:1.11.4]
	at org.junit.platform.engine.support.hierarchical.NodeTestTask.lambda$executeRecursively$9(NodeTestTask.java:144) ~[junit-platform-engine-1.11.4.jar:1.11.4]
	at org.junit.platform.engine.support.hierarchical.ThrowableCollector.execute(ThrowableCollector.java:73) ~[junit-platform-engine-1.11.4.jar:1.11.4]
	at org.junit.platform.engine.support.hierarchical.NodeTestTask.executeRecursively(NodeTestTask.java:143) ~[junit-platform-engine-1.11.4.jar:1.11.4]
	at org.junit.platform.engine.support.hierarchical.NodeTestTask.execute(NodeTestTask.java:100) ~[junit-platform-engine-1.11.4.jar:1.11.4]
	at org.junit.platform.engine.support.hierarchical.SameThreadHierarchicalTestExecutorService.submit(SameThreadHierarchicalTestExecutorService.java:35) ~[junit-platform-engine-1.11.4.jar:1.11.4]
	at org.junit.platform.engine.support.hierarchical.HierarchicalTestExecutor.execute(HierarchicalTestExecutor.java:57) ~[junit-platform-engine-1.11.4.jar:1.11.4]
	at org.junit.platform.engine.support.hierarchical.HierarchicalTestEngine.execute(HierarchicalTestEngine.java:54) ~[junit-platform-engine-1.11.4.jar:1.11.4]
	at org.junit.platform.launcher.core.EngineExecutionOrchestrator.execute(EngineExecutionOrchestrator.java:198) ~[junit-platform-launcher-1.11.4.jar:1.11.4]
	at org.junit.platform.launcher.core.EngineExecutionOrchestrator.execute(EngineExecutionOrchestrator.java:169) ~[junit-platform-launcher-1.11.4.jar:1.11.4]
	at org.junit.platform.launcher.core.EngineExecutionOrchestrator.execute(EngineExecutionOrchestrator.java:93) ~[junit-platform-launcher-1.11.4.jar:1.11.4]
	at org.junit.platform.launcher.core.EngineExecutionOrchestrator.lambda$execute$0(EngineExecutionOrchestrator.java:58) ~[junit-platform-launcher-1.11.4.jar:1.11.4]
	at org.junit.platform.launcher.core.EngineExecutionOrchestrator.withInterceptedStreams(EngineExecutionOrchestrator.java:141) ~[junit-platform-launcher-1.11.4.jar:1.11.4]
	at org.junit.platform.launcher.core.EngineExecutionOrchestrator.execute(EngineExecutionOrchestrator.java:57) ~[junit-platform-launcher-1.11.4.jar:1.11.4]
	at org.junit.platform.launcher.core.DefaultLauncher.execute(DefaultLauncher.java:103) ~[junit-platform-launcher-1.11.4.jar:1.11.4]
	at org.junit.platform.launcher.core.DefaultLauncher.execute(DefaultLauncher.java:85) ~[junit-platform-launcher-1.11.4.jar:1.11.4]
	at org.junit.platform.launcher.core.DelegatingLauncher.execute(DelegatingLauncher.java:47) ~[junit-platform-launcher-1.11.4.jar:1.11.4]
	at org.apache.maven.surefire.junitplatform.LazyLauncher.execute(LazyLauncher.java:56) ~[surefire-junit-platform-3.5.2.jar:3.5.2]
	at org.apache.maven.surefire.junitplatform.JUnitPlatformProvider.execute(JUnitPlatformProvider.java:184) ~[surefire-junit-platform-3.5.2.jar:3.5.2]
	at org.apache.maven.surefire.junitplatform.JUnitPlatformProvider.invokeAllTests(JUnitPlatformProvider.java:148) ~[surefire-junit-platform-3.5.2.jar:3.5.2]
	at org.apache.maven.surefire.junitplatform.JUnitPlatformProvider.invoke(JUnitPlatformProvider.java:122) ~[surefire-junit-platform-3.5.2.jar:3.5.2]
	at org.apache.maven.surefire.booter.ForkedBooter.runSuitesInProcess(ForkedBooter.java:385) ~[surefire-booter-3.5.2.jar:3.5.2]
	at org.apache.maven.surefire.booter.ForkedBooter.execute(ForkedBooter.java:162) ~[surefire-booter-3.5.2.jar:3.5.2]
	at org.apache.maven.surefire.booter.ForkedBooter.run(ForkedBooter.java:507) ~[surefire-booter-3.5.2.jar:3.5.2]
	at org.apache.maven.surefire.booter.ForkedBooter.main(ForkedBooter.java:495) ~[surefire-booter-3.5.2.jar:3.5.2]

2025-03-29T19:22:35.076-03:00 DEBUG 90214 --- [backend] [           main] org.hibernate.orm.sql.ast.tree           : SQL AST Tree:
    SelectStatement {
      FromClause {
        StandardTableGroup (p1 : com.duoc.backend.Patient.Patient) {
          primaryTableReference : patient as p1_0
        }
      }
    }

2025-03-29T19:22:35.076-03:00 DEBUG 90214 --- [backend] [           main] o.h.p.entity.AbstractEntityPersister     : Static SQL for entity: com.duoc.backend.Patient.Patient
2025-03-29T19:22:35.076-03:00 DEBUG 90214 --- [backend] [           main] o.h.p.entity.AbstractEntityPersister     :  Version select: select id from patient where id=?
2025-03-29T19:22:35.076-03:00 DEBUG 90214 --- [backend] [           main] o.h.p.entity.AbstractEntityPersister     :  Insert (0): insert into patient (age,breed,name,owner,species,id) values (?,?,?,?,?,?)
2025-03-29T19:22:35.076-03:00 DEBUG 90214 --- [backend] [           main] o.h.p.entity.AbstractEntityPersister     :  Update (0): update patient set age=?,breed=?,name=?,owner=?,species=? where id=?
2025-03-29T19:22:35.076-03:00 DEBUG 90214 --- [backend] [           main] o.h.p.entity.AbstractEntityPersister     :  Delete (0): delete from patient where id=?
2025-03-29T19:22:35.076-03:00 DEBUG 90214 --- [backend] [           main] org.hibernate.orm.sql.ast.create         : Created new SQL alias : i1_0
2025-03-29T19:22:35.076-03:00 DEBUG 90214 --- [backend] [           main] org.hibernate.orm.sql.ast.create         : Registration of TableGroup [StandardTableGroup(com.duoc.backend.Invoice.Invoice)] with identifierForTableGroup [com.duoc.backend.Invoice.Invoice] for NavigablePath [com.duoc.backend.Invoice.Invoice] 
2025-03-29T19:22:35.076-03:00 TRACE 90214 --- [backend] [           main] o.h.l.ast.internal.LoaderSelectBuilder   : Starting visitation of FetchParent's Fetchables : com.duoc.backend.Invoice.Invoice
2025-03-29T19:22:35.077-03:00 DEBUG 90214 --- [backend] [           main] org.hibernate.orm.results.graph.AST      : DomainResult Graph:
 \-EntityResultImpl [com.duoc.backend.Invoice.Invoice]
 |  +-DelayedCollectionFetch [com.duoc.backend.Invoice.Invoice.cares]
 |  +-BasicFetch [com.duoc.backend.Invoice.Invoice.date]
 |  +-DelayedCollectionFetch [com.duoc.backend.Invoice.Invoice.medications]
 |  +-BasicFetch [com.duoc.backend.Invoice.Invoice.patientName]
 |  +-BasicFetch [com.duoc.backend.Invoice.Invoice.time]
 |  \-BasicFetch [com.duoc.backend.Invoice.Invoice.totalCost]

2025-03-29T19:22:35.077-03:00 TRACE 90214 --- [backend] [           main] org.hibernate.orm.results.graph.AST      : Stack trace calling DomainResultGraphPrinter

java.lang.Exception: null
	at org.hibernate.sql.results.graph.DomainResultGraphPrinter.visitDomainResults(DomainResultGraphPrinter.java:70) ~[hibernate-core-6.6.11.Final.jar:6.6.11.Final]
	at org.hibernate.sql.results.graph.DomainResultGraphPrinter.logDomainResultGraph(DomainResultGraphPrinter.java:46) ~[hibernate-core-6.6.11.Final.jar:6.6.11.Final]
	at org.hibernate.sql.results.graph.DomainResultGraphPrinter.logDomainResultGraph(DomainResultGraphPrinter.java:37) ~[hibernate-core-6.6.11.Final.jar:6.6.11.Final]
	at org.hibernate.sql.ast.spi.AbstractSqlAstTranslator.translateSelect(AbstractSqlAstTranslator.java:877) ~[hibernate-core-6.6.11.Final.jar:6.6.11.Final]
	at org.hibernate.sql.ast.spi.AbstractSqlAstTranslator.translate(AbstractSqlAstTranslator.java:815) ~[hibernate-core-6.6.11.Final.jar:6.6.11.Final]
	at org.hibernate.loader.ast.internal.SingleIdLoadPlan.<init>(SingleIdLoadPlan.java:66) ~[hibernate-core-6.6.11.Final.jar:6.6.11.Final]
	at org.hibernate.loader.ast.internal.SingleIdEntityLoaderStandardImpl.createLoadPlan(SingleIdEntityLoaderStandardImpl.java:198) ~[hibernate-core-6.6.11.Final.jar:6.6.11.Final]
	at org.hibernate.loader.ast.internal.SingleIdEntityLoaderStandardImpl.lambda$new$0(SingleIdEntityLoaderStandardImpl.java:41) ~[hibernate-core-6.6.11.Final.jar:6.6.11.Final]
	at org.hibernate.loader.ast.internal.SingleIdEntityLoaderStandardImpl.<init>(SingleIdEntityLoaderStandardImpl.java:61) ~[hibernate-core-6.6.11.Final.jar:6.6.11.Final]
	at org.hibernate.loader.ast.internal.SingleIdEntityLoaderStandardImpl.<init>(SingleIdEntityLoaderStandardImpl.java:38) ~[hibernate-core-6.6.11.Final.jar:6.6.11.Final]
	at org.hibernate.persister.entity.AbstractEntityPersister.buildSingleIdEntityLoader(AbstractEntityPersister.java:913) ~[hibernate-core-6.6.11.Final.jar:6.6.11.Final]
	at org.hibernate.persister.entity.AbstractEntityPersister.buildSingleIdEntityLoader(AbstractEntityPersister.java:902) ~[hibernate-core-6.6.11.Final.jar:6.6.11.Final]
	at org.hibernate.persister.entity.AbstractEntityPersister.prepareLoaders(AbstractEntityPersister.java:3531) ~[hibernate-core-6.6.11.Final.jar:6.6.11.Final]
	at org.hibernate.metamodel.model.domain.internal.MappingMetamodelImpl.finishInitialization(MappingMetamodelImpl.java:208) ~[hibernate-core-6.6.11.Final.jar:6.6.11.Final]
	at org.hibernate.internal.SessionFactoryImpl.initializeMappingModel(SessionFactoryImpl.java:373) ~[hibernate-core-6.6.11.Final.jar:6.6.11.Final]
	at org.hibernate.internal.SessionFactoryImpl.<init>(SessionFactoryImpl.java:302) ~[hibernate-core-6.6.11.Final.jar:6.6.11.Final]
	at org.hibernate.boot.internal.SessionFactoryBuilderImpl.build(SessionFactoryBuilderImpl.java:463) ~[hibernate-core-6.6.11.Final.jar:6.6.11.Final]
	at org.hibernate.jpa.boot.internal.EntityManagerFactoryBuilderImpl.build(EntityManagerFactoryBuilderImpl.java:1517) ~[hibernate-core-6.6.11.Final.jar:6.6.11.Final]
	at org.springframework.orm.jpa.vendor.SpringHibernateJpaPersistenceProvider.createContainerEntityManagerFactory(SpringHibernateJpaPersistenceProvider.java:66) ~[spring-orm-6.2.5.jar:6.2.5]
	at org.springframework.orm.jpa.LocalContainerEntityManagerFactoryBean.createNativeEntityManagerFactory(LocalContainerEntityManagerFactoryBean.java:390) ~[spring-orm-6.2.5.jar:6.2.5]
	at org.springframework.orm.jpa.AbstractEntityManagerFactoryBean.buildNativeEntityManagerFactory(AbstractEntityManagerFactoryBean.java:419) ~[spring-orm-6.2.5.jar:6.2.5]
	at org.springframework.orm.jpa.AbstractEntityManagerFactoryBean.afterPropertiesSet(AbstractEntityManagerFactoryBean.java:400) ~[spring-orm-6.2.5.jar:6.2.5]
	at org.springframework.orm.jpa.LocalContainerEntityManagerFactoryBean.afterPropertiesSet(LocalContainerEntityManagerFactoryBean.java:366) ~[spring-orm-6.2.5.jar:6.2.5]
	at org.springframework.beans.factory.support.AbstractAutowireCapableBeanFactory.invokeInitMethods(AbstractAutowireCapableBeanFactory.java:1859) ~[spring-beans-6.2.5.jar:6.2.5]
	at org.springframework.beans.factory.support.AbstractAutowireCapableBeanFactory.initializeBean(AbstractAutowireCapableBeanFactory.java:1808) ~[spring-beans-6.2.5.jar:6.2.5]
	at org.springframework.beans.factory.support.AbstractAutowireCapableBeanFactory.doCreateBean(AbstractAutowireCapableBeanFactory.java:601) ~[spring-beans-6.2.5.jar:6.2.5]
	at org.springframework.beans.factory.support.AbstractAutowireCapableBeanFactory.createBean(AbstractAutowireCapableBeanFactory.java:523) ~[spring-beans-6.2.5.jar:6.2.5]
	at org.springframework.beans.factory.support.AbstractBeanFactory.lambda$doGetBean$0(AbstractBeanFactory.java:339) ~[spring-beans-6.2.5.jar:6.2.5]
	at org.springframework.beans.factory.support.DefaultSingletonBeanRegistry.getSingleton(DefaultSingletonBeanRegistry.java:347) ~[spring-beans-6.2.5.jar:6.2.5]
	at org.springframework.beans.factory.support.AbstractBeanFactory.doGetBean(AbstractBeanFactory.java:337) ~[spring-beans-6.2.5.jar:6.2.5]
	at org.springframework.beans.factory.support.AbstractBeanFactory.getBean(AbstractBeanFactory.java:207) ~[spring-beans-6.2.5.jar:6.2.5]
	at org.springframework.context.support.AbstractApplicationContext.finishBeanFactoryInitialization(AbstractApplicationContext.java:970) ~[spring-context-6.2.5.jar:6.2.5]
	at org.springframework.context.support.AbstractApplicationContext.refresh(AbstractApplicationContext.java:627) ~[spring-context-6.2.5.jar:6.2.5]
	at org.springframework.boot.SpringApplication.refresh(SpringApplication.java:752) ~[spring-boot-3.4.4.jar:3.4.4]
	at org.springframework.boot.SpringApplication.refreshContext(SpringApplication.java:439) ~[spring-boot-3.4.4.jar:3.4.4]
	at org.springframework.boot.SpringApplication.run(SpringApplication.java:318) ~[spring-boot-3.4.4.jar:3.4.4]
	at org.springframework.boot.test.context.SpringBootContextLoader.lambda$loadContext$3(SpringBootContextLoader.java:144) ~[spring-boot-test-3.4.4.jar:3.4.4]
	at org.springframework.util.function.ThrowingSupplier.get(ThrowingSupplier.java:58) ~[spring-core-6.2.5.jar:6.2.5]
	at org.springframework.util.function.ThrowingSupplier.get(ThrowingSupplier.java:46) ~[spring-core-6.2.5.jar:6.2.5]
	at org.springframework.boot.SpringApplication.withHook(SpringApplication.java:1461) ~[spring-boot-3.4.4.jar:3.4.4]
	at org.springframework.boot.test.context.SpringBootContextLoader$ContextLoaderHook.run(SpringBootContextLoader.java:563) ~[spring-boot-test-3.4.4.jar:3.4.4]
	at org.springframework.boot.test.context.SpringBootContextLoader.loadContext(SpringBootContextLoader.java:144) ~[spring-boot-test-3.4.4.jar:3.4.4]
	at org.springframework.boot.test.context.SpringBootContextLoader.loadContext(SpringBootContextLoader.java:110) ~[spring-boot-test-3.4.4.jar:3.4.4]
	at org.springframework.test.context.cache.DefaultCacheAwareContextLoaderDelegate.loadContextInternal(DefaultCacheAwareContextLoaderDelegate.java:225) ~[spring-test-6.2.5.jar:6.2.5]
	at org.springframework.test.context.cache.DefaultCacheAwareContextLoaderDelegate.loadContext(DefaultCacheAwareContextLoaderDelegate.java:152) ~[spring-test-6.2.5.jar:6.2.5]
	at org.springframework.test.context.support.DefaultTestContext.getApplicationContext(DefaultTestContext.java:130) ~[spring-test-6.2.5.jar:6.2.5]
	at org.springframework.test.context.web.ServletTestExecutionListener.setUpRequestContextIfNecessary(ServletTestExecutionListener.java:200) ~[spring-test-6.2.5.jar:6.2.5]
	at org.springframework.test.context.web.ServletTestExecutionListener.prepareTestInstance(ServletTestExecutionListener.java:139) ~[spring-test-6.2.5.jar:6.2.5]
	at org.springframework.test.context.TestContextManager.prepareTestInstance(TestContextManager.java:260) ~[spring-test-6.2.5.jar:6.2.5]
	at org.springframework.test.context.junit.jupiter.SpringExtension.postProcessTestInstance(SpringExtension.java:160) ~[spring-test-6.2.5.jar:6.2.5]
	at org.junit.jupiter.engine.descriptor.ClassBasedTestDescriptor.lambda$invokeTestInstancePostProcessors$11(ClassBasedTestDescriptor.java:378) ~[junit-jupiter-engine-5.11.4.jar:5.11.4]
	at org.junit.jupiter.engine.descriptor.ClassBasedTestDescriptor.executeAndMaskThrowable(ClassBasedTestDescriptor.java:383) ~[junit-jupiter-engine-5.11.4.jar:5.11.4]
	at org.junit.jupiter.engine.descriptor.ClassBasedTestDescriptor.lambda$invokeTestInstancePostProcessors$12(ClassBasedTestDescriptor.java:378) ~[junit-jupiter-engine-5.11.4.jar:5.11.4]
	at java.base/java.util.stream.ForEachOps$ForEachOp$OfRef.accept(ForEachOps.java:184) ~[na:na]
	at java.base/java.util.stream.ReferencePipeline$3$1.accept(ReferencePipeline.java:197) ~[na:na]
	at java.base/java.util.stream.ReferencePipeline$2$1.accept(ReferencePipeline.java:179) ~[na:na]
	at java.base/java.util.stream.ReferencePipeline$3$1.accept(ReferencePipeline.java:197) ~[na:na]
	at java.base/java.util.ArrayList$ArrayListSpliterator.forEachRemaining(ArrayList.java:1708) ~[na:na]
	at java.base/java.util.stream.AbstractPipeline.copyInto(AbstractPipeline.java:509) ~[na:na]
	at java.base/java.util.stream.AbstractPipeline.wrapAndCopyInto(AbstractPipeline.java:499) ~[na:na]
	at java.base/java.util.stream.ForEachOps$ForEachOp.evaluateSequential(ForEachOps.java:151) ~[na:na]
	at java.base/java.util.stream.ForEachOps$ForEachOp$OfRef.evaluateSequential(ForEachOps.java:174) ~[na:na]
	at java.base/java.util.stream.AbstractPipeline.evaluate(AbstractPipeline.java:234) ~[na:na]
	at java.base/java.util.stream.ReferencePipeline.forEach(ReferencePipeline.java:596) ~[na:na]
	at org.junit.jupiter.engine.descriptor.ClassBasedTestDescriptor.invokeTestInstancePostProcessors(ClassBasedTestDescriptor.java:377) ~[junit-jupiter-engine-5.11.4.jar:5.11.4]
	at org.junit.jupiter.engine.descriptor.ClassBasedTestDescriptor.lambda$instantiateAndPostProcessTestInstance$7(ClassBasedTestDescriptor.java:290) ~[junit-jupiter-engine-5.11.4.jar:5.11.4]
	at org.junit.platform.engine.support.hierarchical.ThrowableCollector.execute(ThrowableCollector.java:73) ~[junit-platform-engine-1.11.4.jar:1.11.4]
	at org.junit.jupiter.engine.descriptor.ClassBasedTestDescriptor.instantiateAndPostProcessTestInstance(ClassBasedTestDescriptor.java:289) ~[junit-jupiter-engine-5.11.4.jar:5.11.4]
	at org.junit.jupiter.engine.descriptor.ClassBasedTestDescriptor.lambda$testInstancesProvider$5(ClassBasedTestDescriptor.java:279) ~[junit-jupiter-engine-5.11.4.jar:5.11.4]
	at java.base/java.util.Optional.orElseGet(Optional.java:364) ~[na:na]
	at org.junit.jupiter.engine.descriptor.ClassBasedTestDescriptor.lambda$testInstancesProvider$6(ClassBasedTestDescriptor.java:278) ~[junit-jupiter-engine-5.11.4.jar:5.11.4]
	at org.junit.jupiter.engine.execution.TestInstancesProvider.getTestInstances(TestInstancesProvider.java:31) ~[junit-jupiter-engine-5.11.4.jar:5.11.4]
	at org.junit.jupiter.engine.descriptor.TestMethodTestDescriptor.lambda$prepare$1(TestMethodTestDescriptor.java:105) ~[junit-jupiter-engine-5.11.4.jar:5.11.4]
	at org.junit.platform.engine.support.hierarchical.ThrowableCollector.execute(ThrowableCollector.java:73) ~[junit-platform-engine-1.11.4.jar:1.11.4]
	at org.junit.jupiter.engine.descriptor.TestMethodTestDescriptor.prepare(TestMethodTestDescriptor.java:104) ~[junit-jupiter-engine-5.11.4.jar:5.11.4]
	at org.junit.jupiter.engine.descriptor.TestMethodTestDescriptor.prepare(TestMethodTestDescriptor.java:68) ~[junit-jupiter-engine-5.11.4.jar:5.11.4]
	at org.junit.platform.engine.support.hierarchical.NodeTestTask.lambda$prepare$2(NodeTestTask.java:128) ~[junit-platform-engine-1.11.4.jar:1.11.4]
	at org.junit.platform.engine.support.hierarchical.ThrowableCollector.execute(ThrowableCollector.java:73) ~[junit-platform-engine-1.11.4.jar:1.11.4]
	at org.junit.platform.engine.support.hierarchical.NodeTestTask.prepare(NodeTestTask.java:128) ~[junit-platform-engine-1.11.4.jar:1.11.4]
	at org.junit.platform.engine.support.hierarchical.NodeTestTask.execute(NodeTestTask.java:95) ~[junit-platform-engine-1.11.4.jar:1.11.4]
	at java.base/java.util.ArrayList.forEach(ArrayList.java:1596) ~[na:na]
	at org.junit.platform.engine.support.hierarchical.SameThreadHierarchicalTestExecutorService.invokeAll(SameThreadHierarchicalTestExecutorService.java:41) ~[junit-platform-engine-1.11.4.jar:1.11.4]
	at org.junit.platform.engine.support.hierarchical.NodeTestTask.lambda$executeRecursively$6(NodeTestTask.java:160) ~[junit-platform-engine-1.11.4.jar:1.11.4]
	at org.junit.platform.engine.support.hierarchical.ThrowableCollector.execute(ThrowableCollector.java:73) ~[junit-platform-engine-1.11.4.jar:1.11.4]
	at org.junit.platform.engine.support.hierarchical.NodeTestTask.lambda$executeRecursively$8(NodeTestTask.java:146) ~[junit-platform-engine-1.11.4.jar:1.11.4]
	at org.junit.platform.engine.support.hierarchical.Node.around(Node.java:137) ~[junit-platform-engine-1.11.4.jar:1.11.4]
	at org.junit.platform.engine.support.hierarchical.NodeTestTask.lambda$executeRecursively$9(NodeTestTask.java:144) ~[junit-platform-engine-1.11.4.jar:1.11.4]
	at org.junit.platform.engine.support.hierarchical.ThrowableCollector.execute(ThrowableCollector.java:73) ~[junit-platform-engine-1.11.4.jar:1.11.4]
	at org.junit.platform.engine.support.hierarchical.NodeTestTask.executeRecursively(NodeTestTask.java:143) ~[junit-platform-engine-1.11.4.jar:1.11.4]
	at org.junit.platform.engine.support.hierarchical.NodeTestTask.execute(NodeTestTask.java:100) ~[junit-platform-engine-1.11.4.jar:1.11.4]
	at java.base/java.util.ArrayList.forEach(ArrayList.java:1596) ~[na:na]
	at org.junit.platform.engine.support.hierarchical.SameThreadHierarchicalTestExecutorService.invokeAll(SameThreadHierarchicalTestExecutorService.java:41) ~[junit-platform-engine-1.11.4.jar:1.11.4]
	at org.junit.platform.engine.support.hierarchical.NodeTestTask.lambda$executeRecursively$6(NodeTestTask.java:160) ~[junit-platform-engine-1.11.4.jar:1.11.4]
	at org.junit.platform.engine.support.hierarchical.ThrowableCollector.execute(ThrowableCollector.java:73) ~[junit-platform-engine-1.11.4.jar:1.11.4]
	at org.junit.platform.engine.support.hierarchical.NodeTestTask.lambda$executeRecursively$8(NodeTestTask.java:146) ~[junit-platform-engine-1.11.4.jar:1.11.4]
	at org.junit.platform.engine.support.hierarchical.Node.around(Node.java:137) ~[junit-platform-engine-1.11.4.jar:1.11.4]
	at org.junit.platform.engine.support.hierarchical.NodeTestTask.lambda$executeRecursively$9(NodeTestTask.java:144) ~[junit-platform-engine-1.11.4.jar:1.11.4]
	at org.junit.platform.engine.support.hierarchical.ThrowableCollector.execute(ThrowableCollector.java:73) ~[junit-platform-engine-1.11.4.jar:1.11.4]
	at org.junit.platform.engine.support.hierarchical.NodeTestTask.executeRecursively(NodeTestTask.java:143) ~[junit-platform-engine-1.11.4.jar:1.11.4]
	at org.junit.platform.engine.support.hierarchical.NodeTestTask.execute(NodeTestTask.java:100) ~[junit-platform-engine-1.11.4.jar:1.11.4]
	at org.junit.platform.engine.support.hierarchical.SameThreadHierarchicalTestExecutorService.submit(SameThreadHierarchicalTestExecutorService.java:35) ~[junit-platform-engine-1.11.4.jar:1.11.4]
	at org.junit.platform.engine.support.hierarchical.HierarchicalTestExecutor.execute(HierarchicalTestExecutor.java:57) ~[junit-platform-engine-1.11.4.jar:1.11.4]
	at org.junit.platform.engine.support.hierarchical.HierarchicalTestEngine.execute(HierarchicalTestEngine.java:54) ~[junit-platform-engine-1.11.4.jar:1.11.4]
	at org.junit.platform.launcher.core.EngineExecutionOrchestrator.execute(EngineExecutionOrchestrator.java:198) ~[junit-platform-launcher-1.11.4.jar:1.11.4]
	at org.junit.platform.launcher.core.EngineExecutionOrchestrator.execute(EngineExecutionOrchestrator.java:169) ~[junit-platform-launcher-1.11.4.jar:1.11.4]
	at org.junit.platform.launcher.core.EngineExecutionOrchestrator.execute(EngineExecutionOrchestrator.java:93) ~[junit-platform-launcher-1.11.4.jar:1.11.4]
	at org.junit.platform.launcher.core.EngineExecutionOrchestrator.lambda$execute$0(EngineExecutionOrchestrator.java:58) ~[junit-platform-launcher-1.11.4.jar:1.11.4]
	at org.junit.platform.launcher.core.EngineExecutionOrchestrator.withInterceptedStreams(EngineExecutionOrchestrator.java:141) ~[junit-platform-launcher-1.11.4.jar:1.11.4]
	at org.junit.platform.launcher.core.EngineExecutionOrchestrator.execute(EngineExecutionOrchestrator.java:57) ~[junit-platform-launcher-1.11.4.jar:1.11.4]
	at org.junit.platform.launcher.core.DefaultLauncher.execute(DefaultLauncher.java:103) ~[junit-platform-launcher-1.11.4.jar:1.11.4]
	at org.junit.platform.launcher.core.DefaultLauncher.execute(DefaultLauncher.java:85) ~[junit-platform-launcher-1.11.4.jar:1.11.4]
	at org.junit.platform.launcher.core.DelegatingLauncher.execute(DelegatingLauncher.java:47) ~[junit-platform-launcher-1.11.4.jar:1.11.4]
	at org.apache.maven.surefire.junitplatform.LazyLauncher.execute(LazyLauncher.java:56) ~[surefire-junit-platform-3.5.2.jar:3.5.2]
	at org.apache.maven.surefire.junitplatform.JUnitPlatformProvider.execute(JUnitPlatformProvider.java:184) ~[surefire-junit-platform-3.5.2.jar:3.5.2]
	at org.apache.maven.surefire.junitplatform.JUnitPlatformProvider.invokeAllTests(JUnitPlatformProvider.java:148) ~[surefire-junit-platform-3.5.2.jar:3.5.2]
	at org.apache.maven.surefire.junitplatform.JUnitPlatformProvider.invoke(JUnitPlatformProvider.java:122) ~[surefire-junit-platform-3.5.2.jar:3.5.2]
	at org.apache.maven.surefire.booter.ForkedBooter.runSuitesInProcess(ForkedBooter.java:385) ~[surefire-booter-3.5.2.jar:3.5.2]
	at org.apache.maven.surefire.booter.ForkedBooter.execute(ForkedBooter.java:162) ~[surefire-booter-3.5.2.jar:3.5.2]
	at org.apache.maven.surefire.booter.ForkedBooter.run(ForkedBooter.java:507) ~[surefire-booter-3.5.2.jar:3.5.2]
	at org.apache.maven.surefire.booter.ForkedBooter.main(ForkedBooter.java:495) ~[surefire-booter-3.5.2.jar:3.5.2]

2025-03-29T19:22:35.077-03:00 DEBUG 90214 --- [backend] [           main] org.hibernate.orm.sql.ast.tree           : SQL AST Tree:
    SelectStatement {
      FromClause {
        StandardTableGroup (i1 : com.duoc.backend.Invoice.Invoice) {
          primaryTableReference : invoice as i1_0
        }
      }
    }

2025-03-29T19:22:35.077-03:00 DEBUG 90214 --- [backend] [           main] o.h.p.entity.AbstractEntityPersister     : Static SQL for entity: com.duoc.backend.Invoice.Invoice
2025-03-29T19:22:35.077-03:00 DEBUG 90214 --- [backend] [           main] o.h.p.entity.AbstractEntityPersister     :  Version select: select id from invoice where id=?
2025-03-29T19:22:35.077-03:00 DEBUG 90214 --- [backend] [           main] o.h.p.entity.AbstractEntityPersister     :  Insert (0): insert into invoice (date,patient_name,time,total_cost,id) values (?,?,?,?,?)
2025-03-29T19:22:35.077-03:00 DEBUG 90214 --- [backend] [           main] o.h.p.entity.AbstractEntityPersister     :  Update (0): update invoice set date=?,patient_name=?,time=?,total_cost=? where id=?
2025-03-29T19:22:35.077-03:00 DEBUG 90214 --- [backend] [           main] o.h.p.entity.AbstractEntityPersister     :  Delete (0): delete from invoice where id=?
2025-03-29T19:22:35.077-03:00 DEBUG 90214 --- [backend] [           main] org.hibernate.orm.sql.ast.create         : Created new SQL alias : m1_0
2025-03-29T19:22:35.077-03:00 DEBUG 90214 --- [backend] [           main] org.hibernate.orm.sql.ast.create         : Registration of TableGroup [StandardTableGroup(com.duoc.backend.Medication.Medication)] with identifierForTableGroup [com.duoc.backend.Medication.Medication] for NavigablePath [com.duoc.backend.Medication.Medication] 
2025-03-29T19:22:35.077-03:00 TRACE 90214 --- [backend] [           main] o.h.l.ast.internal.LoaderSelectBuilder   : Starting visitation of FetchParent's Fetchables : com.duoc.backend.Medication.Medication
2025-03-29T19:22:35.078-03:00 DEBUG 90214 --- [backend] [           main] org.hibernate.orm.results.graph.AST      : DomainResult Graph:
 \-EntityResultImpl [com.duoc.backend.Medication.Medication]
 |  +-BasicFetch [com.duoc.backend.Medication.Medication.cost]
 |  \-BasicFetch [com.duoc.backend.Medication.Medication.name]

2025-03-29T19:22:35.078-03:00 TRACE 90214 --- [backend] [           main] org.hibernate.orm.results.graph.AST      : Stack trace calling DomainResultGraphPrinter

java.lang.Exception: null
	at org.hibernate.sql.results.graph.DomainResultGraphPrinter.visitDomainResults(DomainResultGraphPrinter.java:70) ~[hibernate-core-6.6.11.Final.jar:6.6.11.Final]
	at org.hibernate.sql.results.graph.DomainResultGraphPrinter.logDomainResultGraph(DomainResultGraphPrinter.java:46) ~[hibernate-core-6.6.11.Final.jar:6.6.11.Final]
	at org.hibernate.sql.results.graph.DomainResultGraphPrinter.logDomainResultGraph(DomainResultGraphPrinter.java:37) ~[hibernate-core-6.6.11.Final.jar:6.6.11.Final]
	at org.hibernate.sql.ast.spi.AbstractSqlAstTranslator.translateSelect(AbstractSqlAstTranslator.java:877) ~[hibernate-core-6.6.11.Final.jar:6.6.11.Final]
	at org.hibernate.sql.ast.spi.AbstractSqlAstTranslator.translate(AbstractSqlAstTranslator.java:815) ~[hibernate-core-6.6.11.Final.jar:6.6.11.Final]
	at org.hibernate.loader.ast.internal.SingleIdLoadPlan.<init>(SingleIdLoadPlan.java:66) ~[hibernate-core-6.6.11.Final.jar:6.6.11.Final]
	at org.hibernate.loader.ast.internal.SingleIdEntityLoaderStandardImpl.createLoadPlan(SingleIdEntityLoaderStandardImpl.java:198) ~[hibernate-core-6.6.11.Final.jar:6.6.11.Final]
	at org.hibernate.loader.ast.internal.SingleIdEntityLoaderStandardImpl.lambda$new$0(SingleIdEntityLoaderStandardImpl.java:41) ~[hibernate-core-6.6.11.Final.jar:6.6.11.Final]
	at org.hibernate.loader.ast.internal.SingleIdEntityLoaderStandardImpl.<init>(SingleIdEntityLoaderStandardImpl.java:61) ~[hibernate-core-6.6.11.Final.jar:6.6.11.Final]
	at org.hibernate.loader.ast.internal.SingleIdEntityLoaderStandardImpl.<init>(SingleIdEntityLoaderStandardImpl.java:38) ~[hibernate-core-6.6.11.Final.jar:6.6.11.Final]
	at org.hibernate.persister.entity.AbstractEntityPersister.buildSingleIdEntityLoader(AbstractEntityPersister.java:913) ~[hibernate-core-6.6.11.Final.jar:6.6.11.Final]
	at org.hibernate.persister.entity.AbstractEntityPersister.buildSingleIdEntityLoader(AbstractEntityPersister.java:902) ~[hibernate-core-6.6.11.Final.jar:6.6.11.Final]
	at org.hibernate.persister.entity.AbstractEntityPersister.prepareLoaders(AbstractEntityPersister.java:3531) ~[hibernate-core-6.6.11.Final.jar:6.6.11.Final]
	at org.hibernate.metamodel.model.domain.internal.MappingMetamodelImpl.finishInitialization(MappingMetamodelImpl.java:208) ~[hibernate-core-6.6.11.Final.jar:6.6.11.Final]
	at org.hibernate.internal.SessionFactoryImpl.initializeMappingModel(SessionFactoryImpl.java:373) ~[hibernate-core-6.6.11.Final.jar:6.6.11.Final]
	at org.hibernate.internal.SessionFactoryImpl.<init>(SessionFactoryImpl.java:302) ~[hibernate-core-6.6.11.Final.jar:6.6.11.Final]
	at org.hibernate.boot.internal.SessionFactoryBuilderImpl.build(SessionFactoryBuilderImpl.java:463) ~[hibernate-core-6.6.11.Final.jar:6.6.11.Final]
	at org.hibernate.jpa.boot.internal.EntityManagerFactoryBuilderImpl.build(EntityManagerFactoryBuilderImpl.java:1517) ~[hibernate-core-6.6.11.Final.jar:6.6.11.Final]
	at org.springframework.orm.jpa.vendor.SpringHibernateJpaPersistenceProvider.createContainerEntityManagerFactory(SpringHibernateJpaPersistenceProvider.java:66) ~[spring-orm-6.2.5.jar:6.2.5]
	at org.springframework.orm.jpa.LocalContainerEntityManagerFactoryBean.createNativeEntityManagerFactory(LocalContainerEntityManagerFactoryBean.java:390) ~[spring-orm-6.2.5.jar:6.2.5]
	at org.springframework.orm.jpa.AbstractEntityManagerFactoryBean.buildNativeEntityManagerFactory(AbstractEntityManagerFactoryBean.java:419) ~[spring-orm-6.2.5.jar:6.2.5]
	at org.springframework.orm.jpa.AbstractEntityManagerFactoryBean.afterPropertiesSet(AbstractEntityManagerFactoryBean.java:400) ~[spring-orm-6.2.5.jar:6.2.5]
	at org.springframework.orm.jpa.LocalContainerEntityManagerFactoryBean.afterPropertiesSet(LocalContainerEntityManagerFactoryBean.java:366) ~[spring-orm-6.2.5.jar:6.2.5]
	at org.springframework.beans.factory.support.AbstractAutowireCapableBeanFactory.invokeInitMethods(AbstractAutowireCapableBeanFactory.java:1859) ~[spring-beans-6.2.5.jar:6.2.5]
	at org.springframework.beans.factory.support.AbstractAutowireCapableBeanFactory.initializeBean(AbstractAutowireCapableBeanFactory.java:1808) ~[spring-beans-6.2.5.jar:6.2.5]
	at org.springframework.beans.factory.support.AbstractAutowireCapableBeanFactory.doCreateBean(AbstractAutowireCapableBeanFactory.java:601) ~[spring-beans-6.2.5.jar:6.2.5]
	at org.springframework.beans.factory.support.AbstractAutowireCapableBeanFactory.createBean(AbstractAutowireCapableBeanFactory.java:523) ~[spring-beans-6.2.5.jar:6.2.5]
	at org.springframework.beans.factory.support.AbstractBeanFactory.lambda$doGetBean$0(AbstractBeanFactory.java:339) ~[spring-beans-6.2.5.jar:6.2.5]
	at org.springframework.beans.factory.support.DefaultSingletonBeanRegistry.getSingleton(DefaultSingletonBeanRegistry.java:347) ~[spring-beans-6.2.5.jar:6.2.5]
	at org.springframework.beans.factory.support.AbstractBeanFactory.doGetBean(AbstractBeanFactory.java:337) ~[spring-beans-6.2.5.jar:6.2.5]
	at org.springframework.beans.factory.support.AbstractBeanFactory.getBean(AbstractBeanFactory.java:207) ~[spring-beans-6.2.5.jar:6.2.5]
	at org.springframework.context.support.AbstractApplicationContext.finishBeanFactoryInitialization(AbstractApplicationContext.java:970) ~[spring-context-6.2.5.jar:6.2.5]
	at org.springframework.context.support.AbstractApplicationContext.refresh(AbstractApplicationContext.java:627) ~[spring-context-6.2.5.jar:6.2.5]
	at org.springframework.boot.SpringApplication.refresh(SpringApplication.java:752) ~[spring-boot-3.4.4.jar:3.4.4]
	at org.springframework.boot.SpringApplication.refreshContext(SpringApplication.java:439) ~[spring-boot-3.4.4.jar:3.4.4]
	at org.springframework.boot.SpringApplication.run(SpringApplication.java:318) ~[spring-boot-3.4.4.jar:3.4.4]
	at org.springframework.boot.test.context.SpringBootContextLoader.lambda$loadContext$3(SpringBootContextLoader.java:144) ~[spring-boot-test-3.4.4.jar:3.4.4]
	at org.springframework.util.function.ThrowingSupplier.get(ThrowingSupplier.java:58) ~[spring-core-6.2.5.jar:6.2.5]
	at org.springframework.util.function.ThrowingSupplier.get(ThrowingSupplier.java:46) ~[spring-core-6.2.5.jar:6.2.5]
	at org.springframework.boot.SpringApplication.withHook(SpringApplication.java:1461) ~[spring-boot-3.4.4.jar:3.4.4]
	at org.springframework.boot.test.context.SpringBootContextLoader$ContextLoaderHook.run(SpringBootContextLoader.java:563) ~[spring-boot-test-3.4.4.jar:3.4.4]
	at org.springframework.boot.test.context.SpringBootContextLoader.loadContext(SpringBootContextLoader.java:144) ~[spring-boot-test-3.4.4.jar:3.4.4]
	at org.springframework.boot.test.context.SpringBootContextLoader.loadContext(SpringBootContextLoader.java:110) ~[spring-boot-test-3.4.4.jar:3.4.4]
	at org.springframework.test.context.cache.DefaultCacheAwareContextLoaderDelegate.loadContextInternal(DefaultCacheAwareContextLoaderDelegate.java:225) ~[spring-test-6.2.5.jar:6.2.5]
	at org.springframework.test.context.cache.DefaultCacheAwareContextLoaderDelegate.loadContext(DefaultCacheAwareContextLoaderDelegate.java:152) ~[spring-test-6.2.5.jar:6.2.5]
	at org.springframework.test.context.support.DefaultTestContext.getApplicationContext(DefaultTestContext.java:130) ~[spring-test-6.2.5.jar:6.2.5]
	at org.springframework.test.context.web.ServletTestExecutionListener.setUpRequestContextIfNecessary(ServletTestExecutionListener.java:200) ~[spring-test-6.2.5.jar:6.2.5]
	at org.springframework.test.context.web.ServletTestExecutionListener.prepareTestInstance(ServletTestExecutionListener.java:139) ~[spring-test-6.2.5.jar:6.2.5]
	at org.springframework.test.context.TestContextManager.prepareTestInstance(TestContextManager.java:260) ~[spring-test-6.2.5.jar:6.2.5]
	at org.springframework.test.context.junit.jupiter.SpringExtension.postProcessTestInstance(SpringExtension.java:160) ~[spring-test-6.2.5.jar:6.2.5]
	at org.junit.jupiter.engine.descriptor.ClassBasedTestDescriptor.lambda$invokeTestInstancePostProcessors$11(ClassBasedTestDescriptor.java:378) ~[junit-jupiter-engine-5.11.4.jar:5.11.4]
	at org.junit.jupiter.engine.descriptor.ClassBasedTestDescriptor.executeAndMaskThrowable(ClassBasedTestDescriptor.java:383) ~[junit-jupiter-engine-5.11.4.jar:5.11.4]
	at org.junit.jupiter.engine.descriptor.ClassBasedTestDescriptor.lambda$invokeTestInstancePostProcessors$12(ClassBasedTestDescriptor.java:378) ~[junit-jupiter-engine-5.11.4.jar:5.11.4]
	at java.base/java.util.stream.ForEachOps$ForEachOp$OfRef.accept(ForEachOps.java:184) ~[na:na]
	at java.base/java.util.stream.ReferencePipeline$3$1.accept(ReferencePipeline.java:197) ~[na:na]
	at java.base/java.util.stream.ReferencePipeline$2$1.accept(ReferencePipeline.java:179) ~[na:na]
	at java.base/java.util.stream.ReferencePipeline$3$1.accept(ReferencePipeline.java:197) ~[na:na]
	at java.base/java.util.ArrayList$ArrayListSpliterator.forEachRemaining(ArrayList.java:1708) ~[na:na]
	at java.base/java.util.stream.AbstractPipeline.copyInto(AbstractPipeline.java:509) ~[na:na]
	at java.base/java.util.stream.AbstractPipeline.wrapAndCopyInto(AbstractPipeline.java:499) ~[na:na]
	at java.base/java.util.stream.ForEachOps$ForEachOp.evaluateSequential(ForEachOps.java:151) ~[na:na]
	at java.base/java.util.stream.ForEachOps$ForEachOp$OfRef.evaluateSequential(ForEachOps.java:174) ~[na:na]
	at java.base/java.util.stream.AbstractPipeline.evaluate(AbstractPipeline.java:234) ~[na:na]
	at java.base/java.util.stream.ReferencePipeline.forEach(ReferencePipeline.java:596) ~[na:na]
	at org.junit.jupiter.engine.descriptor.ClassBasedTestDescriptor.invokeTestInstancePostProcessors(ClassBasedTestDescriptor.java:377) ~[junit-jupiter-engine-5.11.4.jar:5.11.4]
	at org.junit.jupiter.engine.descriptor.ClassBasedTestDescriptor.lambda$instantiateAndPostProcessTestInstance$7(ClassBasedTestDescriptor.java:290) ~[junit-jupiter-engine-5.11.4.jar:5.11.4]
	at org.junit.platform.engine.support.hierarchical.ThrowableCollector.execute(ThrowableCollector.java:73) ~[junit-platform-engine-1.11.4.jar:1.11.4]
	at org.junit.jupiter.engine.descriptor.ClassBasedTestDescriptor.instantiateAndPostProcessTestInstance(ClassBasedTestDescriptor.java:289) ~[junit-jupiter-engine-5.11.4.jar:5.11.4]
	at org.junit.jupiter.engine.descriptor.ClassBasedTestDescriptor.lambda$testInstancesProvider$5(ClassBasedTestDescriptor.java:279) ~[junit-jupiter-engine-5.11.4.jar:5.11.4]
	at java.base/java.util.Optional.orElseGet(Optional.java:364) ~[na:na]
	at org.junit.jupiter.engine.descriptor.ClassBasedTestDescriptor.lambda$testInstancesProvider$6(ClassBasedTestDescriptor.java:278) ~[junit-jupiter-engine-5.11.4.jar:5.11.4]
	at org.junit.jupiter.engine.execution.TestInstancesProvider.getTestInstances(TestInstancesProvider.java:31) ~[junit-jupiter-engine-5.11.4.jar:5.11.4]
	at org.junit.jupiter.engine.descriptor.TestMethodTestDescriptor.lambda$prepare$1(TestMethodTestDescriptor.java:105) ~[junit-jupiter-engine-5.11.4.jar:5.11.4]
	at org.junit.platform.engine.support.hierarchical.ThrowableCollector.execute(ThrowableCollector.java:73) ~[junit-platform-engine-1.11.4.jar:1.11.4]
	at org.junit.jupiter.engine.descriptor.TestMethodTestDescriptor.prepare(TestMethodTestDescriptor.java:104) ~[junit-jupiter-engine-5.11.4.jar:5.11.4]
	at org.junit.jupiter.engine.descriptor.TestMethodTestDescriptor.prepare(TestMethodTestDescriptor.java:68) ~[junit-jupiter-engine-5.11.4.jar:5.11.4]
	at org.junit.platform.engine.support.hierarchical.NodeTestTask.lambda$prepare$2(NodeTestTask.java:128) ~[junit-platform-engine-1.11.4.jar:1.11.4]
	at org.junit.platform.engine.support.hierarchical.ThrowableCollector.execute(ThrowableCollector.java:73) ~[junit-platform-engine-1.11.4.jar:1.11.4]
	at org.junit.platform.engine.support.hierarchical.NodeTestTask.prepare(NodeTestTask.java:128) ~[junit-platform-engine-1.11.4.jar:1.11.4]
	at org.junit.platform.engine.support.hierarchical.NodeTestTask.execute(NodeTestTask.java:95) ~[junit-platform-engine-1.11.4.jar:1.11.4]
	at java.base/java.util.ArrayList.forEach(ArrayList.java:1596) ~[na:na]
	at org.junit.platform.engine.support.hierarchical.SameThreadHierarchicalTestExecutorService.invokeAll(SameThreadHierarchicalTestExecutorService.java:41) ~[junit-platform-engine-1.11.4.jar:1.11.4]
	at org.junit.platform.engine.support.hierarchical.NodeTestTask.lambda$executeRecursively$6(NodeTestTask.java:160) ~[junit-platform-engine-1.11.4.jar:1.11.4]
	at org.junit.platform.engine.support.hierarchical.ThrowableCollector.execute(ThrowableCollector.java:73) ~[junit-platform-engine-1.11.4.jar:1.11.4]
	at org.junit.platform.engine.support.hierarchical.NodeTestTask.lambda$executeRecursively$8(NodeTestTask.java:146) ~[junit-platform-engine-1.11.4.jar:1.11.4]
	at org.junit.platform.engine.support.hierarchical.Node.around(Node.java:137) ~[junit-platform-engine-1.11.4.jar:1.11.4]
	at org.junit.platform.engine.support.hierarchical.NodeTestTask.lambda$executeRecursively$9(NodeTestTask.java:144) ~[junit-platform-engine-1.11.4.jar:1.11.4]
	at org.junit.platform.engine.support.hierarchical.ThrowableCollector.execute(ThrowableCollector.java:73) ~[junit-platform-engine-1.11.4.jar:1.11.4]
	at org.junit.platform.engine.support.hierarchical.NodeTestTask.executeRecursively(NodeTestTask.java:143) ~[junit-platform-engine-1.11.4.jar:1.11.4]
	at org.junit.platform.engine.support.hierarchical.NodeTestTask.execute(NodeTestTask.java:100) ~[junit-platform-engine-1.11.4.jar:1.11.4]
	at java.base/java.util.ArrayList.forEach(ArrayList.java:1596) ~[na:na]
	at org.junit.platform.engine.support.hierarchical.SameThreadHierarchicalTestExecutorService.invokeAll(SameThreadHierarchicalTestExecutorService.java:41) ~[junit-platform-engine-1.11.4.jar:1.11.4]
	at org.junit.platform.engine.support.hierarchical.NodeTestTask.lambda$executeRecursively$6(NodeTestTask.java:160) ~[junit-platform-engine-1.11.4.jar:1.11.4]
	at org.junit.platform.engine.support.hierarchical.ThrowableCollector.execute(ThrowableCollector.java:73) ~[junit-platform-engine-1.11.4.jar:1.11.4]
	at org.junit.platform.engine.support.hierarchical.NodeTestTask.lambda$executeRecursively$8(NodeTestTask.java:146) ~[junit-platform-engine-1.11.4.jar:1.11.4]
	at org.junit.platform.engine.support.hierarchical.Node.around(Node.java:137) ~[junit-platform-engine-1.11.4.jar:1.11.4]
	at org.junit.platform.engine.support.hierarchical.NodeTestTask.lambda$executeRecursively$9(NodeTestTask.java:144) ~[junit-platform-engine-1.11.4.jar:1.11.4]
	at org.junit.platform.engine.support.hierarchical.ThrowableCollector.execute(ThrowableCollector.java:73) ~[junit-platform-engine-1.11.4.jar:1.11.4]
	at org.junit.platform.engine.support.hierarchical.NodeTestTask.executeRecursively(NodeTestTask.java:143) ~[junit-platform-engine-1.11.4.jar:1.11.4]
	at org.junit.platform.engine.support.hierarchical.NodeTestTask.execute(NodeTestTask.java:100) ~[junit-platform-engine-1.11.4.jar:1.11.4]
	at org.junit.platform.engine.support.hierarchical.SameThreadHierarchicalTestExecutorService.submit(SameThreadHierarchicalTestExecutorService.java:35) ~[junit-platform-engine-1.11.4.jar:1.11.4]
	at org.junit.platform.engine.support.hierarchical.HierarchicalTestExecutor.execute(HierarchicalTestExecutor.java:57) ~[junit-platform-engine-1.11.4.jar:1.11.4]
	at org.junit.platform.engine.support.hierarchical.HierarchicalTestEngine.execute(HierarchicalTestEngine.java:54) ~[junit-platform-engine-1.11.4.jar:1.11.4]
	at org.junit.platform.launcher.core.EngineExecutionOrchestrator.execute(EngineExecutionOrchestrator.java:198) ~[junit-platform-launcher-1.11.4.jar:1.11.4]
	at org.junit.platform.launcher.core.EngineExecutionOrchestrator.execute(EngineExecutionOrchestrator.java:169) ~[junit-platform-launcher-1.11.4.jar:1.11.4]
	at org.junit.platform.launcher.core.EngineExecutionOrchestrator.execute(EngineExecutionOrchestrator.java:93) ~[junit-platform-launcher-1.11.4.jar:1.11.4]
	at org.junit.platform.launcher.core.EngineExecutionOrchestrator.lambda$execute$0(EngineExecutionOrchestrator.java:58) ~[junit-platform-launcher-1.11.4.jar:1.11.4]
	at org.junit.platform.launcher.core.EngineExecutionOrchestrator.withInterceptedStreams(EngineExecutionOrchestrator.java:141) ~[junit-platform-launcher-1.11.4.jar:1.11.4]
	at org.junit.platform.launcher.core.EngineExecutionOrchestrator.execute(EngineExecutionOrchestrator.java:57) ~[junit-platform-launcher-1.11.4.jar:1.11.4]
	at org.junit.platform.launcher.core.DefaultLauncher.execute(DefaultLauncher.java:103) ~[junit-platform-launcher-1.11.4.jar:1.11.4]
	at org.junit.platform.launcher.core.DefaultLauncher.execute(DefaultLauncher.java:85) ~[junit-platform-launcher-1.11.4.jar:1.11.4]
	at org.junit.platform.launcher.core.DelegatingLauncher.execute(DelegatingLauncher.java:47) ~[junit-platform-launcher-1.11.4.jar:1.11.4]
	at org.apache.maven.surefire.junitplatform.LazyLauncher.execute(LazyLauncher.java:56) ~[surefire-junit-platform-3.5.2.jar:3.5.2]
	at org.apache.maven.surefire.junitplatform.JUnitPlatformProvider.execute(JUnitPlatformProvider.java:184) ~[surefire-junit-platform-3.5.2.jar:3.5.2]
	at org.apache.maven.surefire.junitplatform.JUnitPlatformProvider.invokeAllTests(JUnitPlatformProvider.java:148) ~[surefire-junit-platform-3.5.2.jar:3.5.2]
	at org.apache.maven.surefire.junitplatform.JUnitPlatformProvider.invoke(JUnitPlatformProvider.java:122) ~[surefire-junit-platform-3.5.2.jar:3.5.2]
	at org.apache.maven.surefire.booter.ForkedBooter.runSuitesInProcess(ForkedBooter.java:385) ~[surefire-booter-3.5.2.jar:3.5.2]
	at org.apache.maven.surefire.booter.ForkedBooter.execute(ForkedBooter.java:162) ~[surefire-booter-3.5.2.jar:3.5.2]
	at org.apache.maven.surefire.booter.ForkedBooter.run(ForkedBooter.java:507) ~[surefire-booter-3.5.2.jar:3.5.2]
	at org.apache.maven.surefire.booter.ForkedBooter.main(ForkedBooter.java:495) ~[surefire-booter-3.5.2.jar:3.5.2]

2025-03-29T19:22:35.078-03:00 DEBUG 90214 --- [backend] [           main] org.hibernate.orm.sql.ast.tree           : SQL AST Tree:
    SelectStatement {
      FromClause {
        StandardTableGroup (m1 : com.duoc.backend.Medication.Medication) {
          primaryTableReference : medication as m1_0
        }
      }
    }

2025-03-29T19:22:35.078-03:00 DEBUG 90214 --- [backend] [           main] o.h.p.entity.AbstractEntityPersister     : Static SQL for entity: com.duoc.backend.Medication.Medication
2025-03-29T19:22:35.078-03:00 DEBUG 90214 --- [backend] [           main] o.h.p.entity.AbstractEntityPersister     :  Version select: select id from medication where id=?
2025-03-29T19:22:35.078-03:00 DEBUG 90214 --- [backend] [           main] o.h.p.entity.AbstractEntityPersister     :  Insert (0): insert into medication (cost,name,id) values (?,?,?)
2025-03-29T19:22:35.078-03:00 DEBUG 90214 --- [backend] [           main] o.h.p.entity.AbstractEntityPersister     :  Update (0): update medication set cost=?,name=? where id=?
2025-03-29T19:22:35.078-03:00 DEBUG 90214 --- [backend] [           main] o.h.p.entity.AbstractEntityPersister     :  Delete (0): delete from medication where id=?
2025-03-29T19:22:35.078-03:00 DEBUG 90214 --- [backend] [           main] org.hibernate.orm.sql.ast.create         : Created new SQL alias : c1_0
2025-03-29T19:22:35.078-03:00 DEBUG 90214 --- [backend] [           main] org.hibernate.orm.sql.ast.create         : Registration of TableGroup [StandardTableGroup(com.duoc.backend.Care.Care)] with identifierForTableGroup [com.duoc.backend.Care.Care] for NavigablePath [com.duoc.backend.Care.Care] 
2025-03-29T19:22:35.078-03:00 TRACE 90214 --- [backend] [           main] o.h.l.ast.internal.LoaderSelectBuilder   : Starting visitation of FetchParent's Fetchables : com.duoc.backend.Care.Care
2025-03-29T19:22:35.078-03:00 DEBUG 90214 --- [backend] [           main] org.hibernate.orm.results.graph.AST      : DomainResult Graph:
 \-EntityResultImpl [com.duoc.backend.Care.Care]
 |  +-BasicFetch [com.duoc.backend.Care.Care.cost]
 |  \-BasicFetch [com.duoc.backend.Care.Care.name]

2025-03-29T19:22:35.078-03:00 TRACE 90214 --- [backend] [           main] org.hibernate.orm.results.graph.AST      : Stack trace calling DomainResultGraphPrinter

java.lang.Exception: null
	at org.hibernate.sql.results.graph.DomainResultGraphPrinter.visitDomainResults(DomainResultGraphPrinter.java:70) ~[hibernate-core-6.6.11.Final.jar:6.6.11.Final]
	at org.hibernate.sql.results.graph.DomainResultGraphPrinter.logDomainResultGraph(DomainResultGraphPrinter.java:46) ~[hibernate-core-6.6.11.Final.jar:6.6.11.Final]
	at org.hibernate.sql.results.graph.DomainResultGraphPrinter.logDomainResultGraph(DomainResultGraphPrinter.java:37) ~[hibernate-core-6.6.11.Final.jar:6.6.11.Final]
	at org.hibernate.sql.ast.spi.AbstractSqlAstTranslator.translateSelect(AbstractSqlAstTranslator.java:877) ~[hibernate-core-6.6.11.Final.jar:6.6.11.Final]
	at org.hibernate.sql.ast.spi.AbstractSqlAstTranslator.translate(AbstractSqlAstTranslator.java:815) ~[hibernate-core-6.6.11.Final.jar:6.6.11.Final]
	at org.hibernate.loader.ast.internal.SingleIdLoadPlan.<init>(SingleIdLoadPlan.java:66) ~[hibernate-core-6.6.11.Final.jar:6.6.11.Final]
	at org.hibernate.loader.ast.internal.SingleIdEntityLoaderStandardImpl.createLoadPlan(SingleIdEntityLoaderStandardImpl.java:198) ~[hibernate-core-6.6.11.Final.jar:6.6.11.Final]
	at org.hibernate.loader.ast.internal.SingleIdEntityLoaderStandardImpl.lambda$new$0(SingleIdEntityLoaderStandardImpl.java:41) ~[hibernate-core-6.6.11.Final.jar:6.6.11.Final]
	at org.hibernate.loader.ast.internal.SingleIdEntityLoaderStandardImpl.<init>(SingleIdEntityLoaderStandardImpl.java:61) ~[hibernate-core-6.6.11.Final.jar:6.6.11.Final]
	at org.hibernate.loader.ast.internal.SingleIdEntityLoaderStandardImpl.<init>(SingleIdEntityLoaderStandardImpl.java:38) ~[hibernate-core-6.6.11.Final.jar:6.6.11.Final]
	at org.hibernate.persister.entity.AbstractEntityPersister.buildSingleIdEntityLoader(AbstractEntityPersister.java:913) ~[hibernate-core-6.6.11.Final.jar:6.6.11.Final]
	at org.hibernate.persister.entity.AbstractEntityPersister.buildSingleIdEntityLoader(AbstractEntityPersister.java:902) ~[hibernate-core-6.6.11.Final.jar:6.6.11.Final]
	at org.hibernate.persister.entity.AbstractEntityPersister.prepareLoaders(AbstractEntityPersister.java:3531) ~[hibernate-core-6.6.11.Final.jar:6.6.11.Final]
	at org.hibernate.metamodel.model.domain.internal.MappingMetamodelImpl.finishInitialization(MappingMetamodelImpl.java:208) ~[hibernate-core-6.6.11.Final.jar:6.6.11.Final]
	at org.hibernate.internal.SessionFactoryImpl.initializeMappingModel(SessionFactoryImpl.java:373) ~[hibernate-core-6.6.11.Final.jar:6.6.11.Final]
	at org.hibernate.internal.SessionFactoryImpl.<init>(SessionFactoryImpl.java:302) ~[hibernate-core-6.6.11.Final.jar:6.6.11.Final]
	at org.hibernate.boot.internal.SessionFactoryBuilderImpl.build(SessionFactoryBuilderImpl.java:463) ~[hibernate-core-6.6.11.Final.jar:6.6.11.Final]
	at org.hibernate.jpa.boot.internal.EntityManagerFactoryBuilderImpl.build(EntityManagerFactoryBuilderImpl.java:1517) ~[hibernate-core-6.6.11.Final.jar:6.6.11.Final]
	at org.springframework.orm.jpa.vendor.SpringHibernateJpaPersistenceProvider.createContainerEntityManagerFactory(SpringHibernateJpaPersistenceProvider.java:66) ~[spring-orm-6.2.5.jar:6.2.5]
	at org.springframework.orm.jpa.LocalContainerEntityManagerFactoryBean.createNativeEntityManagerFactory(LocalContainerEntityManagerFactoryBean.java:390) ~[spring-orm-6.2.5.jar:6.2.5]
	at org.springframework.orm.jpa.AbstractEntityManagerFactoryBean.buildNativeEntityManagerFactory(AbstractEntityManagerFactoryBean.java:419) ~[spring-orm-6.2.5.jar:6.2.5]
	at org.springframework.orm.jpa.AbstractEntityManagerFactoryBean.afterPropertiesSet(AbstractEntityManagerFactoryBean.java:400) ~[spring-orm-6.2.5.jar:6.2.5]
	at org.springframework.orm.jpa.LocalContainerEntityManagerFactoryBean.afterPropertiesSet(LocalContainerEntityManagerFactoryBean.java:366) ~[spring-orm-6.2.5.jar:6.2.5]
	at org.springframework.beans.factory.support.AbstractAutowireCapableBeanFactory.invokeInitMethods(AbstractAutowireCapableBeanFactory.java:1859) ~[spring-beans-6.2.5.jar:6.2.5]
	at org.springframework.beans.factory.support.AbstractAutowireCapableBeanFactory.initializeBean(AbstractAutowireCapableBeanFactory.java:1808) ~[spring-beans-6.2.5.jar:6.2.5]
	at org.springframework.beans.factory.support.AbstractAutowireCapableBeanFactory.doCreateBean(AbstractAutowireCapableBeanFactory.java:601) ~[spring-beans-6.2.5.jar:6.2.5]
	at org.springframework.beans.factory.support.AbstractAutowireCapableBeanFactory.createBean(AbstractAutowireCapableBeanFactory.java:523) ~[spring-beans-6.2.5.jar:6.2.5]
	at org.springframework.beans.factory.support.AbstractBeanFactory.lambda$doGetBean$0(AbstractBeanFactory.java:339) ~[spring-beans-6.2.5.jar:6.2.5]
	at org.springframework.beans.factory.support.DefaultSingletonBeanRegistry.getSingleton(DefaultSingletonBeanRegistry.java:347) ~[spring-beans-6.2.5.jar:6.2.5]
	at org.springframework.beans.factory.support.AbstractBeanFactory.doGetBean(AbstractBeanFactory.java:337) ~[spring-beans-6.2.5.jar:6.2.5]
	at org.springframework.beans.factory.support.AbstractBeanFactory.getBean(AbstractBeanFactory.java:207) ~[spring-beans-6.2.5.jar:6.2.5]
	at org.springframework.context.support.AbstractApplicationContext.finishBeanFactoryInitialization(AbstractApplicationContext.java:970) ~[spring-context-6.2.5.jar:6.2.5]
	at org.springframework.context.support.AbstractApplicationContext.refresh(AbstractApplicationContext.java:627) ~[spring-context-6.2.5.jar:6.2.5]
	at org.springframework.boot.SpringApplication.refresh(SpringApplication.java:752) ~[spring-boot-3.4.4.jar:3.4.4]
	at org.springframework.boot.SpringApplication.refreshContext(SpringApplication.java:439) ~[spring-boot-3.4.4.jar:3.4.4]
	at org.springframework.boot.SpringApplication.run(SpringApplication.java:318) ~[spring-boot-3.4.4.jar:3.4.4]
	at org.springframework.boot.test.context.SpringBootContextLoader.lambda$loadContext$3(SpringBootContextLoader.java:144) ~[spring-boot-test-3.4.4.jar:3.4.4]
	at org.springframework.util.function.ThrowingSupplier.get(ThrowingSupplier.java:58) ~[spring-core-6.2.5.jar:6.2.5]
	at org.springframework.util.function.ThrowingSupplier.get(ThrowingSupplier.java:46) ~[spring-core-6.2.5.jar:6.2.5]
	at org.springframework.boot.SpringApplication.withHook(SpringApplication.java:1461) ~[spring-boot-3.4.4.jar:3.4.4]
	at org.springframework.boot.test.context.SpringBootContextLoader$ContextLoaderHook.run(SpringBootContextLoader.java:563) ~[spring-boot-test-3.4.4.jar:3.4.4]
	at org.springframework.boot.test.context.SpringBootContextLoader.loadContext(SpringBootContextLoader.java:144) ~[spring-boot-test-3.4.4.jar:3.4.4]
	at org.springframework.boot.test.context.SpringBootContextLoader.loadContext(SpringBootContextLoader.java:110) ~[spring-boot-test-3.4.4.jar:3.4.4]
	at org.springframework.test.context.cache.DefaultCacheAwareContextLoaderDelegate.loadContextInternal(DefaultCacheAwareContextLoaderDelegate.java:225) ~[spring-test-6.2.5.jar:6.2.5]
	at org.springframework.test.context.cache.DefaultCacheAwareContextLoaderDelegate.loadContext(DefaultCacheAwareContextLoaderDelegate.java:152) ~[spring-test-6.2.5.jar:6.2.5]
	at org.springframework.test.context.support.DefaultTestContext.getApplicationContext(DefaultTestContext.java:130) ~[spring-test-6.2.5.jar:6.2.5]
	at org.springframework.test.context.web.ServletTestExecutionListener.setUpRequestContextIfNecessary(ServletTestExecutionListener.java:200) ~[spring-test-6.2.5.jar:6.2.5]
	at org.springframework.test.context.web.ServletTestExecutionListener.prepareTestInstance(ServletTestExecutionListener.java:139) ~[spring-test-6.2.5.jar:6.2.5]
	at org.springframework.test.context.TestContextManager.prepareTestInstance(TestContextManager.java:260) ~[spring-test-6.2.5.jar:6.2.5]
	at org.springframework.test.context.junit.jupiter.SpringExtension.postProcessTestInstance(SpringExtension.java:160) ~[spring-test-6.2.5.jar:6.2.5]
	at org.junit.jupiter.engine.descriptor.ClassBasedTestDescriptor.lambda$invokeTestInstancePostProcessors$11(ClassBasedTestDescriptor.java:378) ~[junit-jupiter-engine-5.11.4.jar:5.11.4]
	at org.junit.jupiter.engine.descriptor.ClassBasedTestDescriptor.executeAndMaskThrowable(ClassBasedTestDescriptor.java:383) ~[junit-jupiter-engine-5.11.4.jar:5.11.4]
	at org.junit.jupiter.engine.descriptor.ClassBasedTestDescriptor.lambda$invokeTestInstancePostProcessors$12(ClassBasedTestDescriptor.java:378) ~[junit-jupiter-engine-5.11.4.jar:5.11.4]
	at java.base/java.util.stream.ForEachOps$ForEachOp$OfRef.accept(ForEachOps.java:184) ~[na:na]
	at java.base/java.util.stream.ReferencePipeline$3$1.accept(ReferencePipeline.java:197) ~[na:na]
	at java.base/java.util.stream.ReferencePipeline$2$1.accept(ReferencePipeline.java:179) ~[na:na]
	at java.base/java.util.stream.ReferencePipeline$3$1.accept(ReferencePipeline.java:197) ~[na:na]
	at java.base/java.util.ArrayList$ArrayListSpliterator.forEachRemaining(ArrayList.java:1708) ~[na:na]
	at java.base/java.util.stream.AbstractPipeline.copyInto(AbstractPipeline.java:509) ~[na:na]
	at java.base/java.util.stream.AbstractPipeline.wrapAndCopyInto(AbstractPipeline.java:499) ~[na:na]
	at java.base/java.util.stream.ForEachOps$ForEachOp.evaluateSequential(ForEachOps.java:151) ~[na:na]
	at java.base/java.util.stream.ForEachOps$ForEachOp$OfRef.evaluateSequential(ForEachOps.java:174) ~[na:na]
	at java.base/java.util.stream.AbstractPipeline.evaluate(AbstractPipeline.java:234) ~[na:na]
	at java.base/java.util.stream.ReferencePipeline.forEach(ReferencePipeline.java:596) ~[na:na]
	at org.junit.jupiter.engine.descriptor.ClassBasedTestDescriptor.invokeTestInstancePostProcessors(ClassBasedTestDescriptor.java:377) ~[junit-jupiter-engine-5.11.4.jar:5.11.4]
	at org.junit.jupiter.engine.descriptor.ClassBasedTestDescriptor.lambda$instantiateAndPostProcessTestInstance$7(ClassBasedTestDescriptor.java:290) ~[junit-jupiter-engine-5.11.4.jar:5.11.4]
	at org.junit.platform.engine.support.hierarchical.ThrowableCollector.execute(ThrowableCollector.java:73) ~[junit-platform-engine-1.11.4.jar:1.11.4]
	at org.junit.jupiter.engine.descriptor.ClassBasedTestDescriptor.instantiateAndPostProcessTestInstance(ClassBasedTestDescriptor.java:289) ~[junit-jupiter-engine-5.11.4.jar:5.11.4]
	at org.junit.jupiter.engine.descriptor.ClassBasedTestDescriptor.lambda$testInstancesProvider$5(ClassBasedTestDescriptor.java:279) ~[junit-jupiter-engine-5.11.4.jar:5.11.4]
	at java.base/java.util.Optional.orElseGet(Optional.java:364) ~[na:na]
	at org.junit.jupiter.engine.descriptor.ClassBasedTestDescriptor.lambda$testInstancesProvider$6(ClassBasedTestDescriptor.java:278) ~[junit-jupiter-engine-5.11.4.jar:5.11.4]
	at org.junit.jupiter.engine.execution.TestInstancesProvider.getTestInstances(TestInstancesProvider.java:31) ~[junit-jupiter-engine-5.11.4.jar:5.11.4]
	at org.junit.jupiter.engine.descriptor.TestMethodTestDescriptor.lambda$prepare$1(TestMethodTestDescriptor.java:105) ~[junit-jupiter-engine-5.11.4.jar:5.11.4]
	at org.junit.platform.engine.support.hierarchical.ThrowableCollector.execute(ThrowableCollector.java:73) ~[junit-platform-engine-1.11.4.jar:1.11.4]
	at org.junit.jupiter.engine.descriptor.TestMethodTestDescriptor.prepare(TestMethodTestDescriptor.java:104) ~[junit-jupiter-engine-5.11.4.jar:5.11.4]
	at org.junit.jupiter.engine.descriptor.TestMethodTestDescriptor.prepare(TestMethodTestDescriptor.java:68) ~[junit-jupiter-engine-5.11.4.jar:5.11.4]
	at org.junit.platform.engine.support.hierarchical.NodeTestTask.lambda$prepare$2(NodeTestTask.java:128) ~[junit-platform-engine-1.11.4.jar:1.11.4]
	at org.junit.platform.engine.support.hierarchical.ThrowableCollector.execute(ThrowableCollector.java:73) ~[junit-platform-engine-1.11.4.jar:1.11.4]
	at org.junit.platform.engine.support.hierarchical.NodeTestTask.prepare(NodeTestTask.java:128) ~[junit-platform-engine-1.11.4.jar:1.11.4]
	at org.junit.platform.engine.support.hierarchical.NodeTestTask.execute(NodeTestTask.java:95) ~[junit-platform-engine-1.11.4.jar:1.11.4]
	at java.base/java.util.ArrayList.forEach(ArrayList.java:1596) ~[na:na]
	at org.junit.platform.engine.support.hierarchical.SameThreadHierarchicalTestExecutorService.invokeAll(SameThreadHierarchicalTestExecutorService.java:41) ~[junit-platform-engine-1.11.4.jar:1.11.4]
	at org.junit.platform.engine.support.hierarchical.NodeTestTask.lambda$executeRecursively$6(NodeTestTask.java:160) ~[junit-platform-engine-1.11.4.jar:1.11.4]
	at org.junit.platform.engine.support.hierarchical.ThrowableCollector.execute(ThrowableCollector.java:73) ~[junit-platform-engine-1.11.4.jar:1.11.4]
	at org.junit.platform.engine.support.hierarchical.NodeTestTask.lambda$executeRecursively$8(NodeTestTask.java:146) ~[junit-platform-engine-1.11.4.jar:1.11.4]
	at org.junit.platform.engine.support.hierarchical.Node.around(Node.java:137) ~[junit-platform-engine-1.11.4.jar:1.11.4]
	at org.junit.platform.engine.support.hierarchical.NodeTestTask.lambda$executeRecursively$9(NodeTestTask.java:144) ~[junit-platform-engine-1.11.4.jar:1.11.4]
	at org.junit.platform.engine.support.hierarchical.ThrowableCollector.execute(ThrowableCollector.java:73) ~[junit-platform-engine-1.11.4.jar:1.11.4]
	at org.junit.platform.engine.support.hierarchical.NodeTestTask.executeRecursively(NodeTestTask.java:143) ~[junit-platform-engine-1.11.4.jar:1.11.4]
	at org.junit.platform.engine.support.hierarchical.NodeTestTask.execute(NodeTestTask.java:100) ~[junit-platform-engine-1.11.4.jar:1.11.4]
	at java.base/java.util.ArrayList.forEach(ArrayList.java:1596) ~[na:na]
	at org.junit.platform.engine.support.hierarchical.SameThreadHierarchicalTestExecutorService.invokeAll(SameThreadHierarchicalTestExecutorService.java:41) ~[junit-platform-engine-1.11.4.jar:1.11.4]
	at org.junit.platform.engine.support.hierarchical.NodeTestTask.lambda$executeRecursively$6(NodeTestTask.java:160) ~[junit-platform-engine-1.11.4.jar:1.11.4]
	at org.junit.platform.engine.support.hierarchical.ThrowableCollector.execute(ThrowableCollector.java:73) ~[junit-platform-engine-1.11.4.jar:1.11.4]
	at org.junit.platform.engine.support.hierarchical.NodeTestTask.lambda$executeRecursively$8(NodeTestTask.java:146) ~[junit-platform-engine-1.11.4.jar:1.11.4]
	at org.junit.platform.engine.support.hierarchical.Node.around(Node.java:137) ~[junit-platform-engine-1.11.4.jar:1.11.4]
	at org.junit.platform.engine.support.hierarchical.NodeTestTask.lambda$executeRecursively$9(NodeTestTask.java:144) ~[junit-platform-engine-1.11.4.jar:1.11.4]
	at org.junit.platform.engine.support.hierarchical.ThrowableCollector.execute(ThrowableCollector.java:73) ~[junit-platform-engine-1.11.4.jar:1.11.4]
	at org.junit.platform.engine.support.hierarchical.NodeTestTask.executeRecursively(NodeTestTask.java:143) ~[junit-platform-engine-1.11.4.jar:1.11.4]
	at org.junit.platform.engine.support.hierarchical.NodeTestTask.execute(NodeTestTask.java:100) ~[junit-platform-engine-1.11.4.jar:1.11.4]
	at org.junit.platform.engine.support.hierarchical.SameThreadHierarchicalTestExecutorService.submit(SameThreadHierarchicalTestExecutorService.java:35) ~[junit-platform-engine-1.11.4.jar:1.11.4]
	at org.junit.platform.engine.support.hierarchical.HierarchicalTestExecutor.execute(HierarchicalTestExecutor.java:57) ~[junit-platform-engine-1.11.4.jar:1.11.4]
	at org.junit.platform.engine.support.hierarchical.HierarchicalTestEngine.execute(HierarchicalTestEngine.java:54) ~[junit-platform-engine-1.11.4.jar:1.11.4]
	at org.junit.platform.launcher.core.EngineExecutionOrchestrator.execute(EngineExecutionOrchestrator.java:198) ~[junit-platform-launcher-1.11.4.jar:1.11.4]
	at org.junit.platform.launcher.core.EngineExecutionOrchestrator.execute(EngineExecutionOrchestrator.java:169) ~[junit-platform-launcher-1.11.4.jar:1.11.4]
	at org.junit.platform.launcher.core.EngineExecutionOrchestrator.execute(EngineExecutionOrchestrator.java:93) ~[junit-platform-launcher-1.11.4.jar:1.11.4]
	at org.junit.platform.launcher.core.EngineExecutionOrchestrator.lambda$execute$0(EngineExecutionOrchestrator.java:58) ~[junit-platform-launcher-1.11.4.jar:1.11.4]
	at org.junit.platform.launcher.core.EngineExecutionOrchestrator.withInterceptedStreams(EngineExecutionOrchestrator.java:141) ~[junit-platform-launcher-1.11.4.jar:1.11.4]
	at org.junit.platform.launcher.core.EngineExecutionOrchestrator.execute(EngineExecutionOrchestrator.java:57) ~[junit-platform-launcher-1.11.4.jar:1.11.4]
	at org.junit.platform.launcher.core.DefaultLauncher.execute(DefaultLauncher.java:103) ~[junit-platform-launcher-1.11.4.jar:1.11.4]
	at org.junit.platform.launcher.core.DefaultLauncher.execute(DefaultLauncher.java:85) ~[junit-platform-launcher-1.11.4.jar:1.11.4]
	at org.junit.platform.launcher.core.DelegatingLauncher.execute(DelegatingLauncher.java:47) ~[junit-platform-launcher-1.11.4.jar:1.11.4]
	at org.apache.maven.surefire.junitplatform.LazyLauncher.execute(LazyLauncher.java:56) ~[surefire-junit-platform-3.5.2.jar:3.5.2]
	at org.apache.maven.surefire.junitplatform.JUnitPlatformProvider.execute(JUnitPlatformProvider.java:184) ~[surefire-junit-platform-3.5.2.jar:3.5.2]
	at org.apache.maven.surefire.junitplatform.JUnitPlatformProvider.invokeAllTests(JUnitPlatformProvider.java:148) ~[surefire-junit-platform-3.5.2.jar:3.5.2]
	at org.apache.maven.surefire.junitplatform.JUnitPlatformProvider.invoke(JUnitPlatformProvider.java:122) ~[surefire-junit-platform-3.5.2.jar:3.5.2]
	at org.apache.maven.surefire.booter.ForkedBooter.runSuitesInProcess(ForkedBooter.java:385) ~[surefire-booter-3.5.2.jar:3.5.2]
	at org.apache.maven.surefire.booter.ForkedBooter.execute(ForkedBooter.java:162) ~[surefire-booter-3.5.2.jar:3.5.2]
	at org.apache.maven.surefire.booter.ForkedBooter.run(ForkedBooter.java:507) ~[surefire-booter-3.5.2.jar:3.5.2]
	at org.apache.maven.surefire.booter.ForkedBooter.main(ForkedBooter.java:495) ~[surefire-booter-3.5.2.jar:3.5.2]

2025-03-29T19:22:35.079-03:00 DEBUG 90214 --- [backend] [           main] org.hibernate.orm.sql.ast.tree           : SQL AST Tree:
    SelectStatement {
      FromClause {
        StandardTableGroup (c1 : com.duoc.backend.Care.Care) {
          primaryTableReference : care as c1_0
        }
      }
    }

2025-03-29T19:22:35.079-03:00 DEBUG 90214 --- [backend] [           main] o.h.p.entity.AbstractEntityPersister     : Static SQL for entity: com.duoc.backend.Care.Care
2025-03-29T19:22:35.079-03:00 DEBUG 90214 --- [backend] [           main] o.h.p.entity.AbstractEntityPersister     :  Version select: select id from care where id=?
2025-03-29T19:22:35.079-03:00 DEBUG 90214 --- [backend] [           main] o.h.p.entity.AbstractEntityPersister     :  Insert (0): insert into care (cost,name,id) values (?,?,?)
2025-03-29T19:22:35.079-03:00 DEBUG 90214 --- [backend] [           main] o.h.p.entity.AbstractEntityPersister     :  Update (0): update care set cost=?,name=? where id=?
2025-03-29T19:22:35.079-03:00 DEBUG 90214 --- [backend] [           main] o.h.p.entity.AbstractEntityPersister     :  Delete (0): delete from care where id=?
2025-03-29T19:22:35.080-03:00 DEBUG 90214 --- [backend] [           main] org.hibernate.orm.sql.ast.create         : Created new SQL alias : m1_0
2025-03-29T19:22:35.081-03:00 DEBUG 90214 --- [backend] [           main] org.hibernate.orm.sql.ast.create         : Registration of TableGroup [CollectionTableGroup(com.duoc.backend.Invoice.Invoice.medications)] with identifierForTableGroup [com.duoc.backend.Invoice.Invoice.medications] for NavigablePath [com.duoc.backend.Invoice.Invoice.medications] 
2025-03-29T19:22:35.081-03:00 DEBUG 90214 --- [backend] [           main] org.hibernate.orm.sql.ast.create         : Registration of TableGroup [org.hibernate.sql.ast.tree.from.LazyTableGroup@70f8d217] with identifierForTableGroup [com.duoc.backend.Invoice.Invoice.medications.{element}] for NavigablePath [com.duoc.backend.Invoice.Invoice.medications.{element}] 
2025-03-29T19:22:35.083-03:00 DEBUG 90214 --- [backend] [           main] org.hibernate.orm.sql.ast.create         : Created new SQL alias : m1_1
2025-03-29T19:22:35.083-03:00 TRACE 90214 --- [backend] [           main] o.h.l.ast.internal.LoaderSelectBuilder   : Starting visitation of FetchParent's Fetchables : com.duoc.backend.Invoice.Invoice.medications.{element}
2025-03-29T19:22:35.083-03:00 DEBUG 90214 --- [backend] [           main] org.hibernate.orm.results.graph.AST      : DomainResult Graph:
 \-CollectionDomainResult [com.duoc.backend.Invoice.Invoice.medications]

2025-03-29T19:22:35.083-03:00 TRACE 90214 --- [backend] [           main] org.hibernate.orm.results.graph.AST      : Stack trace calling DomainResultGraphPrinter

java.lang.Exception: null
	at org.hibernate.sql.results.graph.DomainResultGraphPrinter.visitDomainResults(DomainResultGraphPrinter.java:70) ~[hibernate-core-6.6.11.Final.jar:6.6.11.Final]
	at org.hibernate.sql.results.graph.DomainResultGraphPrinter.logDomainResultGraph(DomainResultGraphPrinter.java:46) ~[hibernate-core-6.6.11.Final.jar:6.6.11.Final]
	at org.hibernate.sql.results.graph.DomainResultGraphPrinter.logDomainResultGraph(DomainResultGraphPrinter.java:37) ~[hibernate-core-6.6.11.Final.jar:6.6.11.Final]
	at org.hibernate.sql.ast.spi.AbstractSqlAstTranslator.translateSelect(AbstractSqlAstTranslator.java:877) ~[hibernate-core-6.6.11.Final.jar:6.6.11.Final]
	at org.hibernate.sql.ast.spi.AbstractSqlAstTranslator.translate(AbstractSqlAstTranslator.java:815) ~[hibernate-core-6.6.11.Final.jar:6.6.11.Final]
	at org.hibernate.loader.ast.internal.CollectionLoaderSingleKey.<init>(CollectionLoaderSingleKey.java:78) ~[hibernate-core-6.6.11.Final.jar:6.6.11.Final]
	at org.hibernate.persister.collection.AbstractCollectionPersister.createSingleKeyCollectionLoader(AbstractCollectionPersister.java:859) ~[hibernate-core-6.6.11.Final.jar:6.6.11.Final]
	at org.hibernate.persister.collection.AbstractCollectionPersister.createCollectionLoader(AbstractCollectionPersister.java:844) ~[hibernate-core-6.6.11.Final.jar:6.6.11.Final]
	at org.hibernate.persister.collection.AbstractCollectionPersister.postInstantiate(AbstractCollectionPersister.java:690) ~[hibernate-core-6.6.11.Final.jar:6.6.11.Final]
	at java.base/java.util.concurrent.ConcurrentHashMap$ValuesView.forEach(ConcurrentHashMap.java:4783) ~[na:na]
	at org.hibernate.metamodel.model.domain.internal.MappingMetamodelImpl.finishInitialization(MappingMetamodelImpl.java:211) ~[hibernate-core-6.6.11.Final.jar:6.6.11.Final]
	at org.hibernate.internal.SessionFactoryImpl.initializeMappingModel(SessionFactoryImpl.java:373) ~[hibernate-core-6.6.11.Final.jar:6.6.11.Final]
	at org.hibernate.internal.SessionFactoryImpl.<init>(SessionFactoryImpl.java:302) ~[hibernate-core-6.6.11.Final.jar:6.6.11.Final]
	at org.hibernate.boot.internal.SessionFactoryBuilderImpl.build(SessionFactoryBuilderImpl.java:463) ~[hibernate-core-6.6.11.Final.jar:6.6.11.Final]
	at org.hibernate.jpa.boot.internal.EntityManagerFactoryBuilderImpl.build(EntityManagerFactoryBuilderImpl.java:1517) ~[hibernate-core-6.6.11.Final.jar:6.6.11.Final]
	at org.springframework.orm.jpa.vendor.SpringHibernateJpaPersistenceProvider.createContainerEntityManagerFactory(SpringHibernateJpaPersistenceProvider.java:66) ~[spring-orm-6.2.5.jar:6.2.5]
	at org.springframework.orm.jpa.LocalContainerEntityManagerFactoryBean.createNativeEntityManagerFactory(LocalContainerEntityManagerFactoryBean.java:390) ~[spring-orm-6.2.5.jar:6.2.5]
	at org.springframework.orm.jpa.AbstractEntityManagerFactoryBean.buildNativeEntityManagerFactory(AbstractEntityManagerFactoryBean.java:419) ~[spring-orm-6.2.5.jar:6.2.5]
	at org.springframework.orm.jpa.AbstractEntityManagerFactoryBean.afterPropertiesSet(AbstractEntityManagerFactoryBean.java:400) ~[spring-orm-6.2.5.jar:6.2.5]
	at org.springframework.orm.jpa.LocalContainerEntityManagerFactoryBean.afterPropertiesSet(LocalContainerEntityManagerFactoryBean.java:366) ~[spring-orm-6.2.5.jar:6.2.5]
	at org.springframework.beans.factory.support.AbstractAutowireCapableBeanFactory.invokeInitMethods(AbstractAutowireCapableBeanFactory.java:1859) ~[spring-beans-6.2.5.jar:6.2.5]
	at org.springframework.beans.factory.support.AbstractAutowireCapableBeanFactory.initializeBean(AbstractAutowireCapableBeanFactory.java:1808) ~[spring-beans-6.2.5.jar:6.2.5]
	at org.springframework.beans.factory.support.AbstractAutowireCapableBeanFactory.doCreateBean(AbstractAutowireCapableBeanFactory.java:601) ~[spring-beans-6.2.5.jar:6.2.5]
	at org.springframework.beans.factory.support.AbstractAutowireCapableBeanFactory.createBean(AbstractAutowireCapableBeanFactory.java:523) ~[spring-beans-6.2.5.jar:6.2.5]
	at org.springframework.beans.factory.support.AbstractBeanFactory.lambda$doGetBean$0(AbstractBeanFactory.java:339) ~[spring-beans-6.2.5.jar:6.2.5]
	at org.springframework.beans.factory.support.DefaultSingletonBeanRegistry.getSingleton(DefaultSingletonBeanRegistry.java:347) ~[spring-beans-6.2.5.jar:6.2.5]
	at org.springframework.beans.factory.support.AbstractBeanFactory.doGetBean(AbstractBeanFactory.java:337) ~[spring-beans-6.2.5.jar:6.2.5]
	at org.springframework.beans.factory.support.AbstractBeanFactory.getBean(AbstractBeanFactory.java:207) ~[spring-beans-6.2.5.jar:6.2.5]
	at org.springframework.context.support.AbstractApplicationContext.finishBeanFactoryInitialization(AbstractApplicationContext.java:970) ~[spring-context-6.2.5.jar:6.2.5]
	at org.springframework.context.support.AbstractApplicationContext.refresh(AbstractApplicationContext.java:627) ~[spring-context-6.2.5.jar:6.2.5]
	at org.springframework.boot.SpringApplication.refresh(SpringApplication.java:752) ~[spring-boot-3.4.4.jar:3.4.4]
	at org.springframework.boot.SpringApplication.refreshContext(SpringApplication.java:439) ~[spring-boot-3.4.4.jar:3.4.4]
	at org.springframework.boot.SpringApplication.run(SpringApplication.java:318) ~[spring-boot-3.4.4.jar:3.4.4]
	at org.springframework.boot.test.context.SpringBootContextLoader.lambda$loadContext$3(SpringBootContextLoader.java:144) ~[spring-boot-test-3.4.4.jar:3.4.4]
	at org.springframework.util.function.ThrowingSupplier.get(ThrowingSupplier.java:58) ~[spring-core-6.2.5.jar:6.2.5]
	at org.springframework.util.function.ThrowingSupplier.get(ThrowingSupplier.java:46) ~[spring-core-6.2.5.jar:6.2.5]
	at org.springframework.boot.SpringApplication.withHook(SpringApplication.java:1461) ~[spring-boot-3.4.4.jar:3.4.4]
	at org.springframework.boot.test.context.SpringBootContextLoader$ContextLoaderHook.run(SpringBootContextLoader.java:563) ~[spring-boot-test-3.4.4.jar:3.4.4]
	at org.springframework.boot.test.context.SpringBootContextLoader.loadContext(SpringBootContextLoader.java:144) ~[spring-boot-test-3.4.4.jar:3.4.4]
	at org.springframework.boot.test.context.SpringBootContextLoader.loadContext(SpringBootContextLoader.java:110) ~[spring-boot-test-3.4.4.jar:3.4.4]
	at org.springframework.test.context.cache.DefaultCacheAwareContextLoaderDelegate.loadContextInternal(DefaultCacheAwareContextLoaderDelegate.java:225) ~[spring-test-6.2.5.jar:6.2.5]
	at org.springframework.test.context.cache.DefaultCacheAwareContextLoaderDelegate.loadContext(DefaultCacheAwareContextLoaderDelegate.java:152) ~[spring-test-6.2.5.jar:6.2.5]
	at org.springframework.test.context.support.DefaultTestContext.getApplicationContext(DefaultTestContext.java:130) ~[spring-test-6.2.5.jar:6.2.5]
	at org.springframework.test.context.web.ServletTestExecutionListener.setUpRequestContextIfNecessary(ServletTestExecutionListener.java:200) ~[spring-test-6.2.5.jar:6.2.5]
	at org.springframework.test.context.web.ServletTestExecutionListener.prepareTestInstance(ServletTestExecutionListener.java:139) ~[spring-test-6.2.5.jar:6.2.5]
	at org.springframework.test.context.TestContextManager.prepareTestInstance(TestContextManager.java:260) ~[spring-test-6.2.5.jar:6.2.5]
	at org.springframework.test.context.junit.jupiter.SpringExtension.postProcessTestInstance(SpringExtension.java:160) ~[spring-test-6.2.5.jar:6.2.5]
	at org.junit.jupiter.engine.descriptor.ClassBasedTestDescriptor.lambda$invokeTestInstancePostProcessors$11(ClassBasedTestDescriptor.java:378) ~[junit-jupiter-engine-5.11.4.jar:5.11.4]
	at org.junit.jupiter.engine.descriptor.ClassBasedTestDescriptor.executeAndMaskThrowable(ClassBasedTestDescriptor.java:383) ~[junit-jupiter-engine-5.11.4.jar:5.11.4]
	at org.junit.jupiter.engine.descriptor.ClassBasedTestDescriptor.lambda$invokeTestInstancePostProcessors$12(ClassBasedTestDescriptor.java:378) ~[junit-jupiter-engine-5.11.4.jar:5.11.4]
	at java.base/java.util.stream.ForEachOps$ForEachOp$OfRef.accept(ForEachOps.java:184) ~[na:na]
	at java.base/java.util.stream.ReferencePipeline$3$1.accept(ReferencePipeline.java:197) ~[na:na]
	at java.base/java.util.stream.ReferencePipeline$2$1.accept(ReferencePipeline.java:179) ~[na:na]
	at java.base/java.util.stream.ReferencePipeline$3$1.accept(ReferencePipeline.java:197) ~[na:na]
	at java.base/java.util.ArrayList$ArrayListSpliterator.forEachRemaining(ArrayList.java:1708) ~[na:na]
	at java.base/java.util.stream.AbstractPipeline.copyInto(AbstractPipeline.java:509) ~[na:na]
	at java.base/java.util.stream.AbstractPipeline.wrapAndCopyInto(AbstractPipeline.java:499) ~[na:na]
	at java.base/java.util.stream.ForEachOps$ForEachOp.evaluateSequential(ForEachOps.java:151) ~[na:na]
	at java.base/java.util.stream.ForEachOps$ForEachOp$OfRef.evaluateSequential(ForEachOps.java:174) ~[na:na]
	at java.base/java.util.stream.AbstractPipeline.evaluate(AbstractPipeline.java:234) ~[na:na]
	at java.base/java.util.stream.ReferencePipeline.forEach(ReferencePipeline.java:596) ~[na:na]
	at org.junit.jupiter.engine.descriptor.ClassBasedTestDescriptor.invokeTestInstancePostProcessors(ClassBasedTestDescriptor.java:377) ~[junit-jupiter-engine-5.11.4.jar:5.11.4]
	at org.junit.jupiter.engine.descriptor.ClassBasedTestDescriptor.lambda$instantiateAndPostProcessTestInstance$7(ClassBasedTestDescriptor.java:290) ~[junit-jupiter-engine-5.11.4.jar:5.11.4]
	at org.junit.platform.engine.support.hierarchical.ThrowableCollector.execute(ThrowableCollector.java:73) ~[junit-platform-engine-1.11.4.jar:1.11.4]
	at org.junit.jupiter.engine.descriptor.ClassBasedTestDescriptor.instantiateAndPostProcessTestInstance(ClassBasedTestDescriptor.java:289) ~[junit-jupiter-engine-5.11.4.jar:5.11.4]
	at org.junit.jupiter.engine.descriptor.ClassBasedTestDescriptor.lambda$testInstancesProvider$5(ClassBasedTestDescriptor.java:279) ~[junit-jupiter-engine-5.11.4.jar:5.11.4]
	at java.base/java.util.Optional.orElseGet(Optional.java:364) ~[na:na]
	at org.junit.jupiter.engine.descriptor.ClassBasedTestDescriptor.lambda$testInstancesProvider$6(ClassBasedTestDescriptor.java:278) ~[junit-jupiter-engine-5.11.4.jar:5.11.4]
	at org.junit.jupiter.engine.execution.TestInstancesProvider.getTestInstances(TestInstancesProvider.java:31) ~[junit-jupiter-engine-5.11.4.jar:5.11.4]
	at org.junit.jupiter.engine.descriptor.TestMethodTestDescriptor.lambda$prepare$1(TestMethodTestDescriptor.java:105) ~[junit-jupiter-engine-5.11.4.jar:5.11.4]
	at org.junit.platform.engine.support.hierarchical.ThrowableCollector.execute(ThrowableCollector.java:73) ~[junit-platform-engine-1.11.4.jar:1.11.4]
	at org.junit.jupiter.engine.descriptor.TestMethodTestDescriptor.prepare(TestMethodTestDescriptor.java:104) ~[junit-jupiter-engine-5.11.4.jar:5.11.4]
	at org.junit.jupiter.engine.descriptor.TestMethodTestDescriptor.prepare(TestMethodTestDescriptor.java:68) ~[junit-jupiter-engine-5.11.4.jar:5.11.4]
	at org.junit.platform.engine.support.hierarchical.NodeTestTask.lambda$prepare$2(NodeTestTask.java:128) ~[junit-platform-engine-1.11.4.jar:1.11.4]
	at org.junit.platform.engine.support.hierarchical.ThrowableCollector.execute(ThrowableCollector.java:73) ~[junit-platform-engine-1.11.4.jar:1.11.4]
	at org.junit.platform.engine.support.hierarchical.NodeTestTask.prepare(NodeTestTask.java:128) ~[junit-platform-engine-1.11.4.jar:1.11.4]
	at org.junit.platform.engine.support.hierarchical.NodeTestTask.execute(NodeTestTask.java:95) ~[junit-platform-engine-1.11.4.jar:1.11.4]
	at java.base/java.util.ArrayList.forEach(ArrayList.java:1596) ~[na:na]
	at org.junit.platform.engine.support.hierarchical.SameThreadHierarchicalTestExecutorService.invokeAll(SameThreadHierarchicalTestExecutorService.java:41) ~[junit-platform-engine-1.11.4.jar:1.11.4]
	at org.junit.platform.engine.support.hierarchical.NodeTestTask.lambda$executeRecursively$6(NodeTestTask.java:160) ~[junit-platform-engine-1.11.4.jar:1.11.4]
	at org.junit.platform.engine.support.hierarchical.ThrowableCollector.execute(ThrowableCollector.java:73) ~[junit-platform-engine-1.11.4.jar:1.11.4]
	at org.junit.platform.engine.support.hierarchical.NodeTestTask.lambda$executeRecursively$8(NodeTestTask.java:146) ~[junit-platform-engine-1.11.4.jar:1.11.4]
	at org.junit.platform.engine.support.hierarchical.Node.around(Node.java:137) ~[junit-platform-engine-1.11.4.jar:1.11.4]
	at org.junit.platform.engine.support.hierarchical.NodeTestTask.lambda$executeRecursively$9(NodeTestTask.java:144) ~[junit-platform-engine-1.11.4.jar:1.11.4]
	at org.junit.platform.engine.support.hierarchical.ThrowableCollector.execute(ThrowableCollector.java:73) ~[junit-platform-engine-1.11.4.jar:1.11.4]
	at org.junit.platform.engine.support.hierarchical.NodeTestTask.executeRecursively(NodeTestTask.java:143) ~[junit-platform-engine-1.11.4.jar:1.11.4]
	at org.junit.platform.engine.support.hierarchical.NodeTestTask.execute(NodeTestTask.java:100) ~[junit-platform-engine-1.11.4.jar:1.11.4]
	at java.base/java.util.ArrayList.forEach(ArrayList.java:1596) ~[na:na]
	at org.junit.platform.engine.support.hierarchical.SameThreadHierarchicalTestExecutorService.invokeAll(SameThreadHierarchicalTestExecutorService.java:41) ~[junit-platform-engine-1.11.4.jar:1.11.4]
	at org.junit.platform.engine.support.hierarchical.NodeTestTask.lambda$executeRecursively$6(NodeTestTask.java:160) ~[junit-platform-engine-1.11.4.jar:1.11.4]
	at org.junit.platform.engine.support.hierarchical.ThrowableCollector.execute(ThrowableCollector.java:73) ~[junit-platform-engine-1.11.4.jar:1.11.4]
	at org.junit.platform.engine.support.hierarchical.NodeTestTask.lambda$executeRecursively$8(NodeTestTask.java:146) ~[junit-platform-engine-1.11.4.jar:1.11.4]
	at org.junit.platform.engine.support.hierarchical.Node.around(Node.java:137) ~[junit-platform-engine-1.11.4.jar:1.11.4]
	at org.junit.platform.engine.support.hierarchical.NodeTestTask.lambda$executeRecursively$9(NodeTestTask.java:144) ~[junit-platform-engine-1.11.4.jar:1.11.4]
	at org.junit.platform.engine.support.hierarchical.ThrowableCollector.execute(ThrowableCollector.java:73) ~[junit-platform-engine-1.11.4.jar:1.11.4]
	at org.junit.platform.engine.support.hierarchical.NodeTestTask.executeRecursively(NodeTestTask.java:143) ~[junit-platform-engine-1.11.4.jar:1.11.4]
	at org.junit.platform.engine.support.hierarchical.NodeTestTask.execute(NodeTestTask.java:100) ~[junit-platform-engine-1.11.4.jar:1.11.4]
	at org.junit.platform.engine.support.hierarchical.SameThreadHierarchicalTestExecutorService.submit(SameThreadHierarchicalTestExecutorService.java:35) ~[junit-platform-engine-1.11.4.jar:1.11.4]
	at org.junit.platform.engine.support.hierarchical.HierarchicalTestExecutor.execute(HierarchicalTestExecutor.java:57) ~[junit-platform-engine-1.11.4.jar:1.11.4]
	at org.junit.platform.engine.support.hierarchical.HierarchicalTestEngine.execute(HierarchicalTestEngine.java:54) ~[junit-platform-engine-1.11.4.jar:1.11.4]
	at org.junit.platform.launcher.core.EngineExecutionOrchestrator.execute(EngineExecutionOrchestrator.java:198) ~[junit-platform-launcher-1.11.4.jar:1.11.4]
	at org.junit.platform.launcher.core.EngineExecutionOrchestrator.execute(EngineExecutionOrchestrator.java:169) ~[junit-platform-launcher-1.11.4.jar:1.11.4]
	at org.junit.platform.launcher.core.EngineExecutionOrchestrator.execute(EngineExecutionOrchestrator.java:93) ~[junit-platform-launcher-1.11.4.jar:1.11.4]
	at org.junit.platform.launcher.core.EngineExecutionOrchestrator.lambda$execute$0(EngineExecutionOrchestrator.java:58) ~[junit-platform-launcher-1.11.4.jar:1.11.4]
	at org.junit.platform.launcher.core.EngineExecutionOrchestrator.withInterceptedStreams(EngineExecutionOrchestrator.java:141) ~[junit-platform-launcher-1.11.4.jar:1.11.4]
	at org.junit.platform.launcher.core.EngineExecutionOrchestrator.execute(EngineExecutionOrchestrator.java:57) ~[junit-platform-launcher-1.11.4.jar:1.11.4]
	at org.junit.platform.launcher.core.DefaultLauncher.execute(DefaultLauncher.java:103) ~[junit-platform-launcher-1.11.4.jar:1.11.4]
	at org.junit.platform.launcher.core.DefaultLauncher.execute(DefaultLauncher.java:85) ~[junit-platform-launcher-1.11.4.jar:1.11.4]
	at org.junit.platform.launcher.core.DelegatingLauncher.execute(DelegatingLauncher.java:47) ~[junit-platform-launcher-1.11.4.jar:1.11.4]
	at org.apache.maven.surefire.junitplatform.LazyLauncher.execute(LazyLauncher.java:56) ~[surefire-junit-platform-3.5.2.jar:3.5.2]
	at org.apache.maven.surefire.junitplatform.JUnitPlatformProvider.execute(JUnitPlatformProvider.java:184) ~[surefire-junit-platform-3.5.2.jar:3.5.2]
	at org.apache.maven.surefire.junitplatform.JUnitPlatformProvider.invokeAllTests(JUnitPlatformProvider.java:148) ~[surefire-junit-platform-3.5.2.jar:3.5.2]
	at org.apache.maven.surefire.junitplatform.JUnitPlatformProvider.invoke(JUnitPlatformProvider.java:122) ~[surefire-junit-platform-3.5.2.jar:3.5.2]
	at org.apache.maven.surefire.booter.ForkedBooter.runSuitesInProcess(ForkedBooter.java:385) ~[surefire-booter-3.5.2.jar:3.5.2]
	at org.apache.maven.surefire.booter.ForkedBooter.execute(ForkedBooter.java:162) ~[surefire-booter-3.5.2.jar:3.5.2]
	at org.apache.maven.surefire.booter.ForkedBooter.run(ForkedBooter.java:507) ~[surefire-booter-3.5.2.jar:3.5.2]
	at org.apache.maven.surefire.booter.ForkedBooter.main(ForkedBooter.java:495) ~[surefire-booter-3.5.2.jar:3.5.2]

2025-03-29T19:22:35.084-03:00 DEBUG 90214 --- [backend] [           main] org.hibernate.orm.sql.ast.tree           : SQL AST Tree:
    SelectStatement {
      FromClause {
        CollectionTableGroup (m1 : com.duoc.backend.Invoice.Invoice.medications) {
          primaryTableReference : invoice_medications as m1_0
          TableGroupJoins {
             join LazyTableGroup (m1 : com.duoc.backend.Invoice.Invoice.medications.{element}) {
              primaryTableReference : medication as m1_1
            }
          }
        }
      }
    }

2025-03-29T19:22:35.085-03:00 DEBUG 90214 --- [backend] [           main] org.hibernate.orm.jdbc.mutation          : Static SQL for collection: com.duoc.backend.Invoice.Invoice.medications
2025-03-29T19:22:35.085-03:00 DEBUG 90214 --- [backend] [           main] org.hibernate.orm.jdbc.mutation          :  Row insert: insert into invoice_medications (invoice_id,medication_id) values (?,?)
2025-03-29T19:22:35.086-03:00 DEBUG 90214 --- [backend] [           main] org.hibernate.orm.jdbc.mutation          :  Row delete: delete from invoice_medications where invoice_id=? and medication_id=?
2025-03-29T19:22:35.086-03:00 TRACE 90214 --- [backend] [           main] org.hibernate.orm.jdbc.mutation          : Starting RemoveCoordinator#buildOperationGroup - com.duoc.backend.Invoice.Invoice.medications
2025-03-29T19:22:35.086-03:00 DEBUG 90214 --- [backend] [           main] org.hibernate.orm.jdbc.mutation          :  One-shot delete: delete from invoice_medications where invoice_id=?
2025-03-29T19:22:35.086-03:00 DEBUG 90214 --- [backend] [           main] org.hibernate.orm.sql.ast.create         : Created new SQL alias : c1_0
2025-03-29T19:22:35.086-03:00 DEBUG 90214 --- [backend] [           main] org.hibernate.orm.sql.ast.create         : Registration of TableGroup [CollectionTableGroup(com.duoc.backend.Invoice.Invoice.cares)] with identifierForTableGroup [com.duoc.backend.Invoice.Invoice.cares] for NavigablePath [com.duoc.backend.Invoice.Invoice.cares] 
2025-03-29T19:22:35.086-03:00 DEBUG 90214 --- [backend] [           main] org.hibernate.orm.sql.ast.create         : Registration of TableGroup [org.hibernate.sql.ast.tree.from.LazyTableGroup@662061e3] with identifierForTableGroup [com.duoc.backend.Invoice.Invoice.cares.{element}] for NavigablePath [com.duoc.backend.Invoice.Invoice.cares.{element}] 
2025-03-29T19:22:35.086-03:00 DEBUG 90214 --- [backend] [           main] org.hibernate.orm.sql.ast.create         : Created new SQL alias : c1_1
2025-03-29T19:22:35.086-03:00 TRACE 90214 --- [backend] [           main] o.h.l.ast.internal.LoaderSelectBuilder   : Starting visitation of FetchParent's Fetchables : com.duoc.backend.Invoice.Invoice.cares.{element}
2025-03-29T19:22:35.086-03:00 DEBUG 90214 --- [backend] [           main] org.hibernate.orm.results.graph.AST      : DomainResult Graph:
 \-CollectionDomainResult [com.duoc.backend.Invoice.Invoice.cares]

2025-03-29T19:22:35.086-03:00 TRACE 90214 --- [backend] [           main] org.hibernate.orm.results.graph.AST      : Stack trace calling DomainResultGraphPrinter

java.lang.Exception: null
	at org.hibernate.sql.results.graph.DomainResultGraphPrinter.visitDomainResults(DomainResultGraphPrinter.java:70) ~[hibernate-core-6.6.11.Final.jar:6.6.11.Final]
	at org.hibernate.sql.results.graph.DomainResultGraphPrinter.logDomainResultGraph(DomainResultGraphPrinter.java:46) ~[hibernate-core-6.6.11.Final.jar:6.6.11.Final]
	at org.hibernate.sql.results.graph.DomainResultGraphPrinter.logDomainResultGraph(DomainResultGraphPrinter.java:37) ~[hibernate-core-6.6.11.Final.jar:6.6.11.Final]
	at org.hibernate.sql.ast.spi.AbstractSqlAstTranslator.translateSelect(AbstractSqlAstTranslator.java:877) ~[hibernate-core-6.6.11.Final.jar:6.6.11.Final]
	at org.hibernate.sql.ast.spi.AbstractSqlAstTranslator.translate(AbstractSqlAstTranslator.java:815) ~[hibernate-core-6.6.11.Final.jar:6.6.11.Final]
	at org.hibernate.loader.ast.internal.CollectionLoaderSingleKey.<init>(CollectionLoaderSingleKey.java:78) ~[hibernate-core-6.6.11.Final.jar:6.6.11.Final]
	at org.hibernate.persister.collection.AbstractCollectionPersister.createSingleKeyCollectionLoader(AbstractCollectionPersister.java:859) ~[hibernate-core-6.6.11.Final.jar:6.6.11.Final]
	at org.hibernate.persister.collection.AbstractCollectionPersister.createCollectionLoader(AbstractCollectionPersister.java:844) ~[hibernate-core-6.6.11.Final.jar:6.6.11.Final]
	at org.hibernate.persister.collection.AbstractCollectionPersister.postInstantiate(AbstractCollectionPersister.java:690) ~[hibernate-core-6.6.11.Final.jar:6.6.11.Final]
	at java.base/java.util.concurrent.ConcurrentHashMap$ValuesView.forEach(ConcurrentHashMap.java:4783) ~[na:na]
	at org.hibernate.metamodel.model.domain.internal.MappingMetamodelImpl.finishInitialization(MappingMetamodelImpl.java:211) ~[hibernate-core-6.6.11.Final.jar:6.6.11.Final]
	at org.hibernate.internal.SessionFactoryImpl.initializeMappingModel(SessionFactoryImpl.java:373) ~[hibernate-core-6.6.11.Final.jar:6.6.11.Final]
	at org.hibernate.internal.SessionFactoryImpl.<init>(SessionFactoryImpl.java:302) ~[hibernate-core-6.6.11.Final.jar:6.6.11.Final]
	at org.hibernate.boot.internal.SessionFactoryBuilderImpl.build(SessionFactoryBuilderImpl.java:463) ~[hibernate-core-6.6.11.Final.jar:6.6.11.Final]
	at org.hibernate.jpa.boot.internal.EntityManagerFactoryBuilderImpl.build(EntityManagerFactoryBuilderImpl.java:1517) ~[hibernate-core-6.6.11.Final.jar:6.6.11.Final]
	at org.springframework.orm.jpa.vendor.SpringHibernateJpaPersistenceProvider.createContainerEntityManagerFactory(SpringHibernateJpaPersistenceProvider.java:66) ~[spring-orm-6.2.5.jar:6.2.5]
	at org.springframework.orm.jpa.LocalContainerEntityManagerFactoryBean.createNativeEntityManagerFactory(LocalContainerEntityManagerFactoryBean.java:390) ~[spring-orm-6.2.5.jar:6.2.5]
	at org.springframework.orm.jpa.AbstractEntityManagerFactoryBean.buildNativeEntityManagerFactory(AbstractEntityManagerFactoryBean.java:419) ~[spring-orm-6.2.5.jar:6.2.5]
	at org.springframework.orm.jpa.AbstractEntityManagerFactoryBean.afterPropertiesSet(AbstractEntityManagerFactoryBean.java:400) ~[spring-orm-6.2.5.jar:6.2.5]
	at org.springframework.orm.jpa.LocalContainerEntityManagerFactoryBean.afterPropertiesSet(LocalContainerEntityManagerFactoryBean.java:366) ~[spring-orm-6.2.5.jar:6.2.5]
	at org.springframework.beans.factory.support.AbstractAutowireCapableBeanFactory.invokeInitMethods(AbstractAutowireCapableBeanFactory.java:1859) ~[spring-beans-6.2.5.jar:6.2.5]
	at org.springframework.beans.factory.support.AbstractAutowireCapableBeanFactory.initializeBean(AbstractAutowireCapableBeanFactory.java:1808) ~[spring-beans-6.2.5.jar:6.2.5]
	at org.springframework.beans.factory.support.AbstractAutowireCapableBeanFactory.doCreateBean(AbstractAutowireCapableBeanFactory.java:601) ~[spring-beans-6.2.5.jar:6.2.5]
	at org.springframework.beans.factory.support.AbstractAutowireCapableBeanFactory.createBean(AbstractAutowireCapableBeanFactory.java:523) ~[spring-beans-6.2.5.jar:6.2.5]
	at org.springframework.beans.factory.support.AbstractBeanFactory.lambda$doGetBean$0(AbstractBeanFactory.java:339) ~[spring-beans-6.2.5.jar:6.2.5]
	at org.springframework.beans.factory.support.DefaultSingletonBeanRegistry.getSingleton(DefaultSingletonBeanRegistry.java:347) ~[spring-beans-6.2.5.jar:6.2.5]
	at org.springframework.beans.factory.support.AbstractBeanFactory.doGetBean(AbstractBeanFactory.java:337) ~[spring-beans-6.2.5.jar:6.2.5]
	at org.springframework.beans.factory.support.AbstractBeanFactory.getBean(AbstractBeanFactory.java:207) ~[spring-beans-6.2.5.jar:6.2.5]
	at org.springframework.context.support.AbstractApplicationContext.finishBeanFactoryInitialization(AbstractApplicationContext.java:970) ~[spring-context-6.2.5.jar:6.2.5]
	at org.springframework.context.support.AbstractApplicationContext.refresh(AbstractApplicationContext.java:627) ~[spring-context-6.2.5.jar:6.2.5]
	at org.springframework.boot.SpringApplication.refresh(SpringApplication.java:752) ~[spring-boot-3.4.4.jar:3.4.4]
	at org.springframework.boot.SpringApplication.refreshContext(SpringApplication.java:439) ~[spring-boot-3.4.4.jar:3.4.4]
	at org.springframework.boot.SpringApplication.run(SpringApplication.java:318) ~[spring-boot-3.4.4.jar:3.4.4]
	at org.springframework.boot.test.context.SpringBootContextLoader.lambda$loadContext$3(SpringBootContextLoader.java:144) ~[spring-boot-test-3.4.4.jar:3.4.4]
	at org.springframework.util.function.ThrowingSupplier.get(ThrowingSupplier.java:58) ~[spring-core-6.2.5.jar:6.2.5]
	at org.springframework.util.function.ThrowingSupplier.get(ThrowingSupplier.java:46) ~[spring-core-6.2.5.jar:6.2.5]
	at org.springframework.boot.SpringApplication.withHook(SpringApplication.java:1461) ~[spring-boot-3.4.4.jar:3.4.4]
	at org.springframework.boot.test.context.SpringBootContextLoader$ContextLoaderHook.run(SpringBootContextLoader.java:563) ~[spring-boot-test-3.4.4.jar:3.4.4]
	at org.springframework.boot.test.context.SpringBootContextLoader.loadContext(SpringBootContextLoader.java:144) ~[spring-boot-test-3.4.4.jar:3.4.4]
	at org.springframework.boot.test.context.SpringBootContextLoader.loadContext(SpringBootContextLoader.java:110) ~[spring-boot-test-3.4.4.jar:3.4.4]
	at org.springframework.test.context.cache.DefaultCacheAwareContextLoaderDelegate.loadContextInternal(DefaultCacheAwareContextLoaderDelegate.java:225) ~[spring-test-6.2.5.jar:6.2.5]
	at org.springframework.test.context.cache.DefaultCacheAwareContextLoaderDelegate.loadContext(DefaultCacheAwareContextLoaderDelegate.java:152) ~[spring-test-6.2.5.jar:6.2.5]
	at org.springframework.test.context.support.DefaultTestContext.getApplicationContext(DefaultTestContext.java:130) ~[spring-test-6.2.5.jar:6.2.5]
	at org.springframework.test.context.web.ServletTestExecutionListener.setUpRequestContextIfNecessary(ServletTestExecutionListener.java:200) ~[spring-test-6.2.5.jar:6.2.5]
	at org.springframework.test.context.web.ServletTestExecutionListener.prepareTestInstance(ServletTestExecutionListener.java:139) ~[spring-test-6.2.5.jar:6.2.5]
	at org.springframework.test.context.TestContextManager.prepareTestInstance(TestContextManager.java:260) ~[spring-test-6.2.5.jar:6.2.5]
	at org.springframework.test.context.junit.jupiter.SpringExtension.postProcessTestInstance(SpringExtension.java:160) ~[spring-test-6.2.5.jar:6.2.5]
	at org.junit.jupiter.engine.descriptor.ClassBasedTestDescriptor.lambda$invokeTestInstancePostProcessors$11(ClassBasedTestDescriptor.java:378) ~[junit-jupiter-engine-5.11.4.jar:5.11.4]
	at org.junit.jupiter.engine.descriptor.ClassBasedTestDescriptor.executeAndMaskThrowable(ClassBasedTestDescriptor.java:383) ~[junit-jupiter-engine-5.11.4.jar:5.11.4]
	at org.junit.jupiter.engine.descriptor.ClassBasedTestDescriptor.lambda$invokeTestInstancePostProcessors$12(ClassBasedTestDescriptor.java:378) ~[junit-jupiter-engine-5.11.4.jar:5.11.4]
	at java.base/java.util.stream.ForEachOps$ForEachOp$OfRef.accept(ForEachOps.java:184) ~[na:na]
	at java.base/java.util.stream.ReferencePipeline$3$1.accept(ReferencePipeline.java:197) ~[na:na]
	at java.base/java.util.stream.ReferencePipeline$2$1.accept(ReferencePipeline.java:179) ~[na:na]
	at java.base/java.util.stream.ReferencePipeline$3$1.accept(ReferencePipeline.java:197) ~[na:na]
	at java.base/java.util.ArrayList$ArrayListSpliterator.forEachRemaining(ArrayList.java:1708) ~[na:na]
	at java.base/java.util.stream.AbstractPipeline.copyInto(AbstractPipeline.java:509) ~[na:na]
	at java.base/java.util.stream.AbstractPipeline.wrapAndCopyInto(AbstractPipeline.java:499) ~[na:na]
	at java.base/java.util.stream.ForEachOps$ForEachOp.evaluateSequential(ForEachOps.java:151) ~[na:na]
	at java.base/java.util.stream.ForEachOps$ForEachOp$OfRef.evaluateSequential(ForEachOps.java:174) ~[na:na]
	at java.base/java.util.stream.AbstractPipeline.evaluate(AbstractPipeline.java:234) ~[na:na]
	at java.base/java.util.stream.ReferencePipeline.forEach(ReferencePipeline.java:596) ~[na:na]
	at org.junit.jupiter.engine.descriptor.ClassBasedTestDescriptor.invokeTestInstancePostProcessors(ClassBasedTestDescriptor.java:377) ~[junit-jupiter-engine-5.11.4.jar:5.11.4]
	at org.junit.jupiter.engine.descriptor.ClassBasedTestDescriptor.lambda$instantiateAndPostProcessTestInstance$7(ClassBasedTestDescriptor.java:290) ~[junit-jupiter-engine-5.11.4.jar:5.11.4]
	at org.junit.platform.engine.support.hierarchical.ThrowableCollector.execute(ThrowableCollector.java:73) ~[junit-platform-engine-1.11.4.jar:1.11.4]
	at org.junit.jupiter.engine.descriptor.ClassBasedTestDescriptor.instantiateAndPostProcessTestInstance(ClassBasedTestDescriptor.java:289) ~[junit-jupiter-engine-5.11.4.jar:5.11.4]
	at org.junit.jupiter.engine.descriptor.ClassBasedTestDescriptor.lambda$testInstancesProvider$5(ClassBasedTestDescriptor.java:279) ~[junit-jupiter-engine-5.11.4.jar:5.11.4]
	at java.base/java.util.Optional.orElseGet(Optional.java:364) ~[na:na]
	at org.junit.jupiter.engine.descriptor.ClassBasedTestDescriptor.lambda$testInstancesProvider$6(ClassBasedTestDescriptor.java:278) ~[junit-jupiter-engine-5.11.4.jar:5.11.4]
	at org.junit.jupiter.engine.execution.TestInstancesProvider.getTestInstances(TestInstancesProvider.java:31) ~[junit-jupiter-engine-5.11.4.jar:5.11.4]
	at org.junit.jupiter.engine.descriptor.TestMethodTestDescriptor.lambda$prepare$1(TestMethodTestDescriptor.java:105) ~[junit-jupiter-engine-5.11.4.jar:5.11.4]
	at org.junit.platform.engine.support.hierarchical.ThrowableCollector.execute(ThrowableCollector.java:73) ~[junit-platform-engine-1.11.4.jar:1.11.4]
	at org.junit.jupiter.engine.descriptor.TestMethodTestDescriptor.prepare(TestMethodTestDescriptor.java:104) ~[junit-jupiter-engine-5.11.4.jar:5.11.4]
	at org.junit.jupiter.engine.descriptor.TestMethodTestDescriptor.prepare(TestMethodTestDescriptor.java:68) ~[junit-jupiter-engine-5.11.4.jar:5.11.4]
	at org.junit.platform.engine.support.hierarchical.NodeTestTask.lambda$prepare$2(NodeTestTask.java:128) ~[junit-platform-engine-1.11.4.jar:1.11.4]
	at org.junit.platform.engine.support.hierarchical.ThrowableCollector.execute(ThrowableCollector.java:73) ~[junit-platform-engine-1.11.4.jar:1.11.4]
	at org.junit.platform.engine.support.hierarchical.NodeTestTask.prepare(NodeTestTask.java:128) ~[junit-platform-engine-1.11.4.jar:1.11.4]
	at org.junit.platform.engine.support.hierarchical.NodeTestTask.execute(NodeTestTask.java:95) ~[junit-platform-engine-1.11.4.jar:1.11.4]
	at java.base/java.util.ArrayList.forEach(ArrayList.java:1596) ~[na:na]
	at org.junit.platform.engine.support.hierarchical.SameThreadHierarchicalTestExecutorService.invokeAll(SameThreadHierarchicalTestExecutorService.java:41) ~[junit-platform-engine-1.11.4.jar:1.11.4]
	at org.junit.platform.engine.support.hierarchical.NodeTestTask.lambda$executeRecursively$6(NodeTestTask.java:160) ~[junit-platform-engine-1.11.4.jar:1.11.4]
	at org.junit.platform.engine.support.hierarchical.ThrowableCollector.execute(ThrowableCollector.java:73) ~[junit-platform-engine-1.11.4.jar:1.11.4]
	at org.junit.platform.engine.support.hierarchical.NodeTestTask.lambda$executeRecursively$8(NodeTestTask.java:146) ~[junit-platform-engine-1.11.4.jar:1.11.4]
	at org.junit.platform.engine.support.hierarchical.Node.around(Node.java:137) ~[junit-platform-engine-1.11.4.jar:1.11.4]
	at org.junit.platform.engine.support.hierarchical.NodeTestTask.lambda$executeRecursively$9(NodeTestTask.java:144) ~[junit-platform-engine-1.11.4.jar:1.11.4]
	at org.junit.platform.engine.support.hierarchical.ThrowableCollector.execute(ThrowableCollector.java:73) ~[junit-platform-engine-1.11.4.jar:1.11.4]
	at org.junit.platform.engine.support.hierarchical.NodeTestTask.executeRecursively(NodeTestTask.java:143) ~[junit-platform-engine-1.11.4.jar:1.11.4]
	at org.junit.platform.engine.support.hierarchical.NodeTestTask.execute(NodeTestTask.java:100) ~[junit-platform-engine-1.11.4.jar:1.11.4]
	at java.base/java.util.ArrayList.forEach(ArrayList.java:1596) ~[na:na]
	at org.junit.platform.engine.support.hierarchical.SameThreadHierarchicalTestExecutorService.invokeAll(SameThreadHierarchicalTestExecutorService.java:41) ~[junit-platform-engine-1.11.4.jar:1.11.4]
	at org.junit.platform.engine.support.hierarchical.NodeTestTask.lambda$executeRecursively$6(NodeTestTask.java:160) ~[junit-platform-engine-1.11.4.jar:1.11.4]
	at org.junit.platform.engine.support.hierarchical.ThrowableCollector.execute(ThrowableCollector.java:73) ~[junit-platform-engine-1.11.4.jar:1.11.4]
	at org.junit.platform.engine.support.hierarchical.NodeTestTask.lambda$executeRecursively$8(NodeTestTask.java:146) ~[junit-platform-engine-1.11.4.jar:1.11.4]
	at org.junit.platform.engine.support.hierarchical.Node.around(Node.java:137) ~[junit-platform-engine-1.11.4.jar:1.11.4]
	at org.junit.platform.engine.support.hierarchical.NodeTestTask.lambda$executeRecursively$9(NodeTestTask.java:144) ~[junit-platform-engine-1.11.4.jar:1.11.4]
	at org.junit.platform.engine.support.hierarchical.ThrowableCollector.execute(ThrowableCollector.java:73) ~[junit-platform-engine-1.11.4.jar:1.11.4]
	at org.junit.platform.engine.support.hierarchical.NodeTestTask.executeRecursively(NodeTestTask.java:143) ~[junit-platform-engine-1.11.4.jar:1.11.4]
	at org.junit.platform.engine.support.hierarchical.NodeTestTask.execute(NodeTestTask.java:100) ~[junit-platform-engine-1.11.4.jar:1.11.4]
	at org.junit.platform.engine.support.hierarchical.SameThreadHierarchicalTestExecutorService.submit(SameThreadHierarchicalTestExecutorService.java:35) ~[junit-platform-engine-1.11.4.jar:1.11.4]
	at org.junit.platform.engine.support.hierarchical.HierarchicalTestExecutor.execute(HierarchicalTestExecutor.java:57) ~[junit-platform-engine-1.11.4.jar:1.11.4]
	at org.junit.platform.engine.support.hierarchical.HierarchicalTestEngine.execute(HierarchicalTestEngine.java:54) ~[junit-platform-engine-1.11.4.jar:1.11.4]
	at org.junit.platform.launcher.core.EngineExecutionOrchestrator.execute(EngineExecutionOrchestrator.java:198) ~[junit-platform-launcher-1.11.4.jar:1.11.4]
	at org.junit.platform.launcher.core.EngineExecutionOrchestrator.execute(EngineExecutionOrchestrator.java:169) ~[junit-platform-launcher-1.11.4.jar:1.11.4]
	at org.junit.platform.launcher.core.EngineExecutionOrchestrator.execute(EngineExecutionOrchestrator.java:93) ~[junit-platform-launcher-1.11.4.jar:1.11.4]
	at org.junit.platform.launcher.core.EngineExecutionOrchestrator.lambda$execute$0(EngineExecutionOrchestrator.java:58) ~[junit-platform-launcher-1.11.4.jar:1.11.4]
	at org.junit.platform.launcher.core.EngineExecutionOrchestrator.withInterceptedStreams(EngineExecutionOrchestrator.java:141) ~[junit-platform-launcher-1.11.4.jar:1.11.4]
	at org.junit.platform.launcher.core.EngineExecutionOrchestrator.execute(EngineExecutionOrchestrator.java:57) ~[junit-platform-launcher-1.11.4.jar:1.11.4]
	at org.junit.platform.launcher.core.DefaultLauncher.execute(DefaultLauncher.java:103) ~[junit-platform-launcher-1.11.4.jar:1.11.4]
	at org.junit.platform.launcher.core.DefaultLauncher.execute(DefaultLauncher.java:85) ~[junit-platform-launcher-1.11.4.jar:1.11.4]
	at org.junit.platform.launcher.core.DelegatingLauncher.execute(DelegatingLauncher.java:47) ~[junit-platform-launcher-1.11.4.jar:1.11.4]
	at org.apache.maven.surefire.junitplatform.LazyLauncher.execute(LazyLauncher.java:56) ~[surefire-junit-platform-3.5.2.jar:3.5.2]
	at org.apache.maven.surefire.junitplatform.JUnitPlatformProvider.execute(JUnitPlatformProvider.java:184) ~[surefire-junit-platform-3.5.2.jar:3.5.2]
	at org.apache.maven.surefire.junitplatform.JUnitPlatformProvider.invokeAllTests(JUnitPlatformProvider.java:148) ~[surefire-junit-platform-3.5.2.jar:3.5.2]
	at org.apache.maven.surefire.junitplatform.JUnitPlatformProvider.invoke(JUnitPlatformProvider.java:122) ~[surefire-junit-platform-3.5.2.jar:3.5.2]
	at org.apache.maven.surefire.booter.ForkedBooter.runSuitesInProcess(ForkedBooter.java:385) ~[surefire-booter-3.5.2.jar:3.5.2]
	at org.apache.maven.surefire.booter.ForkedBooter.execute(ForkedBooter.java:162) ~[surefire-booter-3.5.2.jar:3.5.2]
	at org.apache.maven.surefire.booter.ForkedBooter.run(ForkedBooter.java:507) ~[surefire-booter-3.5.2.jar:3.5.2]
	at org.apache.maven.surefire.booter.ForkedBooter.main(ForkedBooter.java:495) ~[surefire-booter-3.5.2.jar:3.5.2]

2025-03-29T19:22:35.087-03:00 DEBUG 90214 --- [backend] [           main] org.hibernate.orm.sql.ast.tree           : SQL AST Tree:
    SelectStatement {
      FromClause {
        CollectionTableGroup (c1 : com.duoc.backend.Invoice.Invoice.cares) {
          primaryTableReference : invoice_cares as c1_0
          TableGroupJoins {
             join LazyTableGroup (c1 : com.duoc.backend.Invoice.Invoice.cares.{element}) {
              primaryTableReference : care as c1_1
            }
          }
        }
      }
    }

2025-03-29T19:22:35.087-03:00 DEBUG 90214 --- [backend] [           main] org.hibernate.orm.jdbc.mutation          : Static SQL for collection: com.duoc.backend.Invoice.Invoice.cares
2025-03-29T19:22:35.087-03:00 DEBUG 90214 --- [backend] [           main] org.hibernate.orm.jdbc.mutation          :  Row insert: insert into invoice_cares (invoice_id,care_id) values (?,?)
2025-03-29T19:22:35.087-03:00 DEBUG 90214 --- [backend] [           main] org.hibernate.orm.jdbc.mutation          :  Row delete: delete from invoice_cares where invoice_id=? and care_id=?
2025-03-29T19:22:35.087-03:00 TRACE 90214 --- [backend] [           main] org.hibernate.orm.jdbc.mutation          : Starting RemoveCoordinator#buildOperationGroup - com.duoc.backend.Invoice.Invoice.cares
2025-03-29T19:22:35.087-03:00 DEBUG 90214 --- [backend] [           main] org.hibernate.orm.jdbc.mutation          :  One-shot delete: delete from invoice_cares where invoice_id=?
2025-03-29T19:22:35.095-03:00 TRACE 90214 --- [backend] [           main] o.h.metamodel.internal.MetadataContext   : Wrapping up metadata context...
2025-03-29T19:22:35.095-03:00 TRACE 90214 --- [backend] [           main] o.h.metamodel.internal.MetadataContext   : Starting entity [com.duoc.backend.User]
2025-03-29T19:22:35.095-03:00 TRACE 90214 --- [backend] [           main] o.h.metamodel.internal.AttributeFactory  : Building identifier attribute [com.duoc.backend.User.id]
2025-03-29T19:22:35.095-03:00 TRACE 90214 --- [backend] [           main] o.h.metamodel.internal.AttributeFactory  : Starting attribute metadata determination [id]
2025-03-29T19:22:35.096-03:00 TRACE 90214 --- [backend] [           main] o.h.metamodel.internal.AttributeFactory  :     Determined member [private java.lang.Integer com.duoc.backend.User.id]
2025-03-29T19:22:35.096-03:00 TRACE 90214 --- [backend] [           main] o.h.metamodel.internal.AttributeFactory  :     Determined type [name=integer, class=org.hibernate.type.internal.NamedBasicTypeImpl]
2025-03-29T19:22:35.097-03:00 TRACE 90214 --- [backend] [           main] o.h.metamodel.internal.AttributeFactory  : Building attribute [com.duoc.backend.User.email]
2025-03-29T19:22:35.097-03:00 TRACE 90214 --- [backend] [           main] o.h.metamodel.internal.AttributeFactory  : Starting attribute metadata determination [email]
2025-03-29T19:22:35.097-03:00 TRACE 90214 --- [backend] [           main] o.h.metamodel.internal.AttributeFactory  :     Determined member [private java.lang.String com.duoc.backend.User.email]
2025-03-29T19:22:35.097-03:00 TRACE 90214 --- [backend] [           main] o.h.metamodel.internal.AttributeFactory  :     Determined type [name=string, class=org.hibernate.type.internal.NamedBasicTypeImpl]
2025-03-29T19:22:35.097-03:00 TRACE 90214 --- [backend] [           main] o.h.metamodel.internal.AttributeFactory  : Building attribute [com.duoc.backend.User.password]
2025-03-29T19:22:35.097-03:00 TRACE 90214 --- [backend] [           main] o.h.metamodel.internal.AttributeFactory  : Starting attribute metadata determination [password]
2025-03-29T19:22:35.097-03:00 TRACE 90214 --- [backend] [           main] o.h.metamodel.internal.AttributeFactory  :     Determined member [private java.lang.String com.duoc.backend.User.password]
2025-03-29T19:22:35.097-03:00 TRACE 90214 --- [backend] [           main] o.h.metamodel.internal.AttributeFactory  :     Determined type [name=string, class=org.hibernate.type.internal.NamedBasicTypeImpl]
2025-03-29T19:22:35.097-03:00 TRACE 90214 --- [backend] [           main] o.h.metamodel.internal.AttributeFactory  : Building attribute [com.duoc.backend.User.username]
2025-03-29T19:22:35.097-03:00 TRACE 90214 --- [backend] [           main] o.h.metamodel.internal.AttributeFactory  : Starting attribute metadata determination [username]
2025-03-29T19:22:35.097-03:00 TRACE 90214 --- [backend] [           main] o.h.metamodel.internal.AttributeFactory  :     Determined member [private java.lang.String com.duoc.backend.User.username]
2025-03-29T19:22:35.097-03:00 TRACE 90214 --- [backend] [           main] o.h.metamodel.internal.AttributeFactory  :     Determined type [name=string, class=org.hibernate.type.internal.NamedBasicTypeImpl]
2025-03-29T19:22:35.097-03:00 TRACE 90214 --- [backend] [           main] o.h.m.m.domain.AbstractIdentifiableType  : Interpreting domain-model identifier descriptor
2025-03-29T19:22:35.098-03:00 TRACE 90214 --- [backend] [           main] o.h.metamodel.internal.MetadataContext   : Completed entity [com.duoc.backend.User]
2025-03-29T19:22:35.098-03:00 TRACE 90214 --- [backend] [           main] o.h.metamodel.internal.MetadataContext   : Starting entity [com.duoc.backend.Appointment.Appointment]
2025-03-29T19:22:35.098-03:00 TRACE 90214 --- [backend] [           main] o.h.metamodel.internal.AttributeFactory  : Building identifier attribute [com.duoc.backend.Appointment.Appointment.id]
2025-03-29T19:22:35.098-03:00 TRACE 90214 --- [backend] [           main] o.h.metamodel.internal.AttributeFactory  : Starting attribute metadata determination [id]
2025-03-29T19:22:35.098-03:00 TRACE 90214 --- [backend] [           main] o.h.metamodel.internal.AttributeFactory  :     Determined member [private java.lang.Long com.duoc.backend.Appointment.Appointment.id]
2025-03-29T19:22:35.098-03:00 TRACE 90214 --- [backend] [           main] o.h.metamodel.internal.AttributeFactory  :     Determined type [name=long, class=org.hibernate.type.internal.NamedBasicTypeImpl]
2025-03-29T19:22:35.098-03:00 TRACE 90214 --- [backend] [           main] o.h.metamodel.internal.AttributeFactory  : Building attribute [com.duoc.backend.Appointment.Appointment.date]
2025-03-29T19:22:35.098-03:00 TRACE 90214 --- [backend] [           main] o.h.metamodel.internal.AttributeFactory  : Starting attribute metadata determination [date]
2025-03-29T19:22:35.098-03:00 TRACE 90214 --- [backend] [           main] o.h.metamodel.internal.AttributeFactory  :     Determined member [private java.time.LocalDate com.duoc.backend.Appointment.Appointment.date]
2025-03-29T19:22:35.098-03:00 TRACE 90214 --- [backend] [           main] o.h.metamodel.internal.AttributeFactory  :     Determined type [name=LocalDate, class=org.hibernate.type.internal.NamedBasicTypeImpl]
2025-03-29T19:22:35.098-03:00 TRACE 90214 --- [backend] [           main] o.h.metamodel.internal.AttributeFactory  : Building attribute [com.duoc.backend.Appointment.Appointment.reason]
2025-03-29T19:22:35.098-03:00 TRACE 90214 --- [backend] [           main] o.h.metamodel.internal.AttributeFactory  : Starting attribute metadata determination [reason]
2025-03-29T19:22:35.098-03:00 TRACE 90214 --- [backend] [           main] o.h.metamodel.internal.AttributeFactory  :     Determined member [private java.lang.String com.duoc.backend.Appointment.Appointment.reason]
2025-03-29T19:22:35.098-03:00 TRACE 90214 --- [backend] [           main] o.h.metamodel.internal.AttributeFactory  :     Determined type [name=string, class=org.hibernate.type.internal.NamedBasicTypeImpl]
2025-03-29T19:22:35.098-03:00 TRACE 90214 --- [backend] [           main] o.h.metamodel.internal.AttributeFactory  : Building attribute [com.duoc.backend.Appointment.Appointment.time]
2025-03-29T19:22:35.098-03:00 TRACE 90214 --- [backend] [           main] o.h.metamodel.internal.AttributeFactory  : Starting attribute metadata determination [time]
2025-03-29T19:22:35.098-03:00 TRACE 90214 --- [backend] [           main] o.h.metamodel.internal.AttributeFactory  :     Determined member [private java.time.LocalTime com.duoc.backend.Appointment.Appointment.time]
2025-03-29T19:22:35.098-03:00 TRACE 90214 --- [backend] [           main] o.h.metamodel.internal.AttributeFactory  :     Determined type [name=LocalTime, class=org.hibernate.type.internal.NamedBasicTypeImpl]
2025-03-29T19:22:35.098-03:00 TRACE 90214 --- [backend] [           main] o.h.metamodel.internal.AttributeFactory  : Building attribute [com.duoc.backend.Appointment.Appointment.veterinarian]
2025-03-29T19:22:35.098-03:00 TRACE 90214 --- [backend] [           main] o.h.metamodel.internal.AttributeFactory  : Starting attribute metadata determination [veterinarian]
2025-03-29T19:22:35.098-03:00 TRACE 90214 --- [backend] [           main] o.h.metamodel.internal.AttributeFactory  :     Determined member [private java.lang.String com.duoc.backend.Appointment.Appointment.veterinarian]
2025-03-29T19:22:35.098-03:00 TRACE 90214 --- [backend] [           main] o.h.metamodel.internal.AttributeFactory  :     Determined type [name=string, class=org.hibernate.type.internal.NamedBasicTypeImpl]
2025-03-29T19:22:35.098-03:00 TRACE 90214 --- [backend] [           main] o.h.m.m.domain.AbstractIdentifiableType  : Interpreting domain-model identifier descriptor
2025-03-29T19:22:35.098-03:00 TRACE 90214 --- [backend] [           main] o.h.metamodel.internal.MetadataContext   : Completed entity [com.duoc.backend.Appointment.Appointment]
2025-03-29T19:22:35.098-03:00 TRACE 90214 --- [backend] [           main] o.h.metamodel.internal.MetadataContext   : Starting entity [com.duoc.backend.Patient.Patient]
2025-03-29T19:22:35.098-03:00 TRACE 90214 --- [backend] [           main] o.h.metamodel.internal.AttributeFactory  : Building identifier attribute [com.duoc.backend.Patient.Patient.id]
2025-03-29T19:22:35.098-03:00 TRACE 90214 --- [backend] [           main] o.h.metamodel.internal.AttributeFactory  : Starting attribute metadata determination [id]
2025-03-29T19:22:35.098-03:00 TRACE 90214 --- [backend] [           main] o.h.metamodel.internal.AttributeFactory  :     Determined member [private java.lang.Long com.duoc.backend.Patient.Patient.id]
2025-03-29T19:22:35.098-03:00 TRACE 90214 --- [backend] [           main] o.h.metamodel.internal.AttributeFactory  :     Determined type [name=long, class=org.hibernate.type.internal.NamedBasicTypeImpl]
2025-03-29T19:22:35.098-03:00 TRACE 90214 --- [backend] [           main] o.h.metamodel.internal.AttributeFactory  : Building attribute [com.duoc.backend.Patient.Patient.age]
2025-03-29T19:22:35.098-03:00 TRACE 90214 --- [backend] [           main] o.h.metamodel.internal.AttributeFactory  : Starting attribute metadata determination [age]
2025-03-29T19:22:35.098-03:00 TRACE 90214 --- [backend] [           main] o.h.metamodel.internal.AttributeFactory  :     Determined member [private int com.duoc.backend.Patient.Patient.age]
2025-03-29T19:22:35.098-03:00 TRACE 90214 --- [backend] [           main] o.h.metamodel.internal.AttributeFactory  :     Determined type [name=integer, class=org.hibernate.type.internal.NamedBasicTypeImpl]
2025-03-29T19:22:35.102-03:00 TRACE 90214 --- [backend] [           main] o.h.metamodel.internal.AttributeFactory  : Building attribute [com.duoc.backend.Patient.Patient.breed]
2025-03-29T19:22:35.102-03:00 TRACE 90214 --- [backend] [           main] o.h.metamodel.internal.AttributeFactory  : Starting attribute metadata determination [breed]
2025-03-29T19:22:35.102-03:00 TRACE 90214 --- [backend] [           main] o.h.metamodel.internal.AttributeFactory  :     Determined member [private java.lang.String com.duoc.backend.Patient.Patient.breed]
2025-03-29T19:22:35.102-03:00 TRACE 90214 --- [backend] [           main] o.h.metamodel.internal.AttributeFactory  :     Determined type [name=string, class=org.hibernate.type.internal.NamedBasicTypeImpl]
2025-03-29T19:22:35.102-03:00 TRACE 90214 --- [backend] [           main] o.h.metamodel.internal.AttributeFactory  : Building attribute [com.duoc.backend.Patient.Patient.name]
2025-03-29T19:22:35.102-03:00 TRACE 90214 --- [backend] [           main] o.h.metamodel.internal.AttributeFactory  : Starting attribute metadata determination [name]
2025-03-29T19:22:35.102-03:00 TRACE 90214 --- [backend] [           main] o.h.metamodel.internal.AttributeFactory  :     Determined member [private java.lang.String com.duoc.backend.Patient.Patient.name]
2025-03-29T19:22:35.102-03:00 TRACE 90214 --- [backend] [           main] o.h.metamodel.internal.AttributeFactory  :     Determined type [name=string, class=org.hibernate.type.internal.NamedBasicTypeImpl]
2025-03-29T19:22:35.102-03:00 TRACE 90214 --- [backend] [           main] o.h.metamodel.internal.AttributeFactory  : Building attribute [com.duoc.backend.Patient.Patient.owner]
2025-03-29T19:22:35.102-03:00 TRACE 90214 --- [backend] [           main] o.h.metamodel.internal.AttributeFactory  : Starting attribute metadata determination [owner]
2025-03-29T19:22:35.102-03:00 TRACE 90214 --- [backend] [           main] o.h.metamodel.internal.AttributeFactory  :     Determined member [private java.lang.String com.duoc.backend.Patient.Patient.owner]
2025-03-29T19:22:35.102-03:00 TRACE 90214 --- [backend] [           main] o.h.metamodel.internal.AttributeFactory  :     Determined type [name=string, class=org.hibernate.type.internal.NamedBasicTypeImpl]
2025-03-29T19:22:35.102-03:00 TRACE 90214 --- [backend] [           main] o.h.metamodel.internal.AttributeFactory  : Building attribute [com.duoc.backend.Patient.Patient.species]
2025-03-29T19:22:35.102-03:00 TRACE 90214 --- [backend] [           main] o.h.metamodel.internal.AttributeFactory  : Starting attribute metadata determination [species]
2025-03-29T19:22:35.102-03:00 TRACE 90214 --- [backend] [           main] o.h.metamodel.internal.AttributeFactory  :     Determined member [private java.lang.String com.duoc.backend.Patient.Patient.species]
2025-03-29T19:22:35.102-03:00 TRACE 90214 --- [backend] [           main] o.h.metamodel.internal.AttributeFactory  :     Determined type [name=string, class=org.hibernate.type.internal.NamedBasicTypeImpl]
2025-03-29T19:22:35.102-03:00 TRACE 90214 --- [backend] [           main] o.h.m.m.domain.AbstractIdentifiableType  : Interpreting domain-model identifier descriptor
2025-03-29T19:22:35.102-03:00 TRACE 90214 --- [backend] [           main] o.h.metamodel.internal.MetadataContext   : Completed entity [com.duoc.backend.Patient.Patient]
2025-03-29T19:22:35.102-03:00 TRACE 90214 --- [backend] [           main] o.h.metamodel.internal.MetadataContext   : Starting entity [com.duoc.backend.Invoice.Invoice]
2025-03-29T19:22:35.102-03:00 TRACE 90214 --- [backend] [           main] o.h.metamodel.internal.AttributeFactory  : Building identifier attribute [com.duoc.backend.Invoice.Invoice.id]
2025-03-29T19:22:35.102-03:00 TRACE 90214 --- [backend] [           main] o.h.metamodel.internal.AttributeFactory  : Starting attribute metadata determination [id]
2025-03-29T19:22:35.102-03:00 TRACE 90214 --- [backend] [           main] o.h.metamodel.internal.AttributeFactory  :     Determined member [private java.lang.Long com.duoc.backend.Invoice.Invoice.id]
2025-03-29T19:22:35.102-03:00 TRACE 90214 --- [backend] [           main] o.h.metamodel.internal.AttributeFactory  :     Determined type [name=long, class=org.hibernate.type.internal.NamedBasicTypeImpl]
2025-03-29T19:22:35.102-03:00 TRACE 90214 --- [backend] [           main] o.h.metamodel.internal.AttributeFactory  : Building attribute [com.duoc.backend.Invoice.Invoice.cares]
2025-03-29T19:22:35.102-03:00 TRACE 90214 --- [backend] [           main] o.h.metamodel.internal.AttributeFactory  : Starting attribute metadata determination [cares]
2025-03-29T19:22:35.102-03:00 TRACE 90214 --- [backend] [           main] o.h.metamodel.internal.AttributeFactory  :     Determined member [private java.util.List com.duoc.backend.Invoice.Invoice.cares]
2025-03-29T19:22:35.102-03:00 TRACE 90214 --- [backend] [           main] o.h.metamodel.internal.AttributeFactory  :     Determined type [name=java.util.Collection(com.duoc.backend.Invoice.Invoice.cares), class=org.hibernate.type.BagType]
2025-03-29T19:22:35.104-03:00 TRACE 90214 --- [backend] [           main] o.h.metamodel.internal.AttributeFactory  : Building attribute [com.duoc.backend.Invoice.Invoice.date]
2025-03-29T19:22:35.104-03:00 TRACE 90214 --- [backend] [           main] o.h.metamodel.internal.AttributeFactory  : Starting attribute metadata determination [date]
2025-03-29T19:22:35.104-03:00 TRACE 90214 --- [backend] [           main] o.h.metamodel.internal.AttributeFactory  :     Determined member [private java.time.LocalDate com.duoc.backend.Invoice.Invoice.date]
2025-03-29T19:22:35.104-03:00 TRACE 90214 --- [backend] [           main] o.h.metamodel.internal.AttributeFactory  :     Determined type [name=LocalDate, class=org.hibernate.type.internal.NamedBasicTypeImpl]
2025-03-29T19:22:35.104-03:00 TRACE 90214 --- [backend] [           main] o.h.metamodel.internal.AttributeFactory  : Building attribute [com.duoc.backend.Invoice.Invoice.medications]
2025-03-29T19:22:35.104-03:00 TRACE 90214 --- [backend] [           main] o.h.metamodel.internal.AttributeFactory  : Starting attribute metadata determination [medications]
2025-03-29T19:22:35.104-03:00 TRACE 90214 --- [backend] [           main] o.h.metamodel.internal.AttributeFactory  :     Determined member [private java.util.List com.duoc.backend.Invoice.Invoice.medications]
2025-03-29T19:22:35.104-03:00 TRACE 90214 --- [backend] [           main] o.h.metamodel.internal.AttributeFactory  :     Determined type [name=java.util.Collection(com.duoc.backend.Invoice.Invoice.medications), class=org.hibernate.type.BagType]
2025-03-29T19:22:35.104-03:00 TRACE 90214 --- [backend] [           main] o.h.metamodel.internal.AttributeFactory  : Building attribute [com.duoc.backend.Invoice.Invoice.patientName]
2025-03-29T19:22:35.104-03:00 TRACE 90214 --- [backend] [           main] o.h.metamodel.internal.AttributeFactory  : Starting attribute metadata determination [patientName]
2025-03-29T19:22:35.104-03:00 TRACE 90214 --- [backend] [           main] o.h.metamodel.internal.AttributeFactory  :     Determined member [private java.lang.String com.duoc.backend.Invoice.Invoice.patientName]
2025-03-29T19:22:35.104-03:00 TRACE 90214 --- [backend] [           main] o.h.metamodel.internal.AttributeFactory  :     Determined type [name=string, class=org.hibernate.type.internal.NamedBasicTypeImpl]
2025-03-29T19:22:35.104-03:00 TRACE 90214 --- [backend] [           main] o.h.metamodel.internal.AttributeFactory  : Building attribute [com.duoc.backend.Invoice.Invoice.time]
2025-03-29T19:22:35.104-03:00 TRACE 90214 --- [backend] [           main] o.h.metamodel.internal.AttributeFactory  : Starting attribute metadata determination [time]
2025-03-29T19:22:35.104-03:00 TRACE 90214 --- [backend] [           main] o.h.metamodel.internal.AttributeFactory  :     Determined member [private java.time.LocalTime com.duoc.backend.Invoice.Invoice.time]
2025-03-29T19:22:35.104-03:00 TRACE 90214 --- [backend] [           main] o.h.metamodel.internal.AttributeFactory  :     Determined type [name=LocalTime, class=org.hibernate.type.internal.NamedBasicTypeImpl]
2025-03-29T19:22:35.104-03:00 TRACE 90214 --- [backend] [           main] o.h.metamodel.internal.AttributeFactory  : Building attribute [com.duoc.backend.Invoice.Invoice.totalCost]
2025-03-29T19:22:35.104-03:00 TRACE 90214 --- [backend] [           main] o.h.metamodel.internal.AttributeFactory  : Starting attribute metadata determination [totalCost]
2025-03-29T19:22:35.104-03:00 TRACE 90214 --- [backend] [           main] o.h.metamodel.internal.AttributeFactory  :     Determined member [private java.lang.Double com.duoc.backend.Invoice.Invoice.totalCost]
2025-03-29T19:22:35.104-03:00 TRACE 90214 --- [backend] [           main] o.h.metamodel.internal.AttributeFactory  :     Determined type [name=double, class=org.hibernate.type.internal.NamedBasicTypeImpl]
2025-03-29T19:22:35.104-03:00 TRACE 90214 --- [backend] [           main] o.h.m.m.domain.AbstractIdentifiableType  : Interpreting domain-model identifier descriptor
2025-03-29T19:22:35.104-03:00 TRACE 90214 --- [backend] [           main] o.h.metamodel.internal.MetadataContext   : Completed entity [com.duoc.backend.Invoice.Invoice]
2025-03-29T19:22:35.104-03:00 TRACE 90214 --- [backend] [           main] o.h.metamodel.internal.MetadataContext   : Starting entity [com.duoc.backend.Medication.Medication]
2025-03-29T19:22:35.104-03:00 TRACE 90214 --- [backend] [           main] o.h.metamodel.internal.AttributeFactory  : Building identifier attribute [com.duoc.backend.Medication.Medication.id]
2025-03-29T19:22:35.104-03:00 TRACE 90214 --- [backend] [           main] o.h.metamodel.internal.AttributeFactory  : Starting attribute metadata determination [id]
2025-03-29T19:22:35.104-03:00 TRACE 90214 --- [backend] [           main] o.h.metamodel.internal.AttributeFactory  :     Determined member [private java.lang.Long com.duoc.backend.Medication.Medication.id]
2025-03-29T19:22:35.104-03:00 TRACE 90214 --- [backend] [           main] o.h.metamodel.internal.AttributeFactory  :     Determined type [name=long, class=org.hibernate.type.internal.NamedBasicTypeImpl]
2025-03-29T19:22:35.104-03:00 TRACE 90214 --- [backend] [           main] o.h.metamodel.internal.AttributeFactory  : Building attribute [com.duoc.backend.Medication.Medication.cost]
2025-03-29T19:22:35.104-03:00 TRACE 90214 --- [backend] [           main] o.h.metamodel.internal.AttributeFactory  : Starting attribute metadata determination [cost]
2025-03-29T19:22:35.104-03:00 TRACE 90214 --- [backend] [           main] o.h.metamodel.internal.AttributeFactory  :     Determined member [private java.lang.Double com.duoc.backend.Medication.Medication.cost]
2025-03-29T19:22:35.104-03:00 TRACE 90214 --- [backend] [           main] o.h.metamodel.internal.AttributeFactory  :     Determined type [name=double, class=org.hibernate.type.internal.NamedBasicTypeImpl]
2025-03-29T19:22:35.104-03:00 TRACE 90214 --- [backend] [           main] o.h.metamodel.internal.AttributeFactory  : Building attribute [com.duoc.backend.Medication.Medication.name]
2025-03-29T19:22:35.104-03:00 TRACE 90214 --- [backend] [           main] o.h.metamodel.internal.AttributeFactory  : Starting attribute metadata determination [name]
2025-03-29T19:22:35.104-03:00 TRACE 90214 --- [backend] [           main] o.h.metamodel.internal.AttributeFactory  :     Determined member [private java.lang.String com.duoc.backend.Medication.Medication.name]
2025-03-29T19:22:35.104-03:00 TRACE 90214 --- [backend] [           main] o.h.metamodel.internal.AttributeFactory  :     Determined type [name=string, class=org.hibernate.type.internal.NamedBasicTypeImpl]
2025-03-29T19:22:35.104-03:00 TRACE 90214 --- [backend] [           main] o.h.m.m.domain.AbstractIdentifiableType  : Interpreting domain-model identifier descriptor
2025-03-29T19:22:35.104-03:00 TRACE 90214 --- [backend] [           main] o.h.metamodel.internal.MetadataContext   : Completed entity [com.duoc.backend.Medication.Medication]
2025-03-29T19:22:35.104-03:00 TRACE 90214 --- [backend] [           main] o.h.metamodel.internal.MetadataContext   : Starting entity [com.duoc.backend.Care.Care]
2025-03-29T19:22:35.104-03:00 TRACE 90214 --- [backend] [           main] o.h.metamodel.internal.AttributeFactory  : Building identifier attribute [com.duoc.backend.Care.Care.id]
2025-03-29T19:22:35.104-03:00 TRACE 90214 --- [backend] [           main] o.h.metamodel.internal.AttributeFactory  : Starting attribute metadata determination [id]
2025-03-29T19:22:35.104-03:00 TRACE 90214 --- [backend] [           main] o.h.metamodel.internal.AttributeFactory  :     Determined member [private java.lang.Long com.duoc.backend.Care.Care.id]
2025-03-29T19:22:35.104-03:00 TRACE 90214 --- [backend] [           main] o.h.metamodel.internal.AttributeFactory  :     Determined type [name=long, class=org.hibernate.type.internal.NamedBasicTypeImpl]
2025-03-29T19:22:35.104-03:00 TRACE 90214 --- [backend] [           main] o.h.metamodel.internal.AttributeFactory  : Building attribute [com.duoc.backend.Care.Care.cost]
2025-03-29T19:22:35.104-03:00 TRACE 90214 --- [backend] [           main] o.h.metamodel.internal.AttributeFactory  : Starting attribute metadata determination [cost]
2025-03-29T19:22:35.105-03:00 TRACE 90214 --- [backend] [           main] o.h.metamodel.internal.AttributeFactory  :     Determined member [private java.lang.Double com.duoc.backend.Care.Care.cost]
2025-03-29T19:22:35.105-03:00 TRACE 90214 --- [backend] [           main] o.h.metamodel.internal.AttributeFactory  :     Determined type [name=double, class=org.hibernate.type.internal.NamedBasicTypeImpl]
2025-03-29T19:22:35.105-03:00 TRACE 90214 --- [backend] [           main] o.h.metamodel.internal.AttributeFactory  : Building attribute [com.duoc.backend.Care.Care.name]
2025-03-29T19:22:35.105-03:00 TRACE 90214 --- [backend] [           main] o.h.metamodel.internal.AttributeFactory  : Starting attribute metadata determination [name]
2025-03-29T19:22:35.105-03:00 TRACE 90214 --- [backend] [           main] o.h.metamodel.internal.AttributeFactory  :     Determined member [private java.lang.String com.duoc.backend.Care.Care.name]
2025-03-29T19:22:35.105-03:00 TRACE 90214 --- [backend] [           main] o.h.metamodel.internal.AttributeFactory  :     Determined type [name=string, class=org.hibernate.type.internal.NamedBasicTypeImpl]
2025-03-29T19:22:35.105-03:00 TRACE 90214 --- [backend] [           main] o.h.m.m.domain.AbstractIdentifiableType  : Interpreting domain-model identifier descriptor
2025-03-29T19:22:35.105-03:00 TRACE 90214 --- [backend] [           main] o.h.metamodel.internal.MetadataContext   : Completed entity [com.duoc.backend.Care.Care]
2025-03-29T19:22:35.105-03:00 DEBUG 90214 --- [backend] [onnection adder] com.zaxxer.hikari.pool.HikariPool        : HikariPool-1 - After adding stats (total=8, active=0, idle=8, waiting=0)
2025-03-29T19:22:35.107-03:00 TRACE 90214 --- [backend] [           main] o.h.s.i.AbstractServiceRegistryImpl      : Initializing service [role=org.hibernate.engine.transaction.jta.platform.spi.JtaPlatform]
2025-03-29T19:22:35.107-03:00  INFO 90214 --- [backend] [           main] o.h.e.t.j.p.i.JtaPlatformInitiator       : HHH000489: No JTA platform available (set 'hibernate.transaction.jta.platform' to enable JTA platform integration)
2025-03-29T19:22:35.107-03:00 DEBUG 90214 --- [backend] [           main] o.h.type.spi.TypeConfiguration$Scope     : Scoping TypeConfiguration [org.hibernate.type.spi.TypeConfiguration@1bc6c20d] to SessionFactoryImplementor [org.hibernate.internal.SessionFactoryImpl@4353db40]
2025-03-29T19:22:35.107-03:00 DEBUG 90214 --- [backend] [           main] o.h.query.named.NamedObjectRepository    : Checking 0 named HQL queries
2025-03-29T19:22:35.107-03:00 DEBUG 90214 --- [backend] [           main] o.h.query.named.NamedObjectRepository    : Checking 0 named SQL queries
2025-03-29T19:22:35.108-03:00 TRACE 90214 --- [backend] [           main] o.h.s.i.AbstractServiceRegistryImpl      : Initializing service [role=org.hibernate.tool.schema.spi.SchemaManagementTool]
2025-03-29T19:22:35.111-03:00 TRACE 90214 --- [backend] [           main] .e.j.e.i.NormalizingIdentifierHelperImpl : Normalizing identifier quoting [null]
2025-03-29T19:22:35.111-03:00 TRACE 90214 --- [backend] [           main] o.h.s.i.AbstractServiceRegistryImpl      : Initializing service [role=org.hibernate.engine.jdbc.connections.spi.MultiTenantConnectionProvider]
2025-03-29T19:22:35.116-03:00 TRACE 90214 --- [backend] [           main] .e.j.e.i.NormalizingIdentifierHelperImpl : Normalizing identifier quoting for object name [mydatabase]
2025-03-29T19:22:35.116-03:00 TRACE 90214 --- [backend] [           main] .e.j.e.i.NormalizingIdentifierHelperImpl : Rendering unquoted identifier [mydatabase] in mixed case for use in DatabaseMetaData
2025-03-29T19:22:35.120-03:00 DEBUG 90214 --- [backend] [onnection adder] com.zaxxer.hikari.pool.HikariPool        : HikariPool-1 - Added connection com.mysql.cj.jdbc.ConnectionImpl@7699e534
2025-03-29T19:22:35.137-03:00 TRACE 90214 --- [backend] [           main] .e.j.e.i.NormalizingIdentifierHelperImpl : Normalizing identifier quoting for object name [appointment]
2025-03-29T19:22:35.137-03:00 TRACE 90214 --- [backend] [           main] .e.j.e.i.NormalizingIdentifierHelperImpl : Rendering unquoted identifier [appointment] in mixed case for use in DatabaseMetaData
2025-03-29T19:22:35.137-03:00 TRACE 90214 --- [backend] [           main] .e.j.e.i.NormalizingIdentifierHelperImpl : Normalizing identifier quoting for object name [id]
2025-03-29T19:22:35.137-03:00 TRACE 90214 --- [backend] [           main] .e.j.e.i.NormalizingIdentifierHelperImpl : Rendering unquoted identifier [id] in mixed case for use in DatabaseMetaData
2025-03-29T19:22:35.137-03:00 TRACE 90214 --- [backend] [           main] .e.j.e.i.NormalizingIdentifierHelperImpl : Normalizing identifier quoting for object name [date]
2025-03-29T19:22:35.137-03:00 TRACE 90214 --- [backend] [           main] .e.j.e.i.NormalizingIdentifierHelperImpl : Rendering unquoted identifier [date] in mixed case for use in DatabaseMetaData
2025-03-29T19:22:35.137-03:00 TRACE 90214 --- [backend] [           main] .e.j.e.i.NormalizingIdentifierHelperImpl : Normalizing identifier quoting for object name [reason]
2025-03-29T19:22:35.137-03:00 TRACE 90214 --- [backend] [           main] .e.j.e.i.NormalizingIdentifierHelperImpl : Rendering unquoted identifier [reason] in mixed case for use in DatabaseMetaData
2025-03-29T19:22:35.137-03:00 TRACE 90214 --- [backend] [           main] .e.j.e.i.NormalizingIdentifierHelperImpl : Normalizing identifier quoting for object name [time]
2025-03-29T19:22:35.137-03:00 TRACE 90214 --- [backend] [           main] .e.j.e.i.NormalizingIdentifierHelperImpl : Rendering unquoted identifier [time] in mixed case for use in DatabaseMetaData
2025-03-29T19:22:35.137-03:00 TRACE 90214 --- [backend] [           main] .e.j.e.i.NormalizingIdentifierHelperImpl : Normalizing identifier quoting for object name [veterinarian]
2025-03-29T19:22:35.137-03:00 TRACE 90214 --- [backend] [           main] .e.j.e.i.NormalizingIdentifierHelperImpl : Rendering unquoted identifier [veterinarian] in mixed case for use in DatabaseMetaData
2025-03-29T19:22:35.137-03:00 DEBUG 90214 --- [backend] [           main] org.hibernate.mapping.Table              : No alter strings for table : appointment
2025-03-29T19:22:35.137-03:00 TRACE 90214 --- [backend] [           main] .e.j.e.i.NormalizingIdentifierHelperImpl : Normalizing identifier quoting for object name [appointment_seq]
2025-03-29T19:22:35.137-03:00 TRACE 90214 --- [backend] [           main] .e.j.e.i.NormalizingIdentifierHelperImpl : Rendering unquoted identifier [appointment_seq] in mixed case for use in DatabaseMetaData
2025-03-29T19:22:35.137-03:00 TRACE 90214 --- [backend] [           main] .e.j.e.i.NormalizingIdentifierHelperImpl : Normalizing identifier quoting for object name [next_val]
2025-03-29T19:22:35.137-03:00 TRACE 90214 --- [backend] [           main] .e.j.e.i.NormalizingIdentifierHelperImpl : Rendering unquoted identifier [next_val] in mixed case for use in DatabaseMetaData
2025-03-29T19:22:35.137-03:00 DEBUG 90214 --- [backend] [           main] org.hibernate.mapping.Table              : No alter strings for table : appointment_seq
2025-03-29T19:22:35.137-03:00 TRACE 90214 --- [backend] [           main] .e.j.e.i.NormalizingIdentifierHelperImpl : Normalizing identifier quoting for object name [care]
2025-03-29T19:22:35.137-03:00 TRACE 90214 --- [backend] [           main] .e.j.e.i.NormalizingIdentifierHelperImpl : Rendering unquoted identifier [care] in mixed case for use in DatabaseMetaData
2025-03-29T19:22:35.138-03:00 DEBUG 90214 --- [backend] [           main] org.hibernate.SQL                        : create table care (id bigint not null, cost float(53), name varchar(255), primary key (id)) engine=InnoDB
2025-03-29T19:22:35.152-03:00 DEBUG 90214 --- [backend] [onnection adder] com.zaxxer.hikari.pool.HikariPool        : HikariPool-1 - After adding stats (total=9, active=1, idle=8, waiting=0)
2025-03-29T19:22:35.166-03:00 DEBUG 90214 --- [backend] [onnection adder] com.zaxxer.hikari.pool.HikariPool        : HikariPool-1 - Added connection com.mysql.cj.jdbc.ConnectionImpl@4c0b9291
2025-03-29T19:22:35.173-03:00 TRACE 90214 --- [backend] [           main] .e.j.e.i.NormalizingIdentifierHelperImpl : Normalizing identifier quoting for object name [care_seq]
2025-03-29T19:22:35.173-03:00 TRACE 90214 --- [backend] [           main] .e.j.e.i.NormalizingIdentifierHelperImpl : Rendering unquoted identifier [care_seq] in mixed case for use in DatabaseMetaData
2025-03-29T19:22:35.174-03:00 DEBUG 90214 --- [backend] [           main] org.hibernate.SQL                        : create table care_seq (next_val bigint) engine=InnoDB
2025-03-29T19:22:35.183-03:00 DEBUG 90214 --- [backend] [           main] org.hibernate.SQL                        : insert into care_seq values ( 1 )
2025-03-29T19:22:35.187-03:00 TRACE 90214 --- [backend] [           main] .e.j.e.i.NormalizingIdentifierHelperImpl : Normalizing identifier quoting for object name [invoice]
2025-03-29T19:22:35.187-03:00 TRACE 90214 --- [backend] [           main] .e.j.e.i.NormalizingIdentifierHelperImpl : Rendering unquoted identifier [invoice] in mixed case for use in DatabaseMetaData
2025-03-29T19:22:35.187-03:00 DEBUG 90214 --- [backend] [           main] org.hibernate.SQL                        : create table invoice (id bigint not null, date date, patient_name varchar(255), time time(6), total_cost float(53), primary key (id)) engine=InnoDB
2025-03-29T19:22:35.196-03:00 TRACE 90214 --- [backend] [           main] .e.j.e.i.NormalizingIdentifierHelperImpl : Normalizing identifier quoting for object name [invoice_cares]
2025-03-29T19:22:35.196-03:00 TRACE 90214 --- [backend] [           main] .e.j.e.i.NormalizingIdentifierHelperImpl : Rendering unquoted identifier [invoice_cares] in mixed case for use in DatabaseMetaData
2025-03-29T19:22:35.196-03:00 DEBUG 90214 --- [backend] [           main] org.hibernate.SQL                        : create table invoice_cares (invoice_id bigint not null, care_id bigint not null) engine=InnoDB
2025-03-29T19:22:35.201-03:00 DEBUG 90214 --- [backend] [onnection adder] com.zaxxer.hikari.pool.HikariPool        : HikariPool-1 - After adding stats (total=10, active=1, idle=9, waiting=0)
2025-03-29T19:22:35.205-03:00 TRACE 90214 --- [backend] [           main] .e.j.e.i.NormalizingIdentifierHelperImpl : Normalizing identifier quoting for object name [invoice_medications]
2025-03-29T19:22:35.205-03:00 TRACE 90214 --- [backend] [           main] .e.j.e.i.NormalizingIdentifierHelperImpl : Rendering unquoted identifier [invoice_medications] in mixed case for use in DatabaseMetaData
2025-03-29T19:22:35.205-03:00 DEBUG 90214 --- [backend] [           main] org.hibernate.SQL                        : create table invoice_medications (invoice_id bigint not null, medication_id bigint not null) engine=InnoDB
2025-03-29T19:22:35.215-03:00 TRACE 90214 --- [backend] [           main] .e.j.e.i.NormalizingIdentifierHelperImpl : Normalizing identifier quoting for object name [invoice_seq]
2025-03-29T19:22:35.215-03:00 TRACE 90214 --- [backend] [           main] .e.j.e.i.NormalizingIdentifierHelperImpl : Rendering unquoted identifier [invoice_seq] in mixed case for use in DatabaseMetaData
2025-03-29T19:22:35.215-03:00 DEBUG 90214 --- [backend] [           main] org.hibernate.SQL                        : create table invoice_seq (next_val bigint) engine=InnoDB
2025-03-29T19:22:35.222-03:00 DEBUG 90214 --- [backend] [           main] org.hibernate.SQL                        : insert into invoice_seq values ( 1 )
2025-03-29T19:22:35.224-03:00 TRACE 90214 --- [backend] [           main] .e.j.e.i.NormalizingIdentifierHelperImpl : Normalizing identifier quoting for object name [medication]
2025-03-29T19:22:35.224-03:00 TRACE 90214 --- [backend] [           main] .e.j.e.i.NormalizingIdentifierHelperImpl : Rendering unquoted identifier [medication] in mixed case for use in DatabaseMetaData
2025-03-29T19:22:35.224-03:00 DEBUG 90214 --- [backend] [           main] org.hibernate.SQL                        : create table medication (id bigint not null, cost float(53), name varchar(255), primary key (id)) engine=InnoDB
2025-03-29T19:22:35.231-03:00 TRACE 90214 --- [backend] [           main] .e.j.e.i.NormalizingIdentifierHelperImpl : Normalizing identifier quoting for object name [medication_seq]
2025-03-29T19:22:35.231-03:00 TRACE 90214 --- [backend] [           main] .e.j.e.i.NormalizingIdentifierHelperImpl : Rendering unquoted identifier [medication_seq] in mixed case for use in DatabaseMetaData
2025-03-29T19:22:35.232-03:00 DEBUG 90214 --- [backend] [           main] org.hibernate.SQL                        : create table medication_seq (next_val bigint) engine=InnoDB
2025-03-29T19:22:35.239-03:00 DEBUG 90214 --- [backend] [           main] org.hibernate.SQL                        : insert into medication_seq values ( 1 )
2025-03-29T19:22:35.242-03:00 TRACE 90214 --- [backend] [           main] .e.j.e.i.NormalizingIdentifierHelperImpl : Normalizing identifier quoting for object name [patient]
2025-03-29T19:22:35.242-03:00 TRACE 90214 --- [backend] [           main] .e.j.e.i.NormalizingIdentifierHelperImpl : Rendering unquoted identifier [patient] in mixed case for use in DatabaseMetaData
2025-03-29T19:22:35.242-03:00 TRACE 90214 --- [backend] [           main] .e.j.e.i.NormalizingIdentifierHelperImpl : Normalizing identifier quoting for object name [id]
2025-03-29T19:22:35.242-03:00 TRACE 90214 --- [backend] [           main] .e.j.e.i.NormalizingIdentifierHelperImpl : Rendering unquoted identifier [id] in mixed case for use in DatabaseMetaData
2025-03-29T19:22:35.242-03:00 TRACE 90214 --- [backend] [           main] .e.j.e.i.NormalizingIdentifierHelperImpl : Normalizing identifier quoting for object name [age]
2025-03-29T19:22:35.242-03:00 TRACE 90214 --- [backend] [           main] .e.j.e.i.NormalizingIdentifierHelperImpl : Rendering unquoted identifier [age] in mixed case for use in DatabaseMetaData
2025-03-29T19:22:35.242-03:00 TRACE 90214 --- [backend] [           main] .e.j.e.i.NormalizingIdentifierHelperImpl : Normalizing identifier quoting for object name [breed]
2025-03-29T19:22:35.242-03:00 TRACE 90214 --- [backend] [           main] .e.j.e.i.NormalizingIdentifierHelperImpl : Rendering unquoted identifier [breed] in mixed case for use in DatabaseMetaData
2025-03-29T19:22:35.242-03:00 TRACE 90214 --- [backend] [           main] .e.j.e.i.NormalizingIdentifierHelperImpl : Normalizing identifier quoting for object name [name]
2025-03-29T19:22:35.242-03:00 TRACE 90214 --- [backend] [           main] .e.j.e.i.NormalizingIdentifierHelperImpl : Rendering unquoted identifier [name] in mixed case for use in DatabaseMetaData
2025-03-29T19:22:35.242-03:00 TRACE 90214 --- [backend] [           main] .e.j.e.i.NormalizingIdentifierHelperImpl : Normalizing identifier quoting for object name [owner]
2025-03-29T19:22:35.242-03:00 TRACE 90214 --- [backend] [           main] .e.j.e.i.NormalizingIdentifierHelperImpl : Rendering unquoted identifier [owner] in mixed case for use in DatabaseMetaData
2025-03-29T19:22:35.242-03:00 TRACE 90214 --- [backend] [           main] .e.j.e.i.NormalizingIdentifierHelperImpl : Normalizing identifier quoting for object name [species]
2025-03-29T19:22:35.242-03:00 TRACE 90214 --- [backend] [           main] .e.j.e.i.NormalizingIdentifierHelperImpl : Rendering unquoted identifier [species] in mixed case for use in DatabaseMetaData
2025-03-29T19:22:35.242-03:00 DEBUG 90214 --- [backend] [           main] org.hibernate.mapping.Table              : No alter strings for table : patient
2025-03-29T19:22:35.242-03:00 TRACE 90214 --- [backend] [           main] .e.j.e.i.NormalizingIdentifierHelperImpl : Normalizing identifier quoting for object name [patient_seq]
2025-03-29T19:22:35.242-03:00 TRACE 90214 --- [backend] [           main] .e.j.e.i.NormalizingIdentifierHelperImpl : Rendering unquoted identifier [patient_seq] in mixed case for use in DatabaseMetaData
2025-03-29T19:22:35.242-03:00 TRACE 90214 --- [backend] [           main] .e.j.e.i.NormalizingIdentifierHelperImpl : Normalizing identifier quoting for object name [next_val]
2025-03-29T19:22:35.242-03:00 TRACE 90214 --- [backend] [           main] .e.j.e.i.NormalizingIdentifierHelperImpl : Rendering unquoted identifier [next_val] in mixed case for use in DatabaseMetaData
2025-03-29T19:22:35.242-03:00 DEBUG 90214 --- [backend] [           main] org.hibernate.mapping.Table              : No alter strings for table : patient_seq
2025-03-29T19:22:35.242-03:00 TRACE 90214 --- [backend] [           main] .e.j.e.i.NormalizingIdentifierHelperImpl : Normalizing identifier quoting for object name [user]
2025-03-29T19:22:35.242-03:00 TRACE 90214 --- [backend] [           main] .e.j.e.i.NormalizingIdentifierHelperImpl : Rendering unquoted identifier [user] in mixed case for use in DatabaseMetaData
2025-03-29T19:22:35.242-03:00 TRACE 90214 --- [backend] [           main] .e.j.e.i.NormalizingIdentifierHelperImpl : Normalizing identifier quoting for object name [id]
2025-03-29T19:22:35.242-03:00 TRACE 90214 --- [backend] [           main] .e.j.e.i.NormalizingIdentifierHelperImpl : Rendering unquoted identifier [id] in mixed case for use in DatabaseMetaData
2025-03-29T19:22:35.242-03:00 TRACE 90214 --- [backend] [           main] .e.j.e.i.NormalizingIdentifierHelperImpl : Normalizing identifier quoting for object name [email]
2025-03-29T19:22:35.242-03:00 TRACE 90214 --- [backend] [           main] .e.j.e.i.NormalizingIdentifierHelperImpl : Rendering unquoted identifier [email] in mixed case for use in DatabaseMetaData
2025-03-29T19:22:35.242-03:00 TRACE 90214 --- [backend] [           main] .e.j.e.i.NormalizingIdentifierHelperImpl : Normalizing identifier quoting for object name [password]
2025-03-29T19:22:35.242-03:00 TRACE 90214 --- [backend] [           main] .e.j.e.i.NormalizingIdentifierHelperImpl : Rendering unquoted identifier [password] in mixed case for use in DatabaseMetaData
2025-03-29T19:22:35.242-03:00 TRACE 90214 --- [backend] [           main] .e.j.e.i.NormalizingIdentifierHelperImpl : Normalizing identifier quoting for object name [username]
2025-03-29T19:22:35.242-03:00 TRACE 90214 --- [backend] [           main] .e.j.e.i.NormalizingIdentifierHelperImpl : Rendering unquoted identifier [username] in mixed case for use in DatabaseMetaData
2025-03-29T19:22:35.242-03:00 DEBUG 90214 --- [backend] [           main] org.hibernate.mapping.Table              : No alter strings for table : user
2025-03-29T19:22:35.242-03:00 TRACE 90214 --- [backend] [           main] .e.j.e.i.NormalizingIdentifierHelperImpl : Normalizing identifier quoting for object name [user_seq]
2025-03-29T19:22:35.242-03:00 TRACE 90214 --- [backend] [           main] .e.j.e.i.NormalizingIdentifierHelperImpl : Rendering unquoted identifier [user_seq] in mixed case for use in DatabaseMetaData
2025-03-29T19:22:35.242-03:00 TRACE 90214 --- [backend] [           main] .e.j.e.i.NormalizingIdentifierHelperImpl : Normalizing identifier quoting for object name [next_val]
2025-03-29T19:22:35.242-03:00 TRACE 90214 --- [backend] [           main] .e.j.e.i.NormalizingIdentifierHelperImpl : Rendering unquoted identifier [next_val] in mixed case for use in DatabaseMetaData
2025-03-29T19:22:35.242-03:00 DEBUG 90214 --- [backend] [           main] org.hibernate.mapping.Table              : No alter strings for table : user_seq
2025-03-29T19:22:35.242-03:00 TRACE 90214 --- [backend] [           main] .e.j.e.i.NormalizingIdentifierHelperImpl : Normalizing identifier quoting for object name [appointment]
2025-03-29T19:22:35.242-03:00 TRACE 90214 --- [backend] [           main] .e.j.e.i.NormalizingIdentifierHelperImpl : Rendering unquoted identifier [appointment] in mixed case for use in DatabaseMetaData
2025-03-29T19:22:35.242-03:00 TRACE 90214 --- [backend] [           main] t.s.UniqueConstraintSchemaUpdateStrategy : Interpreting UniqueConstraintSchemaUpdateStrategy from setting : null
2025-03-29T19:22:35.242-03:00 TRACE 90214 --- [backend] [           main] .e.j.e.i.NormalizingIdentifierHelperImpl : Normalizing identifier quoting for object name [appointment_seq]
2025-03-29T19:22:35.242-03:00 TRACE 90214 --- [backend] [           main] .e.j.e.i.NormalizingIdentifierHelperImpl : Rendering unquoted identifier [appointment_seq] in mixed case for use in DatabaseMetaData
2025-03-29T19:22:35.242-03:00 TRACE 90214 --- [backend] [           main] .e.j.e.i.NormalizingIdentifierHelperImpl : Normalizing identifier quoting for object name [care]
2025-03-29T19:22:35.242-03:00 TRACE 90214 --- [backend] [           main] .e.j.e.i.NormalizingIdentifierHelperImpl : Rendering unquoted identifier [care] in mixed case for use in DatabaseMetaData
2025-03-29T19:22:35.242-03:00 TRACE 90214 --- [backend] [           main] .e.j.e.i.NormalizingIdentifierHelperImpl : Normalizing identifier quoting for object name [care_seq]
2025-03-29T19:22:35.242-03:00 TRACE 90214 --- [backend] [           main] .e.j.e.i.NormalizingIdentifierHelperImpl : Rendering unquoted identifier [care_seq] in mixed case for use in DatabaseMetaData
2025-03-29T19:22:35.242-03:00 TRACE 90214 --- [backend] [           main] .e.j.e.i.NormalizingIdentifierHelperImpl : Normalizing identifier quoting for object name [invoice]
2025-03-29T19:22:35.242-03:00 TRACE 90214 --- [backend] [           main] .e.j.e.i.NormalizingIdentifierHelperImpl : Rendering unquoted identifier [invoice] in mixed case for use in DatabaseMetaData
2025-03-29T19:22:35.242-03:00 TRACE 90214 --- [backend] [           main] .e.j.e.i.NormalizingIdentifierHelperImpl : Normalizing identifier quoting for object name [invoice_cares]
2025-03-29T19:22:35.243-03:00 TRACE 90214 --- [backend] [           main] .e.j.e.i.NormalizingIdentifierHelperImpl : Rendering unquoted identifier [invoice_cares] in mixed case for use in DatabaseMetaData
2025-03-29T19:22:35.243-03:00 TRACE 90214 --- [backend] [           main] .e.j.e.i.NormalizingIdentifierHelperImpl : Normalizing identifier quoting for object name [invoice_medications]
2025-03-29T19:22:35.243-03:00 TRACE 90214 --- [backend] [           main] .e.j.e.i.NormalizingIdentifierHelperImpl : Rendering unquoted identifier [invoice_medications] in mixed case for use in DatabaseMetaData
2025-03-29T19:22:35.243-03:00 TRACE 90214 --- [backend] [           main] .e.j.e.i.NormalizingIdentifierHelperImpl : Normalizing identifier quoting for object name [invoice_seq]
2025-03-29T19:22:35.243-03:00 TRACE 90214 --- [backend] [           main] .e.j.e.i.NormalizingIdentifierHelperImpl : Rendering unquoted identifier [invoice_seq] in mixed case for use in DatabaseMetaData
2025-03-29T19:22:35.243-03:00 TRACE 90214 --- [backend] [           main] .e.j.e.i.NormalizingIdentifierHelperImpl : Normalizing identifier quoting for object name [medication]
2025-03-29T19:22:35.243-03:00 TRACE 90214 --- [backend] [           main] .e.j.e.i.NormalizingIdentifierHelperImpl : Rendering unquoted identifier [medication] in mixed case for use in DatabaseMetaData
2025-03-29T19:22:35.243-03:00 TRACE 90214 --- [backend] [           main] .e.j.e.i.NormalizingIdentifierHelperImpl : Normalizing identifier quoting for object name [medication_seq]
2025-03-29T19:22:35.243-03:00 TRACE 90214 --- [backend] [           main] .e.j.e.i.NormalizingIdentifierHelperImpl : Rendering unquoted identifier [medication_seq] in mixed case for use in DatabaseMetaData
2025-03-29T19:22:35.243-03:00 TRACE 90214 --- [backend] [           main] .e.j.e.i.NormalizingIdentifierHelperImpl : Normalizing identifier quoting for object name [patient]
2025-03-29T19:22:35.243-03:00 TRACE 90214 --- [backend] [           main] .e.j.e.i.NormalizingIdentifierHelperImpl : Rendering unquoted identifier [patient] in mixed case for use in DatabaseMetaData
2025-03-29T19:22:35.243-03:00 TRACE 90214 --- [backend] [           main] .e.j.e.i.NormalizingIdentifierHelperImpl : Normalizing identifier quoting for object name [patient_seq]
2025-03-29T19:22:35.243-03:00 TRACE 90214 --- [backend] [           main] .e.j.e.i.NormalizingIdentifierHelperImpl : Rendering unquoted identifier [patient_seq] in mixed case for use in DatabaseMetaData
2025-03-29T19:22:35.243-03:00 TRACE 90214 --- [backend] [           main] .e.j.e.i.NormalizingIdentifierHelperImpl : Normalizing identifier quoting for object name [user]
2025-03-29T19:22:35.243-03:00 TRACE 90214 --- [backend] [           main] .e.j.e.i.NormalizingIdentifierHelperImpl : Rendering unquoted identifier [user] in mixed case for use in DatabaseMetaData
2025-03-29T19:22:35.243-03:00 TRACE 90214 --- [backend] [           main] .e.j.e.i.NormalizingIdentifierHelperImpl : Normalizing identifier quoting for object name [user_seq]
2025-03-29T19:22:35.243-03:00 TRACE 90214 --- [backend] [           main] .e.j.e.i.NormalizingIdentifierHelperImpl : Rendering unquoted identifier [user_seq] in mixed case for use in DatabaseMetaData
2025-03-29T19:22:35.243-03:00 TRACE 90214 --- [backend] [           main] .e.j.e.i.NormalizingIdentifierHelperImpl : Normalizing identifier quoting for object name [appointment]
2025-03-29T19:22:35.243-03:00 TRACE 90214 --- [backend] [           main] .e.j.e.i.NormalizingIdentifierHelperImpl : Rendering unquoted identifier [appointment] in mixed case for use in DatabaseMetaData
2025-03-29T19:22:35.243-03:00 TRACE 90214 --- [backend] [           main] .e.j.e.i.NormalizingIdentifierHelperImpl : Normalizing identifier quoting for object name [appointment_seq]
2025-03-29T19:22:35.243-03:00 TRACE 90214 --- [backend] [           main] .e.j.e.i.NormalizingIdentifierHelperImpl : Rendering unquoted identifier [appointment_seq] in mixed case for use in DatabaseMetaData
2025-03-29T19:22:35.243-03:00 TRACE 90214 --- [backend] [           main] .e.j.e.i.NormalizingIdentifierHelperImpl : Normalizing identifier quoting for object name [care]
2025-03-29T19:22:35.243-03:00 TRACE 90214 --- [backend] [           main] .e.j.e.i.NormalizingIdentifierHelperImpl : Rendering unquoted identifier [care] in mixed case for use in DatabaseMetaData
2025-03-29T19:22:35.243-03:00 TRACE 90214 --- [backend] [           main] .e.j.e.i.NormalizingIdentifierHelperImpl : Normalizing identifier quoting for object name [care_seq]
2025-03-29T19:22:35.243-03:00 TRACE 90214 --- [backend] [           main] .e.j.e.i.NormalizingIdentifierHelperImpl : Rendering unquoted identifier [care_seq] in mixed case for use in DatabaseMetaData
2025-03-29T19:22:35.243-03:00 TRACE 90214 --- [backend] [           main] .e.j.e.i.NormalizingIdentifierHelperImpl : Normalizing identifier quoting for object name [invoice]
2025-03-29T19:22:35.243-03:00 TRACE 90214 --- [backend] [           main] .e.j.e.i.NormalizingIdentifierHelperImpl : Rendering unquoted identifier [invoice] in mixed case for use in DatabaseMetaData
2025-03-29T19:22:35.243-03:00 TRACE 90214 --- [backend] [           main] .e.j.e.i.NormalizingIdentifierHelperImpl : Normalizing identifier quoting for object name [invoice_cares]
2025-03-29T19:22:35.243-03:00 TRACE 90214 --- [backend] [           main] .e.j.e.i.NormalizingIdentifierHelperImpl : Rendering unquoted identifier [invoice_cares] in mixed case for use in DatabaseMetaData
2025-03-29T19:22:35.243-03:00 DEBUG 90214 --- [backend] [           main] org.hibernate.SQL                        : alter table invoice_cares add constraint FKau8qu4t7d1osbj4ppqc5i8rt3 foreign key (care_id) references care (id)
2025-03-29T19:22:35.269-03:00 DEBUG 90214 --- [backend] [           main] org.hibernate.SQL                        : alter table invoice_cares add constraint FK462enuejhe9cpr95ort9dw2ge foreign key (invoice_id) references invoice (id)
2025-03-29T19:22:35.290-03:00 TRACE 90214 --- [backend] [           main] .e.j.e.i.NormalizingIdentifierHelperImpl : Normalizing identifier quoting for object name [invoice_medications]
2025-03-29T19:22:35.290-03:00 TRACE 90214 --- [backend] [           main] .e.j.e.i.NormalizingIdentifierHelperImpl : Rendering unquoted identifier [invoice_medications] in mixed case for use in DatabaseMetaData
2025-03-29T19:22:35.290-03:00 DEBUG 90214 --- [backend] [           main] org.hibernate.SQL                        : alter table invoice_medications add constraint FK70p3bm50fy9tra0n95uviilxo foreign key (medication_id) references medication (id)
2025-03-29T19:22:35.314-03:00 DEBUG 90214 --- [backend] [           main] org.hibernate.SQL                        : alter table invoice_medications add constraint FKa6gx5dg1pt76eye9jwrcy2agv foreign key (invoice_id) references invoice (id)
2025-03-29T19:22:35.333-03:00 TRACE 90214 --- [backend] [           main] .e.j.e.i.NormalizingIdentifierHelperImpl : Normalizing identifier quoting for object name [invoice_seq]
2025-03-29T19:22:35.333-03:00 TRACE 90214 --- [backend] [           main] .e.j.e.i.NormalizingIdentifierHelperImpl : Rendering unquoted identifier [invoice_seq] in mixed case for use in DatabaseMetaData
2025-03-29T19:22:35.333-03:00 TRACE 90214 --- [backend] [           main] .e.j.e.i.NormalizingIdentifierHelperImpl : Normalizing identifier quoting for object name [medication]
2025-03-29T19:22:35.333-03:00 TRACE 90214 --- [backend] [           main] .e.j.e.i.NormalizingIdentifierHelperImpl : Rendering unquoted identifier [medication] in mixed case for use in DatabaseMetaData
2025-03-29T19:22:35.333-03:00 TRACE 90214 --- [backend] [           main] .e.j.e.i.NormalizingIdentifierHelperImpl : Normalizing identifier quoting for object name [medication_seq]
2025-03-29T19:22:35.333-03:00 TRACE 90214 --- [backend] [           main] .e.j.e.i.NormalizingIdentifierHelperImpl : Rendering unquoted identifier [medication_seq] in mixed case for use in DatabaseMetaData
2025-03-29T19:22:35.333-03:00 TRACE 90214 --- [backend] [           main] .e.j.e.i.NormalizingIdentifierHelperImpl : Normalizing identifier quoting for object name [patient]
2025-03-29T19:22:35.333-03:00 TRACE 90214 --- [backend] [           main] .e.j.e.i.NormalizingIdentifierHelperImpl : Rendering unquoted identifier [patient] in mixed case for use in DatabaseMetaData
2025-03-29T19:22:35.333-03:00 TRACE 90214 --- [backend] [           main] .e.j.e.i.NormalizingIdentifierHelperImpl : Normalizing identifier quoting for object name [patient_seq]
2025-03-29T19:22:35.333-03:00 TRACE 90214 --- [backend] [           main] .e.j.e.i.NormalizingIdentifierHelperImpl : Rendering unquoted identifier [patient_seq] in mixed case for use in DatabaseMetaData
2025-03-29T19:22:35.333-03:00 TRACE 90214 --- [backend] [           main] .e.j.e.i.NormalizingIdentifierHelperImpl : Normalizing identifier quoting for object name [user]
2025-03-29T19:22:35.333-03:00 TRACE 90214 --- [backend] [           main] .e.j.e.i.NormalizingIdentifierHelperImpl : Rendering unquoted identifier [user] in mixed case for use in DatabaseMetaData
2025-03-29T19:22:35.333-03:00 TRACE 90214 --- [backend] [           main] .e.j.e.i.NormalizingIdentifierHelperImpl : Normalizing identifier quoting for object name [user_seq]
2025-03-29T19:22:35.333-03:00 TRACE 90214 --- [backend] [           main] .e.j.e.i.NormalizingIdentifierHelperImpl : Rendering unquoted identifier [user_seq] in mixed case for use in DatabaseMetaData
2025-03-29T19:22:35.334-03:00 DEBUG 90214 --- [backend] [           main] o.h.internal.SessionFactoryRegistry      : Initializing SessionFactoryRegistry : org.hibernate.internal.SessionFactoryRegistry@2f69d246
2025-03-29T19:22:35.334-03:00 DEBUG 90214 --- [backend] [           main] o.h.internal.SessionFactoryRegistry      : Registering SessionFactory: 1d69f48a-2cbe-4f2d-9192-2c4af9c432e1 (<unnamed>)
2025-03-29T19:22:35.334-03:00 DEBUG 90214 --- [backend] [           main] o.h.internal.SessionFactoryRegistry      : Not binding SessionFactory to JNDI, no JNDI name configured
2025-03-29T19:22:35.334-03:00 TRACE 90214 --- [backend] [           main] o.h.type.spi.TypeConfiguration$Scope     : Handling #sessionFactoryCreated from [org.hibernate.internal.SessionFactoryImpl@4353db40] for TypeConfiguration
2025-03-29T19:22:35.334-03:00 DEBUG 90214 --- [backend] [           main] o.hibernate.internal.SessionFactoryImpl  : Instantiated SessionFactory
2025-03-29T19:22:35.334-03:00  INFO 90214 --- [backend] [           main] j.LocalContainerEntityManagerFactoryBean : Initialized JPA EntityManagerFactory for persistence unit 'default'
2025-03-29T19:22:35.374-03:00 TRACE 90214 --- [backend] [           main] .i.SessionFactoryImpl$SessionBuilderImpl : Opening Hibernate Session.  tenant=null
2025-03-29T19:22:35.384-03:00 TRACE 90214 --- [backend] [           main] o.h.s.i.AbstractServiceRegistryImpl      : Initializing service [role=org.hibernate.stat.spi.StatisticsImplementor]
2025-03-29T19:22:35.386-03:00 DEBUG 90214 --- [backend] [           main] o.h.stat.internal.StatisticsInitiator    : Statistics initialized [enabled=false]
2025-03-29T19:22:35.387-03:00 TRACE 90214 --- [backend] [           main] org.hibernate.internal.SessionImpl       : Opened Session [ace90692-bfa2-4a0e-a964-e8e3feedba24] at timestamp: 1743286955387
2025-03-29T19:22:35.388-03:00 TRACE 90214 --- [backend] [           main] org.hibernate.internal.SessionImpl       : Closing session [ace90692-bfa2-4a0e-a964-e8e3feedba24]
2025-03-29T19:22:35.388-03:00 TRACE 90214 --- [backend] [           main] o.h.e.jdbc.internal.JdbcCoordinatorImpl  : Closing JDBC container [org.hibernate.engine.jdbc.internal.JdbcCoordinatorImpl@28c00acd]
2025-03-29T19:22:35.388-03:00 TRACE 90214 --- [backend] [           main] o.h.r.j.i.ResourceRegistryStandardImpl   : Releasing JDBC resources
2025-03-29T19:22:35.388-03:00 TRACE 90214 --- [backend] [           main] o.h.r.j.i.LogicalConnectionManagedImpl   : Closing logical connection
2025-03-29T19:22:35.388-03:00 TRACE 90214 --- [backend] [           main] o.h.r.j.i.LogicalConnectionManagedImpl   : Logical connection closed
2025-03-29T19:22:35.388-03:00 TRACE 90214 --- [backend] [           main] .i.SessionFactoryImpl$SessionBuilderImpl : Opening Hibernate Session.  tenant=null
2025-03-29T19:22:35.388-03:00 TRACE 90214 --- [backend] [           main] org.hibernate.internal.SessionImpl       : Opened Session [1658bbad-caa2-47b3-945f-48ad58bb2928] at timestamp: 1743286955388
2025-03-29T19:22:35.388-03:00 TRACE 90214 --- [backend] [           main] org.hibernate.internal.SessionImpl       : Closing session [1658bbad-caa2-47b3-945f-48ad58bb2928]
2025-03-29T19:22:35.388-03:00 TRACE 90214 --- [backend] [           main] o.h.e.jdbc.internal.JdbcCoordinatorImpl  : Closing JDBC container [org.hibernate.engine.jdbc.internal.JdbcCoordinatorImpl@2267b0bb]
2025-03-29T19:22:35.388-03:00 TRACE 90214 --- [backend] [           main] o.h.r.j.i.ResourceRegistryStandardImpl   : Releasing JDBC resources
2025-03-29T19:22:35.388-03:00 TRACE 90214 --- [backend] [           main] o.h.r.j.i.LogicalConnectionManagedImpl   : Closing logical connection
2025-03-29T19:22:35.388-03:00 TRACE 90214 --- [backend] [           main] o.h.r.j.i.LogicalConnectionManagedImpl   : Logical connection closed
2025-03-29T19:22:35.406-03:00 TRACE 90214 --- [backend] [           main] .i.SessionFactoryImpl$SessionBuilderImpl : Opening Hibernate Session.  tenant=null
2025-03-29T19:22:35.406-03:00 TRACE 90214 --- [backend] [           main] org.hibernate.internal.SessionImpl       : Opened Session [2f0b5c6b-1a11-4016-a086-0e8479f201a8] at timestamp: 1743286955406
2025-03-29T19:22:35.406-03:00 TRACE 90214 --- [backend] [           main] org.hibernate.internal.SessionImpl       : Closing session [2f0b5c6b-1a11-4016-a086-0e8479f201a8]
2025-03-29T19:22:35.406-03:00 TRACE 90214 --- [backend] [           main] o.h.e.jdbc.internal.JdbcCoordinatorImpl  : Closing JDBC container [org.hibernate.engine.jdbc.internal.JdbcCoordinatorImpl@7b9b6a56]
2025-03-29T19:22:35.406-03:00 TRACE 90214 --- [backend] [           main] o.h.r.j.i.ResourceRegistryStandardImpl   : Releasing JDBC resources
2025-03-29T19:22:35.406-03:00 TRACE 90214 --- [backend] [           main] o.h.r.j.i.LogicalConnectionManagedImpl   : Closing logical connection
2025-03-29T19:22:35.406-03:00 TRACE 90214 --- [backend] [           main] o.h.r.j.i.LogicalConnectionManagedImpl   : Logical connection closed
2025-03-29T19:22:35.418-03:00 TRACE 90214 --- [backend] [           main] .i.SessionFactoryImpl$SessionBuilderImpl : Opening Hibernate Session.  tenant=null
2025-03-29T19:22:35.419-03:00 TRACE 90214 --- [backend] [           main] org.hibernate.internal.SessionImpl       : Opened Session [9cf4be39-60f7-486b-b746-3e2e496261c6] at timestamp: 1743286955419
2025-03-29T19:22:35.419-03:00 TRACE 90214 --- [backend] [           main] org.hibernate.internal.SessionImpl       : Closing session [9cf4be39-60f7-486b-b746-3e2e496261c6]
2025-03-29T19:22:35.419-03:00 TRACE 90214 --- [backend] [           main] o.h.e.jdbc.internal.JdbcCoordinatorImpl  : Closing JDBC container [org.hibernate.engine.jdbc.internal.JdbcCoordinatorImpl@24fb8317]
2025-03-29T19:22:35.419-03:00 TRACE 90214 --- [backend] [           main] o.h.r.j.i.ResourceRegistryStandardImpl   : Releasing JDBC resources
2025-03-29T19:22:35.419-03:00 TRACE 90214 --- [backend] [           main] o.h.r.j.i.LogicalConnectionManagedImpl   : Closing logical connection
2025-03-29T19:22:35.419-03:00 TRACE 90214 --- [backend] [           main] o.h.r.j.i.LogicalConnectionManagedImpl   : Logical connection closed
2025-03-29T19:22:35.420-03:00 TRACE 90214 --- [backend] [           main] .i.SessionFactoryImpl$SessionBuilderImpl : Opening Hibernate Session.  tenant=null
2025-03-29T19:22:35.420-03:00 TRACE 90214 --- [backend] [           main] org.hibernate.internal.SessionImpl       : Opened Session [0e39f2bc-0e70-42be-8aaa-c8853b173c91] at timestamp: 1743286955420
2025-03-29T19:22:35.420-03:00 TRACE 90214 --- [backend] [           main] org.hibernate.internal.SessionImpl       : Closing session [0e39f2bc-0e70-42be-8aaa-c8853b173c91]
2025-03-29T19:22:35.420-03:00 TRACE 90214 --- [backend] [           main] o.h.e.jdbc.internal.JdbcCoordinatorImpl  : Closing JDBC container [org.hibernate.engine.jdbc.internal.JdbcCoordinatorImpl@2a4f1bc5]
2025-03-29T19:22:35.420-03:00 TRACE 90214 --- [backend] [           main] o.h.r.j.i.ResourceRegistryStandardImpl   : Releasing JDBC resources
2025-03-29T19:22:35.420-03:00 TRACE 90214 --- [backend] [           main] o.h.r.j.i.LogicalConnectionManagedImpl   : Closing logical connection
2025-03-29T19:22:35.420-03:00 TRACE 90214 --- [backend] [           main] o.h.r.j.i.LogicalConnectionManagedImpl   : Logical connection closed
2025-03-29T19:22:35.423-03:00 TRACE 90214 --- [backend] [           main] .i.SessionFactoryImpl$SessionBuilderImpl : Opening Hibernate Session.  tenant=null
2025-03-29T19:22:35.423-03:00 TRACE 90214 --- [backend] [           main] org.hibernate.internal.SessionImpl       : Opened Session [2e596537-cf4d-40a6-933d-30da5901bb14] at timestamp: 1743286955423
2025-03-29T19:22:35.423-03:00 TRACE 90214 --- [backend] [           main] org.hibernate.internal.SessionImpl       : Closing session [2e596537-cf4d-40a6-933d-30da5901bb14]
2025-03-29T19:22:35.423-03:00 TRACE 90214 --- [backend] [           main] o.h.e.jdbc.internal.JdbcCoordinatorImpl  : Closing JDBC container [org.hibernate.engine.jdbc.internal.JdbcCoordinatorImpl@30d2f9ea]
2025-03-29T19:22:35.423-03:00 TRACE 90214 --- [backend] [           main] o.h.r.j.i.ResourceRegistryStandardImpl   : Releasing JDBC resources
2025-03-29T19:22:35.423-03:00 TRACE 90214 --- [backend] [           main] o.h.r.j.i.LogicalConnectionManagedImpl   : Closing logical connection
2025-03-29T19:22:35.423-03:00 TRACE 90214 --- [backend] [           main] o.h.r.j.i.LogicalConnectionManagedImpl   : Logical connection closed
2025-03-29T19:22:35.426-03:00 TRACE 90214 --- [backend] [           main] .i.SessionFactoryImpl$SessionBuilderImpl : Opening Hibernate Session.  tenant=null
2025-03-29T19:22:35.426-03:00 TRACE 90214 --- [backend] [           main] org.hibernate.internal.SessionImpl       : Opened Session [596cf8a4-1a15-497d-859a-9c8b14dc53aa] at timestamp: 1743286955426
2025-03-29T19:22:35.427-03:00 TRACE 90214 --- [backend] [           main] org.hibernate.internal.SessionImpl       : Closing session [596cf8a4-1a15-497d-859a-9c8b14dc53aa]
2025-03-29T19:22:35.427-03:00 TRACE 90214 --- [backend] [           main] o.h.e.jdbc.internal.JdbcCoordinatorImpl  : Closing JDBC container [org.hibernate.engine.jdbc.internal.JdbcCoordinatorImpl@7d3faf1d]
2025-03-29T19:22:35.427-03:00 TRACE 90214 --- [backend] [           main] o.h.r.j.i.ResourceRegistryStandardImpl   : Releasing JDBC resources
2025-03-29T19:22:35.427-03:00 TRACE 90214 --- [backend] [           main] o.h.r.j.i.LogicalConnectionManagedImpl   : Closing logical connection
2025-03-29T19:22:35.427-03:00 TRACE 90214 --- [backend] [           main] o.h.r.j.i.LogicalConnectionManagedImpl   : Logical connection closed
2025-03-29T19:22:35.429-03:00 TRACE 90214 --- [backend] [           main] .i.SessionFactoryImpl$SessionBuilderImpl : Opening Hibernate Session.  tenant=null
2025-03-29T19:22:35.429-03:00 TRACE 90214 --- [backend] [           main] org.hibernate.internal.SessionImpl       : Opened Session [33663377-6b0e-47f9-8230-b2b97a0f6d42] at timestamp: 1743286955429
2025-03-29T19:22:35.429-03:00 TRACE 90214 --- [backend] [           main] org.hibernate.internal.SessionImpl       : Closing session [33663377-6b0e-47f9-8230-b2b97a0f6d42]
2025-03-29T19:22:35.429-03:00 TRACE 90214 --- [backend] [           main] o.h.e.jdbc.internal.JdbcCoordinatorImpl  : Closing JDBC container [org.hibernate.engine.jdbc.internal.JdbcCoordinatorImpl@227c0cf7]
2025-03-29T19:22:35.429-03:00 TRACE 90214 --- [backend] [           main] o.h.r.j.i.ResourceRegistryStandardImpl   : Releasing JDBC resources
2025-03-29T19:22:35.429-03:00 TRACE 90214 --- [backend] [           main] o.h.r.j.i.LogicalConnectionManagedImpl   : Closing logical connection
2025-03-29T19:22:35.429-03:00 TRACE 90214 --- [backend] [           main] o.h.r.j.i.LogicalConnectionManagedImpl   : Logical connection closed
2025-03-29T19:22:35.430-03:00 TRACE 90214 --- [backend] [           main] .i.SessionFactoryImpl$SessionBuilderImpl : Opening Hibernate Session.  tenant=null
2025-03-29T19:22:35.430-03:00 TRACE 90214 --- [backend] [           main] org.hibernate.internal.SessionImpl       : Opened Session [b4aeb077-4025-405d-854e-d57e8762b311] at timestamp: 1743286955430
2025-03-29T19:22:35.430-03:00 TRACE 90214 --- [backend] [           main] org.hibernate.internal.SessionImpl       : Closing session [b4aeb077-4025-405d-854e-d57e8762b311]
2025-03-29T19:22:35.430-03:00 TRACE 90214 --- [backend] [           main] o.h.e.jdbc.internal.JdbcCoordinatorImpl  : Closing JDBC container [org.hibernate.engine.jdbc.internal.JdbcCoordinatorImpl@13cc3984]
2025-03-29T19:22:35.430-03:00 TRACE 90214 --- [backend] [           main] o.h.r.j.i.ResourceRegistryStandardImpl   : Releasing JDBC resources
2025-03-29T19:22:35.430-03:00 TRACE 90214 --- [backend] [           main] o.h.r.j.i.LogicalConnectionManagedImpl   : Closing logical connection
2025-03-29T19:22:35.430-03:00 TRACE 90214 --- [backend] [           main] o.h.r.j.i.LogicalConnectionManagedImpl   : Logical connection closed
2025-03-29T19:22:35.434-03:00 TRACE 90214 --- [backend] [           main] .i.SessionFactoryImpl$SessionBuilderImpl : Opening Hibernate Session.  tenant=null
2025-03-29T19:22:35.434-03:00 TRACE 90214 --- [backend] [           main] org.hibernate.internal.SessionImpl       : Opened Session [11dbf5dc-d576-4e08-880a-7192934a90f2] at timestamp: 1743286955434
2025-03-29T19:22:35.434-03:00 TRACE 90214 --- [backend] [           main] org.hibernate.internal.SessionImpl       : Closing session [11dbf5dc-d576-4e08-880a-7192934a90f2]
2025-03-29T19:22:35.434-03:00 TRACE 90214 --- [backend] [           main] o.h.e.jdbc.internal.JdbcCoordinatorImpl  : Closing JDBC container [org.hibernate.engine.jdbc.internal.JdbcCoordinatorImpl@6f986031]
2025-03-29T19:22:35.434-03:00 TRACE 90214 --- [backend] [           main] o.h.r.j.i.ResourceRegistryStandardImpl   : Releasing JDBC resources
2025-03-29T19:22:35.434-03:00 TRACE 90214 --- [backend] [           main] o.h.r.j.i.LogicalConnectionManagedImpl   : Closing logical connection
2025-03-29T19:22:35.434-03:00 TRACE 90214 --- [backend] [           main] o.h.r.j.i.LogicalConnectionManagedImpl   : Logical connection closed
2025-03-29T19:22:35.435-03:00 TRACE 90214 --- [backend] [           main] .i.SessionFactoryImpl$SessionBuilderImpl : Opening Hibernate Session.  tenant=null
2025-03-29T19:22:35.435-03:00 TRACE 90214 --- [backend] [           main] org.hibernate.internal.SessionImpl       : Opened Session [2c68f39b-4aa8-4399-a1c9-52bfa42e9513] at timestamp: 1743286955435
2025-03-29T19:22:35.435-03:00 TRACE 90214 --- [backend] [           main] org.hibernate.internal.SessionImpl       : Closing session [2c68f39b-4aa8-4399-a1c9-52bfa42e9513]
2025-03-29T19:22:35.435-03:00 TRACE 90214 --- [backend] [           main] o.h.e.jdbc.internal.JdbcCoordinatorImpl  : Closing JDBC container [org.hibernate.engine.jdbc.internal.JdbcCoordinatorImpl@1fd77205]
2025-03-29T19:22:35.435-03:00 TRACE 90214 --- [backend] [           main] o.h.r.j.i.ResourceRegistryStandardImpl   : Releasing JDBC resources
2025-03-29T19:22:35.435-03:00 TRACE 90214 --- [backend] [           main] o.h.r.j.i.LogicalConnectionManagedImpl   : Closing logical connection
2025-03-29T19:22:35.435-03:00 TRACE 90214 --- [backend] [           main] o.h.r.j.i.LogicalConnectionManagedImpl   : Logical connection closed
2025-03-29T19:22:35.444-03:00 TRACE 90214 --- [backend] [           main] .i.SessionFactoryImpl$SessionBuilderImpl : Opening Hibernate Session.  tenant=null
2025-03-29T19:22:35.444-03:00 TRACE 90214 --- [backend] [           main] org.hibernate.internal.SessionImpl       : Opened Session [56e4835a-2f27-43ae-9082-de55166752ec] at timestamp: 1743286955444
2025-03-29T19:22:35.445-03:00 DEBUG 90214 --- [backend] [           main] cResourceLocalTransactionCoordinatorImpl : JDBC transaction marked for rollback-only (exception provided for stack trace)

java.lang.Exception: exception just for purpose of providing stack trace
	at org.hibernate.resource.transaction.backend.jdbc.internal.JdbcResourceLocalTransactionCoordinatorImpl$TransactionDriverControlImpl.markRollbackOnly(JdbcResourceLocalTransactionCoordinatorImpl.java:309) ~[hibernate-core-6.6.11.Final.jar:6.6.11.Final]
	at org.hibernate.internal.AbstractSharedSessionContract.buildNamedQuery(AbstractSharedSessionContract.java:1141) ~[hibernate-core-6.6.11.Final.jar:6.6.11.Final]
	at org.hibernate.internal.AbstractSharedSessionContract.createNamedQuery(AbstractSharedSessionContract.java:1019) ~[hibernate-core-6.6.11.Final.jar:6.6.11.Final]
	at org.hibernate.internal.AbstractSharedSessionContract.createNamedQuery(AbstractSharedSessionContract.java:143) ~[hibernate-core-6.6.11.Final.jar:6.6.11.Final]
	at java.base/jdk.internal.reflect.DirectMethodHandleAccessor.invoke(DirectMethodHandleAccessor.java:103) ~[na:na]
	at java.base/java.lang.reflect.Method.invoke(Method.java:580) ~[na:na]
	at org.springframework.orm.jpa.ExtendedEntityManagerCreator$ExtendedEntityManagerInvocationHandler.invoke(ExtendedEntityManagerCreator.java:364) ~[spring-orm-6.2.5.jar:6.2.5]
	at jdk.proxy2/jdk.proxy2.$Proxy119.createNamedQuery(Unknown Source) ~[na:na]
	at org.springframework.data.jpa.repository.query.NamedQuery.hasNamedQuery(NamedQuery.java:114) ~[spring-data-jpa-3.4.4.jar:3.4.4]
	at org.springframework.data.jpa.repository.query.NamedQuery.lookupFrom(NamedQuery.java:140) ~[spring-data-jpa-3.4.4.jar:3.4.4]
	at org.springframework.data.jpa.repository.query.JpaQueryLookupStrategy$DeclaredQueryLookupStrategy.resolveQuery(JpaQueryLookupStrategy.java:184) ~[spring-data-jpa-3.4.4.jar:3.4.4]
	at org.springframework.data.jpa.repository.query.JpaQueryLookupStrategy$CreateIfNotFoundQueryLookupStrategy.resolveQuery(JpaQueryLookupStrategy.java:256) ~[spring-data-jpa-3.4.4.jar:3.4.4]
	at org.springframework.data.jpa.repository.query.JpaQueryLookupStrategy$AbstractQueryLookupStrategy.resolveQuery(JpaQueryLookupStrategy.java:99) ~[spring-data-jpa-3.4.4.jar:3.4.4]
	at org.springframework.data.repository.core.support.QueryExecutorMethodInterceptor.lookupQuery(QueryExecutorMethodInterceptor.java:116) ~[spring-data-commons-3.4.4.jar:3.4.4]
	at org.springframework.data.repository.core.support.QueryExecutorMethodInterceptor.mapMethodsToQuery(QueryExecutorMethodInterceptor.java:104) ~[spring-data-commons-3.4.4.jar:3.4.4]
	at org.springframework.data.repository.core.support.QueryExecutorMethodInterceptor.lambda$new$0(QueryExecutorMethodInterceptor.java:92) ~[spring-data-commons-3.4.4.jar:3.4.4]
	at java.base/java.util.Optional.map(Optional.java:260) ~[na:na]
	at org.springframework.data.repository.core.support.QueryExecutorMethodInterceptor.<init>(QueryExecutorMethodInterceptor.java:92) ~[spring-data-commons-3.4.4.jar:3.4.4]
	at org.springframework.data.repository.core.support.RepositoryFactorySupport.getRepository(RepositoryFactorySupport.java:431) ~[spring-data-commons-3.4.4.jar:3.4.4]
	at org.springframework.data.repository.core.support.RepositoryFactoryBeanSupport.lambda$afterPropertiesSet$4(RepositoryFactoryBeanSupport.java:350) ~[spring-data-commons-3.4.4.jar:3.4.4]
	at org.springframework.data.util.Lazy.getNullable(Lazy.java:135) ~[spring-data-commons-3.4.4.jar:3.4.4]
	at org.springframework.data.util.Lazy.get(Lazy.java:113) ~[spring-data-commons-3.4.4.jar:3.4.4]
	at org.springframework.data.repository.core.support.RepositoryFactoryBeanSupport.afterPropertiesSet(RepositoryFactoryBeanSupport.java:356) ~[spring-data-commons-3.4.4.jar:3.4.4]
	at org.springframework.data.jpa.repository.support.JpaRepositoryFactoryBean.afterPropertiesSet(JpaRepositoryFactoryBean.java:132) ~[spring-data-jpa-3.4.4.jar:3.4.4]
	at org.springframework.beans.factory.support.AbstractAutowireCapableBeanFactory.invokeInitMethods(AbstractAutowireCapableBeanFactory.java:1859) ~[spring-beans-6.2.5.jar:6.2.5]
	at org.springframework.beans.factory.support.AbstractAutowireCapableBeanFactory.initializeBean(AbstractAutowireCapableBeanFactory.java:1808) ~[spring-beans-6.2.5.jar:6.2.5]
	at org.springframework.beans.factory.support.AbstractAutowireCapableBeanFactory.doCreateBean(AbstractAutowireCapableBeanFactory.java:601) ~[spring-beans-6.2.5.jar:6.2.5]
	at org.springframework.beans.factory.support.AbstractAutowireCapableBeanFactory.createBean(AbstractAutowireCapableBeanFactory.java:523) ~[spring-beans-6.2.5.jar:6.2.5]
	at org.springframework.beans.factory.support.AbstractBeanFactory.lambda$doGetBean$0(AbstractBeanFactory.java:339) ~[spring-beans-6.2.5.jar:6.2.5]
	at org.springframework.beans.factory.support.DefaultSingletonBeanRegistry.getSingleton(DefaultSingletonBeanRegistry.java:347) ~[spring-beans-6.2.5.jar:6.2.5]
	at org.springframework.beans.factory.support.AbstractBeanFactory.doGetBean(AbstractBeanFactory.java:337) ~[spring-beans-6.2.5.jar:6.2.5]
	at org.springframework.beans.factory.support.AbstractBeanFactory.getBean(AbstractBeanFactory.java:202) ~[spring-beans-6.2.5.jar:6.2.5]
	at org.springframework.beans.factory.support.DefaultListableBeanFactory.doResolveDependency(DefaultListableBeanFactory.java:1609) ~[spring-beans-6.2.5.jar:6.2.5]
	at org.springframework.beans.factory.support.DefaultListableBeanFactory.resolveDependency(DefaultListableBeanFactory.java:1555) ~[spring-beans-6.2.5.jar:6.2.5]
	at org.springframework.beans.factory.annotation.AutowiredAnnotationBeanPostProcessor$AutowiredFieldElement.resolveFieldValue(AutowiredAnnotationBeanPostProcessor.java:785) ~[spring-beans-6.2.5.jar:6.2.5]
	at org.springframework.beans.factory.annotation.AutowiredAnnotationBeanPostProcessor$AutowiredFieldElement.inject(AutowiredAnnotationBeanPostProcessor.java:768) ~[spring-beans-6.2.5.jar:6.2.5]
	at org.springframework.beans.factory.annotation.InjectionMetadata.inject(InjectionMetadata.java:146) ~[spring-beans-6.2.5.jar:6.2.5]
	at org.springframework.beans.factory.annotation.AutowiredAnnotationBeanPostProcessor.postProcessProperties(AutowiredAnnotationBeanPostProcessor.java:509) ~[spring-beans-6.2.5.jar:6.2.5]
	at org.springframework.beans.factory.support.AbstractAutowireCapableBeanFactory.populateBean(AbstractAutowireCapableBeanFactory.java:1445) ~[spring-beans-6.2.5.jar:6.2.5]
	at org.springframework.beans.factory.support.AbstractAutowireCapableBeanFactory.doCreateBean(AbstractAutowireCapableBeanFactory.java:600) ~[spring-beans-6.2.5.jar:6.2.5]
	at org.springframework.beans.factory.support.AbstractAutowireCapableBeanFactory.createBean(AbstractAutowireCapableBeanFactory.java:523) ~[spring-beans-6.2.5.jar:6.2.5]
	at org.springframework.beans.factory.support.AbstractBeanFactory.lambda$doGetBean$0(AbstractBeanFactory.java:339) ~[spring-beans-6.2.5.jar:6.2.5]
	at org.springframework.beans.factory.support.DefaultSingletonBeanRegistry.getSingleton(DefaultSingletonBeanRegistry.java:347) ~[spring-beans-6.2.5.jar:6.2.5]
	at org.springframework.beans.factory.support.AbstractBeanFactory.doGetBean(AbstractBeanFactory.java:337) ~[spring-beans-6.2.5.jar:6.2.5]
	at org.springframework.beans.factory.support.AbstractBeanFactory.getBean(AbstractBeanFactory.java:202) ~[spring-beans-6.2.5.jar:6.2.5]
	at org.springframework.beans.factory.config.DependencyDescriptor.resolveCandidate(DependencyDescriptor.java:254) ~[spring-beans-6.2.5.jar:6.2.5]
	at org.springframework.beans.factory.support.DefaultListableBeanFactory.doResolveDependency(DefaultListableBeanFactory.java:1667) ~[spring-beans-6.2.5.jar:6.2.5]
	at org.springframework.beans.factory.support.DefaultListableBeanFactory.resolveDependency(DefaultListableBeanFactory.java:1555) ~[spring-beans-6.2.5.jar:6.2.5]
	at org.springframework.beans.factory.annotation.AutowiredAnnotationBeanPostProcessor$AutowiredFieldElement.resolveFieldValue(AutowiredAnnotationBeanPostProcessor.java:785) ~[spring-beans-6.2.5.jar:6.2.5]
	at org.springframework.beans.factory.annotation.AutowiredAnnotationBeanPostProcessor$AutowiredFieldElement.inject(AutowiredAnnotationBeanPostProcessor.java:768) ~[spring-beans-6.2.5.jar:6.2.5]
	at org.springframework.beans.factory.annotation.InjectionMetadata.inject(InjectionMetadata.java:146) ~[spring-beans-6.2.5.jar:6.2.5]
	at org.springframework.beans.factory.annotation.AutowiredAnnotationBeanPostProcessor.postProcessProperties(AutowiredAnnotationBeanPostProcessor.java:509) ~[spring-beans-6.2.5.jar:6.2.5]
	at org.springframework.beans.factory.support.AbstractAutowireCapableBeanFactory.populateBean(AbstractAutowireCapableBeanFactory.java:1445) ~[spring-beans-6.2.5.jar:6.2.5]
	at org.springframework.beans.factory.support.AbstractAutowireCapableBeanFactory.doCreateBean(AbstractAutowireCapableBeanFactory.java:600) ~[spring-beans-6.2.5.jar:6.2.5]
	at org.springframework.beans.factory.support.AbstractAutowireCapableBeanFactory.createBean(AbstractAutowireCapableBeanFactory.java:523) ~[spring-beans-6.2.5.jar:6.2.5]
	at org.springframework.beans.factory.support.AbstractBeanFactory.lambda$doGetBean$0(AbstractBeanFactory.java:339) ~[spring-beans-6.2.5.jar:6.2.5]
	at org.springframework.beans.factory.support.DefaultSingletonBeanRegistry.getSingleton(DefaultSingletonBeanRegistry.java:347) ~[spring-beans-6.2.5.jar:6.2.5]
	at org.springframework.beans.factory.support.AbstractBeanFactory.doGetBean(AbstractBeanFactory.java:337) ~[spring-beans-6.2.5.jar:6.2.5]
	at org.springframework.beans.factory.support.AbstractBeanFactory.getBean(AbstractBeanFactory.java:202) ~[spring-beans-6.2.5.jar:6.2.5]
	at org.springframework.beans.factory.support.DefaultListableBeanFactory.instantiateSingleton(DefaultListableBeanFactory.java:1155) ~[spring-beans-6.2.5.jar:6.2.5]
	at org.springframework.beans.factory.support.DefaultListableBeanFactory.preInstantiateSingleton(DefaultListableBeanFactory.java:1121) ~[spring-beans-6.2.5.jar:6.2.5]
	at org.springframework.beans.factory.support.DefaultListableBeanFactory.preInstantiateSingletons(DefaultListableBeanFactory.java:1056) ~[spring-beans-6.2.5.jar:6.2.5]
	at org.springframework.context.support.AbstractApplicationContext.finishBeanFactoryInitialization(AbstractApplicationContext.java:987) ~[spring-context-6.2.5.jar:6.2.5]
	at org.springframework.context.support.AbstractApplicationContext.refresh(AbstractApplicationContext.java:627) ~[spring-context-6.2.5.jar:6.2.5]
	at org.springframework.boot.SpringApplication.refresh(SpringApplication.java:752) ~[spring-boot-3.4.4.jar:3.4.4]
	at org.springframework.boot.SpringApplication.refreshContext(SpringApplication.java:439) ~[spring-boot-3.4.4.jar:3.4.4]
	at org.springframework.boot.SpringApplication.run(SpringApplication.java:318) ~[spring-boot-3.4.4.jar:3.4.4]
	at org.springframework.boot.test.context.SpringBootContextLoader.lambda$loadContext$3(SpringBootContextLoader.java:144) ~[spring-boot-test-3.4.4.jar:3.4.4]
	at org.springframework.util.function.ThrowingSupplier.get(ThrowingSupplier.java:58) ~[spring-core-6.2.5.jar:6.2.5]
	at org.springframework.util.function.ThrowingSupplier.get(ThrowingSupplier.java:46) ~[spring-core-6.2.5.jar:6.2.5]
	at org.springframework.boot.SpringApplication.withHook(SpringApplication.java:1461) ~[spring-boot-3.4.4.jar:3.4.4]
	at org.springframework.boot.test.context.SpringBootContextLoader$ContextLoaderHook.run(SpringBootContextLoader.java:563) ~[spring-boot-test-3.4.4.jar:3.4.4]
	at org.springframework.boot.test.context.SpringBootContextLoader.loadContext(SpringBootContextLoader.java:144) ~[spring-boot-test-3.4.4.jar:3.4.4]
	at org.springframework.boot.test.context.SpringBootContextLoader.loadContext(SpringBootContextLoader.java:110) ~[spring-boot-test-3.4.4.jar:3.4.4]
	at org.springframework.test.context.cache.DefaultCacheAwareContextLoaderDelegate.loadContextInternal(DefaultCacheAwareContextLoaderDelegate.java:225) ~[spring-test-6.2.5.jar:6.2.5]
	at org.springframework.test.context.cache.DefaultCacheAwareContextLoaderDelegate.loadContext(DefaultCacheAwareContextLoaderDelegate.java:152) ~[spring-test-6.2.5.jar:6.2.5]
	at org.springframework.test.context.support.DefaultTestContext.getApplicationContext(DefaultTestContext.java:130) ~[spring-test-6.2.5.jar:6.2.5]
	at org.springframework.test.context.web.ServletTestExecutionListener.setUpRequestContextIfNecessary(ServletTestExecutionListener.java:200) ~[spring-test-6.2.5.jar:6.2.5]
	at org.springframework.test.context.web.ServletTestExecutionListener.prepareTestInstance(ServletTestExecutionListener.java:139) ~[spring-test-6.2.5.jar:6.2.5]
	at org.springframework.test.context.TestContextManager.prepareTestInstance(TestContextManager.java:260) ~[spring-test-6.2.5.jar:6.2.5]
	at org.springframework.test.context.junit.jupiter.SpringExtension.postProcessTestInstance(SpringExtension.java:160) ~[spring-test-6.2.5.jar:6.2.5]
	at org.junit.jupiter.engine.descriptor.ClassBasedTestDescriptor.lambda$invokeTestInstancePostProcessors$11(ClassBasedTestDescriptor.java:378) ~[junit-jupiter-engine-5.11.4.jar:5.11.4]
	at org.junit.jupiter.engine.descriptor.ClassBasedTestDescriptor.executeAndMaskThrowable(ClassBasedTestDescriptor.java:383) ~[junit-jupiter-engine-5.11.4.jar:5.11.4]
	at org.junit.jupiter.engine.descriptor.ClassBasedTestDescriptor.lambda$invokeTestInstancePostProcessors$12(ClassBasedTestDescriptor.java:378) ~[junit-jupiter-engine-5.11.4.jar:5.11.4]
	at java.base/java.util.stream.ForEachOps$ForEachOp$OfRef.accept(ForEachOps.java:184) ~[na:na]
	at java.base/java.util.stream.ReferencePipeline$3$1.accept(ReferencePipeline.java:197) ~[na:na]
	at java.base/java.util.stream.ReferencePipeline$2$1.accept(ReferencePipeline.java:179) ~[na:na]
	at java.base/java.util.stream.ReferencePipeline$3$1.accept(ReferencePipeline.java:197) ~[na:na]
	at java.base/java.util.ArrayList$ArrayListSpliterator.forEachRemaining(ArrayList.java:1708) ~[na:na]
	at java.base/java.util.stream.AbstractPipeline.copyInto(AbstractPipeline.java:509) ~[na:na]
	at java.base/java.util.stream.AbstractPipeline.wrapAndCopyInto(AbstractPipeline.java:499) ~[na:na]
	at java.base/java.util.stream.ForEachOps$ForEachOp.evaluateSequential(ForEachOps.java:151) ~[na:na]
	at java.base/java.util.stream.ForEachOps$ForEachOp$OfRef.evaluateSequential(ForEachOps.java:174) ~[na:na]
	at java.base/java.util.stream.AbstractPipeline.evaluate(AbstractPipeline.java:234) ~[na:na]
	at java.base/java.util.stream.ReferencePipeline.forEach(ReferencePipeline.java:596) ~[na:na]
	at org.junit.jupiter.engine.descriptor.ClassBasedTestDescriptor.invokeTestInstancePostProcessors(ClassBasedTestDescriptor.java:377) ~[junit-jupiter-engine-5.11.4.jar:5.11.4]
	at org.junit.jupiter.engine.descriptor.ClassBasedTestDescriptor.lambda$instantiateAndPostProcessTestInstance$7(ClassBasedTestDescriptor.java:290) ~[junit-jupiter-engine-5.11.4.jar:5.11.4]
	at org.junit.platform.engine.support.hierarchical.ThrowableCollector.execute(ThrowableCollector.java:73) ~[junit-platform-engine-1.11.4.jar:1.11.4]
	at org.junit.jupiter.engine.descriptor.ClassBasedTestDescriptor.instantiateAndPostProcessTestInstance(ClassBasedTestDescriptor.java:289) ~[junit-jupiter-engine-5.11.4.jar:5.11.4]
	at org.junit.jupiter.engine.descriptor.ClassBasedTestDescriptor.lambda$testInstancesProvider$5(ClassBasedTestDescriptor.java:279) ~[junit-jupiter-engine-5.11.4.jar:5.11.4]
	at java.base/java.util.Optional.orElseGet(Optional.java:364) ~[na:na]
	at org.junit.jupiter.engine.descriptor.ClassBasedTestDescriptor.lambda$testInstancesProvider$6(ClassBasedTestDescriptor.java:278) ~[junit-jupiter-engine-5.11.4.jar:5.11.4]
	at org.junit.jupiter.engine.execution.TestInstancesProvider.getTestInstances(TestInstancesProvider.java:31) ~[junit-jupiter-engine-5.11.4.jar:5.11.4]
	at org.junit.jupiter.engine.descriptor.TestMethodTestDescriptor.lambda$prepare$1(TestMethodTestDescriptor.java:105) ~[junit-jupiter-engine-5.11.4.jar:5.11.4]
	at org.junit.platform.engine.support.hierarchical.ThrowableCollector.execute(ThrowableCollector.java:73) ~[junit-platform-engine-1.11.4.jar:1.11.4]
	at org.junit.jupiter.engine.descriptor.TestMethodTestDescriptor.prepare(TestMethodTestDescriptor.java:104) ~[junit-jupiter-engine-5.11.4.jar:5.11.4]
	at org.junit.jupiter.engine.descriptor.TestMethodTestDescriptor.prepare(TestMethodTestDescriptor.java:68) ~[junit-jupiter-engine-5.11.4.jar:5.11.4]
	at org.junit.platform.engine.support.hierarchical.NodeTestTask.lambda$prepare$2(NodeTestTask.java:128) ~[junit-platform-engine-1.11.4.jar:1.11.4]
	at org.junit.platform.engine.support.hierarchical.ThrowableCollector.execute(ThrowableCollector.java:73) ~[junit-platform-engine-1.11.4.jar:1.11.4]
	at org.junit.platform.engine.support.hierarchical.NodeTestTask.prepare(NodeTestTask.java:128) ~[junit-platform-engine-1.11.4.jar:1.11.4]
	at org.junit.platform.engine.support.hierarchical.NodeTestTask.execute(NodeTestTask.java:95) ~[junit-platform-engine-1.11.4.jar:1.11.4]
	at java.base/java.util.ArrayList.forEach(ArrayList.java:1596) ~[na:na]
	at org.junit.platform.engine.support.hierarchical.SameThreadHierarchicalTestExecutorService.invokeAll(SameThreadHierarchicalTestExecutorService.java:41) ~[junit-platform-engine-1.11.4.jar:1.11.4]
	at org.junit.platform.engine.support.hierarchical.NodeTestTask.lambda$executeRecursively$6(NodeTestTask.java:160) ~[junit-platform-engine-1.11.4.jar:1.11.4]
	at org.junit.platform.engine.support.hierarchical.ThrowableCollector.execute(ThrowableCollector.java:73) ~[junit-platform-engine-1.11.4.jar:1.11.4]
	at org.junit.platform.engine.support.hierarchical.NodeTestTask.lambda$executeRecursively$8(NodeTestTask.java:146) ~[junit-platform-engine-1.11.4.jar:1.11.4]
	at org.junit.platform.engine.support.hierarchical.Node.around(Node.java:137) ~[junit-platform-engine-1.11.4.jar:1.11.4]
	at org.junit.platform.engine.support.hierarchical.NodeTestTask.lambda$executeRecursively$9(NodeTestTask.java:144) ~[junit-platform-engine-1.11.4.jar:1.11.4]
	at org.junit.platform.engine.support.hierarchical.ThrowableCollector.execute(ThrowableCollector.java:73) ~[junit-platform-engine-1.11.4.jar:1.11.4]
	at org.junit.platform.engine.support.hierarchical.NodeTestTask.executeRecursively(NodeTestTask.java:143) ~[junit-platform-engine-1.11.4.jar:1.11.4]
	at org.junit.platform.engine.support.hierarchical.NodeTestTask.execute(NodeTestTask.java:100) ~[junit-platform-engine-1.11.4.jar:1.11.4]
	at java.base/java.util.ArrayList.forEach(ArrayList.java:1596) ~[na:na]
	at org.junit.platform.engine.support.hierarchical.SameThreadHierarchicalTestExecutorService.invokeAll(SameThreadHierarchicalTestExecutorService.java:41) ~[junit-platform-engine-1.11.4.jar:1.11.4]
	at org.junit.platform.engine.support.hierarchical.NodeTestTask.lambda$executeRecursively$6(NodeTestTask.java:160) ~[junit-platform-engine-1.11.4.jar:1.11.4]
	at org.junit.platform.engine.support.hierarchical.ThrowableCollector.execute(ThrowableCollector.java:73) ~[junit-platform-engine-1.11.4.jar:1.11.4]
	at org.junit.platform.engine.support.hierarchical.NodeTestTask.lambda$executeRecursively$8(NodeTestTask.java:146) ~[junit-platform-engine-1.11.4.jar:1.11.4]
	at org.junit.platform.engine.support.hierarchical.Node.around(Node.java:137) ~[junit-platform-engine-1.11.4.jar:1.11.4]
	at org.junit.platform.engine.support.hierarchical.NodeTestTask.lambda$executeRecursively$9(NodeTestTask.java:144) ~[junit-platform-engine-1.11.4.jar:1.11.4]
	at org.junit.platform.engine.support.hierarchical.ThrowableCollector.execute(ThrowableCollector.java:73) ~[junit-platform-engine-1.11.4.jar:1.11.4]
	at org.junit.platform.engine.support.hierarchical.NodeTestTask.executeRecursively(NodeTestTask.java:143) ~[junit-platform-engine-1.11.4.jar:1.11.4]
	at org.junit.platform.engine.support.hierarchical.NodeTestTask.execute(NodeTestTask.java:100) ~[junit-platform-engine-1.11.4.jar:1.11.4]
	at org.junit.platform.engine.support.hierarchical.SameThreadHierarchicalTestExecutorService.submit(SameThreadHierarchicalTestExecutorService.java:35) ~[junit-platform-engine-1.11.4.jar:1.11.4]
	at org.junit.platform.engine.support.hierarchical.HierarchicalTestExecutor.execute(HierarchicalTestExecutor.java:57) ~[junit-platform-engine-1.11.4.jar:1.11.4]
	at org.junit.platform.engine.support.hierarchical.HierarchicalTestEngine.execute(HierarchicalTestEngine.java:54) ~[junit-platform-engine-1.11.4.jar:1.11.4]
	at org.junit.platform.launcher.core.EngineExecutionOrchestrator.execute(EngineExecutionOrchestrator.java:198) ~[junit-platform-launcher-1.11.4.jar:1.11.4]
	at org.junit.platform.launcher.core.EngineExecutionOrchestrator.execute(EngineExecutionOrchestrator.java:169) ~[junit-platform-launcher-1.11.4.jar:1.11.4]
	at org.junit.platform.launcher.core.EngineExecutionOrchestrator.execute(EngineExecutionOrchestrator.java:93) ~[junit-platform-launcher-1.11.4.jar:1.11.4]
	at org.junit.platform.launcher.core.EngineExecutionOrchestrator.lambda$execute$0(EngineExecutionOrchestrator.java:58) ~[junit-platform-launcher-1.11.4.jar:1.11.4]
	at org.junit.platform.launcher.core.EngineExecutionOrchestrator.withInterceptedStreams(EngineExecutionOrchestrator.java:141) ~[junit-platform-launcher-1.11.4.jar:1.11.4]
	at org.junit.platform.launcher.core.EngineExecutionOrchestrator.execute(EngineExecutionOrchestrator.java:57) ~[junit-platform-launcher-1.11.4.jar:1.11.4]
	at org.junit.platform.launcher.core.DefaultLauncher.execute(DefaultLauncher.java:103) ~[junit-platform-launcher-1.11.4.jar:1.11.4]
	at org.junit.platform.launcher.core.DefaultLauncher.execute(DefaultLauncher.java:85) ~[junit-platform-launcher-1.11.4.jar:1.11.4]
	at org.junit.platform.launcher.core.DelegatingLauncher.execute(DelegatingLauncher.java:47) ~[junit-platform-launcher-1.11.4.jar:1.11.4]
	at org.apache.maven.surefire.junitplatform.LazyLauncher.execute(LazyLauncher.java:56) ~[surefire-junit-platform-3.5.2.jar:3.5.2]
	at org.apache.maven.surefire.junitplatform.JUnitPlatformProvider.execute(JUnitPlatformProvider.java:184) ~[surefire-junit-platform-3.5.2.jar:3.5.2]
	at org.apache.maven.surefire.junitplatform.JUnitPlatformProvider.invokeAllTests(JUnitPlatformProvider.java:148) ~[surefire-junit-platform-3.5.2.jar:3.5.2]
	at org.apache.maven.surefire.junitplatform.JUnitPlatformProvider.invoke(JUnitPlatformProvider.java:122) ~[surefire-junit-platform-3.5.2.jar:3.5.2]
	at org.apache.maven.surefire.booter.ForkedBooter.runSuitesInProcess(ForkedBooter.java:385) ~[surefire-booter-3.5.2.jar:3.5.2]
	at org.apache.maven.surefire.booter.ForkedBooter.execute(ForkedBooter.java:162) ~[surefire-booter-3.5.2.jar:3.5.2]
	at org.apache.maven.surefire.booter.ForkedBooter.run(ForkedBooter.java:507) ~[surefire-booter-3.5.2.jar:3.5.2]
	at org.apache.maven.surefire.booter.ForkedBooter.main(ForkedBooter.java:495) ~[surefire-booter-3.5.2.jar:3.5.2]

2025-03-29T19:22:35.446-03:00 TRACE 90214 --- [backend] [           main] org.hibernate.internal.SessionImpl       : Closing session [56e4835a-2f27-43ae-9082-de55166752ec]
2025-03-29T19:22:35.446-03:00 TRACE 90214 --- [backend] [           main] o.h.e.jdbc.internal.JdbcCoordinatorImpl  : Closing JDBC container [org.hibernate.engine.jdbc.internal.JdbcCoordinatorImpl@703947bd]
2025-03-29T19:22:35.446-03:00 TRACE 90214 --- [backend] [           main] o.h.r.j.i.ResourceRegistryStandardImpl   : Releasing JDBC resources
2025-03-29T19:22:35.446-03:00 TRACE 90214 --- [backend] [           main] o.h.r.j.i.LogicalConnectionManagedImpl   : Closing logical connection
2025-03-29T19:22:35.446-03:00 TRACE 90214 --- [backend] [           main] o.h.r.j.i.LogicalConnectionManagedImpl   : Logical connection closed
2025-03-29T19:22:35.447-03:00 TRACE 90214 --- [backend] [           main] .i.SessionFactoryImpl$SessionBuilderImpl : Opening Hibernate Session.  tenant=null
2025-03-29T19:22:35.447-03:00 TRACE 90214 --- [backend] [           main] org.hibernate.internal.SessionImpl       : Opened Session [19a4c9f9-db75-439b-89fe-a2ce8352f793] at timestamp: 1743286955447
2025-03-29T19:22:35.447-03:00 TRACE 90214 --- [backend] [           main] org.hibernate.internal.SessionImpl       : Closing session [19a4c9f9-db75-439b-89fe-a2ce8352f793]
2025-03-29T19:22:35.447-03:00 TRACE 90214 --- [backend] [           main] o.h.e.jdbc.internal.JdbcCoordinatorImpl  : Closing JDBC container [org.hibernate.engine.jdbc.internal.JdbcCoordinatorImpl@3b62c51e]
2025-03-29T19:22:35.447-03:00 TRACE 90214 --- [backend] [           main] o.h.r.j.i.ResourceRegistryStandardImpl   : Releasing JDBC resources
2025-03-29T19:22:35.447-03:00 TRACE 90214 --- [backend] [           main] o.h.r.j.i.LogicalConnectionManagedImpl   : Closing logical connection
2025-03-29T19:22:35.447-03:00 TRACE 90214 --- [backend] [           main] o.h.r.j.i.LogicalConnectionManagedImpl   : Logical connection closed
2025-03-29T19:22:35.482-03:00 TRACE 90214 --- [backend] [           main] .i.SessionFactoryImpl$SessionBuilderImpl : Opening Hibernate Session.  tenant=null
2025-03-29T19:22:35.482-03:00 TRACE 90214 --- [backend] [           main] org.hibernate.internal.SessionImpl       : Opened Session [ae8a845b-011e-4182-a168-7d57fad78989] at timestamp: 1743286955482
2025-03-29T19:22:35.482-03:00 TRACE 90214 --- [backend] [           main] org.hibernate.internal.SessionImpl       : Closing session [ae8a845b-011e-4182-a168-7d57fad78989]
2025-03-29T19:22:35.482-03:00 TRACE 90214 --- [backend] [           main] o.h.e.jdbc.internal.JdbcCoordinatorImpl  : Closing JDBC container [org.hibernate.engine.jdbc.internal.JdbcCoordinatorImpl@662b199]
2025-03-29T19:22:35.482-03:00 TRACE 90214 --- [backend] [           main] o.h.r.j.i.ResourceRegistryStandardImpl   : Releasing JDBC resources
2025-03-29T19:22:35.482-03:00 TRACE 90214 --- [backend] [           main] o.h.r.j.i.LogicalConnectionManagedImpl   : Closing logical connection
2025-03-29T19:22:35.482-03:00 TRACE 90214 --- [backend] [           main] o.h.r.j.i.LogicalConnectionManagedImpl   : Logical connection closed
2025-03-29T19:22:35.485-03:00 TRACE 90214 --- [backend] [           main] .i.SessionFactoryImpl$SessionBuilderImpl : Opening Hibernate Session.  tenant=null
2025-03-29T19:22:35.486-03:00 TRACE 90214 --- [backend] [           main] org.hibernate.internal.SessionImpl       : Opened Session [01426c42-3792-44cb-98d9-a039160177ac] at timestamp: 1743286955486
2025-03-29T19:22:35.486-03:00 TRACE 90214 --- [backend] [           main] org.hibernate.internal.SessionImpl       : Closing session [01426c42-3792-44cb-98d9-a039160177ac]
2025-03-29T19:22:35.486-03:00 TRACE 90214 --- [backend] [           main] o.h.e.jdbc.internal.JdbcCoordinatorImpl  : Closing JDBC container [org.hibernate.engine.jdbc.internal.JdbcCoordinatorImpl@75d61b62]
2025-03-29T19:22:35.486-03:00 TRACE 90214 --- [backend] [           main] o.h.r.j.i.ResourceRegistryStandardImpl   : Releasing JDBC resources
2025-03-29T19:22:35.486-03:00 TRACE 90214 --- [backend] [           main] o.h.r.j.i.LogicalConnectionManagedImpl   : Closing logical connection
2025-03-29T19:22:35.486-03:00 TRACE 90214 --- [backend] [           main] o.h.r.j.i.LogicalConnectionManagedImpl   : Logical connection closed
2025-03-29T19:22:35.512-03:00  WARN 90214 --- [backend] [           main] JpaBaseConfiguration$JpaWebConfiguration : spring.jpa.open-in-view is enabled by default. Therefore, database queries may be performed during view rendering. Explicitly configure spring.jpa.open-in-view to disable this warning
2025-03-29T19:22:35.522-03:00  INFO 90214 --- [backend] [           main] r$InitializeUserDetailsManagerConfigurer : Global AuthenticationManager configured with UserDetailsService bean with name myUserDetailsService
2025-03-29T19:22:35.572-03:00 TRACE 90214 --- [backend] [           main] s.w.s.m.m.a.RequestMappingHandlerMapping : 
	c.d.b.A.AppointmentController:
	{GET [/appointment]}: getAllAppointments()
	{GET [/appointment/{id}]}: getAppointmentById(Long)
	{POST [/appointment]}: saveAppointment(Appointment)
	{DELETE [/appointment/{id}]}: deleteAppointment(Long)
2025-03-29T19:22:35.574-03:00 TRACE 90214 --- [backend] [           main] s.w.s.m.m.a.RequestMappingHandlerMapping : 
	c.d.b.C.CareController:
	{GET [/care]}: getAllCares()
	{GET [/care/{id}]}: getCareById(Long)
	{POST [/care]}: saveCare(Care)
	{DELETE [/care/{id}]}: deleteCare(Long)
2025-03-29T19:22:35.574-03:00 TRACE 90214 --- [backend] [           main] s.w.s.m.m.a.RequestMappingHandlerMapping : 
	c.d.b.I.InvoiceController:
	{GET [/invoice]}: getAllInvoices()
	{GET [/invoice/{id}]}: getInvoiceById(Long)
	{POST [/invoice]}: saveInvoice(Invoice)
	{DELETE [/invoice/{id}]}: deleteInvoice(Long)
2025-03-29T19:22:35.575-03:00 TRACE 90214 --- [backend] [           main] s.w.s.m.m.a.RequestMappingHandlerMapping : 
	c.d.b.LoginController:
	{POST [/login]}: login(String,String)
2025-03-29T19:22:35.575-03:00 TRACE 90214 --- [backend] [           main] s.w.s.m.m.a.RequestMappingHandlerMapping : 
	c.d.b.M.MedicationController:
	{GET [/medication]}: getAllMedications()
	{GET [/medication/{id}]}: getMedicationById(Long)
	{DELETE [/medication/{id}]}: deleteMedication(Long)
	{POST [/medication]}: saveMedication(Medication)
2025-03-29T19:22:35.576-03:00 TRACE 90214 --- [backend] [           main] s.w.s.m.m.a.RequestMappingHandlerMapping : 
	c.d.b.P.PatientController:
	{GET [/patient]}: getAllPatients()
	{GET [/patient/{id}]}: getPatientById(Long)
	{POST [/patient]}: savePatient(Patient)
	{DELETE [/patient/{id}]}: deletePatient(Long)
	{GET [/patient/register]}: greetings(String)
2025-03-29T19:22:35.576-03:00 TRACE 90214 --- [backend] [           main] s.w.s.m.m.a.RequestMappingHandlerMapping : 
	c.d.b.SecuredController:
	{ [/greetings]}: greetings(String)
2025-03-29T19:22:35.579-03:00 TRACE 90214 --- [backend] [           main] s.w.s.m.m.a.RequestMappingHandlerMapping : 
	o.s.b.a.w.s.e.BasicErrorController:
	{ [/error]}: error(HttpServletRequest)
	{ [/error], produces [text/html]}: errorHtml(HttpServletRequest,HttpServletResponse)
2025-03-29T19:22:35.580-03:00 DEBUG 90214 --- [backend] [           main] s.w.s.m.m.a.RequestMappingHandlerMapping : 25 mappings in 'requestMappingHandlerMapping'
2025-03-29T19:22:35.583-03:00 DEBUG 90214 --- [backend] [           main] o.s.w.s.h.BeanNameUrlHandlerMapping      : Detected 0 mappings in 'beanNameHandlerMapping'
2025-03-29T19:22:35.625-03:00 TRACE 90214 --- [backend] [           main] o.s.w.s.f.support.RouterFunctionMapping  : 0 RouterFunction(s) in 'routerFunctionMapping'
2025-03-29T19:22:35.632-03:00 TRACE 90214 --- [backend] [           main] o.s.w.s.handler.SimpleUrlHandlerMapping  : Mapped [/webjars/**] onto ResourceHttpRequestHandler [classpath [META-INF/resources/webjars/]]
2025-03-29T19:22:35.632-03:00 TRACE 90214 --- [backend] [           main] o.s.w.s.handler.SimpleUrlHandlerMapping  : Mapped [/**] onto ResourceHttpRequestHandler [classpath [META-INF/resources/], classpath [resources/], classpath [static/], classpath [public/], ServletContext [/]]
2025-03-29T19:22:35.633-03:00 DEBUG 90214 --- [backend] [           main] o.s.w.s.handler.SimpleUrlHandlerMapping  : Patterns [/webjars/**, /**] in 'resourceHandlerMapping'
2025-03-29T19:22:35.709-03:00 DEBUG 90214 --- [backend] [           main] s.w.s.m.m.a.RequestMappingHandlerAdapter : ControllerAdvice beans: 0 @ModelAttribute, 0 @InitBinder, 1 RequestBodyAdvice, 1 ResponseBodyAdvice
2025-03-29T19:22:35.728-03:00 DEBUG 90214 --- [backend] [           main] .m.m.a.ExceptionHandlerExceptionResolver : ControllerAdvice beans: 0 @ExceptionHandler, 1 ResponseBodyAdvice
2025-03-29T19:22:35.760-03:00 TRACE 90214 --- [backend] [           main] o.s.w.c.s.GenericWebApplicationContext   : Using LifecycleProcessor [org.springframework.context.support.DefaultLifecycleProcessor@6c7bc8ac]
2025-03-29T19:22:35.765-03:00  INFO 90214 --- [backend] [           main] c.duoc.backend.BackendApplicationTests   : Started BackendApplicationTests in 2.184 seconds (process running for 2.59)
]]></system-out>
    <system-err><![CDATA[Mockito is currently self-attaching to enable the inline-mock-maker. This will no longer work in future releases of the JDK. Please add Mockito as an agent to your build what is described in Mockito's documentation: https://javadoc.io/doc/org.mockito/mockito-core/latest/org/mockito/Mockito.html#0.3
WARNING: A Java agent has been loaded dynamically (/Users/christianalvarezlobos/.m2/repository/net/bytebuddy/byte-buddy-agent/1.15.11/byte-buddy-agent-1.15.11.jar)
WARNING: If a serviceability tool is in use, please run with -XX:+EnableDynamicAgentLoading to hide this warning
WARNING: If a serviceability tool is not in use, please run with -Djdk.instrument.traceUsage for more information
WARNING: Dynamic loading of agents will be disallowed by default in a future release
]]></system-err>
  </testcase>
</testsuite>